[2024-06-14T08:18:26.345+0000] {processor.py:161} INFO - Started process (PID=58) to work on /home/airflow/.local/lib/python3.12/site-packages/airflow/example_dags/example_complex.py
[2024-06-14T08:18:26.348+0000] {processor.py:830} INFO - Processing file /home/airflow/.local/lib/python3.12/site-packages/airflow/example_dags/example_complex.py for tasks to queue
[2024-06-14T08:18:26.351+0000] {logging_mixin.py:188} INFO - [2024-06-14T08:18:26.351+0000] {dagbag.py:545} INFO - Filling up the DagBag from /home/airflow/.local/lib/python3.12/site-packages/airflow/example_dags/example_complex.py
[2024-06-14T08:18:26.376+0000] {processor.py:840} INFO - DAG(s) 'example_complex' retrieved from /home/airflow/.local/lib/python3.12/site-packages/airflow/example_dags/example_complex.py
[2024-06-14T08:18:26.407+0000] {logging_mixin.py:188} INFO - [2024-06-14T08:18:26.406+0000] {dag.py:3096} INFO - Sync 1 DAGs
[2024-06-14T08:18:26.437+0000] {logging_mixin.py:188} INFO - [2024-06-14T08:18:26.437+0000] {dag.py:3954} INFO - Setting next_dagrun for example_complex to None, run_after=None
[2024-06-14T08:18:26.461+0000] {processor.py:183} INFO - Processing /home/airflow/.local/lib/python3.12/site-packages/airflow/example_dags/example_complex.py took 0.135 seconds
[2024-06-14T08:18:57.324+0000] {processor.py:161} INFO - Started process (PID=116) to work on /home/airflow/.local/lib/python3.12/site-packages/airflow/example_dags/example_complex.py
[2024-06-14T08:18:57.325+0000] {processor.py:830} INFO - Processing file /home/airflow/.local/lib/python3.12/site-packages/airflow/example_dags/example_complex.py for tasks to queue
[2024-06-14T08:18:57.327+0000] {logging_mixin.py:188} INFO - [2024-06-14T08:18:57.326+0000] {dagbag.py:545} INFO - Filling up the DagBag from /home/airflow/.local/lib/python3.12/site-packages/airflow/example_dags/example_complex.py
[2024-06-14T08:18:57.334+0000] {processor.py:840} INFO - DAG(s) 'example_complex' retrieved from /home/airflow/.local/lib/python3.12/site-packages/airflow/example_dags/example_complex.py
[2024-06-14T08:18:57.426+0000] {logging_mixin.py:188} INFO - [2024-06-14T08:18:57.426+0000] {dag.py:3096} INFO - Sync 1 DAGs
[2024-06-14T08:18:57.434+0000] {logging_mixin.py:188} INFO - [2024-06-14T08:18:57.434+0000] {dag.py:3954} INFO - Setting next_dagrun for example_complex to None, run_after=None
[2024-06-14T08:18:57.451+0000] {processor.py:183} INFO - Processing /home/airflow/.local/lib/python3.12/site-packages/airflow/example_dags/example_complex.py took 0.131 seconds
[2024-06-14T08:19:27.775+0000] {processor.py:161} INFO - Started process (PID=174) to work on /home/airflow/.local/lib/python3.12/site-packages/airflow/example_dags/example_complex.py
[2024-06-14T08:19:27.777+0000] {processor.py:830} INFO - Processing file /home/airflow/.local/lib/python3.12/site-packages/airflow/example_dags/example_complex.py for tasks to queue
[2024-06-14T08:19:27.778+0000] {logging_mixin.py:188} INFO - [2024-06-14T08:19:27.778+0000] {dagbag.py:545} INFO - Filling up the DagBag from /home/airflow/.local/lib/python3.12/site-packages/airflow/example_dags/example_complex.py
[2024-06-14T08:19:27.785+0000] {processor.py:840} INFO - DAG(s) 'example_complex' retrieved from /home/airflow/.local/lib/python3.12/site-packages/airflow/example_dags/example_complex.py
[2024-06-14T08:19:27.811+0000] {logging_mixin.py:188} INFO - [2024-06-14T08:19:27.811+0000] {dag.py:3096} INFO - Sync 1 DAGs
[2024-06-14T08:19:27.820+0000] {logging_mixin.py:188} INFO - [2024-06-14T08:19:27.820+0000] {dag.py:3954} INFO - Setting next_dagrun for example_complex to None, run_after=None
[2024-06-14T08:19:27.837+0000] {processor.py:183} INFO - Processing /home/airflow/.local/lib/python3.12/site-packages/airflow/example_dags/example_complex.py took 0.065 seconds
[2024-06-14T08:19:58.208+0000] {processor.py:161} INFO - Started process (PID=232) to work on /home/airflow/.local/lib/python3.12/site-packages/airflow/example_dags/example_complex.py
[2024-06-14T08:19:58.209+0000] {processor.py:830} INFO - Processing file /home/airflow/.local/lib/python3.12/site-packages/airflow/example_dags/example_complex.py for tasks to queue
[2024-06-14T08:19:58.211+0000] {logging_mixin.py:188} INFO - [2024-06-14T08:19:58.210+0000] {dagbag.py:545} INFO - Filling up the DagBag from /home/airflow/.local/lib/python3.12/site-packages/airflow/example_dags/example_complex.py
[2024-06-14T08:19:58.218+0000] {processor.py:840} INFO - DAG(s) 'example_complex' retrieved from /home/airflow/.local/lib/python3.12/site-packages/airflow/example_dags/example_complex.py
[2024-06-14T08:19:58.242+0000] {logging_mixin.py:188} INFO - [2024-06-14T08:19:58.242+0000] {dag.py:3096} INFO - Sync 1 DAGs
[2024-06-14T08:19:58.252+0000] {logging_mixin.py:188} INFO - [2024-06-14T08:19:58.252+0000] {dag.py:3954} INFO - Setting next_dagrun for example_complex to None, run_after=None
[2024-06-14T08:19:58.266+0000] {processor.py:183} INFO - Processing /home/airflow/.local/lib/python3.12/site-packages/airflow/example_dags/example_complex.py took 0.061 seconds
[2024-06-14T08:20:28.477+0000] {processor.py:161} INFO - Started process (PID=290) to work on /home/airflow/.local/lib/python3.12/site-packages/airflow/example_dags/example_complex.py
[2024-06-14T08:20:28.478+0000] {processor.py:830} INFO - Processing file /home/airflow/.local/lib/python3.12/site-packages/airflow/example_dags/example_complex.py for tasks to queue
[2024-06-14T08:20:28.479+0000] {logging_mixin.py:188} INFO - [2024-06-14T08:20:28.479+0000] {dagbag.py:545} INFO - Filling up the DagBag from /home/airflow/.local/lib/python3.12/site-packages/airflow/example_dags/example_complex.py
[2024-06-14T08:20:28.486+0000] {processor.py:840} INFO - DAG(s) 'example_complex' retrieved from /home/airflow/.local/lib/python3.12/site-packages/airflow/example_dags/example_complex.py
[2024-06-14T08:20:28.511+0000] {logging_mixin.py:188} INFO - [2024-06-14T08:20:28.511+0000] {dag.py:3096} INFO - Sync 1 DAGs
[2024-06-14T08:20:28.519+0000] {logging_mixin.py:188} INFO - [2024-06-14T08:20:28.519+0000] {dag.py:3954} INFO - Setting next_dagrun for example_complex to None, run_after=None
[2024-06-14T08:20:28.536+0000] {processor.py:183} INFO - Processing /home/airflow/.local/lib/python3.12/site-packages/airflow/example_dags/example_complex.py took 0.062 seconds
[2024-06-14T08:20:58.695+0000] {processor.py:161} INFO - Started process (PID=348) to work on /home/airflow/.local/lib/python3.12/site-packages/airflow/example_dags/example_complex.py
[2024-06-14T08:20:58.696+0000] {processor.py:830} INFO - Processing file /home/airflow/.local/lib/python3.12/site-packages/airflow/example_dags/example_complex.py for tasks to queue
[2024-06-14T08:20:58.697+0000] {logging_mixin.py:188} INFO - [2024-06-14T08:20:58.697+0000] {dagbag.py:545} INFO - Filling up the DagBag from /home/airflow/.local/lib/python3.12/site-packages/airflow/example_dags/example_complex.py
[2024-06-14T08:20:58.705+0000] {processor.py:840} INFO - DAG(s) 'example_complex' retrieved from /home/airflow/.local/lib/python3.12/site-packages/airflow/example_dags/example_complex.py
[2024-06-14T08:20:58.729+0000] {logging_mixin.py:188} INFO - [2024-06-14T08:20:58.729+0000] {dag.py:3096} INFO - Sync 1 DAGs
[2024-06-14T08:20:58.738+0000] {logging_mixin.py:188} INFO - [2024-06-14T08:20:58.738+0000] {dag.py:3954} INFO - Setting next_dagrun for example_complex to None, run_after=None
[2024-06-14T08:20:58.755+0000] {processor.py:183} INFO - Processing /home/airflow/.local/lib/python3.12/site-packages/airflow/example_dags/example_complex.py took 0.064 seconds
[2024-06-14T08:21:29.080+0000] {processor.py:161} INFO - Started process (PID=406) to work on /home/airflow/.local/lib/python3.12/site-packages/airflow/example_dags/example_complex.py
[2024-06-14T08:21:29.081+0000] {processor.py:830} INFO - Processing file /home/airflow/.local/lib/python3.12/site-packages/airflow/example_dags/example_complex.py for tasks to queue
[2024-06-14T08:21:29.082+0000] {logging_mixin.py:188} INFO - [2024-06-14T08:21:29.082+0000] {dagbag.py:545} INFO - Filling up the DagBag from /home/airflow/.local/lib/python3.12/site-packages/airflow/example_dags/example_complex.py
[2024-06-14T08:21:29.089+0000] {processor.py:840} INFO - DAG(s) 'example_complex' retrieved from /home/airflow/.local/lib/python3.12/site-packages/airflow/example_dags/example_complex.py
[2024-06-14T08:21:29.115+0000] {logging_mixin.py:188} INFO - [2024-06-14T08:21:29.115+0000] {dag.py:3096} INFO - Sync 1 DAGs
[2024-06-14T08:21:29.125+0000] {logging_mixin.py:188} INFO - [2024-06-14T08:21:29.125+0000] {dag.py:3954} INFO - Setting next_dagrun for example_complex to None, run_after=None
[2024-06-14T08:21:29.140+0000] {processor.py:183} INFO - Processing /home/airflow/.local/lib/python3.12/site-packages/airflow/example_dags/example_complex.py took 0.066 seconds
[2024-06-14T08:21:59.300+0000] {processor.py:161} INFO - Started process (PID=464) to work on /home/airflow/.local/lib/python3.12/site-packages/airflow/example_dags/example_complex.py
[2024-06-14T08:21:59.301+0000] {processor.py:830} INFO - Processing file /home/airflow/.local/lib/python3.12/site-packages/airflow/example_dags/example_complex.py for tasks to queue
[2024-06-14T08:21:59.302+0000] {logging_mixin.py:188} INFO - [2024-06-14T08:21:59.302+0000] {dagbag.py:545} INFO - Filling up the DagBag from /home/airflow/.local/lib/python3.12/site-packages/airflow/example_dags/example_complex.py
[2024-06-14T08:21:59.310+0000] {processor.py:840} INFO - DAG(s) 'example_complex' retrieved from /home/airflow/.local/lib/python3.12/site-packages/airflow/example_dags/example_complex.py
[2024-06-14T08:21:59.335+0000] {logging_mixin.py:188} INFO - [2024-06-14T08:21:59.334+0000] {dag.py:3096} INFO - Sync 1 DAGs
[2024-06-14T08:21:59.344+0000] {logging_mixin.py:188} INFO - [2024-06-14T08:21:59.344+0000] {dag.py:3954} INFO - Setting next_dagrun for example_complex to None, run_after=None
[2024-06-14T08:21:59.360+0000] {processor.py:183} INFO - Processing /home/airflow/.local/lib/python3.12/site-packages/airflow/example_dags/example_complex.py took 0.064 seconds
[2024-06-14T08:22:29.449+0000] {processor.py:161} INFO - Started process (PID=522) to work on /home/airflow/.local/lib/python3.12/site-packages/airflow/example_dags/example_complex.py
[2024-06-14T08:22:29.450+0000] {processor.py:830} INFO - Processing file /home/airflow/.local/lib/python3.12/site-packages/airflow/example_dags/example_complex.py for tasks to queue
[2024-06-14T08:22:29.452+0000] {logging_mixin.py:188} INFO - [2024-06-14T08:22:29.451+0000] {dagbag.py:545} INFO - Filling up the DagBag from /home/airflow/.local/lib/python3.12/site-packages/airflow/example_dags/example_complex.py
[2024-06-14T08:22:29.459+0000] {processor.py:840} INFO - DAG(s) 'example_complex' retrieved from /home/airflow/.local/lib/python3.12/site-packages/airflow/example_dags/example_complex.py
[2024-06-14T08:22:29.485+0000] {logging_mixin.py:188} INFO - [2024-06-14T08:22:29.485+0000] {dag.py:3096} INFO - Sync 1 DAGs
[2024-06-14T08:22:29.495+0000] {logging_mixin.py:188} INFO - [2024-06-14T08:22:29.494+0000] {dag.py:3954} INFO - Setting next_dagrun for example_complex to None, run_after=None
[2024-06-14T08:22:29.515+0000] {processor.py:183} INFO - Processing /home/airflow/.local/lib/python3.12/site-packages/airflow/example_dags/example_complex.py took 0.071 seconds
[2024-06-14T08:22:59.764+0000] {processor.py:161} INFO - Started process (PID=580) to work on /home/airflow/.local/lib/python3.12/site-packages/airflow/example_dags/example_complex.py
[2024-06-14T08:22:59.765+0000] {processor.py:830} INFO - Processing file /home/airflow/.local/lib/python3.12/site-packages/airflow/example_dags/example_complex.py for tasks to queue
[2024-06-14T08:22:59.766+0000] {logging_mixin.py:188} INFO - [2024-06-14T08:22:59.766+0000] {dagbag.py:545} INFO - Filling up the DagBag from /home/airflow/.local/lib/python3.12/site-packages/airflow/example_dags/example_complex.py
[2024-06-14T08:22:59.774+0000] {processor.py:840} INFO - DAG(s) 'example_complex' retrieved from /home/airflow/.local/lib/python3.12/site-packages/airflow/example_dags/example_complex.py
[2024-06-14T08:22:59.803+0000] {logging_mixin.py:188} INFO - [2024-06-14T08:22:59.803+0000] {dag.py:3096} INFO - Sync 1 DAGs
[2024-06-14T08:22:59.814+0000] {logging_mixin.py:188} INFO - [2024-06-14T08:22:59.814+0000] {dag.py:3954} INFO - Setting next_dagrun for example_complex to None, run_after=None
[2024-06-14T08:22:59.834+0000] {processor.py:183} INFO - Processing /home/airflow/.local/lib/python3.12/site-packages/airflow/example_dags/example_complex.py took 0.075 seconds
[2024-06-14T08:23:30.435+0000] {processor.py:161} INFO - Started process (PID=639) to work on /home/airflow/.local/lib/python3.12/site-packages/airflow/example_dags/example_complex.py
[2024-06-14T08:23:30.437+0000] {processor.py:830} INFO - Processing file /home/airflow/.local/lib/python3.12/site-packages/airflow/example_dags/example_complex.py for tasks to queue
[2024-06-14T08:23:30.439+0000] {logging_mixin.py:188} INFO - [2024-06-14T08:23:30.438+0000] {dagbag.py:545} INFO - Filling up the DagBag from /home/airflow/.local/lib/python3.12/site-packages/airflow/example_dags/example_complex.py
[2024-06-14T08:23:30.451+0000] {processor.py:840} INFO - DAG(s) 'example_complex' retrieved from /home/airflow/.local/lib/python3.12/site-packages/airflow/example_dags/example_complex.py
[2024-06-14T08:23:30.482+0000] {logging_mixin.py:188} INFO - [2024-06-14T08:23:30.482+0000] {dag.py:3096} INFO - Sync 1 DAGs
[2024-06-14T08:23:30.495+0000] {logging_mixin.py:188} INFO - [2024-06-14T08:23:30.495+0000] {dag.py:3954} INFO - Setting next_dagrun for example_complex to None, run_after=None
[2024-06-14T08:23:30.515+0000] {processor.py:183} INFO - Processing /home/airflow/.local/lib/python3.12/site-packages/airflow/example_dags/example_complex.py took 0.085 seconds
[2024-06-14T08:24:00.876+0000] {processor.py:161} INFO - Started process (PID=698) to work on /home/airflow/.local/lib/python3.12/site-packages/airflow/example_dags/example_complex.py
[2024-06-14T08:24:00.878+0000] {processor.py:830} INFO - Processing file /home/airflow/.local/lib/python3.12/site-packages/airflow/example_dags/example_complex.py for tasks to queue
[2024-06-14T08:24:00.879+0000] {logging_mixin.py:188} INFO - [2024-06-14T08:24:00.879+0000] {dagbag.py:545} INFO - Filling up the DagBag from /home/airflow/.local/lib/python3.12/site-packages/airflow/example_dags/example_complex.py
[2024-06-14T08:24:00.888+0000] {processor.py:840} INFO - DAG(s) 'example_complex' retrieved from /home/airflow/.local/lib/python3.12/site-packages/airflow/example_dags/example_complex.py
[2024-06-14T08:24:00.917+0000] {logging_mixin.py:188} INFO - [2024-06-14T08:24:00.916+0000] {dag.py:3096} INFO - Sync 1 DAGs
[2024-06-14T08:24:00.928+0000] {logging_mixin.py:188} INFO - [2024-06-14T08:24:00.928+0000] {dag.py:3954} INFO - Setting next_dagrun for example_complex to None, run_after=None
[2024-06-14T08:24:00.948+0000] {processor.py:183} INFO - Processing /home/airflow/.local/lib/python3.12/site-packages/airflow/example_dags/example_complex.py took 0.077 seconds
[2024-06-14T08:24:31.356+0000] {processor.py:161} INFO - Started process (PID=757) to work on /home/airflow/.local/lib/python3.12/site-packages/airflow/example_dags/example_complex.py
[2024-06-14T08:24:31.357+0000] {processor.py:830} INFO - Processing file /home/airflow/.local/lib/python3.12/site-packages/airflow/example_dags/example_complex.py for tasks to queue
[2024-06-14T08:24:31.358+0000] {logging_mixin.py:188} INFO - [2024-06-14T08:24:31.358+0000] {dagbag.py:545} INFO - Filling up the DagBag from /home/airflow/.local/lib/python3.12/site-packages/airflow/example_dags/example_complex.py
[2024-06-14T08:24:31.365+0000] {processor.py:840} INFO - DAG(s) 'example_complex' retrieved from /home/airflow/.local/lib/python3.12/site-packages/airflow/example_dags/example_complex.py
[2024-06-14T08:24:31.390+0000] {logging_mixin.py:188} INFO - [2024-06-14T08:24:31.390+0000] {dag.py:3096} INFO - Sync 1 DAGs
[2024-06-14T08:24:31.400+0000] {logging_mixin.py:188} INFO - [2024-06-14T08:24:31.400+0000] {dag.py:3954} INFO - Setting next_dagrun for example_complex to None, run_after=None
[2024-06-14T08:24:31.417+0000] {processor.py:183} INFO - Processing /home/airflow/.local/lib/python3.12/site-packages/airflow/example_dags/example_complex.py took 0.066 seconds
