[2024-06-14T08:18:24.647+0000] {processor.py:161} INFO - Started process (PID=41) to work on /home/airflow/.local/lib/python3.12/site-packages/airflow/example_dags/example_python_operator.py
[2024-06-14T08:18:24.648+0000] {processor.py:830} INFO - Processing file /home/airflow/.local/lib/python3.12/site-packages/airflow/example_dags/example_python_operator.py for tasks to queue
[2024-06-14T08:18:24.650+0000] {logging_mixin.py:188} INFO - [2024-06-14T08:18:24.650+0000] {dagbag.py:545} INFO - Filling up the DagBag from /home/airflow/.local/lib/python3.12/site-packages/airflow/example_dags/example_python_operator.py
[2024-06-14T08:18:24.666+0000] {processor.py:840} INFO - DAG(s) 'example_python_operator' retrieved from /home/airflow/.local/lib/python3.12/site-packages/airflow/example_dags/example_python_operator.py
[2024-06-14T08:18:24.679+0000] {logging_mixin.py:188} INFO - [2024-06-14T08:18:24.679+0000] {dag.py:3096} INFO - Sync 1 DAGs
[2024-06-14T08:18:24.690+0000] {logging_mixin.py:188} INFO - [2024-06-14T08:18:24.689+0000] {dag.py:3954} INFO - Setting next_dagrun for example_python_operator to None, run_after=None
[2024-06-14T08:18:24.713+0000] {processor.py:183} INFO - Processing /home/airflow/.local/lib/python3.12/site-packages/airflow/example_dags/example_python_operator.py took 0.071 seconds
[2024-06-14T08:18:54.943+0000] {processor.py:161} INFO - Started process (PID=99) to work on /home/airflow/.local/lib/python3.12/site-packages/airflow/example_dags/example_python_operator.py
[2024-06-14T08:18:54.944+0000] {processor.py:830} INFO - Processing file /home/airflow/.local/lib/python3.12/site-packages/airflow/example_dags/example_python_operator.py for tasks to queue
[2024-06-14T08:18:54.946+0000] {logging_mixin.py:188} INFO - [2024-06-14T08:18:54.945+0000] {dagbag.py:545} INFO - Filling up the DagBag from /home/airflow/.local/lib/python3.12/site-packages/airflow/example_dags/example_python_operator.py
[2024-06-14T08:18:54.953+0000] {processor.py:840} INFO - DAG(s) 'example_python_operator' retrieved from /home/airflow/.local/lib/python3.12/site-packages/airflow/example_dags/example_python_operator.py
[2024-06-14T08:18:55.028+0000] {logging_mixin.py:188} INFO - [2024-06-14T08:18:55.027+0000] {dag.py:3096} INFO - Sync 1 DAGs
[2024-06-14T08:18:55.035+0000] {logging_mixin.py:188} INFO - [2024-06-14T08:18:55.034+0000] {dag.py:3954} INFO - Setting next_dagrun for example_python_operator to None, run_after=None
[2024-06-14T08:18:55.050+0000] {processor.py:183} INFO - Processing /home/airflow/.local/lib/python3.12/site-packages/airflow/example_dags/example_python_operator.py took 0.110 seconds
[2024-06-14T08:19:25.096+0000] {processor.py:161} INFO - Started process (PID=157) to work on /home/airflow/.local/lib/python3.12/site-packages/airflow/example_dags/example_python_operator.py
[2024-06-14T08:19:25.097+0000] {processor.py:830} INFO - Processing file /home/airflow/.local/lib/python3.12/site-packages/airflow/example_dags/example_python_operator.py for tasks to queue
[2024-06-14T08:19:25.099+0000] {logging_mixin.py:188} INFO - [2024-06-14T08:19:25.098+0000] {dagbag.py:545} INFO - Filling up the DagBag from /home/airflow/.local/lib/python3.12/site-packages/airflow/example_dags/example_python_operator.py
[2024-06-14T08:19:25.105+0000] {processor.py:840} INFO - DAG(s) 'example_python_operator' retrieved from /home/airflow/.local/lib/python3.12/site-packages/airflow/example_dags/example_python_operator.py
[2024-06-14T08:19:25.122+0000] {logging_mixin.py:188} INFO - [2024-06-14T08:19:25.122+0000] {dag.py:3096} INFO - Sync 1 DAGs
[2024-06-14T08:19:25.130+0000] {logging_mixin.py:188} INFO - [2024-06-14T08:19:25.130+0000] {dag.py:3954} INFO - Setting next_dagrun for example_python_operator to None, run_after=None
[2024-06-14T08:19:25.146+0000] {processor.py:183} INFO - Processing /home/airflow/.local/lib/python3.12/site-packages/airflow/example_dags/example_python_operator.py took 0.053 seconds
[2024-06-14T08:19:55.500+0000] {processor.py:161} INFO - Started process (PID=215) to work on /home/airflow/.local/lib/python3.12/site-packages/airflow/example_dags/example_python_operator.py
[2024-06-14T08:19:55.501+0000] {processor.py:830} INFO - Processing file /home/airflow/.local/lib/python3.12/site-packages/airflow/example_dags/example_python_operator.py for tasks to queue
[2024-06-14T08:19:55.503+0000] {logging_mixin.py:188} INFO - [2024-06-14T08:19:55.502+0000] {dagbag.py:545} INFO - Filling up the DagBag from /home/airflow/.local/lib/python3.12/site-packages/airflow/example_dags/example_python_operator.py
[2024-06-14T08:19:55.511+0000] {processor.py:840} INFO - DAG(s) 'example_python_operator' retrieved from /home/airflow/.local/lib/python3.12/site-packages/airflow/example_dags/example_python_operator.py
[2024-06-14T08:19:55.529+0000] {logging_mixin.py:188} INFO - [2024-06-14T08:19:55.529+0000] {dag.py:3096} INFO - Sync 1 DAGs
[2024-06-14T08:19:55.538+0000] {logging_mixin.py:188} INFO - [2024-06-14T08:19:55.538+0000] {dag.py:3954} INFO - Setting next_dagrun for example_python_operator to None, run_after=None
[2024-06-14T08:19:55.552+0000] {processor.py:183} INFO - Processing /home/airflow/.local/lib/python3.12/site-packages/airflow/example_dags/example_python_operator.py took 0.057 seconds
[2024-06-14T08:20:25.748+0000] {processor.py:161} INFO - Started process (PID=273) to work on /home/airflow/.local/lib/python3.12/site-packages/airflow/example_dags/example_python_operator.py
[2024-06-14T08:20:25.801+0000] {processor.py:830} INFO - Processing file /home/airflow/.local/lib/python3.12/site-packages/airflow/example_dags/example_python_operator.py for tasks to queue
[2024-06-14T08:20:25.804+0000] {logging_mixin.py:188} INFO - [2024-06-14T08:20:25.804+0000] {dagbag.py:545} INFO - Filling up the DagBag from /home/airflow/.local/lib/python3.12/site-packages/airflow/example_dags/example_python_operator.py
[2024-06-14T08:20:25.815+0000] {processor.py:840} INFO - DAG(s) 'example_python_operator' retrieved from /home/airflow/.local/lib/python3.12/site-packages/airflow/example_dags/example_python_operator.py
[2024-06-14T08:20:25.832+0000] {logging_mixin.py:188} INFO - [2024-06-14T08:20:25.832+0000] {dag.py:3096} INFO - Sync 1 DAGs
[2024-06-14T08:20:25.840+0000] {logging_mixin.py:188} INFO - [2024-06-14T08:20:25.839+0000] {dag.py:3954} INFO - Setting next_dagrun for example_python_operator to None, run_after=None
[2024-06-14T08:20:25.856+0000] {processor.py:183} INFO - Processing /home/airflow/.local/lib/python3.12/site-packages/airflow/example_dags/example_python_operator.py took 0.111 seconds
[2024-06-14T08:20:55.879+0000] {processor.py:161} INFO - Started process (PID=331) to work on /home/airflow/.local/lib/python3.12/site-packages/airflow/example_dags/example_python_operator.py
[2024-06-14T08:20:55.880+0000] {processor.py:830} INFO - Processing file /home/airflow/.local/lib/python3.12/site-packages/airflow/example_dags/example_python_operator.py for tasks to queue
[2024-06-14T08:20:55.881+0000] {logging_mixin.py:188} INFO - [2024-06-14T08:20:55.881+0000] {dagbag.py:545} INFO - Filling up the DagBag from /home/airflow/.local/lib/python3.12/site-packages/airflow/example_dags/example_python_operator.py
[2024-06-14T08:20:55.891+0000] {processor.py:840} INFO - DAG(s) 'example_python_operator' retrieved from /home/airflow/.local/lib/python3.12/site-packages/airflow/example_dags/example_python_operator.py
[2024-06-14T08:20:55.909+0000] {logging_mixin.py:188} INFO - [2024-06-14T08:20:55.909+0000] {dag.py:3096} INFO - Sync 1 DAGs
[2024-06-14T08:20:55.918+0000] {logging_mixin.py:188} INFO - [2024-06-14T08:20:55.918+0000] {dag.py:3954} INFO - Setting next_dagrun for example_python_operator to None, run_after=None
[2024-06-14T08:20:55.937+0000] {processor.py:183} INFO - Processing /home/airflow/.local/lib/python3.12/site-packages/airflow/example_dags/example_python_operator.py took 0.062 seconds
[2024-06-14T08:21:26.325+0000] {processor.py:161} INFO - Started process (PID=389) to work on /home/airflow/.local/lib/python3.12/site-packages/airflow/example_dags/example_python_operator.py
[2024-06-14T08:21:26.327+0000] {processor.py:830} INFO - Processing file /home/airflow/.local/lib/python3.12/site-packages/airflow/example_dags/example_python_operator.py for tasks to queue
[2024-06-14T08:21:26.329+0000] {logging_mixin.py:188} INFO - [2024-06-14T08:21:26.329+0000] {dagbag.py:545} INFO - Filling up the DagBag from /home/airflow/.local/lib/python3.12/site-packages/airflow/example_dags/example_python_operator.py
[2024-06-14T08:21:26.339+0000] {processor.py:840} INFO - DAG(s) 'example_python_operator' retrieved from /home/airflow/.local/lib/python3.12/site-packages/airflow/example_dags/example_python_operator.py
[2024-06-14T08:21:26.369+0000] {logging_mixin.py:188} INFO - [2024-06-14T08:21:26.369+0000] {dag.py:3096} INFO - Sync 1 DAGs
[2024-06-14T08:21:26.383+0000] {logging_mixin.py:188} INFO - [2024-06-14T08:21:26.382+0000] {dag.py:3954} INFO - Setting next_dagrun for example_python_operator to None, run_after=None
[2024-06-14T08:21:26.408+0000] {processor.py:183} INFO - Processing /home/airflow/.local/lib/python3.12/site-packages/airflow/example_dags/example_python_operator.py took 0.088 seconds
[2024-06-14T08:21:56.637+0000] {processor.py:161} INFO - Started process (PID=447) to work on /home/airflow/.local/lib/python3.12/site-packages/airflow/example_dags/example_python_operator.py
[2024-06-14T08:21:56.638+0000] {processor.py:830} INFO - Processing file /home/airflow/.local/lib/python3.12/site-packages/airflow/example_dags/example_python_operator.py for tasks to queue
[2024-06-14T08:21:56.640+0000] {logging_mixin.py:188} INFO - [2024-06-14T08:21:56.640+0000] {dagbag.py:545} INFO - Filling up the DagBag from /home/airflow/.local/lib/python3.12/site-packages/airflow/example_dags/example_python_operator.py
[2024-06-14T08:21:56.648+0000] {processor.py:840} INFO - DAG(s) 'example_python_operator' retrieved from /home/airflow/.local/lib/python3.12/site-packages/airflow/example_dags/example_python_operator.py
[2024-06-14T08:21:56.667+0000] {logging_mixin.py:188} INFO - [2024-06-14T08:21:56.667+0000] {dag.py:3096} INFO - Sync 1 DAGs
[2024-06-14T08:21:56.676+0000] {logging_mixin.py:188} INFO - [2024-06-14T08:21:56.676+0000] {dag.py:3954} INFO - Setting next_dagrun for example_python_operator to None, run_after=None
[2024-06-14T08:21:56.694+0000] {processor.py:183} INFO - Processing /home/airflow/.local/lib/python3.12/site-packages/airflow/example_dags/example_python_operator.py took 0.062 seconds
[2024-06-14T08:22:26.773+0000] {processor.py:161} INFO - Started process (PID=505) to work on /home/airflow/.local/lib/python3.12/site-packages/airflow/example_dags/example_python_operator.py
[2024-06-14T08:22:26.774+0000] {processor.py:830} INFO - Processing file /home/airflow/.local/lib/python3.12/site-packages/airflow/example_dags/example_python_operator.py for tasks to queue
[2024-06-14T08:22:26.776+0000] {logging_mixin.py:188} INFO - [2024-06-14T08:22:26.775+0000] {dagbag.py:545} INFO - Filling up the DagBag from /home/airflow/.local/lib/python3.12/site-packages/airflow/example_dags/example_python_operator.py
[2024-06-14T08:22:26.784+0000] {processor.py:840} INFO - DAG(s) 'example_python_operator' retrieved from /home/airflow/.local/lib/python3.12/site-packages/airflow/example_dags/example_python_operator.py
[2024-06-14T08:22:26.804+0000] {logging_mixin.py:188} INFO - [2024-06-14T08:22:26.804+0000] {dag.py:3096} INFO - Sync 1 DAGs
[2024-06-14T08:22:26.813+0000] {logging_mixin.py:188} INFO - [2024-06-14T08:22:26.813+0000] {dag.py:3954} INFO - Setting next_dagrun for example_python_operator to None, run_after=None
[2024-06-14T08:22:26.830+0000] {processor.py:183} INFO - Processing /home/airflow/.local/lib/python3.12/site-packages/airflow/example_dags/example_python_operator.py took 0.062 seconds
[2024-06-14T08:22:56.975+0000] {processor.py:161} INFO - Started process (PID=563) to work on /home/airflow/.local/lib/python3.12/site-packages/airflow/example_dags/example_python_operator.py
[2024-06-14T08:22:56.976+0000] {processor.py:830} INFO - Processing file /home/airflow/.local/lib/python3.12/site-packages/airflow/example_dags/example_python_operator.py for tasks to queue
[2024-06-14T08:22:56.977+0000] {logging_mixin.py:188} INFO - [2024-06-14T08:22:56.977+0000] {dagbag.py:545} INFO - Filling up the DagBag from /home/airflow/.local/lib/python3.12/site-packages/airflow/example_dags/example_python_operator.py
[2024-06-14T08:22:56.985+0000] {processor.py:840} INFO - DAG(s) 'example_python_operator' retrieved from /home/airflow/.local/lib/python3.12/site-packages/airflow/example_dags/example_python_operator.py
[2024-06-14T08:22:57.005+0000] {logging_mixin.py:188} INFO - [2024-06-14T08:22:57.005+0000] {dag.py:3096} INFO - Sync 1 DAGs
[2024-06-14T08:22:57.014+0000] {logging_mixin.py:188} INFO - [2024-06-14T08:22:57.014+0000] {dag.py:3954} INFO - Setting next_dagrun for example_python_operator to None, run_after=None
[2024-06-14T08:22:57.032+0000] {processor.py:183} INFO - Processing /home/airflow/.local/lib/python3.12/site-packages/airflow/example_dags/example_python_operator.py took 0.062 seconds
[2024-06-14T08:23:27.704+0000] {processor.py:161} INFO - Started process (PID=622) to work on /home/airflow/.local/lib/python3.12/site-packages/airflow/example_dags/example_python_operator.py
[2024-06-14T08:23:27.705+0000] {processor.py:830} INFO - Processing file /home/airflow/.local/lib/python3.12/site-packages/airflow/example_dags/example_python_operator.py for tasks to queue
[2024-06-14T08:23:27.707+0000] {logging_mixin.py:188} INFO - [2024-06-14T08:23:27.706+0000] {dagbag.py:545} INFO - Filling up the DagBag from /home/airflow/.local/lib/python3.12/site-packages/airflow/example_dags/example_python_operator.py
[2024-06-14T08:23:27.715+0000] {processor.py:840} INFO - DAG(s) 'example_python_operator' retrieved from /home/airflow/.local/lib/python3.12/site-packages/airflow/example_dags/example_python_operator.py
[2024-06-14T08:23:27.733+0000] {logging_mixin.py:188} INFO - [2024-06-14T08:23:27.732+0000] {dag.py:3096} INFO - Sync 1 DAGs
[2024-06-14T08:23:27.742+0000] {logging_mixin.py:188} INFO - [2024-06-14T08:23:27.742+0000] {dag.py:3954} INFO - Setting next_dagrun for example_python_operator to None, run_after=None
[2024-06-14T08:23:27.758+0000] {processor.py:183} INFO - Processing /home/airflow/.local/lib/python3.12/site-packages/airflow/example_dags/example_python_operator.py took 0.059 seconds
[2024-06-14T08:23:58.081+0000] {processor.py:161} INFO - Started process (PID=681) to work on /home/airflow/.local/lib/python3.12/site-packages/airflow/example_dags/example_python_operator.py
[2024-06-14T08:23:58.083+0000] {processor.py:830} INFO - Processing file /home/airflow/.local/lib/python3.12/site-packages/airflow/example_dags/example_python_operator.py for tasks to queue
[2024-06-14T08:23:58.085+0000] {logging_mixin.py:188} INFO - [2024-06-14T08:23:58.084+0000] {dagbag.py:545} INFO - Filling up the DagBag from /home/airflow/.local/lib/python3.12/site-packages/airflow/example_dags/example_python_operator.py
[2024-06-14T08:23:58.094+0000] {processor.py:840} INFO - DAG(s) 'example_python_operator' retrieved from /home/airflow/.local/lib/python3.12/site-packages/airflow/example_dags/example_python_operator.py
[2024-06-14T08:23:58.113+0000] {logging_mixin.py:188} INFO - [2024-06-14T08:23:58.113+0000] {dag.py:3096} INFO - Sync 1 DAGs
[2024-06-14T08:23:58.123+0000] {logging_mixin.py:188} INFO - [2024-06-14T08:23:58.123+0000] {dag.py:3954} INFO - Setting next_dagrun for example_python_operator to None, run_after=None
[2024-06-14T08:23:58.141+0000] {processor.py:183} INFO - Processing /home/airflow/.local/lib/python3.12/site-packages/airflow/example_dags/example_python_operator.py took 0.065 seconds
[2024-06-14T08:24:28.656+0000] {processor.py:161} INFO - Started process (PID=740) to work on /home/airflow/.local/lib/python3.12/site-packages/airflow/example_dags/example_python_operator.py
[2024-06-14T08:24:28.657+0000] {processor.py:830} INFO - Processing file /home/airflow/.local/lib/python3.12/site-packages/airflow/example_dags/example_python_operator.py for tasks to queue
[2024-06-14T08:24:28.658+0000] {logging_mixin.py:188} INFO - [2024-06-14T08:24:28.658+0000] {dagbag.py:545} INFO - Filling up the DagBag from /home/airflow/.local/lib/python3.12/site-packages/airflow/example_dags/example_python_operator.py
[2024-06-14T08:24:28.665+0000] {processor.py:840} INFO - DAG(s) 'example_python_operator' retrieved from /home/airflow/.local/lib/python3.12/site-packages/airflow/example_dags/example_python_operator.py
[2024-06-14T08:24:28.685+0000] {logging_mixin.py:188} INFO - [2024-06-14T08:24:28.685+0000] {dag.py:3096} INFO - Sync 1 DAGs
[2024-06-14T08:24:28.694+0000] {logging_mixin.py:188} INFO - [2024-06-14T08:24:28.694+0000] {dag.py:3954} INFO - Setting next_dagrun for example_python_operator to None, run_after=None
[2024-06-14T08:24:28.709+0000] {processor.py:183} INFO - Processing /home/airflow/.local/lib/python3.12/site-packages/airflow/example_dags/example_python_operator.py took 0.057 seconds
