[2024-06-14T08:18:26.014+0000] {processor.py:161} INFO - Started process (PID=55) to work on /home/airflow/.local/lib/python3.12/site-packages/airflow/example_dags/example_nested_branch_dag.py
[2024-06-14T08:18:26.016+0000] {processor.py:830} INFO - Processing file /home/airflow/.local/lib/python3.12/site-packages/airflow/example_dags/example_nested_branch_dag.py for tasks to queue
[2024-06-14T08:18:26.022+0000] {logging_mixin.py:188} INFO - [2024-06-14T08:18:26.021+0000] {dagbag.py:545} INFO - Filling up the DagBag from /home/airflow/.local/lib/python3.12/site-packages/airflow/example_dags/example_nested_branch_dag.py
[2024-06-14T08:18:26.055+0000] {processor.py:840} INFO - DAG(s) 'example_nested_branch_dag' retrieved from /home/airflow/.local/lib/python3.12/site-packages/airflow/example_dags/example_nested_branch_dag.py
[2024-06-14T08:18:26.087+0000] {logging_mixin.py:188} INFO - [2024-06-14T08:18:26.087+0000] {dag.py:3096} INFO - Sync 1 DAGs
[2024-06-14T08:18:26.128+0000] {logging_mixin.py:188} INFO - [2024-06-14T08:18:26.128+0000] {dag.py:3954} INFO - Setting next_dagrun for example_nested_branch_dag to 2024-06-13 00:00:00+00:00, run_after=2024-06-14 00:00:00+00:00
[2024-06-14T08:18:26.152+0000] {processor.py:183} INFO - Processing /home/airflow/.local/lib/python3.12/site-packages/airflow/example_dags/example_nested_branch_dag.py took 0.152 seconds
[2024-06-14T08:18:57.031+0000] {processor.py:161} INFO - Started process (PID=113) to work on /home/airflow/.local/lib/python3.12/site-packages/airflow/example_dags/example_nested_branch_dag.py
[2024-06-14T08:18:57.032+0000] {processor.py:830} INFO - Processing file /home/airflow/.local/lib/python3.12/site-packages/airflow/example_dags/example_nested_branch_dag.py for tasks to queue
[2024-06-14T08:18:57.033+0000] {logging_mixin.py:188} INFO - [2024-06-14T08:18:57.033+0000] {dagbag.py:545} INFO - Filling up the DagBag from /home/airflow/.local/lib/python3.12/site-packages/airflow/example_dags/example_nested_branch_dag.py
[2024-06-14T08:18:57.042+0000] {processor.py:840} INFO - DAG(s) 'example_nested_branch_dag' retrieved from /home/airflow/.local/lib/python3.12/site-packages/airflow/example_dags/example_nested_branch_dag.py
[2024-06-14T08:18:57.122+0000] {logging_mixin.py:188} INFO - [2024-06-14T08:18:57.122+0000] {dag.py:3096} INFO - Sync 1 DAGs
[2024-06-14T08:18:57.137+0000] {logging_mixin.py:188} INFO - [2024-06-14T08:18:57.137+0000] {dag.py:3954} INFO - Setting next_dagrun for example_nested_branch_dag to 2024-06-13 00:00:00+00:00, run_after=2024-06-14 00:00:00+00:00
[2024-06-14T08:18:57.155+0000] {processor.py:183} INFO - Processing /home/airflow/.local/lib/python3.12/site-packages/airflow/example_dags/example_nested_branch_dag.py took 0.129 seconds
[2024-06-14T08:19:27.605+0000] {processor.py:161} INFO - Started process (PID=171) to work on /home/airflow/.local/lib/python3.12/site-packages/airflow/example_dags/example_nested_branch_dag.py
[2024-06-14T08:19:27.606+0000] {processor.py:830} INFO - Processing file /home/airflow/.local/lib/python3.12/site-packages/airflow/example_dags/example_nested_branch_dag.py for tasks to queue
[2024-06-14T08:19:27.607+0000] {logging_mixin.py:188} INFO - [2024-06-14T08:19:27.607+0000] {dagbag.py:545} INFO - Filling up the DagBag from /home/airflow/.local/lib/python3.12/site-packages/airflow/example_dags/example_nested_branch_dag.py
[2024-06-14T08:19:27.615+0000] {processor.py:840} INFO - DAG(s) 'example_nested_branch_dag' retrieved from /home/airflow/.local/lib/python3.12/site-packages/airflow/example_dags/example_nested_branch_dag.py
[2024-06-14T08:19:27.633+0000] {logging_mixin.py:188} INFO - [2024-06-14T08:19:27.633+0000] {dag.py:3096} INFO - Sync 1 DAGs
[2024-06-14T08:19:27.650+0000] {logging_mixin.py:188} INFO - [2024-06-14T08:19:27.650+0000] {dag.py:3954} INFO - Setting next_dagrun for example_nested_branch_dag to 2024-06-13 00:00:00+00:00, run_after=2024-06-14 00:00:00+00:00
[2024-06-14T08:19:27.670+0000] {processor.py:183} INFO - Processing /home/airflow/.local/lib/python3.12/site-packages/airflow/example_dags/example_nested_branch_dag.py took 0.069 seconds
[2024-06-14T08:19:58.117+0000] {processor.py:161} INFO - Started process (PID=229) to work on /home/airflow/.local/lib/python3.12/site-packages/airflow/example_dags/example_nested_branch_dag.py
[2024-06-14T08:19:58.118+0000] {processor.py:830} INFO - Processing file /home/airflow/.local/lib/python3.12/site-packages/airflow/example_dags/example_nested_branch_dag.py for tasks to queue
[2024-06-14T08:19:58.119+0000] {logging_mixin.py:188} INFO - [2024-06-14T08:19:58.119+0000] {dagbag.py:545} INFO - Filling up the DagBag from /home/airflow/.local/lib/python3.12/site-packages/airflow/example_dags/example_nested_branch_dag.py
[2024-06-14T08:19:58.126+0000] {processor.py:840} INFO - DAG(s) 'example_nested_branch_dag' retrieved from /home/airflow/.local/lib/python3.12/site-packages/airflow/example_dags/example_nested_branch_dag.py
[2024-06-14T08:19:58.144+0000] {logging_mixin.py:188} INFO - [2024-06-14T08:19:58.144+0000] {dag.py:3096} INFO - Sync 1 DAGs
[2024-06-14T08:19:58.161+0000] {logging_mixin.py:188} INFO - [2024-06-14T08:19:58.161+0000] {dag.py:3954} INFO - Setting next_dagrun for example_nested_branch_dag to 2024-06-13 00:00:00+00:00, run_after=2024-06-14 00:00:00+00:00
[2024-06-14T08:19:58.176+0000] {processor.py:183} INFO - Processing /home/airflow/.local/lib/python3.12/site-packages/airflow/example_dags/example_nested_branch_dag.py took 0.064 seconds
[2024-06-14T08:20:28.304+0000] {processor.py:161} INFO - Started process (PID=287) to work on /home/airflow/.local/lib/python3.12/site-packages/airflow/example_dags/example_nested_branch_dag.py
[2024-06-14T08:20:28.305+0000] {processor.py:830} INFO - Processing file /home/airflow/.local/lib/python3.12/site-packages/airflow/example_dags/example_nested_branch_dag.py for tasks to queue
[2024-06-14T08:20:28.306+0000] {logging_mixin.py:188} INFO - [2024-06-14T08:20:28.306+0000] {dagbag.py:545} INFO - Filling up the DagBag from /home/airflow/.local/lib/python3.12/site-packages/airflow/example_dags/example_nested_branch_dag.py
[2024-06-14T08:20:28.314+0000] {processor.py:840} INFO - DAG(s) 'example_nested_branch_dag' retrieved from /home/airflow/.local/lib/python3.12/site-packages/airflow/example_dags/example_nested_branch_dag.py
[2024-06-14T08:20:28.333+0000] {logging_mixin.py:188} INFO - [2024-06-14T08:20:28.333+0000] {dag.py:3096} INFO - Sync 1 DAGs
[2024-06-14T08:20:28.351+0000] {logging_mixin.py:188} INFO - [2024-06-14T08:20:28.351+0000] {dag.py:3954} INFO - Setting next_dagrun for example_nested_branch_dag to 2024-06-13 00:00:00+00:00, run_after=2024-06-14 00:00:00+00:00
[2024-06-14T08:20:28.368+0000] {processor.py:183} INFO - Processing /home/airflow/.local/lib/python3.12/site-packages/airflow/example_dags/example_nested_branch_dag.py took 0.068 seconds
[2024-06-14T08:20:58.554+0000] {processor.py:161} INFO - Started process (PID=345) to work on /home/airflow/.local/lib/python3.12/site-packages/airflow/example_dags/example_nested_branch_dag.py
[2024-06-14T08:20:58.555+0000] {processor.py:830} INFO - Processing file /home/airflow/.local/lib/python3.12/site-packages/airflow/example_dags/example_nested_branch_dag.py for tasks to queue
[2024-06-14T08:20:58.556+0000] {logging_mixin.py:188} INFO - [2024-06-14T08:20:58.556+0000] {dagbag.py:545} INFO - Filling up the DagBag from /home/airflow/.local/lib/python3.12/site-packages/airflow/example_dags/example_nested_branch_dag.py
[2024-06-14T08:20:58.563+0000] {processor.py:840} INFO - DAG(s) 'example_nested_branch_dag' retrieved from /home/airflow/.local/lib/python3.12/site-packages/airflow/example_dags/example_nested_branch_dag.py
[2024-06-14T08:20:58.580+0000] {logging_mixin.py:188} INFO - [2024-06-14T08:20:58.580+0000] {dag.py:3096} INFO - Sync 1 DAGs
[2024-06-14T08:20:58.596+0000] {logging_mixin.py:188} INFO - [2024-06-14T08:20:58.596+0000] {dag.py:3954} INFO - Setting next_dagrun for example_nested_branch_dag to 2024-06-13 00:00:00+00:00, run_after=2024-06-14 00:00:00+00:00
[2024-06-14T08:20:58.613+0000] {processor.py:183} INFO - Processing /home/airflow/.local/lib/python3.12/site-packages/airflow/example_dags/example_nested_branch_dag.py took 0.062 seconds
[2024-06-14T08:21:28.902+0000] {processor.py:161} INFO - Started process (PID=403) to work on /home/airflow/.local/lib/python3.12/site-packages/airflow/example_dags/example_nested_branch_dag.py
[2024-06-14T08:21:28.903+0000] {processor.py:830} INFO - Processing file /home/airflow/.local/lib/python3.12/site-packages/airflow/example_dags/example_nested_branch_dag.py for tasks to queue
[2024-06-14T08:21:28.905+0000] {logging_mixin.py:188} INFO - [2024-06-14T08:21:28.904+0000] {dagbag.py:545} INFO - Filling up the DagBag from /home/airflow/.local/lib/python3.12/site-packages/airflow/example_dags/example_nested_branch_dag.py
[2024-06-14T08:21:28.912+0000] {processor.py:840} INFO - DAG(s) 'example_nested_branch_dag' retrieved from /home/airflow/.local/lib/python3.12/site-packages/airflow/example_dags/example_nested_branch_dag.py
[2024-06-14T08:21:28.929+0000] {logging_mixin.py:188} INFO - [2024-06-14T08:21:28.929+0000] {dag.py:3096} INFO - Sync 1 DAGs
[2024-06-14T08:21:28.945+0000] {logging_mixin.py:188} INFO - [2024-06-14T08:21:28.945+0000] {dag.py:3954} INFO - Setting next_dagrun for example_nested_branch_dag to 2024-06-13 00:00:00+00:00, run_after=2024-06-14 00:00:00+00:00
[2024-06-14T08:21:28.962+0000] {processor.py:183} INFO - Processing /home/airflow/.local/lib/python3.12/site-packages/airflow/example_dags/example_nested_branch_dag.py took 0.065 seconds
[2024-06-14T08:21:59.123+0000] {processor.py:161} INFO - Started process (PID=461) to work on /home/airflow/.local/lib/python3.12/site-packages/airflow/example_dags/example_nested_branch_dag.py
[2024-06-14T08:21:59.124+0000] {processor.py:830} INFO - Processing file /home/airflow/.local/lib/python3.12/site-packages/airflow/example_dags/example_nested_branch_dag.py for tasks to queue
[2024-06-14T08:21:59.125+0000] {logging_mixin.py:188} INFO - [2024-06-14T08:21:59.125+0000] {dagbag.py:545} INFO - Filling up the DagBag from /home/airflow/.local/lib/python3.12/site-packages/airflow/example_dags/example_nested_branch_dag.py
[2024-06-14T08:21:59.132+0000] {processor.py:840} INFO - DAG(s) 'example_nested_branch_dag' retrieved from /home/airflow/.local/lib/python3.12/site-packages/airflow/example_dags/example_nested_branch_dag.py
[2024-06-14T08:21:59.151+0000] {logging_mixin.py:188} INFO - [2024-06-14T08:21:59.150+0000] {dag.py:3096} INFO - Sync 1 DAGs
[2024-06-14T08:21:59.171+0000] {logging_mixin.py:188} INFO - [2024-06-14T08:21:59.171+0000] {dag.py:3954} INFO - Setting next_dagrun for example_nested_branch_dag to 2024-06-13 00:00:00+00:00, run_after=2024-06-14 00:00:00+00:00
[2024-06-14T08:21:59.192+0000] {processor.py:183} INFO - Processing /home/airflow/.local/lib/python3.12/site-packages/airflow/example_dags/example_nested_branch_dag.py took 0.073 seconds
[2024-06-14T08:22:29.271+0000] {processor.py:161} INFO - Started process (PID=519) to work on /home/airflow/.local/lib/python3.12/site-packages/airflow/example_dags/example_nested_branch_dag.py
[2024-06-14T08:22:29.272+0000] {processor.py:830} INFO - Processing file /home/airflow/.local/lib/python3.12/site-packages/airflow/example_dags/example_nested_branch_dag.py for tasks to queue
[2024-06-14T08:22:29.274+0000] {logging_mixin.py:188} INFO - [2024-06-14T08:22:29.273+0000] {dagbag.py:545} INFO - Filling up the DagBag from /home/airflow/.local/lib/python3.12/site-packages/airflow/example_dags/example_nested_branch_dag.py
[2024-06-14T08:22:29.281+0000] {processor.py:840} INFO - DAG(s) 'example_nested_branch_dag' retrieved from /home/airflow/.local/lib/python3.12/site-packages/airflow/example_dags/example_nested_branch_dag.py
[2024-06-14T08:22:29.300+0000] {logging_mixin.py:188} INFO - [2024-06-14T08:22:29.300+0000] {dag.py:3096} INFO - Sync 1 DAGs
[2024-06-14T08:22:29.317+0000] {logging_mixin.py:188} INFO - [2024-06-14T08:22:29.317+0000] {dag.py:3954} INFO - Setting next_dagrun for example_nested_branch_dag to 2024-06-13 00:00:00+00:00, run_after=2024-06-14 00:00:00+00:00
[2024-06-14T08:22:29.334+0000] {processor.py:183} INFO - Processing /home/airflow/.local/lib/python3.12/site-packages/airflow/example_dags/example_nested_branch_dag.py took 0.069 seconds
[2024-06-14T08:22:59.584+0000] {processor.py:161} INFO - Started process (PID=577) to work on /home/airflow/.local/lib/python3.12/site-packages/airflow/example_dags/example_nested_branch_dag.py
[2024-06-14T08:22:59.586+0000] {processor.py:830} INFO - Processing file /home/airflow/.local/lib/python3.12/site-packages/airflow/example_dags/example_nested_branch_dag.py for tasks to queue
[2024-06-14T08:22:59.587+0000] {logging_mixin.py:188} INFO - [2024-06-14T08:22:59.587+0000] {dagbag.py:545} INFO - Filling up the DagBag from /home/airflow/.local/lib/python3.12/site-packages/airflow/example_dags/example_nested_branch_dag.py
[2024-06-14T08:22:59.595+0000] {processor.py:840} INFO - DAG(s) 'example_nested_branch_dag' retrieved from /home/airflow/.local/lib/python3.12/site-packages/airflow/example_dags/example_nested_branch_dag.py
[2024-06-14T08:22:59.613+0000] {logging_mixin.py:188} INFO - [2024-06-14T08:22:59.613+0000] {dag.py:3096} INFO - Sync 1 DAGs
[2024-06-14T08:22:59.629+0000] {logging_mixin.py:188} INFO - [2024-06-14T08:22:59.629+0000] {dag.py:3954} INFO - Setting next_dagrun for example_nested_branch_dag to 2024-06-13 00:00:00+00:00, run_after=2024-06-14 00:00:00+00:00
[2024-06-14T08:22:59.648+0000] {processor.py:183} INFO - Processing /home/airflow/.local/lib/python3.12/site-packages/airflow/example_dags/example_nested_branch_dag.py took 0.069 seconds
[2024-06-14T08:23:30.246+0000] {processor.py:161} INFO - Started process (PID=636) to work on /home/airflow/.local/lib/python3.12/site-packages/airflow/example_dags/example_nested_branch_dag.py
[2024-06-14T08:23:30.247+0000] {processor.py:830} INFO - Processing file /home/airflow/.local/lib/python3.12/site-packages/airflow/example_dags/example_nested_branch_dag.py for tasks to queue
[2024-06-14T08:23:30.249+0000] {logging_mixin.py:188} INFO - [2024-06-14T08:23:30.248+0000] {dagbag.py:545} INFO - Filling up the DagBag from /home/airflow/.local/lib/python3.12/site-packages/airflow/example_dags/example_nested_branch_dag.py
[2024-06-14T08:23:30.256+0000] {processor.py:840} INFO - DAG(s) 'example_nested_branch_dag' retrieved from /home/airflow/.local/lib/python3.12/site-packages/airflow/example_dags/example_nested_branch_dag.py
[2024-06-14T08:23:30.273+0000] {logging_mixin.py:188} INFO - [2024-06-14T08:23:30.273+0000] {dag.py:3096} INFO - Sync 1 DAGs
[2024-06-14T08:23:30.291+0000] {logging_mixin.py:188} INFO - [2024-06-14T08:23:30.291+0000] {dag.py:3954} INFO - Setting next_dagrun for example_nested_branch_dag to 2024-06-13 00:00:00+00:00, run_after=2024-06-14 00:00:00+00:00
[2024-06-14T08:23:30.307+0000] {processor.py:183} INFO - Processing /home/airflow/.local/lib/python3.12/site-packages/airflow/example_dags/example_nested_branch_dag.py took 0.065 seconds
[2024-06-14T08:24:00.676+0000] {processor.py:161} INFO - Started process (PID=695) to work on /home/airflow/.local/lib/python3.12/site-packages/airflow/example_dags/example_nested_branch_dag.py
[2024-06-14T08:24:00.677+0000] {processor.py:830} INFO - Processing file /home/airflow/.local/lib/python3.12/site-packages/airflow/example_dags/example_nested_branch_dag.py for tasks to queue
[2024-06-14T08:24:00.678+0000] {logging_mixin.py:188} INFO - [2024-06-14T08:24:00.678+0000] {dagbag.py:545} INFO - Filling up the DagBag from /home/airflow/.local/lib/python3.12/site-packages/airflow/example_dags/example_nested_branch_dag.py
[2024-06-14T08:24:00.686+0000] {processor.py:840} INFO - DAG(s) 'example_nested_branch_dag' retrieved from /home/airflow/.local/lib/python3.12/site-packages/airflow/example_dags/example_nested_branch_dag.py
[2024-06-14T08:24:00.707+0000] {logging_mixin.py:188} INFO - [2024-06-14T08:24:00.706+0000] {dag.py:3096} INFO - Sync 1 DAGs
[2024-06-14T08:24:00.727+0000] {logging_mixin.py:188} INFO - [2024-06-14T08:24:00.727+0000] {dag.py:3954} INFO - Setting next_dagrun for example_nested_branch_dag to 2024-06-13 00:00:00+00:00, run_after=2024-06-14 00:00:00+00:00
[2024-06-14T08:24:00.746+0000] {processor.py:183} INFO - Processing /home/airflow/.local/lib/python3.12/site-packages/airflow/example_dags/example_nested_branch_dag.py took 0.075 seconds
[2024-06-14T08:24:31.175+0000] {processor.py:161} INFO - Started process (PID=754) to work on /home/airflow/.local/lib/python3.12/site-packages/airflow/example_dags/example_nested_branch_dag.py
[2024-06-14T08:24:31.176+0000] {processor.py:830} INFO - Processing file /home/airflow/.local/lib/python3.12/site-packages/airflow/example_dags/example_nested_branch_dag.py for tasks to queue
[2024-06-14T08:24:31.178+0000] {logging_mixin.py:188} INFO - [2024-06-14T08:24:31.178+0000] {dagbag.py:545} INFO - Filling up the DagBag from /home/airflow/.local/lib/python3.12/site-packages/airflow/example_dags/example_nested_branch_dag.py
[2024-06-14T08:24:31.186+0000] {processor.py:840} INFO - DAG(s) 'example_nested_branch_dag' retrieved from /home/airflow/.local/lib/python3.12/site-packages/airflow/example_dags/example_nested_branch_dag.py
[2024-06-14T08:24:31.203+0000] {logging_mixin.py:188} INFO - [2024-06-14T08:24:31.203+0000] {dag.py:3096} INFO - Sync 1 DAGs
[2024-06-14T08:24:31.221+0000] {logging_mixin.py:188} INFO - [2024-06-14T08:24:31.221+0000] {dag.py:3954} INFO - Setting next_dagrun for example_nested_branch_dag to 2024-06-13 00:00:00+00:00, run_after=2024-06-14 00:00:00+00:00
[2024-06-14T08:24:31.238+0000] {processor.py:183} INFO - Processing /home/airflow/.local/lib/python3.12/site-packages/airflow/example_dags/example_nested_branch_dag.py took 0.067 seconds
