[2024-06-14T08:18:26.919+0000] {processor.py:161} INFO - Started process (PID=63) to work on /home/airflow/.local/lib/python3.12/site-packages/airflow/example_dags/example_short_circuit_operator.py
[2024-06-14T08:18:26.920+0000] {processor.py:830} INFO - Processing file /home/airflow/.local/lib/python3.12/site-packages/airflow/example_dags/example_short_circuit_operator.py for tasks to queue
[2024-06-14T08:18:26.922+0000] {logging_mixin.py:188} INFO - [2024-06-14T08:18:26.922+0000] {dagbag.py:545} INFO - Filling up the DagBag from /home/airflow/.local/lib/python3.12/site-packages/airflow/example_dags/example_short_circuit_operator.py
[2024-06-14T08:18:26.933+0000] {processor.py:840} INFO - DAG(s) 'example_short_circuit_operator' retrieved from /home/airflow/.local/lib/python3.12/site-packages/airflow/example_dags/example_short_circuit_operator.py
[2024-06-14T08:18:26.944+0000] {logging_mixin.py:188} INFO - [2024-06-14T08:18:26.944+0000] {dag.py:3096} INFO - Sync 1 DAGs
[2024-06-14T08:18:26.974+0000] {logging_mixin.py:188} INFO - [2024-06-14T08:18:26.974+0000] {dag.py:3954} INFO - Setting next_dagrun for example_short_circuit_operator to 2024-06-13 00:00:00+00:00, run_after=2024-06-14 00:00:00+00:00
[2024-06-14T08:18:27.008+0000] {processor.py:183} INFO - Processing /home/airflow/.local/lib/python3.12/site-packages/airflow/example_dags/example_short_circuit_operator.py took 0.093 seconds
[2024-06-14T08:18:57.723+0000] {processor.py:161} INFO - Started process (PID=121) to work on /home/airflow/.local/lib/python3.12/site-packages/airflow/example_dags/example_short_circuit_operator.py
[2024-06-14T08:18:57.724+0000] {processor.py:830} INFO - Processing file /home/airflow/.local/lib/python3.12/site-packages/airflow/example_dags/example_short_circuit_operator.py for tasks to queue
[2024-06-14T08:18:57.725+0000] {logging_mixin.py:188} INFO - [2024-06-14T08:18:57.725+0000] {dagbag.py:545} INFO - Filling up the DagBag from /home/airflow/.local/lib/python3.12/site-packages/airflow/example_dags/example_short_circuit_operator.py
[2024-06-14T08:18:57.730+0000] {processor.py:840} INFO - DAG(s) 'example_short_circuit_operator' retrieved from /home/airflow/.local/lib/python3.12/site-packages/airflow/example_dags/example_short_circuit_operator.py
[2024-06-14T08:18:57.809+0000] {logging_mixin.py:188} INFO - [2024-06-14T08:18:57.809+0000] {dag.py:3096} INFO - Sync 1 DAGs
[2024-06-14T08:18:57.824+0000] {logging_mixin.py:188} INFO - [2024-06-14T08:18:57.824+0000] {dag.py:3954} INFO - Setting next_dagrun for example_short_circuit_operator to 2024-06-13 00:00:00+00:00, run_after=2024-06-14 00:00:00+00:00
[2024-06-14T08:18:57.841+0000] {processor.py:183} INFO - Processing /home/airflow/.local/lib/python3.12/site-packages/airflow/example_dags/example_short_circuit_operator.py took 0.123 seconds
[2024-06-14T08:19:28.110+0000] {processor.py:161} INFO - Started process (PID=179) to work on /home/airflow/.local/lib/python3.12/site-packages/airflow/example_dags/example_short_circuit_operator.py
[2024-06-14T08:19:28.111+0000] {processor.py:830} INFO - Processing file /home/airflow/.local/lib/python3.12/site-packages/airflow/example_dags/example_short_circuit_operator.py for tasks to queue
[2024-06-14T08:19:28.112+0000] {logging_mixin.py:188} INFO - [2024-06-14T08:19:28.112+0000] {dagbag.py:545} INFO - Filling up the DagBag from /home/airflow/.local/lib/python3.12/site-packages/airflow/example_dags/example_short_circuit_operator.py
[2024-06-14T08:19:28.117+0000] {processor.py:840} INFO - DAG(s) 'example_short_circuit_operator' retrieved from /home/airflow/.local/lib/python3.12/site-packages/airflow/example_dags/example_short_circuit_operator.py
[2024-06-14T08:19:28.135+0000] {logging_mixin.py:188} INFO - [2024-06-14T08:19:28.134+0000] {dag.py:3096} INFO - Sync 1 DAGs
[2024-06-14T08:19:28.149+0000] {logging_mixin.py:188} INFO - [2024-06-14T08:19:28.149+0000] {dag.py:3954} INFO - Setting next_dagrun for example_short_circuit_operator to 2024-06-13 00:00:00+00:00, run_after=2024-06-14 00:00:00+00:00
[2024-06-14T08:19:28.166+0000] {processor.py:183} INFO - Processing /home/airflow/.local/lib/python3.12/site-packages/airflow/example_dags/example_short_circuit_operator.py took 0.060 seconds
[2024-06-14T08:19:58.469+0000] {processor.py:161} INFO - Started process (PID=237) to work on /home/airflow/.local/lib/python3.12/site-packages/airflow/example_dags/example_short_circuit_operator.py
[2024-06-14T08:19:58.470+0000] {processor.py:830} INFO - Processing file /home/airflow/.local/lib/python3.12/site-packages/airflow/example_dags/example_short_circuit_operator.py for tasks to queue
[2024-06-14T08:19:58.471+0000] {logging_mixin.py:188} INFO - [2024-06-14T08:19:58.471+0000] {dagbag.py:545} INFO - Filling up the DagBag from /home/airflow/.local/lib/python3.12/site-packages/airflow/example_dags/example_short_circuit_operator.py
[2024-06-14T08:19:58.477+0000] {processor.py:840} INFO - DAG(s) 'example_short_circuit_operator' retrieved from /home/airflow/.local/lib/python3.12/site-packages/airflow/example_dags/example_short_circuit_operator.py
[2024-06-14T08:19:58.497+0000] {logging_mixin.py:188} INFO - [2024-06-14T08:19:58.497+0000] {dag.py:3096} INFO - Sync 1 DAGs
[2024-06-14T08:19:58.514+0000] {logging_mixin.py:188} INFO - [2024-06-14T08:19:58.514+0000] {dag.py:3954} INFO - Setting next_dagrun for example_short_circuit_operator to 2024-06-13 00:00:00+00:00, run_after=2024-06-14 00:00:00+00:00
[2024-06-14T08:19:58.531+0000] {processor.py:183} INFO - Processing /home/airflow/.local/lib/python3.12/site-packages/airflow/example_dags/example_short_circuit_operator.py took 0.066 seconds
[2024-06-14T08:20:28.691+0000] {processor.py:161} INFO - Started process (PID=295) to work on /home/airflow/.local/lib/python3.12/site-packages/airflow/example_dags/example_short_circuit_operator.py
[2024-06-14T08:20:28.693+0000] {processor.py:830} INFO - Processing file /home/airflow/.local/lib/python3.12/site-packages/airflow/example_dags/example_short_circuit_operator.py for tasks to queue
[2024-06-14T08:20:28.694+0000] {logging_mixin.py:188} INFO - [2024-06-14T08:20:28.694+0000] {dagbag.py:545} INFO - Filling up the DagBag from /home/airflow/.local/lib/python3.12/site-packages/airflow/example_dags/example_short_circuit_operator.py
[2024-06-14T08:20:28.698+0000] {processor.py:840} INFO - DAG(s) 'example_short_circuit_operator' retrieved from /home/airflow/.local/lib/python3.12/site-packages/airflow/example_dags/example_short_circuit_operator.py
[2024-06-14T08:20:28.716+0000] {logging_mixin.py:188} INFO - [2024-06-14T08:20:28.716+0000] {dag.py:3096} INFO - Sync 1 DAGs
[2024-06-14T08:20:28.733+0000] {logging_mixin.py:188} INFO - [2024-06-14T08:20:28.732+0000] {dag.py:3954} INFO - Setting next_dagrun for example_short_circuit_operator to 2024-06-13 00:00:00+00:00, run_after=2024-06-14 00:00:00+00:00
[2024-06-14T08:20:28.748+0000] {processor.py:183} INFO - Processing /home/airflow/.local/lib/python3.12/site-packages/airflow/example_dags/example_short_circuit_operator.py took 0.060 seconds
[2024-06-14T08:20:58.930+0000] {processor.py:161} INFO - Started process (PID=353) to work on /home/airflow/.local/lib/python3.12/site-packages/airflow/example_dags/example_short_circuit_operator.py
[2024-06-14T08:20:58.931+0000] {processor.py:830} INFO - Processing file /home/airflow/.local/lib/python3.12/site-packages/airflow/example_dags/example_short_circuit_operator.py for tasks to queue
[2024-06-14T08:20:58.932+0000] {logging_mixin.py:188} INFO - [2024-06-14T08:20:58.932+0000] {dagbag.py:545} INFO - Filling up the DagBag from /home/airflow/.local/lib/python3.12/site-packages/airflow/example_dags/example_short_circuit_operator.py
[2024-06-14T08:20:58.938+0000] {processor.py:840} INFO - DAG(s) 'example_short_circuit_operator' retrieved from /home/airflow/.local/lib/python3.12/site-packages/airflow/example_dags/example_short_circuit_operator.py
[2024-06-14T08:20:58.957+0000] {logging_mixin.py:188} INFO - [2024-06-14T08:20:58.956+0000] {dag.py:3096} INFO - Sync 1 DAGs
[2024-06-14T08:20:58.972+0000] {logging_mixin.py:188} INFO - [2024-06-14T08:20:58.972+0000] {dag.py:3954} INFO - Setting next_dagrun for example_short_circuit_operator to 2024-06-13 00:00:00+00:00, run_after=2024-06-14 00:00:00+00:00
[2024-06-14T08:20:58.989+0000] {processor.py:183} INFO - Processing /home/airflow/.local/lib/python3.12/site-packages/airflow/example_dags/example_short_circuit_operator.py took 0.064 seconds
[2024-06-14T08:21:29.344+0000] {processor.py:161} INFO - Started process (PID=411) to work on /home/airflow/.local/lib/python3.12/site-packages/airflow/example_dags/example_short_circuit_operator.py
[2024-06-14T08:21:29.346+0000] {processor.py:830} INFO - Processing file /home/airflow/.local/lib/python3.12/site-packages/airflow/example_dags/example_short_circuit_operator.py for tasks to queue
[2024-06-14T08:21:29.347+0000] {logging_mixin.py:188} INFO - [2024-06-14T08:21:29.347+0000] {dagbag.py:545} INFO - Filling up the DagBag from /home/airflow/.local/lib/python3.12/site-packages/airflow/example_dags/example_short_circuit_operator.py
[2024-06-14T08:21:29.353+0000] {processor.py:840} INFO - DAG(s) 'example_short_circuit_operator' retrieved from /home/airflow/.local/lib/python3.12/site-packages/airflow/example_dags/example_short_circuit_operator.py
[2024-06-14T08:21:29.381+0000] {logging_mixin.py:188} INFO - [2024-06-14T08:21:29.381+0000] {dag.py:3096} INFO - Sync 1 DAGs
[2024-06-14T08:21:29.401+0000] {logging_mixin.py:188} INFO - [2024-06-14T08:21:29.401+0000] {dag.py:3954} INFO - Setting next_dagrun for example_short_circuit_operator to 2024-06-13 00:00:00+00:00, run_after=2024-06-14 00:00:00+00:00
[2024-06-14T08:21:29.420+0000] {processor.py:183} INFO - Processing /home/airflow/.local/lib/python3.12/site-packages/airflow/example_dags/example_short_circuit_operator.py took 0.080 seconds
[2024-06-14T08:21:59.516+0000] {processor.py:161} INFO - Started process (PID=469) to work on /home/airflow/.local/lib/python3.12/site-packages/airflow/example_dags/example_short_circuit_operator.py
[2024-06-14T08:21:59.517+0000] {processor.py:830} INFO - Processing file /home/airflow/.local/lib/python3.12/site-packages/airflow/example_dags/example_short_circuit_operator.py for tasks to queue
[2024-06-14T08:21:59.519+0000] {logging_mixin.py:188} INFO - [2024-06-14T08:21:59.518+0000] {dagbag.py:545} INFO - Filling up the DagBag from /home/airflow/.local/lib/python3.12/site-packages/airflow/example_dags/example_short_circuit_operator.py
[2024-06-14T08:21:59.524+0000] {processor.py:840} INFO - DAG(s) 'example_short_circuit_operator' retrieved from /home/airflow/.local/lib/python3.12/site-packages/airflow/example_dags/example_short_circuit_operator.py
[2024-06-14T08:21:59.544+0000] {logging_mixin.py:188} INFO - [2024-06-14T08:21:59.544+0000] {dag.py:3096} INFO - Sync 1 DAGs
[2024-06-14T08:21:59.560+0000] {logging_mixin.py:188} INFO - [2024-06-14T08:21:59.560+0000] {dag.py:3954} INFO - Setting next_dagrun for example_short_circuit_operator to 2024-06-13 00:00:00+00:00, run_after=2024-06-14 00:00:00+00:00
[2024-06-14T08:21:59.579+0000] {processor.py:183} INFO - Processing /home/airflow/.local/lib/python3.12/site-packages/airflow/example_dags/example_short_circuit_operator.py took 0.066 seconds
[2024-06-14T08:22:29.623+0000] {processor.py:161} INFO - Started process (PID=527) to work on /home/airflow/.local/lib/python3.12/site-packages/airflow/example_dags/example_short_circuit_operator.py
[2024-06-14T08:22:29.624+0000] {processor.py:830} INFO - Processing file /home/airflow/.local/lib/python3.12/site-packages/airflow/example_dags/example_short_circuit_operator.py for tasks to queue
[2024-06-14T08:22:29.626+0000] {logging_mixin.py:188} INFO - [2024-06-14T08:22:29.625+0000] {dagbag.py:545} INFO - Filling up the DagBag from /home/airflow/.local/lib/python3.12/site-packages/airflow/example_dags/example_short_circuit_operator.py
[2024-06-14T08:22:29.630+0000] {processor.py:840} INFO - DAG(s) 'example_short_circuit_operator' retrieved from /home/airflow/.local/lib/python3.12/site-packages/airflow/example_dags/example_short_circuit_operator.py
[2024-06-14T08:22:29.648+0000] {logging_mixin.py:188} INFO - [2024-06-14T08:22:29.648+0000] {dag.py:3096} INFO - Sync 1 DAGs
[2024-06-14T08:22:29.665+0000] {logging_mixin.py:188} INFO - [2024-06-14T08:22:29.665+0000] {dag.py:3954} INFO - Setting next_dagrun for example_short_circuit_operator to 2024-06-13 00:00:00+00:00, run_after=2024-06-14 00:00:00+00:00
[2024-06-14T08:22:29.680+0000] {processor.py:183} INFO - Processing /home/airflow/.local/lib/python3.12/site-packages/airflow/example_dags/example_short_circuit_operator.py took 0.061 seconds
[2024-06-14T08:22:59.970+0000] {processor.py:161} INFO - Started process (PID=585) to work on /home/airflow/.local/lib/python3.12/site-packages/airflow/example_dags/example_short_circuit_operator.py
[2024-06-14T08:22:59.972+0000] {processor.py:830} INFO - Processing file /home/airflow/.local/lib/python3.12/site-packages/airflow/example_dags/example_short_circuit_operator.py for tasks to queue
[2024-06-14T08:22:59.973+0000] {logging_mixin.py:188} INFO - [2024-06-14T08:22:59.973+0000] {dagbag.py:545} INFO - Filling up the DagBag from /home/airflow/.local/lib/python3.12/site-packages/airflow/example_dags/example_short_circuit_operator.py
[2024-06-14T08:22:59.979+0000] {processor.py:840} INFO - DAG(s) 'example_short_circuit_operator' retrieved from /home/airflow/.local/lib/python3.12/site-packages/airflow/example_dags/example_short_circuit_operator.py
[2024-06-14T08:23:00.002+0000] {logging_mixin.py:188} INFO - [2024-06-14T08:23:00.002+0000] {dag.py:3096} INFO - Sync 1 DAGs
[2024-06-14T08:23:00.023+0000] {logging_mixin.py:188} INFO - [2024-06-14T08:23:00.023+0000] {dag.py:3954} INFO - Setting next_dagrun for example_short_circuit_operator to 2024-06-13 00:00:00+00:00, run_after=2024-06-14 00:00:00+00:00
[2024-06-14T08:23:00.043+0000] {processor.py:183} INFO - Processing /home/airflow/.local/lib/python3.12/site-packages/airflow/example_dags/example_short_circuit_operator.py took 0.078 seconds
[2024-06-14T08:23:30.622+0000] {processor.py:161} INFO - Started process (PID=643) to work on /home/airflow/.local/lib/python3.12/site-packages/airflow/example_dags/example_short_circuit_operator.py
[2024-06-14T08:23:30.623+0000] {processor.py:830} INFO - Processing file /home/airflow/.local/lib/python3.12/site-packages/airflow/example_dags/example_short_circuit_operator.py for tasks to queue
[2024-06-14T08:23:30.625+0000] {logging_mixin.py:188} INFO - [2024-06-14T08:23:30.624+0000] {dagbag.py:545} INFO - Filling up the DagBag from /home/airflow/.local/lib/python3.12/site-packages/airflow/example_dags/example_short_circuit_operator.py
[2024-06-14T08:23:30.632+0000] {processor.py:840} INFO - DAG(s) 'example_short_circuit_operator' retrieved from /home/airflow/.local/lib/python3.12/site-packages/airflow/example_dags/example_short_circuit_operator.py
[2024-06-14T08:23:30.654+0000] {logging_mixin.py:188} INFO - [2024-06-14T08:23:30.654+0000] {dag.py:3096} INFO - Sync 1 DAGs
[2024-06-14T08:23:30.674+0000] {logging_mixin.py:188} INFO - [2024-06-14T08:23:30.674+0000] {dag.py:3954} INFO - Setting next_dagrun for example_short_circuit_operator to 2024-06-13 00:00:00+00:00, run_after=2024-06-14 00:00:00+00:00
[2024-06-14T08:23:30.697+0000] {processor.py:183} INFO - Processing /home/airflow/.local/lib/python3.12/site-packages/airflow/example_dags/example_short_circuit_operator.py took 0.080 seconds
[2024-06-14T08:24:01.058+0000] {processor.py:161} INFO - Started process (PID=702) to work on /home/airflow/.local/lib/python3.12/site-packages/airflow/example_dags/example_short_circuit_operator.py
[2024-06-14T08:24:01.059+0000] {processor.py:830} INFO - Processing file /home/airflow/.local/lib/python3.12/site-packages/airflow/example_dags/example_short_circuit_operator.py for tasks to queue
[2024-06-14T08:24:01.061+0000] {logging_mixin.py:188} INFO - [2024-06-14T08:24:01.060+0000] {dagbag.py:545} INFO - Filling up the DagBag from /home/airflow/.local/lib/python3.12/site-packages/airflow/example_dags/example_short_circuit_operator.py
[2024-06-14T08:24:01.067+0000] {processor.py:840} INFO - DAG(s) 'example_short_circuit_operator' retrieved from /home/airflow/.local/lib/python3.12/site-packages/airflow/example_dags/example_short_circuit_operator.py
[2024-06-14T08:24:01.089+0000] {logging_mixin.py:188} INFO - [2024-06-14T08:24:01.089+0000] {dag.py:3096} INFO - Sync 1 DAGs
[2024-06-14T08:24:01.109+0000] {logging_mixin.py:188} INFO - [2024-06-14T08:24:01.109+0000] {dag.py:3954} INFO - Setting next_dagrun for example_short_circuit_operator to 2024-06-13 00:00:00+00:00, run_after=2024-06-14 00:00:00+00:00
[2024-06-14T08:24:01.129+0000] {processor.py:183} INFO - Processing /home/airflow/.local/lib/python3.12/site-packages/airflow/example_dags/example_short_circuit_operator.py took 0.076 seconds
[2024-06-14T08:24:31.510+0000] {processor.py:161} INFO - Started process (PID=761) to work on /home/airflow/.local/lib/python3.12/site-packages/airflow/example_dags/example_short_circuit_operator.py
[2024-06-14T08:24:31.511+0000] {processor.py:830} INFO - Processing file /home/airflow/.local/lib/python3.12/site-packages/airflow/example_dags/example_short_circuit_operator.py for tasks to queue
[2024-06-14T08:24:31.512+0000] {logging_mixin.py:188} INFO - [2024-06-14T08:24:31.512+0000] {dagbag.py:545} INFO - Filling up the DagBag from /home/airflow/.local/lib/python3.12/site-packages/airflow/example_dags/example_short_circuit_operator.py
[2024-06-14T08:24:31.518+0000] {processor.py:840} INFO - DAG(s) 'example_short_circuit_operator' retrieved from /home/airflow/.local/lib/python3.12/site-packages/airflow/example_dags/example_short_circuit_operator.py
[2024-06-14T08:24:31.540+0000] {logging_mixin.py:188} INFO - [2024-06-14T08:24:31.540+0000] {dag.py:3096} INFO - Sync 1 DAGs
[2024-06-14T08:24:31.559+0000] {logging_mixin.py:188} INFO - [2024-06-14T08:24:31.559+0000] {dag.py:3954} INFO - Setting next_dagrun for example_short_circuit_operator to 2024-06-13 00:00:00+00:00, run_after=2024-06-14 00:00:00+00:00
[2024-06-14T08:24:31.578+0000] {processor.py:183} INFO - Processing /home/airflow/.local/lib/python3.12/site-packages/airflow/example_dags/example_short_circuit_operator.py took 0.072 seconds
