[2024-06-14T08:18:24.469+0000] {processor.py:161} INFO - Started process (PID=40) to work on /home/airflow/.local/lib/python3.12/site-packages/airflow/example_dags/example_sla_dag.py
[2024-06-14T08:18:24.471+0000] {processor.py:830} INFO - Processing file /home/airflow/.local/lib/python3.12/site-packages/airflow/example_dags/example_sla_dag.py for tasks to queue
[2024-06-14T08:18:24.476+0000] {logging_mixin.py:188} INFO - [2024-06-14T08:18:24.476+0000] {dagbag.py:545} INFO - Filling up the DagBag from /home/airflow/.local/lib/python3.12/site-packages/airflow/example_dags/example_sla_dag.py
[2024-06-14T08:18:24.503+0000] {processor.py:840} INFO - DAG(s) 'example_sla_dag' retrieved from /home/airflow/.local/lib/python3.12/site-packages/airflow/example_dags/example_sla_dag.py
[2024-06-14T08:18:24.555+0000] {logging_mixin.py:188} INFO - [2024-06-14T08:18:24.555+0000] {dag.py:3096} INFO - Sync 1 DAGs
[2024-06-14T08:18:24.598+0000] {logging_mixin.py:188} INFO - [2024-06-14T08:18:24.598+0000] {dag.py:3954} INFO - Setting next_dagrun for example_sla_dag to 2024-06-14 08:16:00+00:00, run_after=2024-06-14 08:18:00+00:00
[2024-06-14T08:18:24.627+0000] {processor.py:183} INFO - Processing /home/airflow/.local/lib/python3.12/site-packages/airflow/example_dags/example_sla_dag.py took 0.174 seconds
[2024-06-14T08:18:54.726+0000] {processor.py:161} INFO - Started process (PID=98) to work on /home/airflow/.local/lib/python3.12/site-packages/airflow/example_dags/example_sla_dag.py
[2024-06-14T08:18:54.727+0000] {processor.py:830} INFO - Processing file /home/airflow/.local/lib/python3.12/site-packages/airflow/example_dags/example_sla_dag.py for tasks to queue
[2024-06-14T08:18:54.729+0000] {logging_mixin.py:188} INFO - [2024-06-14T08:18:54.728+0000] {dagbag.py:545} INFO - Filling up the DagBag from /home/airflow/.local/lib/python3.12/site-packages/airflow/example_dags/example_sla_dag.py
[2024-06-14T08:18:54.738+0000] {processor.py:840} INFO - DAG(s) 'example_sla_dag' retrieved from /home/airflow/.local/lib/python3.12/site-packages/airflow/example_dags/example_sla_dag.py
[2024-06-14T08:18:54.889+0000] {logging_mixin.py:188} INFO - [2024-06-14T08:18:54.889+0000] {dag.py:3096} INFO - Sync 1 DAGs
[2024-06-14T08:18:54.908+0000] {logging_mixin.py:188} INFO - [2024-06-14T08:18:54.908+0000] {dag.py:3954} INFO - Setting next_dagrun for example_sla_dag to 2024-06-14 08:16:00+00:00, run_after=2024-06-14 08:18:00+00:00
[2024-06-14T08:18:54.928+0000] {processor.py:183} INFO - Processing /home/airflow/.local/lib/python3.12/site-packages/airflow/example_dags/example_sla_dag.py took 0.206 seconds
[2024-06-14T08:19:25.023+0000] {processor.py:161} INFO - Started process (PID=156) to work on /home/airflow/.local/lib/python3.12/site-packages/airflow/example_dags/example_sla_dag.py
[2024-06-14T08:19:25.024+0000] {processor.py:830} INFO - Processing file /home/airflow/.local/lib/python3.12/site-packages/airflow/example_dags/example_sla_dag.py for tasks to queue
[2024-06-14T08:19:25.025+0000] {logging_mixin.py:188} INFO - [2024-06-14T08:19:25.025+0000] {dagbag.py:545} INFO - Filling up the DagBag from /home/airflow/.local/lib/python3.12/site-packages/airflow/example_dags/example_sla_dag.py
[2024-06-14T08:19:25.030+0000] {processor.py:840} INFO - DAG(s) 'example_sla_dag' retrieved from /home/airflow/.local/lib/python3.12/site-packages/airflow/example_dags/example_sla_dag.py
[2024-06-14T08:19:25.045+0000] {logging_mixin.py:188} INFO - [2024-06-14T08:19:25.045+0000] {dag.py:3096} INFO - Sync 1 DAGs
[2024-06-14T08:19:25.061+0000] {logging_mixin.py:188} INFO - [2024-06-14T08:19:25.061+0000] {dag.py:3954} INFO - Setting next_dagrun for example_sla_dag to 2024-06-14 08:16:00+00:00, run_after=2024-06-14 08:18:00+00:00
[2024-06-14T08:19:25.082+0000] {processor.py:183} INFO - Processing /home/airflow/.local/lib/python3.12/site-packages/airflow/example_dags/example_sla_dag.py took 0.063 seconds
[2024-06-14T08:19:55.404+0000] {processor.py:161} INFO - Started process (PID=214) to work on /home/airflow/.local/lib/python3.12/site-packages/airflow/example_dags/example_sla_dag.py
[2024-06-14T08:19:55.405+0000] {processor.py:830} INFO - Processing file /home/airflow/.local/lib/python3.12/site-packages/airflow/example_dags/example_sla_dag.py for tasks to queue
[2024-06-14T08:19:55.407+0000] {logging_mixin.py:188} INFO - [2024-06-14T08:19:55.406+0000] {dagbag.py:545} INFO - Filling up the DagBag from /home/airflow/.local/lib/python3.12/site-packages/airflow/example_dags/example_sla_dag.py
[2024-06-14T08:19:55.414+0000] {processor.py:840} INFO - DAG(s) 'example_sla_dag' retrieved from /home/airflow/.local/lib/python3.12/site-packages/airflow/example_dags/example_sla_dag.py
[2024-06-14T08:19:55.435+0000] {logging_mixin.py:188} INFO - [2024-06-14T08:19:55.434+0000] {dag.py:3096} INFO - Sync 1 DAGs
[2024-06-14T08:19:55.462+0000] {logging_mixin.py:188} INFO - [2024-06-14T08:19:55.461+0000] {dag.py:3954} INFO - Setting next_dagrun for example_sla_dag to 2024-06-14 08:16:00+00:00, run_after=2024-06-14 08:18:00+00:00
[2024-06-14T08:19:55.482+0000] {processor.py:183} INFO - Processing /home/airflow/.local/lib/python3.12/site-packages/airflow/example_dags/example_sla_dag.py took 0.082 seconds
[2024-06-14T08:20:25.668+0000] {processor.py:161} INFO - Started process (PID=272) to work on /home/airflow/.local/lib/python3.12/site-packages/airflow/example_dags/example_sla_dag.py
[2024-06-14T08:20:25.669+0000] {processor.py:830} INFO - Processing file /home/airflow/.local/lib/python3.12/site-packages/airflow/example_dags/example_sla_dag.py for tasks to queue
[2024-06-14T08:20:25.670+0000] {logging_mixin.py:188} INFO - [2024-06-14T08:20:25.670+0000] {dagbag.py:545} INFO - Filling up the DagBag from /home/airflow/.local/lib/python3.12/site-packages/airflow/example_dags/example_sla_dag.py
[2024-06-14T08:20:25.676+0000] {processor.py:840} INFO - DAG(s) 'example_sla_dag' retrieved from /home/airflow/.local/lib/python3.12/site-packages/airflow/example_dags/example_sla_dag.py
[2024-06-14T08:20:25.691+0000] {logging_mixin.py:188} INFO - [2024-06-14T08:20:25.690+0000] {dag.py:3096} INFO - Sync 1 DAGs
[2024-06-14T08:20:25.709+0000] {logging_mixin.py:188} INFO - [2024-06-14T08:20:25.709+0000] {dag.py:3954} INFO - Setting next_dagrun for example_sla_dag to 2024-06-14 08:18:00+00:00, run_after=2024-06-14 08:20:00+00:00
[2024-06-14T08:20:25.813+0000] {processor.py:183} INFO - Processing /home/airflow/.local/lib/python3.12/site-packages/airflow/example_dags/example_sla_dag.py took 0.150 seconds
[2024-06-14T08:20:55.874+0000] {processor.py:161} INFO - Started process (PID=330) to work on /home/airflow/.local/lib/python3.12/site-packages/airflow/example_dags/example_sla_dag.py
[2024-06-14T08:20:55.875+0000] {processor.py:830} INFO - Processing file /home/airflow/.local/lib/python3.12/site-packages/airflow/example_dags/example_sla_dag.py for tasks to queue
[2024-06-14T08:20:55.876+0000] {logging_mixin.py:188} INFO - [2024-06-14T08:20:55.876+0000] {dagbag.py:545} INFO - Filling up the DagBag from /home/airflow/.local/lib/python3.12/site-packages/airflow/example_dags/example_sla_dag.py
[2024-06-14T08:20:55.883+0000] {processor.py:840} INFO - DAG(s) 'example_sla_dag' retrieved from /home/airflow/.local/lib/python3.12/site-packages/airflow/example_dags/example_sla_dag.py
[2024-06-14T08:20:55.900+0000] {logging_mixin.py:188} INFO - [2024-06-14T08:20:55.900+0000] {dag.py:3096} INFO - Sync 1 DAGs
[2024-06-14T08:20:55.918+0000] {logging_mixin.py:188} INFO - [2024-06-14T08:20:55.917+0000] {dag.py:3954} INFO - Setting next_dagrun for example_sla_dag to 2024-06-14 08:18:00+00:00, run_after=2024-06-14 08:20:00+00:00
[2024-06-14T08:20:55.939+0000] {processor.py:183} INFO - Processing /home/airflow/.local/lib/python3.12/site-packages/airflow/example_dags/example_sla_dag.py took 0.069 seconds
[2024-06-14T08:21:26.224+0000] {processor.py:161} INFO - Started process (PID=388) to work on /home/airflow/.local/lib/python3.12/site-packages/airflow/example_dags/example_sla_dag.py
[2024-06-14T08:21:26.226+0000] {processor.py:830} INFO - Processing file /home/airflow/.local/lib/python3.12/site-packages/airflow/example_dags/example_sla_dag.py for tasks to queue
[2024-06-14T08:21:26.227+0000] {logging_mixin.py:188} INFO - [2024-06-14T08:21:26.227+0000] {dagbag.py:545} INFO - Filling up the DagBag from /home/airflow/.local/lib/python3.12/site-packages/airflow/example_dags/example_sla_dag.py
[2024-06-14T08:21:26.235+0000] {processor.py:840} INFO - DAG(s) 'example_sla_dag' retrieved from /home/airflow/.local/lib/python3.12/site-packages/airflow/example_dags/example_sla_dag.py
[2024-06-14T08:21:26.255+0000] {logging_mixin.py:188} INFO - [2024-06-14T08:21:26.255+0000] {dag.py:3096} INFO - Sync 1 DAGs
[2024-06-14T08:21:26.281+0000] {logging_mixin.py:188} INFO - [2024-06-14T08:21:26.281+0000] {dag.py:3954} INFO - Setting next_dagrun for example_sla_dag to 2024-06-14 08:18:00+00:00, run_after=2024-06-14 08:20:00+00:00
[2024-06-14T08:21:26.303+0000] {processor.py:183} INFO - Processing /home/airflow/.local/lib/python3.12/site-packages/airflow/example_dags/example_sla_dag.py took 0.086 seconds
[2024-06-14T08:21:56.555+0000] {processor.py:161} INFO - Started process (PID=446) to work on /home/airflow/.local/lib/python3.12/site-packages/airflow/example_dags/example_sla_dag.py
[2024-06-14T08:21:56.556+0000] {processor.py:830} INFO - Processing file /home/airflow/.local/lib/python3.12/site-packages/airflow/example_dags/example_sla_dag.py for tasks to queue
[2024-06-14T08:21:56.558+0000] {logging_mixin.py:188} INFO - [2024-06-14T08:21:56.557+0000] {dagbag.py:545} INFO - Filling up the DagBag from /home/airflow/.local/lib/python3.12/site-packages/airflow/example_dags/example_sla_dag.py
[2024-06-14T08:21:56.566+0000] {processor.py:840} INFO - DAG(s) 'example_sla_dag' retrieved from /home/airflow/.local/lib/python3.12/site-packages/airflow/example_dags/example_sla_dag.py
[2024-06-14T08:21:56.588+0000] {logging_mixin.py:188} INFO - [2024-06-14T08:21:56.587+0000] {dag.py:3096} INFO - Sync 1 DAGs
[2024-06-14T08:21:56.606+0000] {logging_mixin.py:188} INFO - [2024-06-14T08:21:56.606+0000] {dag.py:3954} INFO - Setting next_dagrun for example_sla_dag to 2024-06-14 08:18:00+00:00, run_after=2024-06-14 08:20:00+00:00
[2024-06-14T08:21:56.622+0000] {processor.py:183} INFO - Processing /home/airflow/.local/lib/python3.12/site-packages/airflow/example_dags/example_sla_dag.py took 0.072 seconds
[2024-06-14T08:22:26.697+0000] {processor.py:161} INFO - Started process (PID=504) to work on /home/airflow/.local/lib/python3.12/site-packages/airflow/example_dags/example_sla_dag.py
[2024-06-14T08:22:26.698+0000] {processor.py:830} INFO - Processing file /home/airflow/.local/lib/python3.12/site-packages/airflow/example_dags/example_sla_dag.py for tasks to queue
[2024-06-14T08:22:26.700+0000] {logging_mixin.py:188} INFO - [2024-06-14T08:22:26.699+0000] {dagbag.py:545} INFO - Filling up the DagBag from /home/airflow/.local/lib/python3.12/site-packages/airflow/example_dags/example_sla_dag.py
[2024-06-14T08:22:26.705+0000] {processor.py:840} INFO - DAG(s) 'example_sla_dag' retrieved from /home/airflow/.local/lib/python3.12/site-packages/airflow/example_dags/example_sla_dag.py
[2024-06-14T08:22:26.721+0000] {logging_mixin.py:188} INFO - [2024-06-14T08:22:26.720+0000] {dag.py:3096} INFO - Sync 1 DAGs
[2024-06-14T08:22:26.738+0000] {logging_mixin.py:188} INFO - [2024-06-14T08:22:26.738+0000] {dag.py:3954} INFO - Setting next_dagrun for example_sla_dag to 2024-06-14 08:20:00+00:00, run_after=2024-06-14 08:22:00+00:00
[2024-06-14T08:22:26.755+0000] {processor.py:183} INFO - Processing /home/airflow/.local/lib/python3.12/site-packages/airflow/example_dags/example_sla_dag.py took 0.062 seconds
[2024-06-14T08:22:56.884+0000] {processor.py:161} INFO - Started process (PID=562) to work on /home/airflow/.local/lib/python3.12/site-packages/airflow/example_dags/example_sla_dag.py
[2024-06-14T08:22:56.886+0000] {processor.py:830} INFO - Processing file /home/airflow/.local/lib/python3.12/site-packages/airflow/example_dags/example_sla_dag.py for tasks to queue
[2024-06-14T08:22:56.887+0000] {logging_mixin.py:188} INFO - [2024-06-14T08:22:56.887+0000] {dagbag.py:545} INFO - Filling up the DagBag from /home/airflow/.local/lib/python3.12/site-packages/airflow/example_dags/example_sla_dag.py
[2024-06-14T08:22:56.893+0000] {processor.py:840} INFO - DAG(s) 'example_sla_dag' retrieved from /home/airflow/.local/lib/python3.12/site-packages/airflow/example_dags/example_sla_dag.py
[2024-06-14T08:22:56.913+0000] {logging_mixin.py:188} INFO - [2024-06-14T08:22:56.913+0000] {dag.py:3096} INFO - Sync 1 DAGs
[2024-06-14T08:22:56.934+0000] {logging_mixin.py:188} INFO - [2024-06-14T08:22:56.933+0000] {dag.py:3954} INFO - Setting next_dagrun for example_sla_dag to 2024-06-14 08:20:00+00:00, run_after=2024-06-14 08:22:00+00:00
[2024-06-14T08:22:56.956+0000] {processor.py:183} INFO - Processing /home/airflow/.local/lib/python3.12/site-packages/airflow/example_dags/example_sla_dag.py took 0.076 seconds
[2024-06-14T08:23:27.603+0000] {processor.py:161} INFO - Started process (PID=621) to work on /home/airflow/.local/lib/python3.12/site-packages/airflow/example_dags/example_sla_dag.py
[2024-06-14T08:23:27.604+0000] {processor.py:830} INFO - Processing file /home/airflow/.local/lib/python3.12/site-packages/airflow/example_dags/example_sla_dag.py for tasks to queue
[2024-06-14T08:23:27.606+0000] {logging_mixin.py:188} INFO - [2024-06-14T08:23:27.606+0000] {dagbag.py:545} INFO - Filling up the DagBag from /home/airflow/.local/lib/python3.12/site-packages/airflow/example_dags/example_sla_dag.py
[2024-06-14T08:23:27.615+0000] {processor.py:840} INFO - DAG(s) 'example_sla_dag' retrieved from /home/airflow/.local/lib/python3.12/site-packages/airflow/example_dags/example_sla_dag.py
[2024-06-14T08:23:27.638+0000] {logging_mixin.py:188} INFO - [2024-06-14T08:23:27.638+0000] {dag.py:3096} INFO - Sync 1 DAGs
[2024-06-14T08:23:27.661+0000] {logging_mixin.py:188} INFO - [2024-06-14T08:23:27.661+0000] {dag.py:3954} INFO - Setting next_dagrun for example_sla_dag to 2024-06-14 08:20:00+00:00, run_after=2024-06-14 08:22:00+00:00
[2024-06-14T08:23:27.686+0000] {processor.py:183} INFO - Processing /home/airflow/.local/lib/python3.12/site-packages/airflow/example_dags/example_sla_dag.py took 0.091 seconds
[2024-06-14T08:23:57.993+0000] {processor.py:161} INFO - Started process (PID=680) to work on /home/airflow/.local/lib/python3.12/site-packages/airflow/example_dags/example_sla_dag.py
[2024-06-14T08:23:57.994+0000] {processor.py:830} INFO - Processing file /home/airflow/.local/lib/python3.12/site-packages/airflow/example_dags/example_sla_dag.py for tasks to queue
[2024-06-14T08:23:57.995+0000] {logging_mixin.py:188} INFO - [2024-06-14T08:23:57.995+0000] {dagbag.py:545} INFO - Filling up the DagBag from /home/airflow/.local/lib/python3.12/site-packages/airflow/example_dags/example_sla_dag.py
[2024-06-14T08:23:58.005+0000] {processor.py:840} INFO - DAG(s) 'example_sla_dag' retrieved from /home/airflow/.local/lib/python3.12/site-packages/airflow/example_dags/example_sla_dag.py
[2024-06-14T08:23:58.024+0000] {logging_mixin.py:188} INFO - [2024-06-14T08:23:58.024+0000] {dag.py:3096} INFO - Sync 1 DAGs
[2024-06-14T08:23:58.044+0000] {logging_mixin.py:188} INFO - [2024-06-14T08:23:58.044+0000] {dag.py:3954} INFO - Setting next_dagrun for example_sla_dag to 2024-06-14 08:20:00+00:00, run_after=2024-06-14 08:22:00+00:00
[2024-06-14T08:23:58.063+0000] {processor.py:183} INFO - Processing /home/airflow/.local/lib/python3.12/site-packages/airflow/example_dags/example_sla_dag.py took 0.075 seconds
[2024-06-14T08:24:28.575+0000] {processor.py:161} INFO - Started process (PID=739) to work on /home/airflow/.local/lib/python3.12/site-packages/airflow/example_dags/example_sla_dag.py
[2024-06-14T08:24:28.576+0000] {processor.py:830} INFO - Processing file /home/airflow/.local/lib/python3.12/site-packages/airflow/example_dags/example_sla_dag.py for tasks to queue
[2024-06-14T08:24:28.578+0000] {logging_mixin.py:188} INFO - [2024-06-14T08:24:28.578+0000] {dagbag.py:545} INFO - Filling up the DagBag from /home/airflow/.local/lib/python3.12/site-packages/airflow/example_dags/example_sla_dag.py
[2024-06-14T08:24:28.585+0000] {processor.py:840} INFO - DAG(s) 'example_sla_dag' retrieved from /home/airflow/.local/lib/python3.12/site-packages/airflow/example_dags/example_sla_dag.py
[2024-06-14T08:24:28.602+0000] {logging_mixin.py:188} INFO - [2024-06-14T08:24:28.602+0000] {dag.py:3096} INFO - Sync 1 DAGs
[2024-06-14T08:24:28.622+0000] {logging_mixin.py:188} INFO - [2024-06-14T08:24:28.622+0000] {dag.py:3954} INFO - Setting next_dagrun for example_sla_dag to 2024-06-14 08:22:00+00:00, run_after=2024-06-14 08:24:00+00:00
[2024-06-14T08:24:28.639+0000] {processor.py:183} INFO - Processing /home/airflow/.local/lib/python3.12/site-packages/airflow/example_dags/example_sla_dag.py took 0.069 seconds
