[2024-06-14T08:18:26.628+0000] {processor.py:161} INFO - Started process (PID=61) to work on /home/airflow/.local/lib/python3.12/site-packages/airflow/example_dags/example_external_task_marker_dag.py
[2024-06-14T08:18:26.630+0000] {processor.py:830} INFO - Processing file /home/airflow/.local/lib/python3.12/site-packages/airflow/example_dags/example_external_task_marker_dag.py for tasks to queue
[2024-06-14T08:18:26.635+0000] {logging_mixin.py:188} INFO - [2024-06-14T08:18:26.635+0000] {dagbag.py:545} INFO - Filling up the DagBag from /home/airflow/.local/lib/python3.12/site-packages/airflow/example_dags/example_external_task_marker_dag.py
[2024-06-14T08:18:26.651+0000] {processor.py:840} INFO - DAG(s) 'example_external_task_marker_child', 'example_external_task_marker_parent' retrieved from /home/airflow/.local/lib/python3.12/site-packages/airflow/example_dags/example_external_task_marker_dag.py
[2024-06-14T08:18:26.677+0000] {logging_mixin.py:188} INFO - [2024-06-14T08:18:26.677+0000] {dag.py:3096} INFO - Sync 2 DAGs
[2024-06-14T08:18:26.702+0000] {logging_mixin.py:188} INFO - [2024-06-14T08:18:26.702+0000] {dag.py:3954} INFO - Setting next_dagrun for example_external_task_marker_child to None, run_after=None
[2024-06-14T08:18:26.709+0000] {logging_mixin.py:188} INFO - [2024-06-14T08:18:26.708+0000] {dag.py:3954} INFO - Setting next_dagrun for example_external_task_marker_parent to None, run_after=None
[2024-06-14T08:18:26.740+0000] {processor.py:183} INFO - Processing /home/airflow/.local/lib/python3.12/site-packages/airflow/example_dags/example_external_task_marker_dag.py took 0.129 seconds
[2024-06-14T08:18:57.575+0000] {processor.py:161} INFO - Started process (PID=119) to work on /home/airflow/.local/lib/python3.12/site-packages/airflow/example_dags/example_external_task_marker_dag.py
[2024-06-14T08:18:57.576+0000] {processor.py:830} INFO - Processing file /home/airflow/.local/lib/python3.12/site-packages/airflow/example_dags/example_external_task_marker_dag.py for tasks to queue
[2024-06-14T08:18:57.578+0000] {logging_mixin.py:188} INFO - [2024-06-14T08:18:57.578+0000] {dagbag.py:545} INFO - Filling up the DagBag from /home/airflow/.local/lib/python3.12/site-packages/airflow/example_dags/example_external_task_marker_dag.py
[2024-06-14T08:18:57.583+0000] {processor.py:840} INFO - DAG(s) 'example_external_task_marker_child', 'example_external_task_marker_parent' retrieved from /home/airflow/.local/lib/python3.12/site-packages/airflow/example_dags/example_external_task_marker_dag.py
[2024-06-14T08:18:57.677+0000] {logging_mixin.py:188} INFO - [2024-06-14T08:18:57.677+0000] {dag.py:3096} INFO - Sync 2 DAGs
[2024-06-14T08:18:57.686+0000] {logging_mixin.py:188} INFO - [2024-06-14T08:18:57.686+0000] {dag.py:3954} INFO - Setting next_dagrun for example_external_task_marker_child to None, run_after=None
[2024-06-14T08:18:57.689+0000] {logging_mixin.py:188} INFO - [2024-06-14T08:18:57.689+0000] {dag.py:3954} INFO - Setting next_dagrun for example_external_task_marker_parent to None, run_after=None
[2024-06-14T08:18:57.704+0000] {processor.py:183} INFO - Processing /home/airflow/.local/lib/python3.12/site-packages/airflow/example_dags/example_external_task_marker_dag.py took 0.134 seconds
[2024-06-14T08:19:27.925+0000] {processor.py:161} INFO - Started process (PID=177) to work on /home/airflow/.local/lib/python3.12/site-packages/airflow/example_dags/example_external_task_marker_dag.py
[2024-06-14T08:19:27.977+0000] {processor.py:830} INFO - Processing file /home/airflow/.local/lib/python3.12/site-packages/airflow/example_dags/example_external_task_marker_dag.py for tasks to queue
[2024-06-14T08:19:27.979+0000] {logging_mixin.py:188} INFO - [2024-06-14T08:19:27.978+0000] {dagbag.py:545} INFO - Filling up the DagBag from /home/airflow/.local/lib/python3.12/site-packages/airflow/example_dags/example_external_task_marker_dag.py
[2024-06-14T08:19:27.983+0000] {processor.py:840} INFO - DAG(s) 'example_external_task_marker_parent', 'example_external_task_marker_child' retrieved from /home/airflow/.local/lib/python3.12/site-packages/airflow/example_dags/example_external_task_marker_dag.py
[2024-06-14T08:19:28.001+0000] {logging_mixin.py:188} INFO - [2024-06-14T08:19:28.001+0000] {dag.py:3096} INFO - Sync 2 DAGs
[2024-06-14T08:19:28.011+0000] {logging_mixin.py:188} INFO - [2024-06-14T08:19:28.010+0000] {dag.py:3954} INFO - Setting next_dagrun for example_external_task_marker_child to None, run_after=None
[2024-06-14T08:19:28.013+0000] {logging_mixin.py:188} INFO - [2024-06-14T08:19:28.013+0000] {dag.py:3954} INFO - Setting next_dagrun for example_external_task_marker_parent to None, run_after=None
[2024-06-14T08:19:28.029+0000] {processor.py:183} INFO - Processing /home/airflow/.local/lib/python3.12/site-packages/airflow/example_dags/example_external_task_marker_dag.py took 0.107 seconds
[2024-06-14T08:19:58.329+0000] {processor.py:161} INFO - Started process (PID=235) to work on /home/airflow/.local/lib/python3.12/site-packages/airflow/example_dags/example_external_task_marker_dag.py
[2024-06-14T08:19:58.330+0000] {processor.py:830} INFO - Processing file /home/airflow/.local/lib/python3.12/site-packages/airflow/example_dags/example_external_task_marker_dag.py for tasks to queue
[2024-06-14T08:19:58.331+0000] {logging_mixin.py:188} INFO - [2024-06-14T08:19:58.331+0000] {dagbag.py:545} INFO - Filling up the DagBag from /home/airflow/.local/lib/python3.12/site-packages/airflow/example_dags/example_external_task_marker_dag.py
[2024-06-14T08:19:58.335+0000] {processor.py:840} INFO - DAG(s) 'example_external_task_marker_child', 'example_external_task_marker_parent' retrieved from /home/airflow/.local/lib/python3.12/site-packages/airflow/example_dags/example_external_task_marker_dag.py
[2024-06-14T08:19:58.354+0000] {logging_mixin.py:188} INFO - [2024-06-14T08:19:58.354+0000] {dag.py:3096} INFO - Sync 2 DAGs
[2024-06-14T08:19:58.364+0000] {logging_mixin.py:188} INFO - [2024-06-14T08:19:58.363+0000] {dag.py:3954} INFO - Setting next_dagrun for example_external_task_marker_child to None, run_after=None
[2024-06-14T08:19:58.366+0000] {logging_mixin.py:188} INFO - [2024-06-14T08:19:58.366+0000] {dag.py:3954} INFO - Setting next_dagrun for example_external_task_marker_parent to None, run_after=None
[2024-06-14T08:19:58.379+0000] {processor.py:183} INFO - Processing /home/airflow/.local/lib/python3.12/site-packages/airflow/example_dags/example_external_task_marker_dag.py took 0.054 seconds
[2024-06-14T08:20:28.558+0000] {processor.py:161} INFO - Started process (PID=293) to work on /home/airflow/.local/lib/python3.12/site-packages/airflow/example_dags/example_external_task_marker_dag.py
[2024-06-14T08:20:28.559+0000] {processor.py:830} INFO - Processing file /home/airflow/.local/lib/python3.12/site-packages/airflow/example_dags/example_external_task_marker_dag.py for tasks to queue
[2024-06-14T08:20:28.561+0000] {logging_mixin.py:188} INFO - [2024-06-14T08:20:28.560+0000] {dagbag.py:545} INFO - Filling up the DagBag from /home/airflow/.local/lib/python3.12/site-packages/airflow/example_dags/example_external_task_marker_dag.py
[2024-06-14T08:20:28.564+0000] {processor.py:840} INFO - DAG(s) 'example_external_task_marker_parent', 'example_external_task_marker_child' retrieved from /home/airflow/.local/lib/python3.12/site-packages/airflow/example_dags/example_external_task_marker_dag.py
[2024-06-14T08:20:28.582+0000] {logging_mixin.py:188} INFO - [2024-06-14T08:20:28.582+0000] {dag.py:3096} INFO - Sync 2 DAGs
[2024-06-14T08:20:28.591+0000] {logging_mixin.py:188} INFO - [2024-06-14T08:20:28.590+0000] {dag.py:3954} INFO - Setting next_dagrun for example_external_task_marker_child to None, run_after=None
[2024-06-14T08:20:28.593+0000] {logging_mixin.py:188} INFO - [2024-06-14T08:20:28.593+0000] {dag.py:3954} INFO - Setting next_dagrun for example_external_task_marker_parent to None, run_after=None
[2024-06-14T08:20:28.608+0000] {processor.py:183} INFO - Processing /home/airflow/.local/lib/python3.12/site-packages/airflow/example_dags/example_external_task_marker_dag.py took 0.053 seconds
[2024-06-14T08:20:58.774+0000] {processor.py:161} INFO - Started process (PID=350) to work on /home/airflow/.local/lib/python3.12/site-packages/airflow/example_dags/example_external_task_marker_dag.py
[2024-06-14T08:20:58.775+0000] {processor.py:830} INFO - Processing file /home/airflow/.local/lib/python3.12/site-packages/airflow/example_dags/example_external_task_marker_dag.py for tasks to queue
[2024-06-14T08:20:58.776+0000] {logging_mixin.py:188} INFO - [2024-06-14T08:20:58.776+0000] {dagbag.py:545} INFO - Filling up the DagBag from /home/airflow/.local/lib/python3.12/site-packages/airflow/example_dags/example_external_task_marker_dag.py
[2024-06-14T08:20:58.781+0000] {processor.py:840} INFO - DAG(s) 'example_external_task_marker_parent', 'example_external_task_marker_child' retrieved from /home/airflow/.local/lib/python3.12/site-packages/airflow/example_dags/example_external_task_marker_dag.py
[2024-06-14T08:20:58.802+0000] {logging_mixin.py:188} INFO - [2024-06-14T08:20:58.802+0000] {dag.py:3096} INFO - Sync 2 DAGs
[2024-06-14T08:20:58.813+0000] {logging_mixin.py:188} INFO - [2024-06-14T08:20:58.813+0000] {dag.py:3954} INFO - Setting next_dagrun for example_external_task_marker_child to None, run_after=None
[2024-06-14T08:20:58.816+0000] {logging_mixin.py:188} INFO - [2024-06-14T08:20:58.816+0000] {dag.py:3954} INFO - Setting next_dagrun for example_external_task_marker_parent to None, run_after=None
[2024-06-14T08:20:58.835+0000] {processor.py:183} INFO - Processing /home/airflow/.local/lib/python3.12/site-packages/airflow/example_dags/example_external_task_marker_dag.py took 0.066 seconds
[2024-06-14T08:21:29.185+0000] {processor.py:161} INFO - Started process (PID=409) to work on /home/airflow/.local/lib/python3.12/site-packages/airflow/example_dags/example_external_task_marker_dag.py
[2024-06-14T08:21:29.188+0000] {processor.py:830} INFO - Processing file /home/airflow/.local/lib/python3.12/site-packages/airflow/example_dags/example_external_task_marker_dag.py for tasks to queue
[2024-06-14T08:21:29.190+0000] {logging_mixin.py:188} INFO - [2024-06-14T08:21:29.189+0000] {dagbag.py:545} INFO - Filling up the DagBag from /home/airflow/.local/lib/python3.12/site-packages/airflow/example_dags/example_external_task_marker_dag.py
[2024-06-14T08:21:29.194+0000] {processor.py:840} INFO - DAG(s) 'example_external_task_marker_child', 'example_external_task_marker_parent' retrieved from /home/airflow/.local/lib/python3.12/site-packages/airflow/example_dags/example_external_task_marker_dag.py
[2024-06-14T08:21:29.214+0000] {logging_mixin.py:188} INFO - [2024-06-14T08:21:29.214+0000] {dag.py:3096} INFO - Sync 2 DAGs
[2024-06-14T08:21:29.224+0000] {logging_mixin.py:188} INFO - [2024-06-14T08:21:29.224+0000] {dag.py:3954} INFO - Setting next_dagrun for example_external_task_marker_child to None, run_after=None
[2024-06-14T08:21:29.227+0000] {logging_mixin.py:188} INFO - [2024-06-14T08:21:29.227+0000] {dag.py:3954} INFO - Setting next_dagrun for example_external_task_marker_parent to None, run_after=None
[2024-06-14T08:21:29.242+0000] {processor.py:183} INFO - Processing /home/airflow/.local/lib/python3.12/site-packages/airflow/example_dags/example_external_task_marker_dag.py took 0.064 seconds
[2024-06-14T08:21:59.377+0000] {processor.py:161} INFO - Started process (PID=466) to work on /home/airflow/.local/lib/python3.12/site-packages/airflow/example_dags/example_external_task_marker_dag.py
[2024-06-14T08:21:59.378+0000] {processor.py:830} INFO - Processing file /home/airflow/.local/lib/python3.12/site-packages/airflow/example_dags/example_external_task_marker_dag.py for tasks to queue
[2024-06-14T08:21:59.379+0000] {logging_mixin.py:188} INFO - [2024-06-14T08:21:59.379+0000] {dagbag.py:545} INFO - Filling up the DagBag from /home/airflow/.local/lib/python3.12/site-packages/airflow/example_dags/example_external_task_marker_dag.py
[2024-06-14T08:21:59.383+0000] {processor.py:840} INFO - DAG(s) 'example_external_task_marker_child', 'example_external_task_marker_parent' retrieved from /home/airflow/.local/lib/python3.12/site-packages/airflow/example_dags/example_external_task_marker_dag.py
[2024-06-14T08:21:59.401+0000] {logging_mixin.py:188} INFO - [2024-06-14T08:21:59.401+0000] {dag.py:3096} INFO - Sync 2 DAGs
[2024-06-14T08:21:59.411+0000] {logging_mixin.py:188} INFO - [2024-06-14T08:21:59.411+0000] {dag.py:3954} INFO - Setting next_dagrun for example_external_task_marker_child to None, run_after=None
[2024-06-14T08:21:59.414+0000] {logging_mixin.py:188} INFO - [2024-06-14T08:21:59.414+0000] {dag.py:3954} INFO - Setting next_dagrun for example_external_task_marker_parent to None, run_after=None
[2024-06-14T08:21:59.428+0000] {processor.py:183} INFO - Processing /home/airflow/.local/lib/python3.12/site-packages/airflow/example_dags/example_external_task_marker_dag.py took 0.056 seconds
[2024-06-14T08:22:29.535+0000] {processor.py:161} INFO - Started process (PID=524) to work on /home/airflow/.local/lib/python3.12/site-packages/airflow/example_dags/example_external_task_marker_dag.py
[2024-06-14T08:22:29.536+0000] {processor.py:830} INFO - Processing file /home/airflow/.local/lib/python3.12/site-packages/airflow/example_dags/example_external_task_marker_dag.py for tasks to queue
[2024-06-14T08:22:29.538+0000] {logging_mixin.py:188} INFO - [2024-06-14T08:22:29.537+0000] {dagbag.py:545} INFO - Filling up the DagBag from /home/airflow/.local/lib/python3.12/site-packages/airflow/example_dags/example_external_task_marker_dag.py
[2024-06-14T08:22:29.542+0000] {processor.py:840} INFO - DAG(s) 'example_external_task_marker_parent', 'example_external_task_marker_child' retrieved from /home/airflow/.local/lib/python3.12/site-packages/airflow/example_dags/example_external_task_marker_dag.py
[2024-06-14T08:22:29.562+0000] {logging_mixin.py:188} INFO - [2024-06-14T08:22:29.562+0000] {dag.py:3096} INFO - Sync 2 DAGs
[2024-06-14T08:22:29.572+0000] {logging_mixin.py:188} INFO - [2024-06-14T08:22:29.572+0000] {dag.py:3954} INFO - Setting next_dagrun for example_external_task_marker_child to None, run_after=None
[2024-06-14T08:22:29.575+0000] {logging_mixin.py:188} INFO - [2024-06-14T08:22:29.575+0000] {dag.py:3954} INFO - Setting next_dagrun for example_external_task_marker_parent to None, run_after=None
[2024-06-14T08:22:29.590+0000] {processor.py:183} INFO - Processing /home/airflow/.local/lib/python3.12/site-packages/airflow/example_dags/example_external_task_marker_dag.py took 0.060 seconds
[2024-06-14T08:22:59.855+0000] {processor.py:161} INFO - Started process (PID=582) to work on /home/airflow/.local/lib/python3.12/site-packages/airflow/example_dags/example_external_task_marker_dag.py
[2024-06-14T08:22:59.857+0000] {processor.py:830} INFO - Processing file /home/airflow/.local/lib/python3.12/site-packages/airflow/example_dags/example_external_task_marker_dag.py for tasks to queue
[2024-06-14T08:22:59.858+0000] {logging_mixin.py:188} INFO - [2024-06-14T08:22:59.858+0000] {dagbag.py:545} INFO - Filling up the DagBag from /home/airflow/.local/lib/python3.12/site-packages/airflow/example_dags/example_external_task_marker_dag.py
[2024-06-14T08:22:59.863+0000] {processor.py:840} INFO - DAG(s) 'example_external_task_marker_parent', 'example_external_task_marker_child' retrieved from /home/airflow/.local/lib/python3.12/site-packages/airflow/example_dags/example_external_task_marker_dag.py
[2024-06-14T08:22:59.885+0000] {logging_mixin.py:188} INFO - [2024-06-14T08:22:59.884+0000] {dag.py:3096} INFO - Sync 2 DAGs
[2024-06-14T08:22:59.897+0000] {logging_mixin.py:188} INFO - [2024-06-14T08:22:59.897+0000] {dag.py:3954} INFO - Setting next_dagrun for example_external_task_marker_child to None, run_after=None
[2024-06-14T08:22:59.900+0000] {logging_mixin.py:188} INFO - [2024-06-14T08:22:59.900+0000] {dag.py:3954} INFO - Setting next_dagrun for example_external_task_marker_parent to None, run_after=None
[2024-06-14T08:22:59.920+0000] {processor.py:183} INFO - Processing /home/airflow/.local/lib/python3.12/site-packages/airflow/example_dags/example_external_task_marker_dag.py took 0.071 seconds
[2024-06-14T08:23:30.537+0000] {processor.py:161} INFO - Started process (PID=641) to work on /home/airflow/.local/lib/python3.12/site-packages/airflow/example_dags/example_external_task_marker_dag.py
[2024-06-14T08:23:30.539+0000] {processor.py:830} INFO - Processing file /home/airflow/.local/lib/python3.12/site-packages/airflow/example_dags/example_external_task_marker_dag.py for tasks to queue
[2024-06-14T08:23:30.540+0000] {logging_mixin.py:188} INFO - [2024-06-14T08:23:30.540+0000] {dagbag.py:545} INFO - Filling up the DagBag from /home/airflow/.local/lib/python3.12/site-packages/airflow/example_dags/example_external_task_marker_dag.py
[2024-06-14T08:23:30.545+0000] {processor.py:840} INFO - DAG(s) 'example_external_task_marker_parent', 'example_external_task_marker_child' retrieved from /home/airflow/.local/lib/python3.12/site-packages/airflow/example_dags/example_external_task_marker_dag.py
[2024-06-14T08:23:30.566+0000] {logging_mixin.py:188} INFO - [2024-06-14T08:23:30.566+0000] {dag.py:3096} INFO - Sync 2 DAGs
[2024-06-14T08:23:30.577+0000] {logging_mixin.py:188} INFO - [2024-06-14T08:23:30.577+0000] {dag.py:3954} INFO - Setting next_dagrun for example_external_task_marker_child to None, run_after=None
[2024-06-14T08:23:30.580+0000] {logging_mixin.py:188} INFO - [2024-06-14T08:23:30.580+0000] {dag.py:3954} INFO - Setting next_dagrun for example_external_task_marker_parent to None, run_after=None
[2024-06-14T08:23:30.598+0000] {processor.py:183} INFO - Processing /home/airflow/.local/lib/python3.12/site-packages/airflow/example_dags/example_external_task_marker_dag.py took 0.066 seconds
[2024-06-14T08:24:00.969+0000] {processor.py:161} INFO - Started process (PID=700) to work on /home/airflow/.local/lib/python3.12/site-packages/airflow/example_dags/example_external_task_marker_dag.py
[2024-06-14T08:24:00.971+0000] {processor.py:830} INFO - Processing file /home/airflow/.local/lib/python3.12/site-packages/airflow/example_dags/example_external_task_marker_dag.py for tasks to queue
[2024-06-14T08:24:00.972+0000] {logging_mixin.py:188} INFO - [2024-06-14T08:24:00.972+0000] {dagbag.py:545} INFO - Filling up the DagBag from /home/airflow/.local/lib/python3.12/site-packages/airflow/example_dags/example_external_task_marker_dag.py
[2024-06-14T08:24:00.977+0000] {processor.py:840} INFO - DAG(s) 'example_external_task_marker_child', 'example_external_task_marker_parent' retrieved from /home/airflow/.local/lib/python3.12/site-packages/airflow/example_dags/example_external_task_marker_dag.py
[2024-06-14T08:24:01.005+0000] {logging_mixin.py:188} INFO - [2024-06-14T08:24:01.004+0000] {dag.py:3096} INFO - Sync 2 DAGs
[2024-06-14T08:24:01.017+0000] {logging_mixin.py:188} INFO - [2024-06-14T08:24:01.017+0000] {dag.py:3954} INFO - Setting next_dagrun for example_external_task_marker_child to None, run_after=None
[2024-06-14T08:24:01.021+0000] {logging_mixin.py:188} INFO - [2024-06-14T08:24:01.021+0000] {dag.py:3954} INFO - Setting next_dagrun for example_external_task_marker_parent to None, run_after=None
[2024-06-14T08:24:01.037+0000] {processor.py:183} INFO - Processing /home/airflow/.local/lib/python3.12/site-packages/airflow/example_dags/example_external_task_marker_dag.py took 0.073 seconds
[2024-06-14T08:24:31.434+0000] {processor.py:161} INFO - Started process (PID=759) to work on /home/airflow/.local/lib/python3.12/site-packages/airflow/example_dags/example_external_task_marker_dag.py
[2024-06-14T08:24:31.435+0000] {processor.py:830} INFO - Processing file /home/airflow/.local/lib/python3.12/site-packages/airflow/example_dags/example_external_task_marker_dag.py for tasks to queue
[2024-06-14T08:24:31.437+0000] {logging_mixin.py:188} INFO - [2024-06-14T08:24:31.437+0000] {dagbag.py:545} INFO - Filling up the DagBag from /home/airflow/.local/lib/python3.12/site-packages/airflow/example_dags/example_external_task_marker_dag.py
[2024-06-14T08:24:31.442+0000] {processor.py:840} INFO - DAG(s) 'example_external_task_marker_parent', 'example_external_task_marker_child' retrieved from /home/airflow/.local/lib/python3.12/site-packages/airflow/example_dags/example_external_task_marker_dag.py
[2024-06-14T08:24:31.462+0000] {logging_mixin.py:188} INFO - [2024-06-14T08:24:31.462+0000] {dag.py:3096} INFO - Sync 2 DAGs
[2024-06-14T08:24:31.471+0000] {logging_mixin.py:188} INFO - [2024-06-14T08:24:31.471+0000] {dag.py:3954} INFO - Setting next_dagrun for example_external_task_marker_child to None, run_after=None
[2024-06-14T08:24:31.474+0000] {logging_mixin.py:188} INFO - [2024-06-14T08:24:31.474+0000] {dag.py:3954} INFO - Setting next_dagrun for example_external_task_marker_parent to None, run_after=None
[2024-06-14T08:24:31.489+0000] {processor.py:183} INFO - Processing /home/airflow/.local/lib/python3.12/site-packages/airflow/example_dags/example_external_task_marker_dag.py took 0.060 seconds
