[2024-06-14T08:18:27.621+0000] {processor.py:161} INFO - Started process (PID=73) to work on /home/airflow/.local/lib/python3.12/site-packages/airflow/example_dags/example_task_group.py
[2024-06-14T08:18:27.623+0000] {processor.py:830} INFO - Processing file /home/airflow/.local/lib/python3.12/site-packages/airflow/example_dags/example_task_group.py for tasks to queue
[2024-06-14T08:18:27.628+0000] {logging_mixin.py:188} INFO - [2024-06-14T08:18:27.627+0000] {dagbag.py:545} INFO - Filling up the DagBag from /home/airflow/.local/lib/python3.12/site-packages/airflow/example_dags/example_task_group.py
[2024-06-14T08:18:27.645+0000] {processor.py:840} INFO - DAG(s) 'example_task_group' retrieved from /home/airflow/.local/lib/python3.12/site-packages/airflow/example_dags/example_task_group.py
[2024-06-14T08:18:27.656+0000] {logging_mixin.py:188} INFO - [2024-06-14T08:18:27.656+0000] {dag.py:3096} INFO - Sync 1 DAGs
[2024-06-14T08:18:27.681+0000] {logging_mixin.py:188} INFO - [2024-06-14T08:18:27.680+0000] {dag.py:3954} INFO - Setting next_dagrun for example_task_group to 2024-06-13 00:00:00+00:00, run_after=2024-06-14 00:00:00+00:00
[2024-06-14T08:18:27.714+0000] {processor.py:183} INFO - Processing /home/airflow/.local/lib/python3.12/site-packages/airflow/example_dags/example_task_group.py took 0.110 seconds
[2024-06-14T08:18:58.474+0000] {processor.py:161} INFO - Started process (PID=131) to work on /home/airflow/.local/lib/python3.12/site-packages/airflow/example_dags/example_task_group.py
[2024-06-14T08:18:58.475+0000] {processor.py:830} INFO - Processing file /home/airflow/.local/lib/python3.12/site-packages/airflow/example_dags/example_task_group.py for tasks to queue
[2024-06-14T08:18:58.476+0000] {logging_mixin.py:188} INFO - [2024-06-14T08:18:58.476+0000] {dagbag.py:545} INFO - Filling up the DagBag from /home/airflow/.local/lib/python3.12/site-packages/airflow/example_dags/example_task_group.py
[2024-06-14T08:18:58.482+0000] {processor.py:840} INFO - DAG(s) 'example_task_group' retrieved from /home/airflow/.local/lib/python3.12/site-packages/airflow/example_dags/example_task_group.py
[2024-06-14T08:18:58.564+0000] {logging_mixin.py:188} INFO - [2024-06-14T08:18:58.563+0000] {dag.py:3096} INFO - Sync 1 DAGs
[2024-06-14T08:18:58.578+0000] {logging_mixin.py:188} INFO - [2024-06-14T08:18:58.578+0000] {dag.py:3954} INFO - Setting next_dagrun for example_task_group to 2024-06-13 00:00:00+00:00, run_after=2024-06-14 00:00:00+00:00
[2024-06-14T08:18:58.598+0000] {processor.py:183} INFO - Processing /home/airflow/.local/lib/python3.12/site-packages/airflow/example_dags/example_task_group.py took 0.128 seconds
[2024-06-14T08:19:28.626+0000] {processor.py:161} INFO - Started process (PID=189) to work on /home/airflow/.local/lib/python3.12/site-packages/airflow/example_dags/example_task_group.py
[2024-06-14T08:19:28.627+0000] {processor.py:830} INFO - Processing file /home/airflow/.local/lib/python3.12/site-packages/airflow/example_dags/example_task_group.py for tasks to queue
[2024-06-14T08:19:28.628+0000] {logging_mixin.py:188} INFO - [2024-06-14T08:19:28.628+0000] {dagbag.py:545} INFO - Filling up the DagBag from /home/airflow/.local/lib/python3.12/site-packages/airflow/example_dags/example_task_group.py
[2024-06-14T08:19:28.633+0000] {processor.py:840} INFO - DAG(s) 'example_task_group' retrieved from /home/airflow/.local/lib/python3.12/site-packages/airflow/example_dags/example_task_group.py
[2024-06-14T08:19:28.648+0000] {logging_mixin.py:188} INFO - [2024-06-14T08:19:28.648+0000] {dag.py:3096} INFO - Sync 1 DAGs
[2024-06-14T08:19:28.663+0000] {logging_mixin.py:188} INFO - [2024-06-14T08:19:28.663+0000] {dag.py:3954} INFO - Setting next_dagrun for example_task_group to 2024-06-13 00:00:00+00:00, run_after=2024-06-14 00:00:00+00:00
[2024-06-14T08:19:28.679+0000] {processor.py:183} INFO - Processing /home/airflow/.local/lib/python3.12/site-packages/airflow/example_dags/example_task_group.py took 0.057 seconds
[2024-06-14T08:19:58.860+0000] {processor.py:161} INFO - Started process (PID=247) to work on /home/airflow/.local/lib/python3.12/site-packages/airflow/example_dags/example_task_group.py
[2024-06-14T08:19:58.861+0000] {processor.py:830} INFO - Processing file /home/airflow/.local/lib/python3.12/site-packages/airflow/example_dags/example_task_group.py for tasks to queue
[2024-06-14T08:19:58.863+0000] {logging_mixin.py:188} INFO - [2024-06-14T08:19:58.863+0000] {dagbag.py:545} INFO - Filling up the DagBag from /home/airflow/.local/lib/python3.12/site-packages/airflow/example_dags/example_task_group.py
[2024-06-14T08:19:58.868+0000] {processor.py:840} INFO - DAG(s) 'example_task_group' retrieved from /home/airflow/.local/lib/python3.12/site-packages/airflow/example_dags/example_task_group.py
[2024-06-14T08:19:58.886+0000] {logging_mixin.py:188} INFO - [2024-06-14T08:19:58.885+0000] {dag.py:3096} INFO - Sync 1 DAGs
[2024-06-14T08:19:58.903+0000] {logging_mixin.py:188} INFO - [2024-06-14T08:19:58.903+0000] {dag.py:3954} INFO - Setting next_dagrun for example_task_group to 2024-06-13 00:00:00+00:00, run_after=2024-06-14 00:00:00+00:00
[2024-06-14T08:19:58.920+0000] {processor.py:183} INFO - Processing /home/airflow/.local/lib/python3.12/site-packages/airflow/example_dags/example_task_group.py took 0.064 seconds
[2024-06-14T08:20:29.062+0000] {processor.py:161} INFO - Started process (PID=305) to work on /home/airflow/.local/lib/python3.12/site-packages/airflow/example_dags/example_task_group.py
[2024-06-14T08:20:29.063+0000] {processor.py:830} INFO - Processing file /home/airflow/.local/lib/python3.12/site-packages/airflow/example_dags/example_task_group.py for tasks to queue
[2024-06-14T08:20:29.064+0000] {logging_mixin.py:188} INFO - [2024-06-14T08:20:29.064+0000] {dagbag.py:545} INFO - Filling up the DagBag from /home/airflow/.local/lib/python3.12/site-packages/airflow/example_dags/example_task_group.py
[2024-06-14T08:20:29.069+0000] {processor.py:840} INFO - DAG(s) 'example_task_group' retrieved from /home/airflow/.local/lib/python3.12/site-packages/airflow/example_dags/example_task_group.py
[2024-06-14T08:20:29.087+0000] {logging_mixin.py:188} INFO - [2024-06-14T08:20:29.087+0000] {dag.py:3096} INFO - Sync 1 DAGs
[2024-06-14T08:20:29.104+0000] {logging_mixin.py:188} INFO - [2024-06-14T08:20:29.104+0000] {dag.py:3954} INFO - Setting next_dagrun for example_task_group to 2024-06-13 00:00:00+00:00, run_after=2024-06-14 00:00:00+00:00
[2024-06-14T08:20:29.119+0000] {processor.py:183} INFO - Processing /home/airflow/.local/lib/python3.12/site-packages/airflow/example_dags/example_task_group.py took 0.062 seconds
[2024-06-14T08:20:59.382+0000] {processor.py:161} INFO - Started process (PID=363) to work on /home/airflow/.local/lib/python3.12/site-packages/airflow/example_dags/example_task_group.py
[2024-06-14T08:20:59.384+0000] {processor.py:830} INFO - Processing file /home/airflow/.local/lib/python3.12/site-packages/airflow/example_dags/example_task_group.py for tasks to queue
[2024-06-14T08:20:59.385+0000] {logging_mixin.py:188} INFO - [2024-06-14T08:20:59.385+0000] {dagbag.py:545} INFO - Filling up the DagBag from /home/airflow/.local/lib/python3.12/site-packages/airflow/example_dags/example_task_group.py
[2024-06-14T08:20:59.391+0000] {processor.py:840} INFO - DAG(s) 'example_task_group' retrieved from /home/airflow/.local/lib/python3.12/site-packages/airflow/example_dags/example_task_group.py
[2024-06-14T08:20:59.408+0000] {logging_mixin.py:188} INFO - [2024-06-14T08:20:59.408+0000] {dag.py:3096} INFO - Sync 1 DAGs
[2024-06-14T08:20:59.424+0000] {logging_mixin.py:188} INFO - [2024-06-14T08:20:59.424+0000] {dag.py:3954} INFO - Setting next_dagrun for example_task_group to 2024-06-13 00:00:00+00:00, run_after=2024-06-14 00:00:00+00:00
[2024-06-14T08:20:59.442+0000] {processor.py:183} INFO - Processing /home/airflow/.local/lib/python3.12/site-packages/airflow/example_dags/example_task_group.py took 0.064 seconds
[2024-06-14T08:21:29.767+0000] {processor.py:161} INFO - Started process (PID=421) to work on /home/airflow/.local/lib/python3.12/site-packages/airflow/example_dags/example_task_group.py
[2024-06-14T08:21:29.769+0000] {processor.py:830} INFO - Processing file /home/airflow/.local/lib/python3.12/site-packages/airflow/example_dags/example_task_group.py for tasks to queue
[2024-06-14T08:21:29.770+0000] {logging_mixin.py:188} INFO - [2024-06-14T08:21:29.770+0000] {dagbag.py:545} INFO - Filling up the DagBag from /home/airflow/.local/lib/python3.12/site-packages/airflow/example_dags/example_task_group.py
[2024-06-14T08:21:29.775+0000] {processor.py:840} INFO - DAG(s) 'example_task_group' retrieved from /home/airflow/.local/lib/python3.12/site-packages/airflow/example_dags/example_task_group.py
[2024-06-14T08:21:29.791+0000] {logging_mixin.py:188} INFO - [2024-06-14T08:21:29.791+0000] {dag.py:3096} INFO - Sync 1 DAGs
[2024-06-14T08:21:29.806+0000] {logging_mixin.py:188} INFO - [2024-06-14T08:21:29.806+0000] {dag.py:3954} INFO - Setting next_dagrun for example_task_group to 2024-06-13 00:00:00+00:00, run_after=2024-06-14 00:00:00+00:00
[2024-06-14T08:21:29.821+0000] {processor.py:183} INFO - Processing /home/airflow/.local/lib/python3.12/site-packages/airflow/example_dags/example_task_group.py took 0.058 seconds
[2024-06-14T08:21:59.959+0000] {processor.py:161} INFO - Started process (PID=479) to work on /home/airflow/.local/lib/python3.12/site-packages/airflow/example_dags/example_task_group.py
[2024-06-14T08:21:59.960+0000] {processor.py:830} INFO - Processing file /home/airflow/.local/lib/python3.12/site-packages/airflow/example_dags/example_task_group.py for tasks to queue
[2024-06-14T08:21:59.962+0000] {logging_mixin.py:188} INFO - [2024-06-14T08:21:59.961+0000] {dagbag.py:545} INFO - Filling up the DagBag from /home/airflow/.local/lib/python3.12/site-packages/airflow/example_dags/example_task_group.py
[2024-06-14T08:21:59.966+0000] {processor.py:840} INFO - DAG(s) 'example_task_group' retrieved from /home/airflow/.local/lib/python3.12/site-packages/airflow/example_dags/example_task_group.py
[2024-06-14T08:21:59.983+0000] {logging_mixin.py:188} INFO - [2024-06-14T08:21:59.983+0000] {dag.py:3096} INFO - Sync 1 DAGs
[2024-06-14T08:21:59.999+0000] {logging_mixin.py:188} INFO - [2024-06-14T08:21:59.999+0000] {dag.py:3954} INFO - Setting next_dagrun for example_task_group to 2024-06-13 00:00:00+00:00, run_after=2024-06-14 00:00:00+00:00
[2024-06-14T08:22:00.019+0000] {processor.py:183} INFO - Processing /home/airflow/.local/lib/python3.12/site-packages/airflow/example_dags/example_task_group.py took 0.064 seconds
[2024-06-14T08:22:30.102+0000] {processor.py:161} INFO - Started process (PID=537) to work on /home/airflow/.local/lib/python3.12/site-packages/airflow/example_dags/example_task_group.py
[2024-06-14T08:22:30.103+0000] {processor.py:830} INFO - Processing file /home/airflow/.local/lib/python3.12/site-packages/airflow/example_dags/example_task_group.py for tasks to queue
[2024-06-14T08:22:30.104+0000] {logging_mixin.py:188} INFO - [2024-06-14T08:22:30.104+0000] {dagbag.py:545} INFO - Filling up the DagBag from /home/airflow/.local/lib/python3.12/site-packages/airflow/example_dags/example_task_group.py
[2024-06-14T08:22:30.109+0000] {processor.py:840} INFO - DAG(s) 'example_task_group' retrieved from /home/airflow/.local/lib/python3.12/site-packages/airflow/example_dags/example_task_group.py
[2024-06-14T08:22:30.125+0000] {logging_mixin.py:188} INFO - [2024-06-14T08:22:30.125+0000] {dag.py:3096} INFO - Sync 1 DAGs
[2024-06-14T08:22:30.138+0000] {logging_mixin.py:188} INFO - [2024-06-14T08:22:30.138+0000] {dag.py:3954} INFO - Setting next_dagrun for example_task_group to 2024-06-13 00:00:00+00:00, run_after=2024-06-14 00:00:00+00:00
[2024-06-14T08:22:30.153+0000] {processor.py:183} INFO - Processing /home/airflow/.local/lib/python3.12/site-packages/airflow/example_dags/example_task_group.py took 0.055 seconds
[2024-06-14T08:23:00.487+0000] {processor.py:161} INFO - Started process (PID=595) to work on /home/airflow/.local/lib/python3.12/site-packages/airflow/example_dags/example_task_group.py
[2024-06-14T08:23:00.488+0000] {processor.py:830} INFO - Processing file /home/airflow/.local/lib/python3.12/site-packages/airflow/example_dags/example_task_group.py for tasks to queue
[2024-06-14T08:23:00.490+0000] {logging_mixin.py:188} INFO - [2024-06-14T08:23:00.489+0000] {dagbag.py:545} INFO - Filling up the DagBag from /home/airflow/.local/lib/python3.12/site-packages/airflow/example_dags/example_task_group.py
[2024-06-14T08:23:00.495+0000] {processor.py:840} INFO - DAG(s) 'example_task_group' retrieved from /home/airflow/.local/lib/python3.12/site-packages/airflow/example_dags/example_task_group.py
[2024-06-14T08:23:00.513+0000] {logging_mixin.py:188} INFO - [2024-06-14T08:23:00.513+0000] {dag.py:3096} INFO - Sync 1 DAGs
[2024-06-14T08:23:00.535+0000] {logging_mixin.py:188} INFO - [2024-06-14T08:23:00.535+0000] {dag.py:3954} INFO - Setting next_dagrun for example_task_group to 2024-06-13 00:00:00+00:00, run_after=2024-06-14 00:00:00+00:00
[2024-06-14T08:23:00.553+0000] {processor.py:183} INFO - Processing /home/airflow/.local/lib/python3.12/site-packages/airflow/example_dags/example_task_group.py took 0.071 seconds
[2024-06-14T08:23:31.241+0000] {processor.py:161} INFO - Started process (PID=654) to work on /home/airflow/.local/lib/python3.12/site-packages/airflow/example_dags/example_task_group.py
[2024-06-14T08:23:31.242+0000] {processor.py:830} INFO - Processing file /home/airflow/.local/lib/python3.12/site-packages/airflow/example_dags/example_task_group.py for tasks to queue
[2024-06-14T08:23:31.243+0000] {logging_mixin.py:188} INFO - [2024-06-14T08:23:31.243+0000] {dagbag.py:545} INFO - Filling up the DagBag from /home/airflow/.local/lib/python3.12/site-packages/airflow/example_dags/example_task_group.py
[2024-06-14T08:23:31.248+0000] {processor.py:840} INFO - DAG(s) 'example_task_group' retrieved from /home/airflow/.local/lib/python3.12/site-packages/airflow/example_dags/example_task_group.py
[2024-06-14T08:23:31.266+0000] {logging_mixin.py:188} INFO - [2024-06-14T08:23:31.265+0000] {dag.py:3096} INFO - Sync 1 DAGs
[2024-06-14T08:23:31.283+0000] {logging_mixin.py:188} INFO - [2024-06-14T08:23:31.282+0000] {dag.py:3954} INFO - Setting next_dagrun for example_task_group to 2024-06-13 00:00:00+00:00, run_after=2024-06-14 00:00:00+00:00
[2024-06-14T08:23:31.301+0000] {processor.py:183} INFO - Processing /home/airflow/.local/lib/python3.12/site-packages/airflow/example_dags/example_task_group.py took 0.065 seconds
[2024-06-14T08:24:01.723+0000] {processor.py:161} INFO - Started process (PID=713) to work on /home/airflow/.local/lib/python3.12/site-packages/airflow/example_dags/example_task_group.py
[2024-06-14T08:24:01.724+0000] {processor.py:830} INFO - Processing file /home/airflow/.local/lib/python3.12/site-packages/airflow/example_dags/example_task_group.py for tasks to queue
[2024-06-14T08:24:01.725+0000] {logging_mixin.py:188} INFO - [2024-06-14T08:24:01.725+0000] {dagbag.py:545} INFO - Filling up the DagBag from /home/airflow/.local/lib/python3.12/site-packages/airflow/example_dags/example_task_group.py
[2024-06-14T08:24:01.731+0000] {processor.py:840} INFO - DAG(s) 'example_task_group' retrieved from /home/airflow/.local/lib/python3.12/site-packages/airflow/example_dags/example_task_group.py
[2024-06-14T08:24:01.750+0000] {logging_mixin.py:188} INFO - [2024-06-14T08:24:01.750+0000] {dag.py:3096} INFO - Sync 1 DAGs
[2024-06-14T08:24:01.768+0000] {logging_mixin.py:188} INFO - [2024-06-14T08:24:01.768+0000] {dag.py:3954} INFO - Setting next_dagrun for example_task_group to 2024-06-13 00:00:00+00:00, run_after=2024-06-14 00:00:00+00:00
[2024-06-14T08:24:01.787+0000] {processor.py:183} INFO - Processing /home/airflow/.local/lib/python3.12/site-packages/airflow/example_dags/example_task_group.py took 0.070 seconds
[2024-06-14T08:24:32.110+0000] {processor.py:161} INFO - Started process (PID=772) to work on /home/airflow/.local/lib/python3.12/site-packages/airflow/example_dags/example_task_group.py
[2024-06-14T08:24:32.111+0000] {processor.py:830} INFO - Processing file /home/airflow/.local/lib/python3.12/site-packages/airflow/example_dags/example_task_group.py for tasks to queue
[2024-06-14T08:24:32.113+0000] {logging_mixin.py:188} INFO - [2024-06-14T08:24:32.112+0000] {dagbag.py:545} INFO - Filling up the DagBag from /home/airflow/.local/lib/python3.12/site-packages/airflow/example_dags/example_task_group.py
[2024-06-14T08:24:32.118+0000] {processor.py:840} INFO - DAG(s) 'example_task_group' retrieved from /home/airflow/.local/lib/python3.12/site-packages/airflow/example_dags/example_task_group.py
[2024-06-14T08:24:32.141+0000] {logging_mixin.py:188} INFO - [2024-06-14T08:24:32.141+0000] {dag.py:3096} INFO - Sync 1 DAGs
[2024-06-14T08:24:32.162+0000] {logging_mixin.py:188} INFO - [2024-06-14T08:24:32.162+0000] {dag.py:3954} INFO - Setting next_dagrun for example_task_group to 2024-06-13 00:00:00+00:00, run_after=2024-06-14 00:00:00+00:00
[2024-06-14T08:24:32.180+0000] {processor.py:183} INFO - Processing /home/airflow/.local/lib/python3.12/site-packages/airflow/example_dags/example_task_group.py took 0.075 seconds
