[2024-06-14T08:18:27.393+0000] {processor.py:161} INFO - Started process (PID=70) to work on /home/airflow/.local/lib/python3.12/site-packages/airflow/example_dags/example_skip_dag.py
[2024-06-14T08:18:27.395+0000] {processor.py:830} INFO - Processing file /home/airflow/.local/lib/python3.12/site-packages/airflow/example_dags/example_skip_dag.py for tasks to queue
[2024-06-14T08:18:27.399+0000] {logging_mixin.py:188} INFO - [2024-06-14T08:18:27.398+0000] {dagbag.py:545} INFO - Filling up the DagBag from /home/airflow/.local/lib/python3.12/site-packages/airflow/example_dags/example_skip_dag.py
[2024-06-14T08:18:27.414+0000] {processor.py:840} INFO - DAG(s) 'example_skip_dag' retrieved from /home/airflow/.local/lib/python3.12/site-packages/airflow/example_dags/example_skip_dag.py
[2024-06-14T08:18:27.440+0000] {logging_mixin.py:188} INFO - [2024-06-14T08:18:27.440+0000] {dag.py:3096} INFO - Sync 1 DAGs
[2024-06-14T08:18:27.465+0000] {logging_mixin.py:188} INFO - [2024-06-14T08:18:27.464+0000] {dag.py:3954} INFO - Setting next_dagrun for example_skip_dag to 2024-06-13 00:00:00+00:00, run_after=2024-06-14 00:00:00+00:00
[2024-06-14T08:18:27.494+0000] {processor.py:183} INFO - Processing /home/airflow/.local/lib/python3.12/site-packages/airflow/example_dags/example_skip_dag.py took 0.110 seconds
[2024-06-14T08:18:58.275+0000] {processor.py:161} INFO - Started process (PID=128) to work on /home/airflow/.local/lib/python3.12/site-packages/airflow/example_dags/example_skip_dag.py
[2024-06-14T08:18:58.276+0000] {processor.py:830} INFO - Processing file /home/airflow/.local/lib/python3.12/site-packages/airflow/example_dags/example_skip_dag.py for tasks to queue
[2024-06-14T08:18:58.277+0000] {logging_mixin.py:188} INFO - [2024-06-14T08:18:58.277+0000] {dagbag.py:545} INFO - Filling up the DagBag from /home/airflow/.local/lib/python3.12/site-packages/airflow/example_dags/example_skip_dag.py
[2024-06-14T08:18:58.282+0000] {processor.py:840} INFO - DAG(s) 'example_skip_dag' retrieved from /home/airflow/.local/lib/python3.12/site-packages/airflow/example_dags/example_skip_dag.py
[2024-06-14T08:18:58.363+0000] {logging_mixin.py:188} INFO - [2024-06-14T08:18:58.363+0000] {dag.py:3096} INFO - Sync 1 DAGs
[2024-06-14T08:18:58.378+0000] {logging_mixin.py:188} INFO - [2024-06-14T08:18:58.378+0000] {dag.py:3954} INFO - Setting next_dagrun for example_skip_dag to 2024-06-13 00:00:00+00:00, run_after=2024-06-14 00:00:00+00:00
[2024-06-14T08:18:58.395+0000] {processor.py:183} INFO - Processing /home/airflow/.local/lib/python3.12/site-packages/airflow/example_dags/example_skip_dag.py took 0.125 seconds
[2024-06-14T08:19:28.413+0000] {processor.py:161} INFO - Started process (PID=186) to work on /home/airflow/.local/lib/python3.12/site-packages/airflow/example_dags/example_skip_dag.py
[2024-06-14T08:19:28.414+0000] {processor.py:830} INFO - Processing file /home/airflow/.local/lib/python3.12/site-packages/airflow/example_dags/example_skip_dag.py for tasks to queue
[2024-06-14T08:19:28.415+0000] {logging_mixin.py:188} INFO - [2024-06-14T08:19:28.415+0000] {dagbag.py:545} INFO - Filling up the DagBag from /home/airflow/.local/lib/python3.12/site-packages/airflow/example_dags/example_skip_dag.py
[2024-06-14T08:19:28.419+0000] {processor.py:840} INFO - DAG(s) 'example_skip_dag' retrieved from /home/airflow/.local/lib/python3.12/site-packages/airflow/example_dags/example_skip_dag.py
[2024-06-14T08:19:28.437+0000] {logging_mixin.py:188} INFO - [2024-06-14T08:19:28.437+0000] {dag.py:3096} INFO - Sync 1 DAGs
[2024-06-14T08:19:28.451+0000] {logging_mixin.py:188} INFO - [2024-06-14T08:19:28.451+0000] {dag.py:3954} INFO - Setting next_dagrun for example_skip_dag to 2024-06-13 00:00:00+00:00, run_after=2024-06-14 00:00:00+00:00
[2024-06-14T08:19:28.467+0000] {processor.py:183} INFO - Processing /home/airflow/.local/lib/python3.12/site-packages/airflow/example_dags/example_skip_dag.py took 0.059 seconds
[2024-06-14T08:19:58.715+0000] {processor.py:161} INFO - Started process (PID=244) to work on /home/airflow/.local/lib/python3.12/site-packages/airflow/example_dags/example_skip_dag.py
[2024-06-14T08:19:58.716+0000] {processor.py:830} INFO - Processing file /home/airflow/.local/lib/python3.12/site-packages/airflow/example_dags/example_skip_dag.py for tasks to queue
[2024-06-14T08:19:58.717+0000] {logging_mixin.py:188} INFO - [2024-06-14T08:19:58.717+0000] {dagbag.py:545} INFO - Filling up the DagBag from /home/airflow/.local/lib/python3.12/site-packages/airflow/example_dags/example_skip_dag.py
[2024-06-14T08:19:58.722+0000] {processor.py:840} INFO - DAG(s) 'example_skip_dag' retrieved from /home/airflow/.local/lib/python3.12/site-packages/airflow/example_dags/example_skip_dag.py
[2024-06-14T08:19:58.738+0000] {logging_mixin.py:188} INFO - [2024-06-14T08:19:58.738+0000] {dag.py:3096} INFO - Sync 1 DAGs
[2024-06-14T08:19:58.754+0000] {logging_mixin.py:188} INFO - [2024-06-14T08:19:58.754+0000] {dag.py:3954} INFO - Setting next_dagrun for example_skip_dag to 2024-06-13 00:00:00+00:00, run_after=2024-06-14 00:00:00+00:00
[2024-06-14T08:19:58.771+0000] {processor.py:183} INFO - Processing /home/airflow/.local/lib/python3.12/site-packages/airflow/example_dags/example_skip_dag.py took 0.061 seconds
[2024-06-14T08:20:28.945+0000] {processor.py:161} INFO - Started process (PID=302) to work on /home/airflow/.local/lib/python3.12/site-packages/airflow/example_dags/example_skip_dag.py
[2024-06-14T08:20:28.946+0000] {processor.py:830} INFO - Processing file /home/airflow/.local/lib/python3.12/site-packages/airflow/example_dags/example_skip_dag.py for tasks to queue
[2024-06-14T08:20:28.947+0000] {logging_mixin.py:188} INFO - [2024-06-14T08:20:28.947+0000] {dagbag.py:545} INFO - Filling up the DagBag from /home/airflow/.local/lib/python3.12/site-packages/airflow/example_dags/example_skip_dag.py
[2024-06-14T08:20:28.952+0000] {processor.py:840} INFO - DAG(s) 'example_skip_dag' retrieved from /home/airflow/.local/lib/python3.12/site-packages/airflow/example_dags/example_skip_dag.py
[2024-06-14T08:20:28.968+0000] {logging_mixin.py:188} INFO - [2024-06-14T08:20:28.968+0000] {dag.py:3096} INFO - Sync 1 DAGs
[2024-06-14T08:20:28.983+0000] {logging_mixin.py:188} INFO - [2024-06-14T08:20:28.983+0000] {dag.py:3954} INFO - Setting next_dagrun for example_skip_dag to 2024-06-13 00:00:00+00:00, run_after=2024-06-14 00:00:00+00:00
[2024-06-14T08:20:28.999+0000] {processor.py:183} INFO - Processing /home/airflow/.local/lib/python3.12/site-packages/airflow/example_dags/example_skip_dag.py took 0.058 seconds
[2024-06-14T08:20:59.295+0000] {processor.py:161} INFO - Started process (PID=360) to work on /home/airflow/.local/lib/python3.12/site-packages/airflow/example_dags/example_skip_dag.py
[2024-06-14T08:20:59.296+0000] {processor.py:830} INFO - Processing file /home/airflow/.local/lib/python3.12/site-packages/airflow/example_dags/example_skip_dag.py for tasks to queue
[2024-06-14T08:20:59.297+0000] {logging_mixin.py:188} INFO - [2024-06-14T08:20:59.297+0000] {dagbag.py:545} INFO - Filling up the DagBag from /home/airflow/.local/lib/python3.12/site-packages/airflow/example_dags/example_skip_dag.py
[2024-06-14T08:20:59.302+0000] {processor.py:840} INFO - DAG(s) 'example_skip_dag' retrieved from /home/airflow/.local/lib/python3.12/site-packages/airflow/example_dags/example_skip_dag.py
[2024-06-14T08:20:59.319+0000] {logging_mixin.py:188} INFO - [2024-06-14T08:20:59.319+0000] {dag.py:3096} INFO - Sync 1 DAGs
[2024-06-14T08:20:59.334+0000] {logging_mixin.py:188} INFO - [2024-06-14T08:20:59.334+0000] {dag.py:3954} INFO - Setting next_dagrun for example_skip_dag to 2024-06-13 00:00:00+00:00, run_after=2024-06-14 00:00:00+00:00
[2024-06-14T08:20:59.350+0000] {processor.py:183} INFO - Processing /home/airflow/.local/lib/python3.12/site-packages/airflow/example_dags/example_skip_dag.py took 0.059 seconds
[2024-06-14T08:21:29.623+0000] {processor.py:161} INFO - Started process (PID=418) to work on /home/airflow/.local/lib/python3.12/site-packages/airflow/example_dags/example_skip_dag.py
[2024-06-14T08:21:29.624+0000] {processor.py:830} INFO - Processing file /home/airflow/.local/lib/python3.12/site-packages/airflow/example_dags/example_skip_dag.py for tasks to queue
[2024-06-14T08:21:29.625+0000] {logging_mixin.py:188} INFO - [2024-06-14T08:21:29.625+0000] {dagbag.py:545} INFO - Filling up the DagBag from /home/airflow/.local/lib/python3.12/site-packages/airflow/example_dags/example_skip_dag.py
[2024-06-14T08:21:29.630+0000] {processor.py:840} INFO - DAG(s) 'example_skip_dag' retrieved from /home/airflow/.local/lib/python3.12/site-packages/airflow/example_dags/example_skip_dag.py
[2024-06-14T08:21:29.648+0000] {logging_mixin.py:188} INFO - [2024-06-14T08:21:29.647+0000] {dag.py:3096} INFO - Sync 1 DAGs
[2024-06-14T08:21:29.664+0000] {logging_mixin.py:188} INFO - [2024-06-14T08:21:29.663+0000] {dag.py:3954} INFO - Setting next_dagrun for example_skip_dag to 2024-06-13 00:00:00+00:00, run_after=2024-06-14 00:00:00+00:00
[2024-06-14T08:21:29.681+0000] {processor.py:183} INFO - Processing /home/airflow/.local/lib/python3.12/site-packages/airflow/example_dags/example_skip_dag.py took 0.063 seconds
[2024-06-14T08:21:59.870+0000] {processor.py:161} INFO - Started process (PID=476) to work on /home/airflow/.local/lib/python3.12/site-packages/airflow/example_dags/example_skip_dag.py
[2024-06-14T08:21:59.871+0000] {processor.py:830} INFO - Processing file /home/airflow/.local/lib/python3.12/site-packages/airflow/example_dags/example_skip_dag.py for tasks to queue
[2024-06-14T08:21:59.872+0000] {logging_mixin.py:188} INFO - [2024-06-14T08:21:59.872+0000] {dagbag.py:545} INFO - Filling up the DagBag from /home/airflow/.local/lib/python3.12/site-packages/airflow/example_dags/example_skip_dag.py
[2024-06-14T08:21:59.876+0000] {processor.py:840} INFO - DAG(s) 'example_skip_dag' retrieved from /home/airflow/.local/lib/python3.12/site-packages/airflow/example_dags/example_skip_dag.py
[2024-06-14T08:21:59.893+0000] {logging_mixin.py:188} INFO - [2024-06-14T08:21:59.893+0000] {dag.py:3096} INFO - Sync 1 DAGs
[2024-06-14T08:21:59.908+0000] {logging_mixin.py:188} INFO - [2024-06-14T08:21:59.908+0000] {dag.py:3954} INFO - Setting next_dagrun for example_skip_dag to 2024-06-13 00:00:00+00:00, run_after=2024-06-14 00:00:00+00:00
[2024-06-14T08:21:59.924+0000] {processor.py:183} INFO - Processing /home/airflow/.local/lib/python3.12/site-packages/airflow/example_dags/example_skip_dag.py took 0.058 seconds
[2024-06-14T08:22:29.961+0000] {processor.py:161} INFO - Started process (PID=534) to work on /home/airflow/.local/lib/python3.12/site-packages/airflow/example_dags/example_skip_dag.py
[2024-06-14T08:22:29.962+0000] {processor.py:830} INFO - Processing file /home/airflow/.local/lib/python3.12/site-packages/airflow/example_dags/example_skip_dag.py for tasks to queue
[2024-06-14T08:22:29.963+0000] {logging_mixin.py:188} INFO - [2024-06-14T08:22:29.963+0000] {dagbag.py:545} INFO - Filling up the DagBag from /home/airflow/.local/lib/python3.12/site-packages/airflow/example_dags/example_skip_dag.py
[2024-06-14T08:22:29.967+0000] {processor.py:840} INFO - DAG(s) 'example_skip_dag' retrieved from /home/airflow/.local/lib/python3.12/site-packages/airflow/example_dags/example_skip_dag.py
[2024-06-14T08:22:29.983+0000] {logging_mixin.py:188} INFO - [2024-06-14T08:22:29.983+0000] {dag.py:3096} INFO - Sync 1 DAGs
[2024-06-14T08:22:29.998+0000] {logging_mixin.py:188} INFO - [2024-06-14T08:22:29.998+0000] {dag.py:3954} INFO - Setting next_dagrun for example_skip_dag to 2024-06-13 00:00:00+00:00, run_after=2024-06-14 00:00:00+00:00
[2024-06-14T08:22:30.013+0000] {processor.py:183} INFO - Processing /home/airflow/.local/lib/python3.12/site-packages/airflow/example_dags/example_skip_dag.py took 0.056 seconds
[2024-06-14T08:23:00.338+0000] {processor.py:161} INFO - Started process (PID=592) to work on /home/airflow/.local/lib/python3.12/site-packages/airflow/example_dags/example_skip_dag.py
[2024-06-14T08:23:00.339+0000] {processor.py:830} INFO - Processing file /home/airflow/.local/lib/python3.12/site-packages/airflow/example_dags/example_skip_dag.py for tasks to queue
[2024-06-14T08:23:00.340+0000] {logging_mixin.py:188} INFO - [2024-06-14T08:23:00.340+0000] {dagbag.py:545} INFO - Filling up the DagBag from /home/airflow/.local/lib/python3.12/site-packages/airflow/example_dags/example_skip_dag.py
[2024-06-14T08:23:00.345+0000] {processor.py:840} INFO - DAG(s) 'example_skip_dag' retrieved from /home/airflow/.local/lib/python3.12/site-packages/airflow/example_dags/example_skip_dag.py
[2024-06-14T08:23:00.363+0000] {logging_mixin.py:188} INFO - [2024-06-14T08:23:00.362+0000] {dag.py:3096} INFO - Sync 1 DAGs
[2024-06-14T08:23:00.380+0000] {logging_mixin.py:188} INFO - [2024-06-14T08:23:00.379+0000] {dag.py:3954} INFO - Setting next_dagrun for example_skip_dag to 2024-06-13 00:00:00+00:00, run_after=2024-06-14 00:00:00+00:00
[2024-06-14T08:23:00.396+0000] {processor.py:183} INFO - Processing /home/airflow/.local/lib/python3.12/site-packages/airflow/example_dags/example_skip_dag.py took 0.063 seconds
[2024-06-14T08:23:31.108+0000] {processor.py:161} INFO - Started process (PID=651) to work on /home/airflow/.local/lib/python3.12/site-packages/airflow/example_dags/example_skip_dag.py
[2024-06-14T08:23:31.109+0000] {processor.py:830} INFO - Processing file /home/airflow/.local/lib/python3.12/site-packages/airflow/example_dags/example_skip_dag.py for tasks to queue
[2024-06-14T08:23:31.111+0000] {logging_mixin.py:188} INFO - [2024-06-14T08:23:31.111+0000] {dagbag.py:545} INFO - Filling up the DagBag from /home/airflow/.local/lib/python3.12/site-packages/airflow/example_dags/example_skip_dag.py
[2024-06-14T08:23:31.116+0000] {processor.py:840} INFO - DAG(s) 'example_skip_dag' retrieved from /home/airflow/.local/lib/python3.12/site-packages/airflow/example_dags/example_skip_dag.py
[2024-06-14T08:23:31.134+0000] {logging_mixin.py:188} INFO - [2024-06-14T08:23:31.134+0000] {dag.py:3096} INFO - Sync 1 DAGs
[2024-06-14T08:23:31.154+0000] {logging_mixin.py:188} INFO - [2024-06-14T08:23:31.154+0000] {dag.py:3954} INFO - Setting next_dagrun for example_skip_dag to 2024-06-13 00:00:00+00:00, run_after=2024-06-14 00:00:00+00:00
[2024-06-14T08:23:31.180+0000] {processor.py:183} INFO - Processing /home/airflow/.local/lib/python3.12/site-packages/airflow/example_dags/example_skip_dag.py took 0.076 seconds
[2024-06-14T08:24:01.534+0000] {processor.py:161} INFO - Started process (PID=710) to work on /home/airflow/.local/lib/python3.12/site-packages/airflow/example_dags/example_skip_dag.py
[2024-06-14T08:24:01.536+0000] {processor.py:830} INFO - Processing file /home/airflow/.local/lib/python3.12/site-packages/airflow/example_dags/example_skip_dag.py for tasks to queue
[2024-06-14T08:24:01.537+0000] {logging_mixin.py:188} INFO - [2024-06-14T08:24:01.537+0000] {dagbag.py:545} INFO - Filling up the DagBag from /home/airflow/.local/lib/python3.12/site-packages/airflow/example_dags/example_skip_dag.py
[2024-06-14T08:24:01.542+0000] {processor.py:840} INFO - DAG(s) 'example_skip_dag' retrieved from /home/airflow/.local/lib/python3.12/site-packages/airflow/example_dags/example_skip_dag.py
[2024-06-14T08:24:01.563+0000] {logging_mixin.py:188} INFO - [2024-06-14T08:24:01.563+0000] {dag.py:3096} INFO - Sync 1 DAGs
[2024-06-14T08:24:01.584+0000] {logging_mixin.py:188} INFO - [2024-06-14T08:24:01.584+0000] {dag.py:3954} INFO - Setting next_dagrun for example_skip_dag to 2024-06-13 00:00:00+00:00, run_after=2024-06-14 00:00:00+00:00
[2024-06-14T08:24:01.604+0000] {processor.py:183} INFO - Processing /home/airflow/.local/lib/python3.12/site-packages/airflow/example_dags/example_skip_dag.py took 0.075 seconds
[2024-06-14T08:24:31.975+0000] {processor.py:161} INFO - Started process (PID=769) to work on /home/airflow/.local/lib/python3.12/site-packages/airflow/example_dags/example_skip_dag.py
[2024-06-14T08:24:31.976+0000] {processor.py:830} INFO - Processing file /home/airflow/.local/lib/python3.12/site-packages/airflow/example_dags/example_skip_dag.py for tasks to queue
[2024-06-14T08:24:31.978+0000] {logging_mixin.py:188} INFO - [2024-06-14T08:24:31.977+0000] {dagbag.py:545} INFO - Filling up the DagBag from /home/airflow/.local/lib/python3.12/site-packages/airflow/example_dags/example_skip_dag.py
[2024-06-14T08:24:31.982+0000] {processor.py:840} INFO - DAG(s) 'example_skip_dag' retrieved from /home/airflow/.local/lib/python3.12/site-packages/airflow/example_dags/example_skip_dag.py
[2024-06-14T08:24:32.000+0000] {logging_mixin.py:188} INFO - [2024-06-14T08:24:32.000+0000] {dag.py:3096} INFO - Sync 1 DAGs
[2024-06-14T08:24:32.019+0000] {logging_mixin.py:188} INFO - [2024-06-14T08:24:32.018+0000] {dag.py:3954} INFO - Setting next_dagrun for example_skip_dag to 2024-06-13 00:00:00+00:00, run_after=2024-06-14 00:00:00+00:00
[2024-06-14T08:24:32.039+0000] {processor.py:183} INFO - Processing /home/airflow/.local/lib/python3.12/site-packages/airflow/example_dags/example_skip_dag.py took 0.068 seconds
