[2024-06-14T08:18:26.504+0000] {processor.py:161} INFO - Started process (PID=60) to work on /home/airflow/.local/lib/python3.12/site-packages/airflow/example_dags/example_dag_decorator.py
[2024-06-14T08:18:26.506+0000] {processor.py:830} INFO - Processing file /home/airflow/.local/lib/python3.12/site-packages/airflow/example_dags/example_dag_decorator.py for tasks to queue
[2024-06-14T08:18:26.510+0000] {logging_mixin.py:188} INFO - [2024-06-14T08:18:26.510+0000] {dagbag.py:545} INFO - Filling up the DagBag from /home/airflow/.local/lib/python3.12/site-packages/airflow/example_dags/example_dag_decorator.py
[2024-06-14T08:18:26.866+0000] {processor.py:840} INFO - DAG(s) 'example_dag_decorator' retrieved from /home/airflow/.local/lib/python3.12/site-packages/airflow/example_dags/example_dag_decorator.py
[2024-06-14T08:18:26.889+0000] {logging_mixin.py:188} INFO - [2024-06-14T08:18:26.889+0000] {dag.py:3096} INFO - Sync 1 DAGs
[2024-06-14T08:18:26.911+0000] {logging_mixin.py:188} INFO - [2024-06-14T08:18:26.911+0000] {dag.py:3954} INFO - Setting next_dagrun for example_dag_decorator to None, run_after=None
[2024-06-14T08:18:26.934+0000] {processor.py:183} INFO - Processing /home/airflow/.local/lib/python3.12/site-packages/airflow/example_dags/example_dag_decorator.py took 0.445 seconds
[2024-06-14T08:18:57.469+0000] {processor.py:161} INFO - Started process (PID=118) to work on /home/airflow/.local/lib/python3.12/site-packages/airflow/example_dags/example_dag_decorator.py
[2024-06-14T08:18:57.470+0000] {processor.py:830} INFO - Processing file /home/airflow/.local/lib/python3.12/site-packages/airflow/example_dags/example_dag_decorator.py for tasks to queue
[2024-06-14T08:18:57.472+0000] {logging_mixin.py:188} INFO - [2024-06-14T08:18:57.471+0000] {dagbag.py:545} INFO - Filling up the DagBag from /home/airflow/.local/lib/python3.12/site-packages/airflow/example_dags/example_dag_decorator.py
[2024-06-14T08:18:57.556+0000] {processor.py:840} INFO - DAG(s) 'example_dag_decorator' retrieved from /home/airflow/.local/lib/python3.12/site-packages/airflow/example_dags/example_dag_decorator.py
[2024-06-14T08:18:57.649+0000] {logging_mixin.py:188} INFO - [2024-06-14T08:18:57.649+0000] {dag.py:3096} INFO - Sync 1 DAGs
[2024-06-14T08:18:57.658+0000] {logging_mixin.py:188} INFO - [2024-06-14T08:18:57.658+0000] {dag.py:3954} INFO - Setting next_dagrun for example_dag_decorator to None, run_after=None
[2024-06-14T08:18:57.675+0000] {processor.py:183} INFO - Processing /home/airflow/.local/lib/python3.12/site-packages/airflow/example_dags/example_dag_decorator.py took 0.210 seconds
[2024-06-14T08:19:27.855+0000] {processor.py:161} INFO - Started process (PID=176) to work on /home/airflow/.local/lib/python3.12/site-packages/airflow/example_dags/example_dag_decorator.py
[2024-06-14T08:19:27.856+0000] {processor.py:830} INFO - Processing file /home/airflow/.local/lib/python3.12/site-packages/airflow/example_dags/example_dag_decorator.py for tasks to queue
[2024-06-14T08:19:27.857+0000] {logging_mixin.py:188} INFO - [2024-06-14T08:19:27.857+0000] {dagbag.py:545} INFO - Filling up the DagBag from /home/airflow/.local/lib/python3.12/site-packages/airflow/example_dags/example_dag_decorator.py
[2024-06-14T08:19:27.928+0000] {processor.py:840} INFO - DAG(s) 'example_dag_decorator' retrieved from /home/airflow/.local/lib/python3.12/site-packages/airflow/example_dags/example_dag_decorator.py
[2024-06-14T08:19:28.001+0000] {logging_mixin.py:188} INFO - [2024-06-14T08:19:28.001+0000] {dag.py:3096} INFO - Sync 1 DAGs
[2024-06-14T08:19:28.011+0000] {logging_mixin.py:188} INFO - [2024-06-14T08:19:28.011+0000] {dag.py:3954} INFO - Setting next_dagrun for example_dag_decorator to None, run_after=None
[2024-06-14T08:19:28.029+0000] {processor.py:183} INFO - Processing /home/airflow/.local/lib/python3.12/site-packages/airflow/example_dags/example_dag_decorator.py took 0.178 seconds
[2024-06-14T08:19:58.282+0000] {processor.py:161} INFO - Started process (PID=234) to work on /home/airflow/.local/lib/python3.12/site-packages/airflow/example_dags/example_dag_decorator.py
[2024-06-14T08:19:58.283+0000] {processor.py:830} INFO - Processing file /home/airflow/.local/lib/python3.12/site-packages/airflow/example_dags/example_dag_decorator.py for tasks to queue
[2024-06-14T08:19:58.284+0000] {logging_mixin.py:188} INFO - [2024-06-14T08:19:58.284+0000] {dagbag.py:545} INFO - Filling up the DagBag from /home/airflow/.local/lib/python3.12/site-packages/airflow/example_dags/example_dag_decorator.py
[2024-06-14T08:19:58.362+0000] {processor.py:840} INFO - DAG(s) 'example_dag_decorator' retrieved from /home/airflow/.local/lib/python3.12/site-packages/airflow/example_dags/example_dag_decorator.py
[2024-06-14T08:19:58.440+0000] {logging_mixin.py:188} INFO - [2024-06-14T08:19:58.439+0000] {dag.py:3096} INFO - Sync 1 DAGs
[2024-06-14T08:19:58.448+0000] {logging_mixin.py:188} INFO - [2024-06-14T08:19:58.448+0000] {dag.py:3954} INFO - Setting next_dagrun for example_dag_decorator to None, run_after=None
[2024-06-14T08:19:58.468+0000] {processor.py:183} INFO - Processing /home/airflow/.local/lib/python3.12/site-packages/airflow/example_dags/example_dag_decorator.py took 0.190 seconds
[2024-06-14T08:20:28.551+0000] {processor.py:161} INFO - Started process (PID=292) to work on /home/airflow/.local/lib/python3.12/site-packages/airflow/example_dags/example_dag_decorator.py
[2024-06-14T08:20:28.552+0000] {processor.py:830} INFO - Processing file /home/airflow/.local/lib/python3.12/site-packages/airflow/example_dags/example_dag_decorator.py for tasks to queue
[2024-06-14T08:20:28.553+0000] {logging_mixin.py:188} INFO - [2024-06-14T08:20:28.553+0000] {dagbag.py:545} INFO - Filling up the DagBag from /home/airflow/.local/lib/python3.12/site-packages/airflow/example_dags/example_dag_decorator.py
[2024-06-14T08:20:28.618+0000] {processor.py:840} INFO - DAG(s) 'example_dag_decorator' retrieved from /home/airflow/.local/lib/python3.12/site-packages/airflow/example_dags/example_dag_decorator.py
[2024-06-14T08:20:28.688+0000] {logging_mixin.py:188} INFO - [2024-06-14T08:20:28.688+0000] {dag.py:3096} INFO - Sync 1 DAGs
[2024-06-14T08:20:28.695+0000] {logging_mixin.py:188} INFO - [2024-06-14T08:20:28.695+0000] {dag.py:3954} INFO - Setting next_dagrun for example_dag_decorator to None, run_after=None
[2024-06-14T08:20:28.711+0000] {processor.py:183} INFO - Processing /home/airflow/.local/lib/python3.12/site-packages/airflow/example_dags/example_dag_decorator.py took 0.164 seconds
[2024-06-14T08:20:58.798+0000] {processor.py:161} INFO - Started process (PID=351) to work on /home/airflow/.local/lib/python3.12/site-packages/airflow/example_dags/example_dag_decorator.py
[2024-06-14T08:20:58.799+0000] {processor.py:830} INFO - Processing file /home/airflow/.local/lib/python3.12/site-packages/airflow/example_dags/example_dag_decorator.py for tasks to queue
[2024-06-14T08:20:58.801+0000] {logging_mixin.py:188} INFO - [2024-06-14T08:20:58.800+0000] {dagbag.py:545} INFO - Filling up the DagBag from /home/airflow/.local/lib/python3.12/site-packages/airflow/example_dags/example_dag_decorator.py
[2024-06-14T08:20:58.890+0000] {processor.py:840} INFO - DAG(s) 'example_dag_decorator' retrieved from /home/airflow/.local/lib/python3.12/site-packages/airflow/example_dags/example_dag_decorator.py
[2024-06-14T08:20:58.966+0000] {logging_mixin.py:188} INFO - [2024-06-14T08:20:58.966+0000] {dag.py:3096} INFO - Sync 1 DAGs
[2024-06-14T08:20:58.974+0000] {logging_mixin.py:188} INFO - [2024-06-14T08:20:58.973+0000] {dag.py:3954} INFO - Setting next_dagrun for example_dag_decorator to None, run_after=None
[2024-06-14T08:20:58.990+0000] {processor.py:183} INFO - Processing /home/airflow/.local/lib/python3.12/site-packages/airflow/example_dags/example_dag_decorator.py took 0.197 seconds
[2024-06-14T08:21:29.161+0000] {processor.py:161} INFO - Started process (PID=408) to work on /home/airflow/.local/lib/python3.12/site-packages/airflow/example_dags/example_dag_decorator.py
[2024-06-14T08:21:29.162+0000] {processor.py:830} INFO - Processing file /home/airflow/.local/lib/python3.12/site-packages/airflow/example_dags/example_dag_decorator.py for tasks to queue
[2024-06-14T08:21:29.163+0000] {logging_mixin.py:188} INFO - [2024-06-14T08:21:29.163+0000] {dagbag.py:545} INFO - Filling up the DagBag from /home/airflow/.local/lib/python3.12/site-packages/airflow/example_dags/example_dag_decorator.py
[2024-06-14T08:21:29.241+0000] {processor.py:840} INFO - DAG(s) 'example_dag_decorator' retrieved from /home/airflow/.local/lib/python3.12/site-packages/airflow/example_dags/example_dag_decorator.py
[2024-06-14T08:21:29.328+0000] {logging_mixin.py:188} INFO - [2024-06-14T08:21:29.327+0000] {dag.py:3096} INFO - Sync 1 DAGs
[2024-06-14T08:21:29.336+0000] {logging_mixin.py:188} INFO - [2024-06-14T08:21:29.336+0000] {dag.py:3954} INFO - Setting next_dagrun for example_dag_decorator to None, run_after=None
[2024-06-14T08:21:29.358+0000] {processor.py:183} INFO - Processing /home/airflow/.local/lib/python3.12/site-packages/airflow/example_dags/example_dag_decorator.py took 0.203 seconds
[2024-06-14T08:21:59.389+0000] {processor.py:161} INFO - Started process (PID=467) to work on /home/airflow/.local/lib/python3.12/site-packages/airflow/example_dags/example_dag_decorator.py
[2024-06-14T08:21:59.390+0000] {processor.py:830} INFO - Processing file /home/airflow/.local/lib/python3.12/site-packages/airflow/example_dags/example_dag_decorator.py for tasks to queue
[2024-06-14T08:21:59.391+0000] {logging_mixin.py:188} INFO - [2024-06-14T08:21:59.391+0000] {dagbag.py:545} INFO - Filling up the DagBag from /home/airflow/.local/lib/python3.12/site-packages/airflow/example_dags/example_dag_decorator.py
[2024-06-14T08:21:59.467+0000] {processor.py:840} INFO - DAG(s) 'example_dag_decorator' retrieved from /home/airflow/.local/lib/python3.12/site-packages/airflow/example_dags/example_dag_decorator.py
[2024-06-14T08:21:59.540+0000] {logging_mixin.py:188} INFO - [2024-06-14T08:21:59.540+0000] {dag.py:3096} INFO - Sync 1 DAGs
[2024-06-14T08:21:59.548+0000] {logging_mixin.py:188} INFO - [2024-06-14T08:21:59.548+0000] {dag.py:3954} INFO - Setting next_dagrun for example_dag_decorator to None, run_after=None
[2024-06-14T08:21:59.565+0000] {processor.py:183} INFO - Processing /home/airflow/.local/lib/python3.12/site-packages/airflow/example_dags/example_dag_decorator.py took 0.180 seconds
[2024-06-14T08:22:29.608+0000] {processor.py:161} INFO - Started process (PID=526) to work on /home/airflow/.local/lib/python3.12/site-packages/airflow/example_dags/example_dag_decorator.py
[2024-06-14T08:22:29.610+0000] {processor.py:830} INFO - Processing file /home/airflow/.local/lib/python3.12/site-packages/airflow/example_dags/example_dag_decorator.py for tasks to queue
[2024-06-14T08:22:29.611+0000] {logging_mixin.py:188} INFO - [2024-06-14T08:22:29.611+0000] {dagbag.py:545} INFO - Filling up the DagBag from /home/airflow/.local/lib/python3.12/site-packages/airflow/example_dags/example_dag_decorator.py
[2024-06-14T08:22:29.686+0000] {processor.py:840} INFO - DAG(s) 'example_dag_decorator' retrieved from /home/airflow/.local/lib/python3.12/site-packages/airflow/example_dags/example_dag_decorator.py
[2024-06-14T08:22:29.768+0000] {logging_mixin.py:188} INFO - [2024-06-14T08:22:29.768+0000] {dag.py:3096} INFO - Sync 1 DAGs
[2024-06-14T08:22:29.776+0000] {logging_mixin.py:188} INFO - [2024-06-14T08:22:29.776+0000] {dag.py:3954} INFO - Setting next_dagrun for example_dag_decorator to None, run_after=None
[2024-06-14T08:22:29.794+0000] {processor.py:183} INFO - Processing /home/airflow/.local/lib/python3.12/site-packages/airflow/example_dags/example_dag_decorator.py took 0.190 seconds
[2024-06-14T08:22:59.947+0000] {processor.py:161} INFO - Started process (PID=584) to work on /home/airflow/.local/lib/python3.12/site-packages/airflow/example_dags/example_dag_decorator.py
[2024-06-14T08:22:59.949+0000] {processor.py:830} INFO - Processing file /home/airflow/.local/lib/python3.12/site-packages/airflow/example_dags/example_dag_decorator.py for tasks to queue
[2024-06-14T08:22:59.952+0000] {logging_mixin.py:188} INFO - [2024-06-14T08:22:59.952+0000] {dagbag.py:545} INFO - Filling up the DagBag from /home/airflow/.local/lib/python3.12/site-packages/airflow/example_dags/example_dag_decorator.py
[2024-06-14T08:23:00.046+0000] {processor.py:840} INFO - DAG(s) 'example_dag_decorator' retrieved from /home/airflow/.local/lib/python3.12/site-packages/airflow/example_dags/example_dag_decorator.py
[2024-06-14T08:23:00.131+0000] {logging_mixin.py:188} INFO - [2024-06-14T08:23:00.131+0000] {dag.py:3096} INFO - Sync 1 DAGs
[2024-06-14T08:23:00.142+0000] {logging_mixin.py:188} INFO - [2024-06-14T08:23:00.141+0000] {dag.py:3954} INFO - Setting next_dagrun for example_dag_decorator to None, run_after=None
[2024-06-14T08:23:00.161+0000] {processor.py:183} INFO - Processing /home/airflow/.local/lib/python3.12/site-packages/airflow/example_dags/example_dag_decorator.py took 0.220 seconds
[2024-06-14T08:23:30.703+0000] {processor.py:161} INFO - Started process (PID=644) to work on /home/airflow/.local/lib/python3.12/site-packages/airflow/example_dags/example_dag_decorator.py
[2024-06-14T08:23:30.705+0000] {processor.py:830} INFO - Processing file /home/airflow/.local/lib/python3.12/site-packages/airflow/example_dags/example_dag_decorator.py for tasks to queue
[2024-06-14T08:23:30.706+0000] {logging_mixin.py:188} INFO - [2024-06-14T08:23:30.706+0000] {dagbag.py:545} INFO - Filling up the DagBag from /home/airflow/.local/lib/python3.12/site-packages/airflow/example_dags/example_dag_decorator.py
[2024-06-14T08:23:30.793+0000] {processor.py:840} INFO - DAG(s) 'example_dag_decorator' retrieved from /home/airflow/.local/lib/python3.12/site-packages/airflow/example_dags/example_dag_decorator.py
[2024-06-14T08:23:30.878+0000] {logging_mixin.py:188} INFO - [2024-06-14T08:23:30.878+0000] {dag.py:3096} INFO - Sync 1 DAGs
[2024-06-14T08:23:30.888+0000] {logging_mixin.py:188} INFO - [2024-06-14T08:23:30.887+0000] {dag.py:3954} INFO - Setting next_dagrun for example_dag_decorator to None, run_after=None
[2024-06-14T08:23:31.018+0000] {processor.py:183} INFO - Processing /home/airflow/.local/lib/python3.12/site-packages/airflow/example_dags/example_dag_decorator.py took 0.320 seconds
[2024-06-14T08:24:01.152+0000] {processor.py:161} INFO - Started process (PID=704) to work on /home/airflow/.local/lib/python3.12/site-packages/airflow/example_dags/example_dag_decorator.py
[2024-06-14T08:24:01.153+0000] {processor.py:830} INFO - Processing file /home/airflow/.local/lib/python3.12/site-packages/airflow/example_dags/example_dag_decorator.py for tasks to queue
[2024-06-14T08:24:01.155+0000] {logging_mixin.py:188} INFO - [2024-06-14T08:24:01.154+0000] {dagbag.py:545} INFO - Filling up the DagBag from /home/airflow/.local/lib/python3.12/site-packages/airflow/example_dags/example_dag_decorator.py
[2024-06-14T08:24:01.240+0000] {processor.py:840} INFO - DAG(s) 'example_dag_decorator' retrieved from /home/airflow/.local/lib/python3.12/site-packages/airflow/example_dags/example_dag_decorator.py
[2024-06-14T08:24:01.327+0000] {logging_mixin.py:188} INFO - [2024-06-14T08:24:01.327+0000] {dag.py:3096} INFO - Sync 1 DAGs
[2024-06-14T08:24:01.337+0000] {logging_mixin.py:188} INFO - [2024-06-14T08:24:01.336+0000] {dag.py:3954} INFO - Setting next_dagrun for example_dag_decorator to None, run_after=None
[2024-06-14T08:24:01.495+0000] {processor.py:183} INFO - Processing /home/airflow/.local/lib/python3.12/site-packages/airflow/example_dags/example_dag_decorator.py took 0.348 seconds
[2024-06-14T08:24:31.749+0000] {processor.py:161} INFO - Started process (PID=765) to work on /home/airflow/.local/lib/python3.12/site-packages/airflow/example_dags/example_dag_decorator.py
[2024-06-14T08:24:31.751+0000] {processor.py:830} INFO - Processing file /home/airflow/.local/lib/python3.12/site-packages/airflow/example_dags/example_dag_decorator.py for tasks to queue
[2024-06-14T08:24:31.752+0000] {logging_mixin.py:188} INFO - [2024-06-14T08:24:31.752+0000] {dagbag.py:545} INFO - Filling up the DagBag from /home/airflow/.local/lib/python3.12/site-packages/airflow/example_dags/example_dag_decorator.py
[2024-06-14T08:24:31.828+0000] {processor.py:840} INFO - DAG(s) 'example_dag_decorator' retrieved from /home/airflow/.local/lib/python3.12/site-packages/airflow/example_dags/example_dag_decorator.py
[2024-06-14T08:24:31.925+0000] {logging_mixin.py:188} INFO - [2024-06-14T08:24:31.925+0000] {dag.py:3096} INFO - Sync 1 DAGs
[2024-06-14T08:24:31.934+0000] {logging_mixin.py:188} INFO - [2024-06-14T08:24:31.933+0000] {dag.py:3954} INFO - Setting next_dagrun for example_dag_decorator to None, run_after=None
[2024-06-14T08:24:31.956+0000] {processor.py:183} INFO - Processing /home/airflow/.local/lib/python3.12/site-packages/airflow/example_dags/example_dag_decorator.py took 0.212 seconds
