[2024-06-14T08:18:25.127+0000] {processor.py:161} INFO - Started process (PID=45) to work on /home/airflow/.local/lib/python3.12/site-packages/airflow/example_dags/example_params_trigger_ui.py
[2024-06-14T08:18:25.128+0000] {processor.py:830} INFO - Processing file /home/airflow/.local/lib/python3.12/site-packages/airflow/example_dags/example_params_trigger_ui.py for tasks to queue
[2024-06-14T08:18:25.129+0000] {logging_mixin.py:188} INFO - [2024-06-14T08:18:25.129+0000] {dagbag.py:545} INFO - Filling up the DagBag from /home/airflow/.local/lib/python3.12/site-packages/airflow/example_dags/example_params_trigger_ui.py
[2024-06-14T08:18:25.150+0000] {processor.py:840} INFO - DAG(s) 'example_params_trigger_ui' retrieved from /home/airflow/.local/lib/python3.12/site-packages/airflow/example_dags/example_params_trigger_ui.py
[2024-06-14T08:18:25.186+0000] {logging_mixin.py:188} INFO - [2024-06-14T08:18:25.185+0000] {dag.py:3096} INFO - Sync 1 DAGs
[2024-06-14T08:18:25.227+0000] {logging_mixin.py:188} INFO - [2024-06-14T08:18:25.227+0000] {dag.py:3954} INFO - Setting next_dagrun for example_params_trigger_ui to None, run_after=None
[2024-06-14T08:18:25.261+0000] {processor.py:183} INFO - Processing /home/airflow/.local/lib/python3.12/site-packages/airflow/example_dags/example_params_trigger_ui.py took 0.139 seconds
[2024-06-14T08:18:55.318+0000] {processor.py:161} INFO - Started process (PID=103) to work on /home/airflow/.local/lib/python3.12/site-packages/airflow/example_dags/example_params_trigger_ui.py
[2024-06-14T08:18:55.319+0000] {processor.py:830} INFO - Processing file /home/airflow/.local/lib/python3.12/site-packages/airflow/example_dags/example_params_trigger_ui.py for tasks to queue
[2024-06-14T08:18:55.321+0000] {logging_mixin.py:188} INFO - [2024-06-14T08:18:55.320+0000] {dagbag.py:545} INFO - Filling up the DagBag from /home/airflow/.local/lib/python3.12/site-packages/airflow/example_dags/example_params_trigger_ui.py
[2024-06-14T08:18:55.330+0000] {processor.py:840} INFO - DAG(s) 'example_params_trigger_ui' retrieved from /home/airflow/.local/lib/python3.12/site-packages/airflow/example_dags/example_params_trigger_ui.py
[2024-06-14T08:18:55.422+0000] {logging_mixin.py:188} INFO - [2024-06-14T08:18:55.422+0000] {dag.py:3096} INFO - Sync 1 DAGs
[2024-06-14T08:18:55.429+0000] {logging_mixin.py:188} INFO - [2024-06-14T08:18:55.429+0000] {dag.py:3954} INFO - Setting next_dagrun for example_params_trigger_ui to None, run_after=None
[2024-06-14T08:18:55.446+0000] {processor.py:183} INFO - Processing /home/airflow/.local/lib/python3.12/site-packages/airflow/example_dags/example_params_trigger_ui.py took 0.132 seconds
[2024-06-14T08:19:26.257+0000] {processor.py:161} INFO - Started process (PID=161) to work on /home/airflow/.local/lib/python3.12/site-packages/airflow/example_dags/example_params_trigger_ui.py
[2024-06-14T08:19:26.258+0000] {processor.py:830} INFO - Processing file /home/airflow/.local/lib/python3.12/site-packages/airflow/example_dags/example_params_trigger_ui.py for tasks to queue
[2024-06-14T08:19:26.260+0000] {logging_mixin.py:188} INFO - [2024-06-14T08:19:26.259+0000] {dagbag.py:545} INFO - Filling up the DagBag from /home/airflow/.local/lib/python3.12/site-packages/airflow/example_dags/example_params_trigger_ui.py
[2024-06-14T08:19:26.270+0000] {processor.py:840} INFO - DAG(s) 'example_params_trigger_ui' retrieved from /home/airflow/.local/lib/python3.12/site-packages/airflow/example_dags/example_params_trigger_ui.py
[2024-06-14T08:19:26.306+0000] {logging_mixin.py:188} INFO - [2024-06-14T08:19:26.306+0000] {dag.py:3096} INFO - Sync 1 DAGs
[2024-06-14T08:19:26.316+0000] {logging_mixin.py:188} INFO - [2024-06-14T08:19:26.316+0000] {dag.py:3954} INFO - Setting next_dagrun for example_params_trigger_ui to None, run_after=None
[2024-06-14T08:19:26.334+0000] {processor.py:183} INFO - Processing /home/airflow/.local/lib/python3.12/site-packages/airflow/example_dags/example_params_trigger_ui.py took 0.082 seconds
[2024-06-14T08:19:56.662+0000] {processor.py:161} INFO - Started process (PID=219) to work on /home/airflow/.local/lib/python3.12/site-packages/airflow/example_dags/example_params_trigger_ui.py
[2024-06-14T08:19:56.664+0000] {processor.py:830} INFO - Processing file /home/airflow/.local/lib/python3.12/site-packages/airflow/example_dags/example_params_trigger_ui.py for tasks to queue
[2024-06-14T08:19:56.666+0000] {logging_mixin.py:188} INFO - [2024-06-14T08:19:56.665+0000] {dagbag.py:545} INFO - Filling up the DagBag from /home/airflow/.local/lib/python3.12/site-packages/airflow/example_dags/example_params_trigger_ui.py
[2024-06-14T08:19:56.675+0000] {processor.py:840} INFO - DAG(s) 'example_params_trigger_ui' retrieved from /home/airflow/.local/lib/python3.12/site-packages/airflow/example_dags/example_params_trigger_ui.py
[2024-06-14T08:19:56.706+0000] {logging_mixin.py:188} INFO - [2024-06-14T08:19:56.706+0000] {dag.py:3096} INFO - Sync 1 DAGs
[2024-06-14T08:19:56.715+0000] {logging_mixin.py:188} INFO - [2024-06-14T08:19:56.715+0000] {dag.py:3954} INFO - Setting next_dagrun for example_params_trigger_ui to None, run_after=None
[2024-06-14T08:19:56.731+0000] {processor.py:183} INFO - Processing /home/airflow/.local/lib/python3.12/site-packages/airflow/example_dags/example_params_trigger_ui.py took 0.073 seconds
[2024-06-14T08:20:26.981+0000] {processor.py:161} INFO - Started process (PID=277) to work on /home/airflow/.local/lib/python3.12/site-packages/airflow/example_dags/example_params_trigger_ui.py
[2024-06-14T08:20:26.982+0000] {processor.py:830} INFO - Processing file /home/airflow/.local/lib/python3.12/site-packages/airflow/example_dags/example_params_trigger_ui.py for tasks to queue
[2024-06-14T08:20:26.983+0000] {logging_mixin.py:188} INFO - [2024-06-14T08:20:26.983+0000] {dagbag.py:545} INFO - Filling up the DagBag from /home/airflow/.local/lib/python3.12/site-packages/airflow/example_dags/example_params_trigger_ui.py
[2024-06-14T08:20:26.994+0000] {processor.py:840} INFO - DAG(s) 'example_params_trigger_ui' retrieved from /home/airflow/.local/lib/python3.12/site-packages/airflow/example_dags/example_params_trigger_ui.py
[2024-06-14T08:20:27.026+0000] {logging_mixin.py:188} INFO - [2024-06-14T08:20:27.026+0000] {dag.py:3096} INFO - Sync 1 DAGs
[2024-06-14T08:20:27.036+0000] {logging_mixin.py:188} INFO - [2024-06-14T08:20:27.036+0000] {dag.py:3954} INFO - Setting next_dagrun for example_params_trigger_ui to None, run_after=None
[2024-06-14T08:20:27.051+0000] {processor.py:183} INFO - Processing /home/airflow/.local/lib/python3.12/site-packages/airflow/example_dags/example_params_trigger_ui.py took 0.074 seconds
[2024-06-14T08:20:57.101+0000] {processor.py:161} INFO - Started process (PID=335) to work on /home/airflow/.local/lib/python3.12/site-packages/airflow/example_dags/example_params_trigger_ui.py
[2024-06-14T08:20:57.102+0000] {processor.py:830} INFO - Processing file /home/airflow/.local/lib/python3.12/site-packages/airflow/example_dags/example_params_trigger_ui.py for tasks to queue
[2024-06-14T08:20:57.104+0000] {logging_mixin.py:188} INFO - [2024-06-14T08:20:57.104+0000] {dagbag.py:545} INFO - Filling up the DagBag from /home/airflow/.local/lib/python3.12/site-packages/airflow/example_dags/example_params_trigger_ui.py
[2024-06-14T08:20:57.113+0000] {processor.py:840} INFO - DAG(s) 'example_params_trigger_ui' retrieved from /home/airflow/.local/lib/python3.12/site-packages/airflow/example_dags/example_params_trigger_ui.py
[2024-06-14T08:20:57.146+0000] {logging_mixin.py:188} INFO - [2024-06-14T08:20:57.145+0000] {dag.py:3096} INFO - Sync 1 DAGs
[2024-06-14T08:20:57.156+0000] {logging_mixin.py:188} INFO - [2024-06-14T08:20:57.155+0000] {dag.py:3954} INFO - Setting next_dagrun for example_params_trigger_ui to None, run_after=None
[2024-06-14T08:20:57.173+0000] {processor.py:183} INFO - Processing /home/airflow/.local/lib/python3.12/site-packages/airflow/example_dags/example_params_trigger_ui.py took 0.076 seconds
[2024-06-14T08:21:27.446+0000] {processor.py:161} INFO - Started process (PID=393) to work on /home/airflow/.local/lib/python3.12/site-packages/airflow/example_dags/example_params_trigger_ui.py
[2024-06-14T08:21:27.447+0000] {processor.py:830} INFO - Processing file /home/airflow/.local/lib/python3.12/site-packages/airflow/example_dags/example_params_trigger_ui.py for tasks to queue
[2024-06-14T08:21:27.449+0000] {logging_mixin.py:188} INFO - [2024-06-14T08:21:27.449+0000] {dagbag.py:545} INFO - Filling up the DagBag from /home/airflow/.local/lib/python3.12/site-packages/airflow/example_dags/example_params_trigger_ui.py
[2024-06-14T08:21:27.462+0000] {processor.py:840} INFO - DAG(s) 'example_params_trigger_ui' retrieved from /home/airflow/.local/lib/python3.12/site-packages/airflow/example_dags/example_params_trigger_ui.py
[2024-06-14T08:21:27.504+0000] {logging_mixin.py:188} INFO - [2024-06-14T08:21:27.504+0000] {dag.py:3096} INFO - Sync 1 DAGs
[2024-06-14T08:21:27.516+0000] {logging_mixin.py:188} INFO - [2024-06-14T08:21:27.516+0000] {dag.py:3954} INFO - Setting next_dagrun for example_params_trigger_ui to None, run_after=None
[2024-06-14T08:21:27.537+0000] {processor.py:183} INFO - Processing /home/airflow/.local/lib/python3.12/site-packages/airflow/example_dags/example_params_trigger_ui.py took 0.097 seconds
[2024-06-14T08:21:57.794+0000] {processor.py:161} INFO - Started process (PID=451) to work on /home/airflow/.local/lib/python3.12/site-packages/airflow/example_dags/example_params_trigger_ui.py
[2024-06-14T08:21:57.795+0000] {processor.py:830} INFO - Processing file /home/airflow/.local/lib/python3.12/site-packages/airflow/example_dags/example_params_trigger_ui.py for tasks to queue
[2024-06-14T08:21:57.796+0000] {logging_mixin.py:188} INFO - [2024-06-14T08:21:57.796+0000] {dagbag.py:545} INFO - Filling up the DagBag from /home/airflow/.local/lib/python3.12/site-packages/airflow/example_dags/example_params_trigger_ui.py
[2024-06-14T08:21:57.805+0000] {processor.py:840} INFO - DAG(s) 'example_params_trigger_ui' retrieved from /home/airflow/.local/lib/python3.12/site-packages/airflow/example_dags/example_params_trigger_ui.py
[2024-06-14T08:21:57.839+0000] {logging_mixin.py:188} INFO - [2024-06-14T08:21:57.839+0000] {dag.py:3096} INFO - Sync 1 DAGs
[2024-06-14T08:21:57.848+0000] {logging_mixin.py:188} INFO - [2024-06-14T08:21:57.848+0000] {dag.py:3954} INFO - Setting next_dagrun for example_params_trigger_ui to None, run_after=None
[2024-06-14T08:21:57.865+0000] {processor.py:183} INFO - Processing /home/airflow/.local/lib/python3.12/site-packages/airflow/example_dags/example_params_trigger_ui.py took 0.076 seconds
[2024-06-14T08:22:27.932+0000] {processor.py:161} INFO - Started process (PID=509) to work on /home/airflow/.local/lib/python3.12/site-packages/airflow/example_dags/example_params_trigger_ui.py
[2024-06-14T08:22:27.933+0000] {processor.py:830} INFO - Processing file /home/airflow/.local/lib/python3.12/site-packages/airflow/example_dags/example_params_trigger_ui.py for tasks to queue
[2024-06-14T08:22:27.935+0000] {logging_mixin.py:188} INFO - [2024-06-14T08:22:27.935+0000] {dagbag.py:545} INFO - Filling up the DagBag from /home/airflow/.local/lib/python3.12/site-packages/airflow/example_dags/example_params_trigger_ui.py
[2024-06-14T08:22:27.945+0000] {processor.py:840} INFO - DAG(s) 'example_params_trigger_ui' retrieved from /home/airflow/.local/lib/python3.12/site-packages/airflow/example_dags/example_params_trigger_ui.py
[2024-06-14T08:22:27.978+0000] {logging_mixin.py:188} INFO - [2024-06-14T08:22:27.978+0000] {dag.py:3096} INFO - Sync 1 DAGs
[2024-06-14T08:22:27.988+0000] {logging_mixin.py:188} INFO - [2024-06-14T08:22:27.988+0000] {dag.py:3954} INFO - Setting next_dagrun for example_params_trigger_ui to None, run_after=None
[2024-06-14T08:22:28.003+0000] {processor.py:183} INFO - Processing /home/airflow/.local/lib/python3.12/site-packages/airflow/example_dags/example_params_trigger_ui.py took 0.076 seconds
[2024-06-14T08:22:58.201+0000] {processor.py:161} INFO - Started process (PID=567) to work on /home/airflow/.local/lib/python3.12/site-packages/airflow/example_dags/example_params_trigger_ui.py
[2024-06-14T08:22:58.203+0000] {processor.py:830} INFO - Processing file /home/airflow/.local/lib/python3.12/site-packages/airflow/example_dags/example_params_trigger_ui.py for tasks to queue
[2024-06-14T08:22:58.204+0000] {logging_mixin.py:188} INFO - [2024-06-14T08:22:58.204+0000] {dagbag.py:545} INFO - Filling up the DagBag from /home/airflow/.local/lib/python3.12/site-packages/airflow/example_dags/example_params_trigger_ui.py
[2024-06-14T08:22:58.215+0000] {processor.py:840} INFO - DAG(s) 'example_params_trigger_ui' retrieved from /home/airflow/.local/lib/python3.12/site-packages/airflow/example_dags/example_params_trigger_ui.py
[2024-06-14T08:22:58.261+0000] {logging_mixin.py:188} INFO - [2024-06-14T08:22:58.261+0000] {dag.py:3096} INFO - Sync 1 DAGs
[2024-06-14T08:22:58.278+0000] {logging_mixin.py:188} INFO - [2024-06-14T08:22:58.278+0000] {dag.py:3954} INFO - Setting next_dagrun for example_params_trigger_ui to None, run_after=None
[2024-06-14T08:22:58.297+0000] {processor.py:183} INFO - Processing /home/airflow/.local/lib/python3.12/site-packages/airflow/example_dags/example_params_trigger_ui.py took 0.100 seconds
[2024-06-14T08:23:28.886+0000] {processor.py:161} INFO - Started process (PID=626) to work on /home/airflow/.local/lib/python3.12/site-packages/airflow/example_dags/example_params_trigger_ui.py
[2024-06-14T08:23:28.887+0000] {processor.py:830} INFO - Processing file /home/airflow/.local/lib/python3.12/site-packages/airflow/example_dags/example_params_trigger_ui.py for tasks to queue
[2024-06-14T08:23:28.888+0000] {logging_mixin.py:188} INFO - [2024-06-14T08:23:28.888+0000] {dagbag.py:545} INFO - Filling up the DagBag from /home/airflow/.local/lib/python3.12/site-packages/airflow/example_dags/example_params_trigger_ui.py
[2024-06-14T08:23:28.899+0000] {processor.py:840} INFO - DAG(s) 'example_params_trigger_ui' retrieved from /home/airflow/.local/lib/python3.12/site-packages/airflow/example_dags/example_params_trigger_ui.py
[2024-06-14T08:23:28.936+0000] {logging_mixin.py:188} INFO - [2024-06-14T08:23:28.936+0000] {dag.py:3096} INFO - Sync 1 DAGs
[2024-06-14T08:23:28.946+0000] {logging_mixin.py:188} INFO - [2024-06-14T08:23:28.946+0000] {dag.py:3954} INFO - Setting next_dagrun for example_params_trigger_ui to None, run_after=None
[2024-06-14T08:23:28.963+0000] {processor.py:183} INFO - Processing /home/airflow/.local/lib/python3.12/site-packages/airflow/example_dags/example_params_trigger_ui.py took 0.081 seconds
[2024-06-14T08:23:59.278+0000] {processor.py:161} INFO - Started process (PID=685) to work on /home/airflow/.local/lib/python3.12/site-packages/airflow/example_dags/example_params_trigger_ui.py
[2024-06-14T08:23:59.279+0000] {processor.py:830} INFO - Processing file /home/airflow/.local/lib/python3.12/site-packages/airflow/example_dags/example_params_trigger_ui.py for tasks to queue
[2024-06-14T08:23:59.281+0000] {logging_mixin.py:188} INFO - [2024-06-14T08:23:59.281+0000] {dagbag.py:545} INFO - Filling up the DagBag from /home/airflow/.local/lib/python3.12/site-packages/airflow/example_dags/example_params_trigger_ui.py
[2024-06-14T08:23:59.293+0000] {processor.py:840} INFO - DAG(s) 'example_params_trigger_ui' retrieved from /home/airflow/.local/lib/python3.12/site-packages/airflow/example_dags/example_params_trigger_ui.py
[2024-06-14T08:23:59.334+0000] {logging_mixin.py:188} INFO - [2024-06-14T08:23:59.333+0000] {dag.py:3096} INFO - Sync 1 DAGs
[2024-06-14T08:23:59.347+0000] {logging_mixin.py:188} INFO - [2024-06-14T08:23:59.346+0000] {dag.py:3954} INFO - Setting next_dagrun for example_params_trigger_ui to None, run_after=None
[2024-06-14T08:23:59.369+0000] {processor.py:183} INFO - Processing /home/airflow/.local/lib/python3.12/site-packages/airflow/example_dags/example_params_trigger_ui.py took 0.096 seconds
[2024-06-14T08:24:29.768+0000] {processor.py:161} INFO - Started process (PID=744) to work on /home/airflow/.local/lib/python3.12/site-packages/airflow/example_dags/example_params_trigger_ui.py
[2024-06-14T08:24:29.770+0000] {processor.py:830} INFO - Processing file /home/airflow/.local/lib/python3.12/site-packages/airflow/example_dags/example_params_trigger_ui.py for tasks to queue
[2024-06-14T08:24:29.771+0000] {logging_mixin.py:188} INFO - [2024-06-14T08:24:29.771+0000] {dagbag.py:545} INFO - Filling up the DagBag from /home/airflow/.local/lib/python3.12/site-packages/airflow/example_dags/example_params_trigger_ui.py
[2024-06-14T08:24:29.782+0000] {processor.py:840} INFO - DAG(s) 'example_params_trigger_ui' retrieved from /home/airflow/.local/lib/python3.12/site-packages/airflow/example_dags/example_params_trigger_ui.py
[2024-06-14T08:24:29.821+0000] {logging_mixin.py:188} INFO - [2024-06-14T08:24:29.821+0000] {dag.py:3096} INFO - Sync 1 DAGs
[2024-06-14T08:24:29.831+0000] {logging_mixin.py:188} INFO - [2024-06-14T08:24:29.831+0000] {dag.py:3954} INFO - Setting next_dagrun for example_params_trigger_ui to None, run_after=None
[2024-06-14T08:24:29.847+0000] {processor.py:183} INFO - Processing /home/airflow/.local/lib/python3.12/site-packages/airflow/example_dags/example_params_trigger_ui.py took 0.085 seconds
