[2024-06-14T08:18:27.750+0000] {processor.py:161} INFO - Started process (PID=75) to work on /home/airflow/.local/lib/python3.12/site-packages/airflow/example_dags/example_sensors.py
[2024-06-14T08:18:27.752+0000] {processor.py:830} INFO - Processing file /home/airflow/.local/lib/python3.12/site-packages/airflow/example_dags/example_sensors.py for tasks to queue
[2024-06-14T08:18:27.760+0000] {logging_mixin.py:188} INFO - [2024-06-14T08:18:27.758+0000] {dagbag.py:545} INFO - Filling up the DagBag from /home/airflow/.local/lib/python3.12/site-packages/airflow/example_dags/example_sensors.py
[2024-06-14T08:18:27.779+0000] {processor.py:840} INFO - DAG(s) 'example_sensors' retrieved from /home/airflow/.local/lib/python3.12/site-packages/airflow/example_dags/example_sensors.py
[2024-06-14T08:18:27.800+0000] {logging_mixin.py:188} INFO - [2024-06-14T08:18:27.799+0000] {dag.py:3096} INFO - Sync 1 DAGs
[2024-06-14T08:18:27.829+0000] {logging_mixin.py:188} INFO - [2024-06-14T08:18:27.829+0000] {dag.py:3954} INFO - Setting next_dagrun for example_sensors to None, run_after=None
[2024-06-14T08:18:27.861+0000] {processor.py:183} INFO - Processing /home/airflow/.local/lib/python3.12/site-packages/airflow/example_dags/example_sensors.py took 0.125 seconds
[2024-06-14T08:18:58.615+0000] {processor.py:161} INFO - Started process (PID=133) to work on /home/airflow/.local/lib/python3.12/site-packages/airflow/example_dags/example_sensors.py
[2024-06-14T08:18:58.617+0000] {processor.py:830} INFO - Processing file /home/airflow/.local/lib/python3.12/site-packages/airflow/example_dags/example_sensors.py for tasks to queue
[2024-06-14T08:18:58.618+0000] {logging_mixin.py:188} INFO - [2024-06-14T08:18:58.618+0000] {dagbag.py:545} INFO - Filling up the DagBag from /home/airflow/.local/lib/python3.12/site-packages/airflow/example_dags/example_sensors.py
[2024-06-14T08:18:58.625+0000] {processor.py:840} INFO - DAG(s) 'example_sensors' retrieved from /home/airflow/.local/lib/python3.12/site-packages/airflow/example_dags/example_sensors.py
[2024-06-14T08:18:58.706+0000] {logging_mixin.py:188} INFO - [2024-06-14T08:18:58.705+0000] {dag.py:3096} INFO - Sync 1 DAGs
[2024-06-14T08:18:58.714+0000] {logging_mixin.py:188} INFO - [2024-06-14T08:18:58.713+0000] {dag.py:3954} INFO - Setting next_dagrun for example_sensors to None, run_after=None
[2024-06-14T08:18:58.734+0000] {processor.py:183} INFO - Processing /home/airflow/.local/lib/python3.12/site-packages/airflow/example_dags/example_sensors.py took 0.123 seconds
[2024-06-14T08:19:28.766+0000] {processor.py:161} INFO - Started process (PID=191) to work on /home/airflow/.local/lib/python3.12/site-packages/airflow/example_dags/example_sensors.py
[2024-06-14T08:19:28.767+0000] {processor.py:830} INFO - Processing file /home/airflow/.local/lib/python3.12/site-packages/airflow/example_dags/example_sensors.py for tasks to queue
[2024-06-14T08:19:28.768+0000] {logging_mixin.py:188} INFO - [2024-06-14T08:19:28.768+0000] {dagbag.py:545} INFO - Filling up the DagBag from /home/airflow/.local/lib/python3.12/site-packages/airflow/example_dags/example_sensors.py
[2024-06-14T08:19:28.774+0000] {processor.py:840} INFO - DAG(s) 'example_sensors' retrieved from /home/airflow/.local/lib/python3.12/site-packages/airflow/example_dags/example_sensors.py
[2024-06-14T08:19:28.794+0000] {logging_mixin.py:188} INFO - [2024-06-14T08:19:28.793+0000] {dag.py:3096} INFO - Sync 1 DAGs
[2024-06-14T08:19:28.802+0000] {logging_mixin.py:188} INFO - [2024-06-14T08:19:28.802+0000] {dag.py:3954} INFO - Setting next_dagrun for example_sensors to None, run_after=None
[2024-06-14T08:19:28.820+0000] {processor.py:183} INFO - Processing /home/airflow/.local/lib/python3.12/site-packages/airflow/example_dags/example_sensors.py took 0.057 seconds
[2024-06-14T08:19:59.020+0000] {processor.py:161} INFO - Started process (PID=249) to work on /home/airflow/.local/lib/python3.12/site-packages/airflow/example_dags/example_sensors.py
[2024-06-14T08:19:59.021+0000] {processor.py:830} INFO - Processing file /home/airflow/.local/lib/python3.12/site-packages/airflow/example_dags/example_sensors.py for tasks to queue
[2024-06-14T08:19:59.023+0000] {logging_mixin.py:188} INFO - [2024-06-14T08:19:59.022+0000] {dagbag.py:545} INFO - Filling up the DagBag from /home/airflow/.local/lib/python3.12/site-packages/airflow/example_dags/example_sensors.py
[2024-06-14T08:19:59.029+0000] {processor.py:840} INFO - DAG(s) 'example_sensors' retrieved from /home/airflow/.local/lib/python3.12/site-packages/airflow/example_dags/example_sensors.py
[2024-06-14T08:19:59.052+0000] {logging_mixin.py:188} INFO - [2024-06-14T08:19:59.052+0000] {dag.py:3096} INFO - Sync 1 DAGs
[2024-06-14T08:19:59.062+0000] {logging_mixin.py:188} INFO - [2024-06-14T08:19:59.061+0000] {dag.py:3954} INFO - Setting next_dagrun for example_sensors to None, run_after=None
[2024-06-14T08:19:59.078+0000] {processor.py:183} INFO - Processing /home/airflow/.local/lib/python3.12/site-packages/airflow/example_dags/example_sensors.py took 0.063 seconds
[2024-06-14T08:20:29.137+0000] {processor.py:161} INFO - Started process (PID=307) to work on /home/airflow/.local/lib/python3.12/site-packages/airflow/example_dags/example_sensors.py
[2024-06-14T08:20:29.139+0000] {processor.py:830} INFO - Processing file /home/airflow/.local/lib/python3.12/site-packages/airflow/example_dags/example_sensors.py for tasks to queue
[2024-06-14T08:20:29.140+0000] {logging_mixin.py:188} INFO - [2024-06-14T08:20:29.140+0000] {dagbag.py:545} INFO - Filling up the DagBag from /home/airflow/.local/lib/python3.12/site-packages/airflow/example_dags/example_sensors.py
[2024-06-14T08:20:29.146+0000] {processor.py:840} INFO - DAG(s) 'example_sensors' retrieved from /home/airflow/.local/lib/python3.12/site-packages/airflow/example_dags/example_sensors.py
[2024-06-14T08:20:29.165+0000] {logging_mixin.py:188} INFO - [2024-06-14T08:20:29.165+0000] {dag.py:3096} INFO - Sync 1 DAGs
[2024-06-14T08:20:29.174+0000] {logging_mixin.py:188} INFO - [2024-06-14T08:20:29.174+0000] {dag.py:3954} INFO - Setting next_dagrun for example_sensors to None, run_after=None
[2024-06-14T08:20:29.190+0000] {processor.py:183} INFO - Processing /home/airflow/.local/lib/python3.12/site-packages/airflow/example_dags/example_sensors.py took 0.056 seconds
[2024-06-14T08:20:59.461+0000] {processor.py:161} INFO - Started process (PID=365) to work on /home/airflow/.local/lib/python3.12/site-packages/airflow/example_dags/example_sensors.py
[2024-06-14T08:20:59.462+0000] {processor.py:830} INFO - Processing file /home/airflow/.local/lib/python3.12/site-packages/airflow/example_dags/example_sensors.py for tasks to queue
[2024-06-14T08:20:59.463+0000] {logging_mixin.py:188} INFO - [2024-06-14T08:20:59.463+0000] {dagbag.py:545} INFO - Filling up the DagBag from /home/airflow/.local/lib/python3.12/site-packages/airflow/example_dags/example_sensors.py
[2024-06-14T08:20:59.468+0000] {processor.py:840} INFO - DAG(s) 'example_sensors' retrieved from /home/airflow/.local/lib/python3.12/site-packages/airflow/example_dags/example_sensors.py
[2024-06-14T08:20:59.489+0000] {logging_mixin.py:188} INFO - [2024-06-14T08:20:59.489+0000] {dag.py:3096} INFO - Sync 1 DAGs
[2024-06-14T08:20:59.500+0000] {logging_mixin.py:188} INFO - [2024-06-14T08:20:59.499+0000] {dag.py:3954} INFO - Setting next_dagrun for example_sensors to None, run_after=None
[2024-06-14T08:20:59.517+0000] {processor.py:183} INFO - Processing /home/airflow/.local/lib/python3.12/site-packages/airflow/example_dags/example_sensors.py took 0.060 seconds
[2024-06-14T08:21:29.850+0000] {processor.py:161} INFO - Started process (PID=423) to work on /home/airflow/.local/lib/python3.12/site-packages/airflow/example_dags/example_sensors.py
[2024-06-14T08:21:29.851+0000] {processor.py:830} INFO - Processing file /home/airflow/.local/lib/python3.12/site-packages/airflow/example_dags/example_sensors.py for tasks to queue
[2024-06-14T08:21:29.852+0000] {logging_mixin.py:188} INFO - [2024-06-14T08:21:29.852+0000] {dagbag.py:545} INFO - Filling up the DagBag from /home/airflow/.local/lib/python3.12/site-packages/airflow/example_dags/example_sensors.py
[2024-06-14T08:21:29.859+0000] {processor.py:840} INFO - DAG(s) 'example_sensors' retrieved from /home/airflow/.local/lib/python3.12/site-packages/airflow/example_dags/example_sensors.py
[2024-06-14T08:21:29.880+0000] {logging_mixin.py:188} INFO - [2024-06-14T08:21:29.879+0000] {dag.py:3096} INFO - Sync 1 DAGs
[2024-06-14T08:21:29.889+0000] {logging_mixin.py:188} INFO - [2024-06-14T08:21:29.889+0000] {dag.py:3954} INFO - Setting next_dagrun for example_sensors to None, run_after=None
[2024-06-14T08:21:29.905+0000] {processor.py:183} INFO - Processing /home/airflow/.local/lib/python3.12/site-packages/airflow/example_dags/example_sensors.py took 0.062 seconds
[2024-06-14T08:22:00.039+0000] {processor.py:161} INFO - Started process (PID=481) to work on /home/airflow/.local/lib/python3.12/site-packages/airflow/example_dags/example_sensors.py
[2024-06-14T08:22:00.040+0000] {processor.py:830} INFO - Processing file /home/airflow/.local/lib/python3.12/site-packages/airflow/example_dags/example_sensors.py for tasks to queue
[2024-06-14T08:22:00.041+0000] {logging_mixin.py:188} INFO - [2024-06-14T08:22:00.041+0000] {dagbag.py:545} INFO - Filling up the DagBag from /home/airflow/.local/lib/python3.12/site-packages/airflow/example_dags/example_sensors.py
[2024-06-14T08:22:00.047+0000] {processor.py:840} INFO - DAG(s) 'example_sensors' retrieved from /home/airflow/.local/lib/python3.12/site-packages/airflow/example_dags/example_sensors.py
[2024-06-14T08:22:00.066+0000] {logging_mixin.py:188} INFO - [2024-06-14T08:22:00.066+0000] {dag.py:3096} INFO - Sync 1 DAGs
[2024-06-14T08:22:00.076+0000] {logging_mixin.py:188} INFO - [2024-06-14T08:22:00.076+0000] {dag.py:3954} INFO - Setting next_dagrun for example_sensors to None, run_after=None
[2024-06-14T08:22:00.093+0000] {processor.py:183} INFO - Processing /home/airflow/.local/lib/python3.12/site-packages/airflow/example_dags/example_sensors.py took 0.058 seconds
[2024-06-14T08:22:30.240+0000] {processor.py:161} INFO - Started process (PID=539) to work on /home/airflow/.local/lib/python3.12/site-packages/airflow/example_dags/example_sensors.py
[2024-06-14T08:22:30.242+0000] {processor.py:830} INFO - Processing file /home/airflow/.local/lib/python3.12/site-packages/airflow/example_dags/example_sensors.py for tasks to queue
[2024-06-14T08:22:30.243+0000] {logging_mixin.py:188} INFO - [2024-06-14T08:22:30.243+0000] {dagbag.py:545} INFO - Filling up the DagBag from /home/airflow/.local/lib/python3.12/site-packages/airflow/example_dags/example_sensors.py
[2024-06-14T08:22:30.249+0000] {processor.py:840} INFO - DAG(s) 'example_sensors' retrieved from /home/airflow/.local/lib/python3.12/site-packages/airflow/example_dags/example_sensors.py
[2024-06-14T08:22:30.270+0000] {logging_mixin.py:188} INFO - [2024-06-14T08:22:30.270+0000] {dag.py:3096} INFO - Sync 1 DAGs
[2024-06-14T08:22:30.280+0000] {logging_mixin.py:188} INFO - [2024-06-14T08:22:30.280+0000] {dag.py:3954} INFO - Setting next_dagrun for example_sensors to None, run_after=None
[2024-06-14T08:22:30.295+0000] {processor.py:183} INFO - Processing /home/airflow/.local/lib/python3.12/site-packages/airflow/example_dags/example_sensors.py took 0.059 seconds
[2024-06-14T08:23:00.650+0000] {processor.py:161} INFO - Started process (PID=597) to work on /home/airflow/.local/lib/python3.12/site-packages/airflow/example_dags/example_sensors.py
[2024-06-14T08:23:00.651+0000] {processor.py:830} INFO - Processing file /home/airflow/.local/lib/python3.12/site-packages/airflow/example_dags/example_sensors.py for tasks to queue
[2024-06-14T08:23:00.652+0000] {logging_mixin.py:188} INFO - [2024-06-14T08:23:00.652+0000] {dagbag.py:545} INFO - Filling up the DagBag from /home/airflow/.local/lib/python3.12/site-packages/airflow/example_dags/example_sensors.py
[2024-06-14T08:23:00.658+0000] {processor.py:840} INFO - DAG(s) 'example_sensors' retrieved from /home/airflow/.local/lib/python3.12/site-packages/airflow/example_dags/example_sensors.py
[2024-06-14T08:23:00.682+0000] {logging_mixin.py:188} INFO - [2024-06-14T08:23:00.682+0000] {dag.py:3096} INFO - Sync 1 DAGs
[2024-06-14T08:23:00.692+0000] {logging_mixin.py:188} INFO - [2024-06-14T08:23:00.692+0000] {dag.py:3954} INFO - Setting next_dagrun for example_sensors to None, run_after=None
[2024-06-14T08:23:00.710+0000] {processor.py:183} INFO - Processing /home/airflow/.local/lib/python3.12/site-packages/airflow/example_dags/example_sensors.py took 0.064 seconds
[2024-06-14T08:23:31.319+0000] {processor.py:161} INFO - Started process (PID=656) to work on /home/airflow/.local/lib/python3.12/site-packages/airflow/example_dags/example_sensors.py
[2024-06-14T08:23:31.319+0000] {processor.py:830} INFO - Processing file /home/airflow/.local/lib/python3.12/site-packages/airflow/example_dags/example_sensors.py for tasks to queue
[2024-06-14T08:23:31.321+0000] {logging_mixin.py:188} INFO - [2024-06-14T08:23:31.321+0000] {dagbag.py:545} INFO - Filling up the DagBag from /home/airflow/.local/lib/python3.12/site-packages/airflow/example_dags/example_sensors.py
[2024-06-14T08:23:31.327+0000] {processor.py:840} INFO - DAG(s) 'example_sensors' retrieved from /home/airflow/.local/lib/python3.12/site-packages/airflow/example_dags/example_sensors.py
[2024-06-14T08:23:31.346+0000] {logging_mixin.py:188} INFO - [2024-06-14T08:23:31.346+0000] {dag.py:3096} INFO - Sync 1 DAGs
[2024-06-14T08:23:31.355+0000] {logging_mixin.py:188} INFO - [2024-06-14T08:23:31.355+0000] {dag.py:3954} INFO - Setting next_dagrun for example_sensors to None, run_after=None
[2024-06-14T08:23:31.372+0000] {processor.py:183} INFO - Processing /home/airflow/.local/lib/python3.12/site-packages/airflow/example_dags/example_sensors.py took 0.058 seconds
[2024-06-14T08:24:01.809+0000] {processor.py:161} INFO - Started process (PID=715) to work on /home/airflow/.local/lib/python3.12/site-packages/airflow/example_dags/example_sensors.py
[2024-06-14T08:24:01.810+0000] {processor.py:830} INFO - Processing file /home/airflow/.local/lib/python3.12/site-packages/airflow/example_dags/example_sensors.py for tasks to queue
[2024-06-14T08:24:01.811+0000] {logging_mixin.py:188} INFO - [2024-06-14T08:24:01.811+0000] {dagbag.py:545} INFO - Filling up the DagBag from /home/airflow/.local/lib/python3.12/site-packages/airflow/example_dags/example_sensors.py
[2024-06-14T08:24:01.818+0000] {processor.py:840} INFO - DAG(s) 'example_sensors' retrieved from /home/airflow/.local/lib/python3.12/site-packages/airflow/example_dags/example_sensors.py
[2024-06-14T08:24:01.843+0000] {logging_mixin.py:188} INFO - [2024-06-14T08:24:01.843+0000] {dag.py:3096} INFO - Sync 1 DAGs
[2024-06-14T08:24:01.853+0000] {logging_mixin.py:188} INFO - [2024-06-14T08:24:01.853+0000] {dag.py:3954} INFO - Setting next_dagrun for example_sensors to None, run_after=None
[2024-06-14T08:24:01.871+0000] {processor.py:183} INFO - Processing /home/airflow/.local/lib/python3.12/site-packages/airflow/example_dags/example_sensors.py took 0.067 seconds
[2024-06-14T08:24:32.202+0000] {processor.py:161} INFO - Started process (PID=774) to work on /home/airflow/.local/lib/python3.12/site-packages/airflow/example_dags/example_sensors.py
[2024-06-14T08:24:32.203+0000] {processor.py:830} INFO - Processing file /home/airflow/.local/lib/python3.12/site-packages/airflow/example_dags/example_sensors.py for tasks to queue
[2024-06-14T08:24:32.205+0000] {logging_mixin.py:188} INFO - [2024-06-14T08:24:32.204+0000] {dagbag.py:545} INFO - Filling up the DagBag from /home/airflow/.local/lib/python3.12/site-packages/airflow/example_dags/example_sensors.py
[2024-06-14T08:24:32.212+0000] {processor.py:840} INFO - DAG(s) 'example_sensors' retrieved from /home/airflow/.local/lib/python3.12/site-packages/airflow/example_dags/example_sensors.py
[2024-06-14T08:24:32.236+0000] {logging_mixin.py:188} INFO - [2024-06-14T08:24:32.236+0000] {dag.py:3096} INFO - Sync 1 DAGs
[2024-06-14T08:24:32.248+0000] {logging_mixin.py:188} INFO - [2024-06-14T08:24:32.248+0000] {dag.py:3954} INFO - Setting next_dagrun for example_sensors to None, run_after=None
[2024-06-14T08:24:32.266+0000] {processor.py:183} INFO - Processing /home/airflow/.local/lib/python3.12/site-packages/airflow/example_dags/example_sensors.py took 0.069 seconds
