[2024-06-14T08:18:27.663+0000] {processor.py:161} INFO - Started process (PID=74) to work on /home/airflow/.local/lib/python3.12/site-packages/airflow/example_dags/example_branch_python_dop_operator_3.py
[2024-06-14T08:18:27.663+0000] {processor.py:830} INFO - Processing file /home/airflow/.local/lib/python3.12/site-packages/airflow/example_dags/example_branch_python_dop_operator_3.py for tasks to queue
[2024-06-14T08:18:27.665+0000] {logging_mixin.py:188} INFO - [2024-06-14T08:18:27.665+0000] {dagbag.py:545} INFO - Filling up the DagBag from /home/airflow/.local/lib/python3.12/site-packages/airflow/example_dags/example_branch_python_dop_operator_3.py
[2024-06-14T08:18:27.672+0000] {processor.py:840} INFO - DAG(s) 'example_branch_dop_operator_v3' retrieved from /home/airflow/.local/lib/python3.12/site-packages/airflow/example_dags/example_branch_python_dop_operator_3.py
[2024-06-14T08:18:27.694+0000] {logging_mixin.py:188} INFO - [2024-06-14T08:18:27.694+0000] {dag.py:3096} INFO - Sync 1 DAGs
[2024-06-14T08:18:27.738+0000] {logging_mixin.py:188} INFO - [2024-06-14T08:18:27.738+0000] {dag.py:3954} INFO - Setting next_dagrun for example_branch_dop_operator_v3 to 2024-06-14 08:17:00+00:00, run_after=2024-06-14 08:18:00+00:00
[2024-06-14T08:18:27.771+0000] {processor.py:183} INFO - Processing /home/airflow/.local/lib/python3.12/site-packages/airflow/example_dags/example_branch_python_dop_operator_3.py took 0.113 seconds
[2024-06-14T08:18:58.550+0000] {processor.py:161} INFO - Started process (PID=132) to work on /home/airflow/.local/lib/python3.12/site-packages/airflow/example_dags/example_branch_python_dop_operator_3.py
[2024-06-14T08:18:58.551+0000] {processor.py:830} INFO - Processing file /home/airflow/.local/lib/python3.12/site-packages/airflow/example_dags/example_branch_python_dop_operator_3.py for tasks to queue
[2024-06-14T08:18:58.553+0000] {logging_mixin.py:188} INFO - [2024-06-14T08:18:58.552+0000] {dagbag.py:545} INFO - Filling up the DagBag from /home/airflow/.local/lib/python3.12/site-packages/airflow/example_dags/example_branch_python_dop_operator_3.py
[2024-06-14T08:18:58.559+0000] {processor.py:840} INFO - DAG(s) 'example_branch_dop_operator_v3' retrieved from /home/airflow/.local/lib/python3.12/site-packages/airflow/example_dags/example_branch_python_dop_operator_3.py
[2024-06-14T08:18:58.638+0000] {logging_mixin.py:188} INFO - [2024-06-14T08:18:58.637+0000] {dag.py:3096} INFO - Sync 1 DAGs
[2024-06-14T08:18:58.654+0000] {logging_mixin.py:188} INFO - [2024-06-14T08:18:58.654+0000] {dag.py:3954} INFO - Setting next_dagrun for example_branch_dop_operator_v3 to 2024-06-14 08:17:00+00:00, run_after=2024-06-14 08:18:00+00:00
[2024-06-14T08:18:58.675+0000] {processor.py:183} INFO - Processing /home/airflow/.local/lib/python3.12/site-packages/airflow/example_dags/example_branch_python_dop_operator_3.py took 0.130 seconds
[2024-06-14T08:19:28.694+0000] {processor.py:161} INFO - Started process (PID=190) to work on /home/airflow/.local/lib/python3.12/site-packages/airflow/example_dags/example_branch_python_dop_operator_3.py
[2024-06-14T08:19:28.696+0000] {processor.py:830} INFO - Processing file /home/airflow/.local/lib/python3.12/site-packages/airflow/example_dags/example_branch_python_dop_operator_3.py for tasks to queue
[2024-06-14T08:19:28.697+0000] {logging_mixin.py:188} INFO - [2024-06-14T08:19:28.697+0000] {dagbag.py:545} INFO - Filling up the DagBag from /home/airflow/.local/lib/python3.12/site-packages/airflow/example_dags/example_branch_python_dop_operator_3.py
[2024-06-14T08:19:28.702+0000] {processor.py:840} INFO - DAG(s) 'example_branch_dop_operator_v3' retrieved from /home/airflow/.local/lib/python3.12/site-packages/airflow/example_dags/example_branch_python_dop_operator_3.py
[2024-06-14T08:19:28.717+0000] {logging_mixin.py:188} INFO - [2024-06-14T08:19:28.717+0000] {dag.py:3096} INFO - Sync 1 DAGs
[2024-06-14T08:19:28.733+0000] {logging_mixin.py:188} INFO - [2024-06-14T08:19:28.733+0000] {dag.py:3954} INFO - Setting next_dagrun for example_branch_dop_operator_v3 to 2024-06-14 08:18:00+00:00, run_after=2024-06-14 08:19:00+00:00
[2024-06-14T08:19:28.748+0000] {processor.py:183} INFO - Processing /home/airflow/.local/lib/python3.12/site-packages/airflow/example_dags/example_branch_python_dop_operator_3.py took 0.057 seconds
[2024-06-14T08:19:58.939+0000] {processor.py:161} INFO - Started process (PID=248) to work on /home/airflow/.local/lib/python3.12/site-packages/airflow/example_dags/example_branch_python_dop_operator_3.py
[2024-06-14T08:19:58.940+0000] {processor.py:830} INFO - Processing file /home/airflow/.local/lib/python3.12/site-packages/airflow/example_dags/example_branch_python_dop_operator_3.py for tasks to queue
[2024-06-14T08:19:58.941+0000] {logging_mixin.py:188} INFO - [2024-06-14T08:19:58.941+0000] {dagbag.py:545} INFO - Filling up the DagBag from /home/airflow/.local/lib/python3.12/site-packages/airflow/example_dags/example_branch_python_dop_operator_3.py
[2024-06-14T08:19:58.948+0000] {processor.py:840} INFO - DAG(s) 'example_branch_dop_operator_v3' retrieved from /home/airflow/.local/lib/python3.12/site-packages/airflow/example_dags/example_branch_python_dop_operator_3.py
[2024-06-14T08:19:58.964+0000] {logging_mixin.py:188} INFO - [2024-06-14T08:19:58.964+0000] {dag.py:3096} INFO - Sync 1 DAGs
[2024-06-14T08:19:58.983+0000] {logging_mixin.py:188} INFO - [2024-06-14T08:19:58.983+0000] {dag.py:3954} INFO - Setting next_dagrun for example_branch_dop_operator_v3 to 2024-06-14 08:18:00+00:00, run_after=2024-06-14 08:19:00+00:00
[2024-06-14T08:19:58.999+0000] {processor.py:183} INFO - Processing /home/airflow/.local/lib/python3.12/site-packages/airflow/example_dags/example_branch_python_dop_operator_3.py took 0.065 seconds
[2024-06-14T08:20:29.082+0000] {processor.py:161} INFO - Started process (PID=306) to work on /home/airflow/.local/lib/python3.12/site-packages/airflow/example_dags/example_branch_python_dop_operator_3.py
[2024-06-14T08:20:29.083+0000] {processor.py:830} INFO - Processing file /home/airflow/.local/lib/python3.12/site-packages/airflow/example_dags/example_branch_python_dop_operator_3.py for tasks to queue
[2024-06-14T08:20:29.085+0000] {logging_mixin.py:188} INFO - [2024-06-14T08:20:29.084+0000] {dagbag.py:545} INFO - Filling up the DagBag from /home/airflow/.local/lib/python3.12/site-packages/airflow/example_dags/example_branch_python_dop_operator_3.py
[2024-06-14T08:20:29.091+0000] {processor.py:840} INFO - DAG(s) 'example_branch_dop_operator_v3' retrieved from /home/airflow/.local/lib/python3.12/site-packages/airflow/example_dags/example_branch_python_dop_operator_3.py
[2024-06-14T08:20:29.107+0000] {logging_mixin.py:188} INFO - [2024-06-14T08:20:29.107+0000] {dag.py:3096} INFO - Sync 1 DAGs
[2024-06-14T08:20:29.125+0000] {logging_mixin.py:188} INFO - [2024-06-14T08:20:29.125+0000] {dag.py:3954} INFO - Setting next_dagrun for example_branch_dop_operator_v3 to 2024-06-14 08:19:00+00:00, run_after=2024-06-14 08:20:00+00:00
[2024-06-14T08:20:29.141+0000] {processor.py:183} INFO - Processing /home/airflow/.local/lib/python3.12/site-packages/airflow/example_dags/example_branch_python_dop_operator_3.py took 0.063 seconds
[2024-06-14T08:20:59.438+0000] {processor.py:161} INFO - Started process (PID=364) to work on /home/airflow/.local/lib/python3.12/site-packages/airflow/example_dags/example_branch_python_dop_operator_3.py
[2024-06-14T08:20:59.440+0000] {processor.py:830} INFO - Processing file /home/airflow/.local/lib/python3.12/site-packages/airflow/example_dags/example_branch_python_dop_operator_3.py for tasks to queue
[2024-06-14T08:20:59.441+0000] {logging_mixin.py:188} INFO - [2024-06-14T08:20:59.441+0000] {dagbag.py:545} INFO - Filling up the DagBag from /home/airflow/.local/lib/python3.12/site-packages/airflow/example_dags/example_branch_python_dop_operator_3.py
[2024-06-14T08:20:59.448+0000] {processor.py:840} INFO - DAG(s) 'example_branch_dop_operator_v3' retrieved from /home/airflow/.local/lib/python3.12/site-packages/airflow/example_dags/example_branch_python_dop_operator_3.py
[2024-06-14T08:20:59.465+0000] {logging_mixin.py:188} INFO - [2024-06-14T08:20:59.465+0000] {dag.py:3096} INFO - Sync 1 DAGs
[2024-06-14T08:20:59.482+0000] {logging_mixin.py:188} INFO - [2024-06-14T08:20:59.482+0000] {dag.py:3954} INFO - Setting next_dagrun for example_branch_dop_operator_v3 to 2024-06-14 08:19:00+00:00, run_after=2024-06-14 08:20:00+00:00
[2024-06-14T08:20:59.502+0000] {processor.py:183} INFO - Processing /home/airflow/.local/lib/python3.12/site-packages/airflow/example_dags/example_branch_python_dop_operator_3.py took 0.068 seconds
[2024-06-14T08:21:29.838+0000] {processor.py:161} INFO - Started process (PID=422) to work on /home/airflow/.local/lib/python3.12/site-packages/airflow/example_dags/example_branch_python_dop_operator_3.py
[2024-06-14T08:21:29.842+0000] {processor.py:830} INFO - Processing file /home/airflow/.local/lib/python3.12/site-packages/airflow/example_dags/example_branch_python_dop_operator_3.py for tasks to queue
[2024-06-14T08:21:29.846+0000] {logging_mixin.py:188} INFO - [2024-06-14T08:21:29.846+0000] {dagbag.py:545} INFO - Filling up the DagBag from /home/airflow/.local/lib/python3.12/site-packages/airflow/example_dags/example_branch_python_dop_operator_3.py
[2024-06-14T08:21:29.855+0000] {processor.py:840} INFO - DAG(s) 'example_branch_dop_operator_v3' retrieved from /home/airflow/.local/lib/python3.12/site-packages/airflow/example_dags/example_branch_python_dop_operator_3.py
[2024-06-14T08:21:29.871+0000] {logging_mixin.py:188} INFO - [2024-06-14T08:21:29.871+0000] {dag.py:3096} INFO - Sync 1 DAGs
[2024-06-14T08:21:29.889+0000] {logging_mixin.py:188} INFO - [2024-06-14T08:21:29.889+0000] {dag.py:3954} INFO - Setting next_dagrun for example_branch_dop_operator_v3 to 2024-06-14 08:20:00+00:00, run_after=2024-06-14 08:21:00+00:00
[2024-06-14T08:21:29.906+0000] {processor.py:183} INFO - Processing /home/airflow/.local/lib/python3.12/site-packages/airflow/example_dags/example_branch_python_dop_operator_3.py took 0.073 seconds
[2024-06-14T08:22:00.011+0000] {processor.py:161} INFO - Started process (PID=480) to work on /home/airflow/.local/lib/python3.12/site-packages/airflow/example_dags/example_branch_python_dop_operator_3.py
[2024-06-14T08:22:00.012+0000] {processor.py:830} INFO - Processing file /home/airflow/.local/lib/python3.12/site-packages/airflow/example_dags/example_branch_python_dop_operator_3.py for tasks to queue
[2024-06-14T08:22:00.013+0000] {logging_mixin.py:188} INFO - [2024-06-14T08:22:00.013+0000] {dagbag.py:545} INFO - Filling up the DagBag from /home/airflow/.local/lib/python3.12/site-packages/airflow/example_dags/example_branch_python_dop_operator_3.py
[2024-06-14T08:22:00.021+0000] {processor.py:840} INFO - DAG(s) 'example_branch_dop_operator_v3' retrieved from /home/airflow/.local/lib/python3.12/site-packages/airflow/example_dags/example_branch_python_dop_operator_3.py
[2024-06-14T08:22:00.039+0000] {logging_mixin.py:188} INFO - [2024-06-14T08:22:00.039+0000] {dag.py:3096} INFO - Sync 1 DAGs
[2024-06-14T08:22:00.057+0000] {logging_mixin.py:188} INFO - [2024-06-14T08:22:00.057+0000] {dag.py:3954} INFO - Setting next_dagrun for example_branch_dop_operator_v3 to 2024-06-14 08:21:00+00:00, run_after=2024-06-14 08:22:00+00:00
[2024-06-14T08:22:00.073+0000] {processor.py:183} INFO - Processing /home/airflow/.local/lib/python3.12/site-packages/airflow/example_dags/example_branch_python_dop_operator_3.py took 0.067 seconds
[2024-06-14T08:22:30.169+0000] {processor.py:161} INFO - Started process (PID=538) to work on /home/airflow/.local/lib/python3.12/site-packages/airflow/example_dags/example_branch_python_dop_operator_3.py
[2024-06-14T08:22:30.170+0000] {processor.py:830} INFO - Processing file /home/airflow/.local/lib/python3.12/site-packages/airflow/example_dags/example_branch_python_dop_operator_3.py for tasks to queue
[2024-06-14T08:22:30.171+0000] {logging_mixin.py:188} INFO - [2024-06-14T08:22:30.171+0000] {dagbag.py:545} INFO - Filling up the DagBag from /home/airflow/.local/lib/python3.12/site-packages/airflow/example_dags/example_branch_python_dop_operator_3.py
[2024-06-14T08:22:30.177+0000] {processor.py:840} INFO - DAG(s) 'example_branch_dop_operator_v3' retrieved from /home/airflow/.local/lib/python3.12/site-packages/airflow/example_dags/example_branch_python_dop_operator_3.py
[2024-06-14T08:22:30.192+0000] {logging_mixin.py:188} INFO - [2024-06-14T08:22:30.192+0000] {dag.py:3096} INFO - Sync 1 DAGs
[2024-06-14T08:22:30.207+0000] {logging_mixin.py:188} INFO - [2024-06-14T08:22:30.207+0000] {dag.py:3954} INFO - Setting next_dagrun for example_branch_dop_operator_v3 to 2024-06-14 08:21:00+00:00, run_after=2024-06-14 08:22:00+00:00
[2024-06-14T08:22:30.222+0000] {processor.py:183} INFO - Processing /home/airflow/.local/lib/python3.12/site-packages/airflow/example_dags/example_branch_python_dop_operator_3.py took 0.057 seconds
[2024-06-14T08:23:00.570+0000] {processor.py:161} INFO - Started process (PID=596) to work on /home/airflow/.local/lib/python3.12/site-packages/airflow/example_dags/example_branch_python_dop_operator_3.py
[2024-06-14T08:23:00.571+0000] {processor.py:830} INFO - Processing file /home/airflow/.local/lib/python3.12/site-packages/airflow/example_dags/example_branch_python_dop_operator_3.py for tasks to queue
[2024-06-14T08:23:00.572+0000] {logging_mixin.py:188} INFO - [2024-06-14T08:23:00.572+0000] {dagbag.py:545} INFO - Filling up the DagBag from /home/airflow/.local/lib/python3.12/site-packages/airflow/example_dags/example_branch_python_dop_operator_3.py
[2024-06-14T08:23:00.579+0000] {processor.py:840} INFO - DAG(s) 'example_branch_dop_operator_v3' retrieved from /home/airflow/.local/lib/python3.12/site-packages/airflow/example_dags/example_branch_python_dop_operator_3.py
[2024-06-14T08:23:00.596+0000] {logging_mixin.py:188} INFO - [2024-06-14T08:23:00.596+0000] {dag.py:3096} INFO - Sync 1 DAGs
[2024-06-14T08:23:00.614+0000] {logging_mixin.py:188} INFO - [2024-06-14T08:23:00.614+0000] {dag.py:3954} INFO - Setting next_dagrun for example_branch_dop_operator_v3 to 2024-06-14 08:22:00+00:00, run_after=2024-06-14 08:23:00+00:00
[2024-06-14T08:23:00.633+0000] {processor.py:183} INFO - Processing /home/airflow/.local/lib/python3.12/site-packages/airflow/example_dags/example_branch_python_dop_operator_3.py took 0.068 seconds
[2024-06-14T08:23:31.265+0000] {processor.py:161} INFO - Started process (PID=655) to work on /home/airflow/.local/lib/python3.12/site-packages/airflow/example_dags/example_branch_python_dop_operator_3.py
[2024-06-14T08:23:31.266+0000] {processor.py:830} INFO - Processing file /home/airflow/.local/lib/python3.12/site-packages/airflow/example_dags/example_branch_python_dop_operator_3.py for tasks to queue
[2024-06-14T08:23:31.267+0000] {logging_mixin.py:188} INFO - [2024-06-14T08:23:31.267+0000] {dagbag.py:545} INFO - Filling up the DagBag from /home/airflow/.local/lib/python3.12/site-packages/airflow/example_dags/example_branch_python_dop_operator_3.py
[2024-06-14T08:23:31.274+0000] {processor.py:840} INFO - DAG(s) 'example_branch_dop_operator_v3' retrieved from /home/airflow/.local/lib/python3.12/site-packages/airflow/example_dags/example_branch_python_dop_operator_3.py
[2024-06-14T08:23:31.289+0000] {logging_mixin.py:188} INFO - [2024-06-14T08:23:31.289+0000] {dag.py:3096} INFO - Sync 1 DAGs
[2024-06-14T08:23:31.309+0000] {logging_mixin.py:188} INFO - [2024-06-14T08:23:31.308+0000] {dag.py:3954} INFO - Setting next_dagrun for example_branch_dop_operator_v3 to 2024-06-14 08:22:00+00:00, run_after=2024-06-14 08:23:00+00:00
[2024-06-14T08:23:31.324+0000] {processor.py:183} INFO - Processing /home/airflow/.local/lib/python3.12/site-packages/airflow/example_dags/example_branch_python_dop_operator_3.py took 0.063 seconds
[2024-06-14T08:24:01.797+0000] {processor.py:161} INFO - Started process (PID=714) to work on /home/airflow/.local/lib/python3.12/site-packages/airflow/example_dags/example_branch_python_dop_operator_3.py
[2024-06-14T08:24:01.798+0000] {processor.py:830} INFO - Processing file /home/airflow/.local/lib/python3.12/site-packages/airflow/example_dags/example_branch_python_dop_operator_3.py for tasks to queue
[2024-06-14T08:24:01.800+0000] {logging_mixin.py:188} INFO - [2024-06-14T08:24:01.800+0000] {dagbag.py:545} INFO - Filling up the DagBag from /home/airflow/.local/lib/python3.12/site-packages/airflow/example_dags/example_branch_python_dop_operator_3.py
[2024-06-14T08:24:01.807+0000] {processor.py:840} INFO - DAG(s) 'example_branch_dop_operator_v3' retrieved from /home/airflow/.local/lib/python3.12/site-packages/airflow/example_dags/example_branch_python_dop_operator_3.py
[2024-06-14T08:24:01.826+0000] {logging_mixin.py:188} INFO - [2024-06-14T08:24:01.826+0000] {dag.py:3096} INFO - Sync 1 DAGs
[2024-06-14T08:24:01.846+0000] {logging_mixin.py:188} INFO - [2024-06-14T08:24:01.846+0000] {dag.py:3954} INFO - Setting next_dagrun for example_branch_dop_operator_v3 to 2024-06-14 08:23:00+00:00, run_after=2024-06-14 08:24:00+00:00
[2024-06-14T08:24:01.864+0000] {processor.py:183} INFO - Processing /home/airflow/.local/lib/python3.12/site-packages/airflow/example_dags/example_branch_python_dop_operator_3.py took 0.071 seconds
[2024-06-14T08:24:32.141+0000] {processor.py:161} INFO - Started process (PID=773) to work on /home/airflow/.local/lib/python3.12/site-packages/airflow/example_dags/example_branch_python_dop_operator_3.py
[2024-06-14T08:24:32.142+0000] {processor.py:830} INFO - Processing file /home/airflow/.local/lib/python3.12/site-packages/airflow/example_dags/example_branch_python_dop_operator_3.py for tasks to queue
[2024-06-14T08:24:32.144+0000] {logging_mixin.py:188} INFO - [2024-06-14T08:24:32.143+0000] {dagbag.py:545} INFO - Filling up the DagBag from /home/airflow/.local/lib/python3.12/site-packages/airflow/example_dags/example_branch_python_dop_operator_3.py
[2024-06-14T08:24:32.151+0000] {processor.py:840} INFO - DAG(s) 'example_branch_dop_operator_v3' retrieved from /home/airflow/.local/lib/python3.12/site-packages/airflow/example_dags/example_branch_python_dop_operator_3.py
[2024-06-14T08:24:32.169+0000] {logging_mixin.py:188} INFO - [2024-06-14T08:24:32.169+0000] {dag.py:3096} INFO - Sync 1 DAGs
[2024-06-14T08:24:32.190+0000] {logging_mixin.py:188} INFO - [2024-06-14T08:24:32.189+0000] {dag.py:3954} INFO - Setting next_dagrun for example_branch_dop_operator_v3 to 2024-06-14 08:23:00+00:00, run_after=2024-06-14 08:24:00+00:00
[2024-06-14T08:24:32.210+0000] {processor.py:183} INFO - Processing /home/airflow/.local/lib/python3.12/site-packages/airflow/example_dags/example_branch_python_dop_operator_3.py took 0.074 seconds
