[2024-06-14T08:18:28.180+0000] {processor.py:161} INFO - Started process (PID=84) to work on /home/airflow/.local/lib/python3.12/site-packages/airflow/example_dags/example_latest_only_with_trigger.py
[2024-06-14T08:18:28.181+0000] {processor.py:830} INFO - Processing file /home/airflow/.local/lib/python3.12/site-packages/airflow/example_dags/example_latest_only_with_trigger.py for tasks to queue
[2024-06-14T08:18:28.182+0000] {logging_mixin.py:188} INFO - [2024-06-14T08:18:28.182+0000] {dagbag.py:545} INFO - Filling up the DagBag from /home/airflow/.local/lib/python3.12/site-packages/airflow/example_dags/example_latest_only_with_trigger.py
[2024-06-14T08:18:28.187+0000] {processor.py:840} INFO - DAG(s) 'latest_only_with_trigger' retrieved from /home/airflow/.local/lib/python3.12/site-packages/airflow/example_dags/example_latest_only_with_trigger.py
[2024-06-14T08:18:28.197+0000] {logging_mixin.py:188} INFO - [2024-06-14T08:18:28.196+0000] {dag.py:3096} INFO - Sync 1 DAGs
[2024-06-14T08:18:28.227+0000] {logging_mixin.py:188} INFO - [2024-06-14T08:18:28.227+0000] {dag.py:3954} INFO - Setting next_dagrun for latest_only_with_trigger to 2024-06-14 04:00:00+00:00, run_after=2024-06-14 08:00:00+00:00
[2024-06-14T08:18:28.245+0000] {processor.py:183} INFO - Processing /home/airflow/.local/lib/python3.12/site-packages/airflow/example_dags/example_latest_only_with_trigger.py took 0.069 seconds
[2024-06-14T08:18:59.249+0000] {processor.py:161} INFO - Started process (PID=142) to work on /home/airflow/.local/lib/python3.12/site-packages/airflow/example_dags/example_latest_only_with_trigger.py
[2024-06-14T08:18:59.251+0000] {processor.py:830} INFO - Processing file /home/airflow/.local/lib/python3.12/site-packages/airflow/example_dags/example_latest_only_with_trigger.py for tasks to queue
[2024-06-14T08:18:59.252+0000] {logging_mixin.py:188} INFO - [2024-06-14T08:18:59.252+0000] {dagbag.py:545} INFO - Filling up the DagBag from /home/airflow/.local/lib/python3.12/site-packages/airflow/example_dags/example_latest_only_with_trigger.py
[2024-06-14T08:18:59.256+0000] {processor.py:840} INFO - DAG(s) 'latest_only_with_trigger' retrieved from /home/airflow/.local/lib/python3.12/site-packages/airflow/example_dags/example_latest_only_with_trigger.py
[2024-06-14T08:18:59.334+0000] {logging_mixin.py:188} INFO - [2024-06-14T08:18:59.334+0000] {dag.py:3096} INFO - Sync 1 DAGs
[2024-06-14T08:18:59.351+0000] {logging_mixin.py:188} INFO - [2024-06-14T08:18:59.351+0000] {dag.py:3954} INFO - Setting next_dagrun for latest_only_with_trigger to 2024-06-14 04:00:00+00:00, run_after=2024-06-14 08:00:00+00:00
[2024-06-14T08:18:59.368+0000] {processor.py:183} INFO - Processing /home/airflow/.local/lib/python3.12/site-packages/airflow/example_dags/example_latest_only_with_trigger.py took 0.123 seconds
[2024-06-14T08:19:30.150+0000] {processor.py:161} INFO - Started process (PID=200) to work on /home/airflow/.local/lib/python3.12/site-packages/airflow/example_dags/example_latest_only_with_trigger.py
[2024-06-14T08:19:30.151+0000] {processor.py:830} INFO - Processing file /home/airflow/.local/lib/python3.12/site-packages/airflow/example_dags/example_latest_only_with_trigger.py for tasks to queue
[2024-06-14T08:19:30.152+0000] {logging_mixin.py:188} INFO - [2024-06-14T08:19:30.152+0000] {dagbag.py:545} INFO - Filling up the DagBag from /home/airflow/.local/lib/python3.12/site-packages/airflow/example_dags/example_latest_only_with_trigger.py
[2024-06-14T08:19:30.156+0000] {processor.py:840} INFO - DAG(s) 'latest_only_with_trigger' retrieved from /home/airflow/.local/lib/python3.12/site-packages/airflow/example_dags/example_latest_only_with_trigger.py
[2024-06-14T08:19:30.175+0000] {logging_mixin.py:188} INFO - [2024-06-14T08:19:30.174+0000] {dag.py:3096} INFO - Sync 1 DAGs
[2024-06-14T08:19:30.191+0000] {logging_mixin.py:188} INFO - [2024-06-14T08:19:30.191+0000] {dag.py:3954} INFO - Setting next_dagrun for latest_only_with_trigger to 2024-06-14 04:00:00+00:00, run_after=2024-06-14 08:00:00+00:00
[2024-06-14T08:19:30.208+0000] {processor.py:183} INFO - Processing /home/airflow/.local/lib/python3.12/site-packages/airflow/example_dags/example_latest_only_with_trigger.py took 0.062 seconds
[2024-06-14T08:20:00.406+0000] {processor.py:161} INFO - Started process (PID=260) to work on /home/airflow/.local/lib/python3.12/site-packages/airflow/example_dags/example_latest_only_with_trigger.py
[2024-06-14T08:20:00.407+0000] {processor.py:830} INFO - Processing file /home/airflow/.local/lib/python3.12/site-packages/airflow/example_dags/example_latest_only_with_trigger.py for tasks to queue
[2024-06-14T08:20:00.409+0000] {logging_mixin.py:188} INFO - [2024-06-14T08:20:00.408+0000] {dagbag.py:545} INFO - Filling up the DagBag from /home/airflow/.local/lib/python3.12/site-packages/airflow/example_dags/example_latest_only_with_trigger.py
[2024-06-14T08:20:00.413+0000] {processor.py:840} INFO - DAG(s) 'latest_only_with_trigger' retrieved from /home/airflow/.local/lib/python3.12/site-packages/airflow/example_dags/example_latest_only_with_trigger.py
[2024-06-14T08:20:00.430+0000] {logging_mixin.py:188} INFO - [2024-06-14T08:20:00.429+0000] {dag.py:3096} INFO - Sync 1 DAGs
[2024-06-14T08:20:00.446+0000] {logging_mixin.py:188} INFO - [2024-06-14T08:20:00.446+0000] {dag.py:3954} INFO - Setting next_dagrun for latest_only_with_trigger to 2024-06-14 04:00:00+00:00, run_after=2024-06-14 08:00:00+00:00
[2024-06-14T08:20:00.464+0000] {processor.py:183} INFO - Processing /home/airflow/.local/lib/python3.12/site-packages/airflow/example_dags/example_latest_only_with_trigger.py took 0.062 seconds
[2024-06-14T08:20:30.527+0000] {processor.py:161} INFO - Started process (PID=318) to work on /home/airflow/.local/lib/python3.12/site-packages/airflow/example_dags/example_latest_only_with_trigger.py
[2024-06-14T08:20:30.528+0000] {processor.py:830} INFO - Processing file /home/airflow/.local/lib/python3.12/site-packages/airflow/example_dags/example_latest_only_with_trigger.py for tasks to queue
[2024-06-14T08:20:30.529+0000] {logging_mixin.py:188} INFO - [2024-06-14T08:20:30.529+0000] {dagbag.py:545} INFO - Filling up the DagBag from /home/airflow/.local/lib/python3.12/site-packages/airflow/example_dags/example_latest_only_with_trigger.py
[2024-06-14T08:20:30.533+0000] {processor.py:840} INFO - DAG(s) 'latest_only_with_trigger' retrieved from /home/airflow/.local/lib/python3.12/site-packages/airflow/example_dags/example_latest_only_with_trigger.py
[2024-06-14T08:20:30.549+0000] {logging_mixin.py:188} INFO - [2024-06-14T08:20:30.549+0000] {dag.py:3096} INFO - Sync 1 DAGs
[2024-06-14T08:20:30.564+0000] {logging_mixin.py:188} INFO - [2024-06-14T08:20:30.564+0000] {dag.py:3954} INFO - Setting next_dagrun for latest_only_with_trigger to 2024-06-14 04:00:00+00:00, run_after=2024-06-14 08:00:00+00:00
[2024-06-14T08:20:30.579+0000] {processor.py:183} INFO - Processing /home/airflow/.local/lib/python3.12/site-packages/airflow/example_dags/example_latest_only_with_trigger.py took 0.056 seconds
[2024-06-14T08:21:00.909+0000] {processor.py:161} INFO - Started process (PID=376) to work on /home/airflow/.local/lib/python3.12/site-packages/airflow/example_dags/example_latest_only_with_trigger.py
[2024-06-14T08:21:00.910+0000] {processor.py:830} INFO - Processing file /home/airflow/.local/lib/python3.12/site-packages/airflow/example_dags/example_latest_only_with_trigger.py for tasks to queue
[2024-06-14T08:21:00.912+0000] {logging_mixin.py:188} INFO - [2024-06-14T08:21:00.911+0000] {dagbag.py:545} INFO - Filling up the DagBag from /home/airflow/.local/lib/python3.12/site-packages/airflow/example_dags/example_latest_only_with_trigger.py
[2024-06-14T08:21:00.916+0000] {processor.py:840} INFO - DAG(s) 'latest_only_with_trigger' retrieved from /home/airflow/.local/lib/python3.12/site-packages/airflow/example_dags/example_latest_only_with_trigger.py
[2024-06-14T08:21:00.934+0000] {logging_mixin.py:188} INFO - [2024-06-14T08:21:00.934+0000] {dag.py:3096} INFO - Sync 1 DAGs
[2024-06-14T08:21:00.953+0000] {logging_mixin.py:188} INFO - [2024-06-14T08:21:00.952+0000] {dag.py:3954} INFO - Setting next_dagrun for latest_only_with_trigger to 2024-06-14 04:00:00+00:00, run_after=2024-06-14 08:00:00+00:00
[2024-06-14T08:21:00.972+0000] {processor.py:183} INFO - Processing /home/airflow/.local/lib/python3.12/site-packages/airflow/example_dags/example_latest_only_with_trigger.py took 0.068 seconds
[2024-06-14T08:21:31.291+0000] {processor.py:161} INFO - Started process (PID=434) to work on /home/airflow/.local/lib/python3.12/site-packages/airflow/example_dags/example_latest_only_with_trigger.py
[2024-06-14T08:21:31.292+0000] {processor.py:830} INFO - Processing file /home/airflow/.local/lib/python3.12/site-packages/airflow/example_dags/example_latest_only_with_trigger.py for tasks to queue
[2024-06-14T08:21:31.293+0000] {logging_mixin.py:188} INFO - [2024-06-14T08:21:31.293+0000] {dagbag.py:545} INFO - Filling up the DagBag from /home/airflow/.local/lib/python3.12/site-packages/airflow/example_dags/example_latest_only_with_trigger.py
[2024-06-14T08:21:31.297+0000] {processor.py:840} INFO - DAG(s) 'latest_only_with_trigger' retrieved from /home/airflow/.local/lib/python3.12/site-packages/airflow/example_dags/example_latest_only_with_trigger.py
[2024-06-14T08:21:31.314+0000] {logging_mixin.py:188} INFO - [2024-06-14T08:21:31.314+0000] {dag.py:3096} INFO - Sync 1 DAGs
[2024-06-14T08:21:31.330+0000] {logging_mixin.py:188} INFO - [2024-06-14T08:21:31.330+0000] {dag.py:3954} INFO - Setting next_dagrun for latest_only_with_trigger to 2024-06-14 04:00:00+00:00, run_after=2024-06-14 08:00:00+00:00
[2024-06-14T08:21:31.345+0000] {processor.py:183} INFO - Processing /home/airflow/.local/lib/python3.12/site-packages/airflow/example_dags/example_latest_only_with_trigger.py took 0.059 seconds
[2024-06-14T08:22:01.484+0000] {processor.py:161} INFO - Started process (PID=492) to work on /home/airflow/.local/lib/python3.12/site-packages/airflow/example_dags/example_latest_only_with_trigger.py
[2024-06-14T08:22:01.485+0000] {processor.py:830} INFO - Processing file /home/airflow/.local/lib/python3.12/site-packages/airflow/example_dags/example_latest_only_with_trigger.py for tasks to queue
[2024-06-14T08:22:01.487+0000] {logging_mixin.py:188} INFO - [2024-06-14T08:22:01.486+0000] {dagbag.py:545} INFO - Filling up the DagBag from /home/airflow/.local/lib/python3.12/site-packages/airflow/example_dags/example_latest_only_with_trigger.py
[2024-06-14T08:22:01.491+0000] {processor.py:840} INFO - DAG(s) 'latest_only_with_trigger' retrieved from /home/airflow/.local/lib/python3.12/site-packages/airflow/example_dags/example_latest_only_with_trigger.py
[2024-06-14T08:22:01.509+0000] {logging_mixin.py:188} INFO - [2024-06-14T08:22:01.509+0000] {dag.py:3096} INFO - Sync 1 DAGs
[2024-06-14T08:22:01.527+0000] {logging_mixin.py:188} INFO - [2024-06-14T08:22:01.527+0000] {dag.py:3954} INFO - Setting next_dagrun for latest_only_with_trigger to 2024-06-14 04:00:00+00:00, run_after=2024-06-14 08:00:00+00:00
[2024-06-14T08:22:01.544+0000] {processor.py:183} INFO - Processing /home/airflow/.local/lib/python3.12/site-packages/airflow/example_dags/example_latest_only_with_trigger.py took 0.064 seconds
[2024-06-14T08:22:31.639+0000] {processor.py:161} INFO - Started process (PID=549) to work on /home/airflow/.local/lib/python3.12/site-packages/airflow/example_dags/example_latest_only_with_trigger.py
[2024-06-14T08:22:31.640+0000] {processor.py:830} INFO - Processing file /home/airflow/.local/lib/python3.12/site-packages/airflow/example_dags/example_latest_only_with_trigger.py for tasks to queue
[2024-06-14T08:22:31.641+0000] {logging_mixin.py:188} INFO - [2024-06-14T08:22:31.641+0000] {dagbag.py:545} INFO - Filling up the DagBag from /home/airflow/.local/lib/python3.12/site-packages/airflow/example_dags/example_latest_only_with_trigger.py
[2024-06-14T08:22:31.645+0000] {processor.py:840} INFO - DAG(s) 'latest_only_with_trigger' retrieved from /home/airflow/.local/lib/python3.12/site-packages/airflow/example_dags/example_latest_only_with_trigger.py
[2024-06-14T08:22:31.662+0000] {logging_mixin.py:188} INFO - [2024-06-14T08:22:31.662+0000] {dag.py:3096} INFO - Sync 1 DAGs
[2024-06-14T08:22:31.680+0000] {logging_mixin.py:188} INFO - [2024-06-14T08:22:31.680+0000] {dag.py:3954} INFO - Setting next_dagrun for latest_only_with_trigger to 2024-06-14 04:00:00+00:00, run_after=2024-06-14 08:00:00+00:00
[2024-06-14T08:22:31.696+0000] {processor.py:183} INFO - Processing /home/airflow/.local/lib/python3.12/site-packages/airflow/example_dags/example_latest_only_with_trigger.py took 0.062 seconds
[2024-06-14T08:23:02.014+0000] {processor.py:161} INFO - Started process (PID=607) to work on /home/airflow/.local/lib/python3.12/site-packages/airflow/example_dags/example_latest_only_with_trigger.py
[2024-06-14T08:23:02.015+0000] {processor.py:830} INFO - Processing file /home/airflow/.local/lib/python3.12/site-packages/airflow/example_dags/example_latest_only_with_trigger.py for tasks to queue
[2024-06-14T08:23:02.017+0000] {logging_mixin.py:188} INFO - [2024-06-14T08:23:02.016+0000] {dagbag.py:545} INFO - Filling up the DagBag from /home/airflow/.local/lib/python3.12/site-packages/airflow/example_dags/example_latest_only_with_trigger.py
[2024-06-14T08:23:02.021+0000] {processor.py:840} INFO - DAG(s) 'latest_only_with_trigger' retrieved from /home/airflow/.local/lib/python3.12/site-packages/airflow/example_dags/example_latest_only_with_trigger.py
[2024-06-14T08:23:02.039+0000] {logging_mixin.py:188} INFO - [2024-06-14T08:23:02.038+0000] {dag.py:3096} INFO - Sync 1 DAGs
[2024-06-14T08:23:02.057+0000] {logging_mixin.py:188} INFO - [2024-06-14T08:23:02.057+0000] {dag.py:3954} INFO - Setting next_dagrun for latest_only_with_trigger to 2024-06-14 04:00:00+00:00, run_after=2024-06-14 08:00:00+00:00
[2024-06-14T08:23:02.074+0000] {processor.py:183} INFO - Processing /home/airflow/.local/lib/python3.12/site-packages/airflow/example_dags/example_latest_only_with_trigger.py took 0.064 seconds
[2024-06-14T08:23:32.703+0000] {processor.py:161} INFO - Started process (PID=665) to work on /home/airflow/.local/lib/python3.12/site-packages/airflow/example_dags/example_latest_only_with_trigger.py
[2024-06-14T08:23:32.705+0000] {processor.py:830} INFO - Processing file /home/airflow/.local/lib/python3.12/site-packages/airflow/example_dags/example_latest_only_with_trigger.py for tasks to queue
[2024-06-14T08:23:32.706+0000] {logging_mixin.py:188} INFO - [2024-06-14T08:23:32.706+0000] {dagbag.py:545} INFO - Filling up the DagBag from /home/airflow/.local/lib/python3.12/site-packages/airflow/example_dags/example_latest_only_with_trigger.py
[2024-06-14T08:23:32.710+0000] {processor.py:840} INFO - DAG(s) 'latest_only_with_trigger' retrieved from /home/airflow/.local/lib/python3.12/site-packages/airflow/example_dags/example_latest_only_with_trigger.py
[2024-06-14T08:23:32.728+0000] {logging_mixin.py:188} INFO - [2024-06-14T08:23:32.728+0000] {dag.py:3096} INFO - Sync 1 DAGs
[2024-06-14T08:23:32.746+0000] {logging_mixin.py:188} INFO - [2024-06-14T08:23:32.746+0000] {dag.py:3954} INFO - Setting next_dagrun for latest_only_with_trigger to 2024-06-14 04:00:00+00:00, run_after=2024-06-14 08:00:00+00:00
[2024-06-14T08:23:32.763+0000] {processor.py:183} INFO - Processing /home/airflow/.local/lib/python3.12/site-packages/airflow/example_dags/example_latest_only_with_trigger.py took 0.064 seconds
[2024-06-14T08:24:03.256+0000] {processor.py:161} INFO - Started process (PID=724) to work on /home/airflow/.local/lib/python3.12/site-packages/airflow/example_dags/example_latest_only_with_trigger.py
[2024-06-14T08:24:03.257+0000] {processor.py:830} INFO - Processing file /home/airflow/.local/lib/python3.12/site-packages/airflow/example_dags/example_latest_only_with_trigger.py for tasks to queue
[2024-06-14T08:24:03.258+0000] {logging_mixin.py:188} INFO - [2024-06-14T08:24:03.258+0000] {dagbag.py:545} INFO - Filling up the DagBag from /home/airflow/.local/lib/python3.12/site-packages/airflow/example_dags/example_latest_only_with_trigger.py
[2024-06-14T08:24:03.262+0000] {processor.py:840} INFO - DAG(s) 'latest_only_with_trigger' retrieved from /home/airflow/.local/lib/python3.12/site-packages/airflow/example_dags/example_latest_only_with_trigger.py
[2024-06-14T08:24:03.280+0000] {logging_mixin.py:188} INFO - [2024-06-14T08:24:03.280+0000] {dag.py:3096} INFO - Sync 1 DAGs
[2024-06-14T08:24:03.297+0000] {logging_mixin.py:188} INFO - [2024-06-14T08:24:03.297+0000] {dag.py:3954} INFO - Setting next_dagrun for latest_only_with_trigger to 2024-06-14 04:00:00+00:00, run_after=2024-06-14 08:00:00+00:00
[2024-06-14T08:24:03.314+0000] {processor.py:183} INFO - Processing /home/airflow/.local/lib/python3.12/site-packages/airflow/example_dags/example_latest_only_with_trigger.py took 0.063 seconds
[2024-06-14T08:24:33.633+0000] {processor.py:161} INFO - Started process (PID=783) to work on /home/airflow/.local/lib/python3.12/site-packages/airflow/example_dags/example_latest_only_with_trigger.py
[2024-06-14T08:24:33.634+0000] {processor.py:830} INFO - Processing file /home/airflow/.local/lib/python3.12/site-packages/airflow/example_dags/example_latest_only_with_trigger.py for tasks to queue
[2024-06-14T08:24:33.636+0000] {logging_mixin.py:188} INFO - [2024-06-14T08:24:33.635+0000] {dagbag.py:545} INFO - Filling up the DagBag from /home/airflow/.local/lib/python3.12/site-packages/airflow/example_dags/example_latest_only_with_trigger.py
[2024-06-14T08:24:33.640+0000] {processor.py:840} INFO - DAG(s) 'latest_only_with_trigger' retrieved from /home/airflow/.local/lib/python3.12/site-packages/airflow/example_dags/example_latest_only_with_trigger.py
[2024-06-14T08:24:33.660+0000] {logging_mixin.py:188} INFO - [2024-06-14T08:24:33.659+0000] {dag.py:3096} INFO - Sync 1 DAGs
[2024-06-14T08:24:33.678+0000] {logging_mixin.py:188} INFO - [2024-06-14T08:24:33.678+0000] {dag.py:3954} INFO - Setting next_dagrun for latest_only_with_trigger to 2024-06-14 04:00:00+00:00, run_after=2024-06-14 08:00:00+00:00
[2024-06-14T08:24:33.698+0000] {processor.py:183} INFO - Processing /home/airflow/.local/lib/python3.12/site-packages/airflow/example_dags/example_latest_only_with_trigger.py took 0.070 seconds
