[2024-06-14T08:18:25.978+0000] {processor.py:161} INFO - Started process (PID=54) to work on /home/airflow/.local/lib/python3.12/site-packages/airflow/example_dags/example_datasets.py
[2024-06-14T08:18:25.980+0000] {processor.py:830} INFO - Processing file /home/airflow/.local/lib/python3.12/site-packages/airflow/example_dags/example_datasets.py for tasks to queue
[2024-06-14T08:18:25.982+0000] {logging_mixin.py:188} INFO - [2024-06-14T08:18:25.982+0000] {dagbag.py:545} INFO - Filling up the DagBag from /home/airflow/.local/lib/python3.12/site-packages/airflow/example_dags/example_datasets.py
[2024-06-14T08:18:26.010+0000] {processor.py:840} INFO - DAG(s) 'consume_1_and_2_with_dataset_expressions', 'dataset_consumes_1_and_2', 'dataset_consumes_1_never_scheduled', 'dataset_consumes_unknown_never_scheduled', 'conditional_dataset_and_time_based_timetable', 'consume_1_or_both_2_and_3_with_dataset_expressions', 'consume_1_or_2_with_dataset_expressions', 'dataset_produces_2', 'dataset_produces_1', 'dataset_consumes_1' retrieved from /home/airflow/.local/lib/python3.12/site-packages/airflow/example_dags/example_datasets.py
[2024-06-14T08:18:26.038+0000] {logging_mixin.py:188} INFO - [2024-06-14T08:18:26.037+0000] {dag.py:3096} INFO - Sync 10 DAGs
[2024-06-14T08:18:26.079+0000] {logging_mixin.py:188} INFO - [2024-06-14T08:18:26.079+0000] {dag.py:3954} INFO - Setting next_dagrun for conditional_dataset_and_time_based_timetable to 2024-06-12 01:00:00+00:00, run_after=2024-06-12 01:00:00+00:00
[2024-06-14T08:18:26.085+0000] {logging_mixin.py:188} INFO - [2024-06-14T08:18:26.085+0000] {dag.py:3954} INFO - Setting next_dagrun for consume_1_and_2_with_dataset_expressions to None, run_after=None
[2024-06-14T08:18:26.086+0000] {logging_mixin.py:188} INFO - [2024-06-14T08:18:26.086+0000] {dag.py:3954} INFO - Setting next_dagrun for consume_1_or_2_with_dataset_expressions to None, run_after=None
[2024-06-14T08:18:26.088+0000] {logging_mixin.py:188} INFO - [2024-06-14T08:18:26.088+0000] {dag.py:3954} INFO - Setting next_dagrun for consume_1_or_both_2_and_3_with_dataset_expressions to None, run_after=None
[2024-06-14T08:18:26.089+0000] {logging_mixin.py:188} INFO - [2024-06-14T08:18:26.089+0000] {dag.py:3954} INFO - Setting next_dagrun for dataset_consumes_1 to None, run_after=None
[2024-06-14T08:18:26.090+0000] {logging_mixin.py:188} INFO - [2024-06-14T08:18:26.090+0000] {dag.py:3954} INFO - Setting next_dagrun for dataset_consumes_1_and_2 to None, run_after=None
[2024-06-14T08:18:26.091+0000] {logging_mixin.py:188} INFO - [2024-06-14T08:18:26.091+0000] {dag.py:3954} INFO - Setting next_dagrun for dataset_consumes_1_never_scheduled to None, run_after=None
[2024-06-14T08:18:26.092+0000] {logging_mixin.py:188} INFO - [2024-06-14T08:18:26.092+0000] {dag.py:3954} INFO - Setting next_dagrun for dataset_consumes_unknown_never_scheduled to None, run_after=None
[2024-06-14T08:18:26.094+0000] {logging_mixin.py:188} INFO - [2024-06-14T08:18:26.094+0000] {dag.py:3954} INFO - Setting next_dagrun for dataset_produces_1 to 2024-06-13 00:00:00+00:00, run_after=2024-06-14 00:00:00+00:00
[2024-06-14T08:18:26.096+0000] {logging_mixin.py:188} INFO - [2024-06-14T08:18:26.096+0000] {dag.py:3954} INFO - Setting next_dagrun for dataset_produces_2 to None, run_after=None
[2024-06-14T08:18:26.145+0000] {processor.py:183} INFO - Processing /home/airflow/.local/lib/python3.12/site-packages/airflow/example_dags/example_datasets.py took 0.178 seconds
[2024-06-14T08:18:57.020+0000] {processor.py:161} INFO - Started process (PID=112) to work on /home/airflow/.local/lib/python3.12/site-packages/airflow/example_dags/example_datasets.py
[2024-06-14T08:18:57.022+0000] {processor.py:830} INFO - Processing file /home/airflow/.local/lib/python3.12/site-packages/airflow/example_dags/example_datasets.py for tasks to queue
[2024-06-14T08:18:57.023+0000] {logging_mixin.py:188} INFO - [2024-06-14T08:18:57.023+0000] {dagbag.py:545} INFO - Filling up the DagBag from /home/airflow/.local/lib/python3.12/site-packages/airflow/example_dags/example_datasets.py
[2024-06-14T08:18:57.035+0000] {processor.py:840} INFO - DAG(s) 'dataset_consumes_1_never_scheduled', 'dataset_consumes_1_and_2', 'dataset_produces_2', 'dataset_produces_1', 'consume_1_or_2_with_dataset_expressions', 'consume_1_or_both_2_and_3_with_dataset_expressions', 'conditional_dataset_and_time_based_timetable', 'dataset_consumes_unknown_never_scheduled', 'dataset_consumes_1', 'consume_1_and_2_with_dataset_expressions' retrieved from /home/airflow/.local/lib/python3.12/site-packages/airflow/example_dags/example_datasets.py
[2024-06-14T08:18:57.212+0000] {logging_mixin.py:188} INFO - [2024-06-14T08:18:57.212+0000] {dag.py:3096} INFO - Sync 10 DAGs
[2024-06-14T08:18:57.230+0000] {logging_mixin.py:188} INFO - [2024-06-14T08:18:57.230+0000] {dag.py:3954} INFO - Setting next_dagrun for conditional_dataset_and_time_based_timetable to 2024-06-12 01:00:00+00:00, run_after=2024-06-12 01:00:00+00:00
[2024-06-14T08:18:57.232+0000] {logging_mixin.py:188} INFO - [2024-06-14T08:18:57.232+0000] {dag.py:3954} INFO - Setting next_dagrun for consume_1_and_2_with_dataset_expressions to None, run_after=None
[2024-06-14T08:18:57.234+0000] {logging_mixin.py:188} INFO - [2024-06-14T08:18:57.233+0000] {dag.py:3954} INFO - Setting next_dagrun for consume_1_or_2_with_dataset_expressions to None, run_after=None
[2024-06-14T08:18:57.235+0000] {logging_mixin.py:188} INFO - [2024-06-14T08:18:57.235+0000] {dag.py:3954} INFO - Setting next_dagrun for consume_1_or_both_2_and_3_with_dataset_expressions to None, run_after=None
[2024-06-14T08:18:57.236+0000] {logging_mixin.py:188} INFO - [2024-06-14T08:18:57.236+0000] {dag.py:3954} INFO - Setting next_dagrun for dataset_consumes_1 to None, run_after=None
[2024-06-14T08:18:57.237+0000] {logging_mixin.py:188} INFO - [2024-06-14T08:18:57.237+0000] {dag.py:3954} INFO - Setting next_dagrun for dataset_consumes_1_and_2 to None, run_after=None
[2024-06-14T08:18:57.238+0000] {logging_mixin.py:188} INFO - [2024-06-14T08:18:57.238+0000] {dag.py:3954} INFO - Setting next_dagrun for dataset_consumes_1_never_scheduled to None, run_after=None
[2024-06-14T08:18:57.239+0000] {logging_mixin.py:188} INFO - [2024-06-14T08:18:57.239+0000] {dag.py:3954} INFO - Setting next_dagrun for dataset_consumes_unknown_never_scheduled to None, run_after=None
[2024-06-14T08:18:57.241+0000] {logging_mixin.py:188} INFO - [2024-06-14T08:18:57.241+0000] {dag.py:3954} INFO - Setting next_dagrun for dataset_produces_1 to 2024-06-13 00:00:00+00:00, run_after=2024-06-14 00:00:00+00:00
[2024-06-14T08:18:57.242+0000] {logging_mixin.py:188} INFO - [2024-06-14T08:18:57.242+0000] {dag.py:3954} INFO - Setting next_dagrun for dataset_produces_2 to None, run_after=None
[2024-06-14T08:18:57.272+0000] {processor.py:183} INFO - Processing /home/airflow/.local/lib/python3.12/site-packages/airflow/example_dags/example_datasets.py took 0.256 seconds
[2024-06-14T08:19:27.589+0000] {processor.py:161} INFO - Started process (PID=170) to work on /home/airflow/.local/lib/python3.12/site-packages/airflow/example_dags/example_datasets.py
[2024-06-14T08:19:27.590+0000] {processor.py:830} INFO - Processing file /home/airflow/.local/lib/python3.12/site-packages/airflow/example_dags/example_datasets.py for tasks to queue
[2024-06-14T08:19:27.591+0000] {logging_mixin.py:188} INFO - [2024-06-14T08:19:27.591+0000] {dagbag.py:545} INFO - Filling up the DagBag from /home/airflow/.local/lib/python3.12/site-packages/airflow/example_dags/example_datasets.py
[2024-06-14T08:19:27.602+0000] {processor.py:840} INFO - DAG(s) 'dataset_consumes_1_and_2', 'dataset_consumes_1_never_scheduled', 'dataset_consumes_unknown_never_scheduled', 'conditional_dataset_and_time_based_timetable', 'dataset_consumes_1', 'consume_1_or_both_2_and_3_with_dataset_expressions', 'consume_1_and_2_with_dataset_expressions', 'dataset_produces_1', 'dataset_produces_2', 'consume_1_or_2_with_dataset_expressions' retrieved from /home/airflow/.local/lib/python3.12/site-packages/airflow/example_dags/example_datasets.py
[2024-06-14T08:19:27.642+0000] {logging_mixin.py:188} INFO - [2024-06-14T08:19:27.642+0000] {dag.py:3096} INFO - Sync 10 DAGs
[2024-06-14T08:19:27.660+0000] {logging_mixin.py:188} INFO - [2024-06-14T08:19:27.660+0000] {dag.py:3954} INFO - Setting next_dagrun for conditional_dataset_and_time_based_timetable to 2024-06-12 01:00:00+00:00, run_after=2024-06-12 01:00:00+00:00
[2024-06-14T08:19:27.663+0000] {logging_mixin.py:188} INFO - [2024-06-14T08:19:27.663+0000] {dag.py:3954} INFO - Setting next_dagrun for consume_1_and_2_with_dataset_expressions to None, run_after=None
[2024-06-14T08:19:27.664+0000] {logging_mixin.py:188} INFO - [2024-06-14T08:19:27.664+0000] {dag.py:3954} INFO - Setting next_dagrun for consume_1_or_2_with_dataset_expressions to None, run_after=None
[2024-06-14T08:19:27.665+0000] {logging_mixin.py:188} INFO - [2024-06-14T08:19:27.665+0000] {dag.py:3954} INFO - Setting next_dagrun for consume_1_or_both_2_and_3_with_dataset_expressions to None, run_after=None
[2024-06-14T08:19:27.666+0000] {logging_mixin.py:188} INFO - [2024-06-14T08:19:27.666+0000] {dag.py:3954} INFO - Setting next_dagrun for dataset_consumes_1 to None, run_after=None
[2024-06-14T08:19:27.667+0000] {logging_mixin.py:188} INFO - [2024-06-14T08:19:27.667+0000] {dag.py:3954} INFO - Setting next_dagrun for dataset_consumes_1_and_2 to None, run_after=None
[2024-06-14T08:19:27.668+0000] {logging_mixin.py:188} INFO - [2024-06-14T08:19:27.668+0000] {dag.py:3954} INFO - Setting next_dagrun for dataset_consumes_1_never_scheduled to None, run_after=None
[2024-06-14T08:19:27.669+0000] {logging_mixin.py:188} INFO - [2024-06-14T08:19:27.669+0000] {dag.py:3954} INFO - Setting next_dagrun for dataset_consumes_unknown_never_scheduled to None, run_after=None
[2024-06-14T08:19:27.670+0000] {logging_mixin.py:188} INFO - [2024-06-14T08:19:27.670+0000] {dag.py:3954} INFO - Setting next_dagrun for dataset_produces_1 to 2024-06-13 00:00:00+00:00, run_after=2024-06-14 00:00:00+00:00
[2024-06-14T08:19:27.671+0000] {logging_mixin.py:188} INFO - [2024-06-14T08:19:27.671+0000] {dag.py:3954} INFO - Setting next_dagrun for dataset_produces_2 to None, run_after=None
[2024-06-14T08:19:27.696+0000] {processor.py:183} INFO - Processing /home/airflow/.local/lib/python3.12/site-packages/airflow/example_dags/example_datasets.py took 0.112 seconds
[2024-06-14T08:19:57.982+0000] {processor.py:161} INFO - Started process (PID=228) to work on /home/airflow/.local/lib/python3.12/site-packages/airflow/example_dags/example_datasets.py
[2024-06-14T08:19:57.983+0000] {processor.py:830} INFO - Processing file /home/airflow/.local/lib/python3.12/site-packages/airflow/example_dags/example_datasets.py for tasks to queue
[2024-06-14T08:19:57.984+0000] {logging_mixin.py:188} INFO - [2024-06-14T08:19:57.984+0000] {dagbag.py:545} INFO - Filling up the DagBag from /home/airflow/.local/lib/python3.12/site-packages/airflow/example_dags/example_datasets.py
[2024-06-14T08:19:57.995+0000] {processor.py:840} INFO - DAG(s) 'dataset_consumes_1_never_scheduled', 'dataset_produces_1', 'consume_1_or_both_2_and_3_with_dataset_expressions', 'dataset_produces_2', 'dataset_consumes_1', 'consume_1_or_2_with_dataset_expressions', 'dataset_consumes_1_and_2', 'dataset_consumes_unknown_never_scheduled', 'conditional_dataset_and_time_based_timetable', 'consume_1_and_2_with_dataset_expressions' retrieved from /home/airflow/.local/lib/python3.12/site-packages/airflow/example_dags/example_datasets.py
[2024-06-14T08:19:58.036+0000] {logging_mixin.py:188} INFO - [2024-06-14T08:19:58.035+0000] {dag.py:3096} INFO - Sync 10 DAGs
[2024-06-14T08:19:58.054+0000] {logging_mixin.py:188} INFO - [2024-06-14T08:19:58.053+0000] {dag.py:3954} INFO - Setting next_dagrun for conditional_dataset_and_time_based_timetable to 2024-06-12 01:00:00+00:00, run_after=2024-06-12 01:00:00+00:00
[2024-06-14T08:19:58.057+0000] {logging_mixin.py:188} INFO - [2024-06-14T08:19:58.057+0000] {dag.py:3954} INFO - Setting next_dagrun for consume_1_and_2_with_dataset_expressions to None, run_after=None
[2024-06-14T08:19:58.058+0000] {logging_mixin.py:188} INFO - [2024-06-14T08:19:58.058+0000] {dag.py:3954} INFO - Setting next_dagrun for consume_1_or_2_with_dataset_expressions to None, run_after=None
[2024-06-14T08:19:58.059+0000] {logging_mixin.py:188} INFO - [2024-06-14T08:19:58.059+0000] {dag.py:3954} INFO - Setting next_dagrun for consume_1_or_both_2_and_3_with_dataset_expressions to None, run_after=None
[2024-06-14T08:19:58.060+0000] {logging_mixin.py:188} INFO - [2024-06-14T08:19:58.060+0000] {dag.py:3954} INFO - Setting next_dagrun for dataset_consumes_1 to None, run_after=None
[2024-06-14T08:19:58.061+0000] {logging_mixin.py:188} INFO - [2024-06-14T08:19:58.061+0000] {dag.py:3954} INFO - Setting next_dagrun for dataset_consumes_1_and_2 to None, run_after=None
[2024-06-14T08:19:58.062+0000] {logging_mixin.py:188} INFO - [2024-06-14T08:19:58.062+0000] {dag.py:3954} INFO - Setting next_dagrun for dataset_consumes_1_never_scheduled to None, run_after=None
[2024-06-14T08:19:58.063+0000] {logging_mixin.py:188} INFO - [2024-06-14T08:19:58.063+0000] {dag.py:3954} INFO - Setting next_dagrun for dataset_consumes_unknown_never_scheduled to None, run_after=None
[2024-06-14T08:19:58.065+0000] {logging_mixin.py:188} INFO - [2024-06-14T08:19:58.065+0000] {dag.py:3954} INFO - Setting next_dagrun for dataset_produces_1 to 2024-06-13 00:00:00+00:00, run_after=2024-06-14 00:00:00+00:00
[2024-06-14T08:19:58.066+0000] {logging_mixin.py:188} INFO - [2024-06-14T08:19:58.066+0000] {dag.py:3954} INFO - Setting next_dagrun for dataset_produces_2 to None, run_after=None
[2024-06-14T08:19:58.100+0000] {processor.py:183} INFO - Processing /home/airflow/.local/lib/python3.12/site-packages/airflow/example_dags/example_datasets.py took 0.122 seconds
[2024-06-14T08:20:28.293+0000] {processor.py:161} INFO - Started process (PID=286) to work on /home/airflow/.local/lib/python3.12/site-packages/airflow/example_dags/example_datasets.py
[2024-06-14T08:20:28.295+0000] {processor.py:830} INFO - Processing file /home/airflow/.local/lib/python3.12/site-packages/airflow/example_dags/example_datasets.py for tasks to queue
[2024-06-14T08:20:28.296+0000] {logging_mixin.py:188} INFO - [2024-06-14T08:20:28.296+0000] {dagbag.py:545} INFO - Filling up the DagBag from /home/airflow/.local/lib/python3.12/site-packages/airflow/example_dags/example_datasets.py
[2024-06-14T08:20:28.306+0000] {processor.py:840} INFO - DAG(s) 'dataset_consumes_unknown_never_scheduled', 'consume_1_and_2_with_dataset_expressions', 'conditional_dataset_and_time_based_timetable', 'dataset_consumes_1_never_scheduled', 'dataset_consumes_1', 'dataset_consumes_1_and_2', 'consume_1_or_2_with_dataset_expressions', 'consume_1_or_both_2_and_3_with_dataset_expressions', 'dataset_produces_2', 'dataset_produces_1' retrieved from /home/airflow/.local/lib/python3.12/site-packages/airflow/example_dags/example_datasets.py
[2024-06-14T08:20:28.347+0000] {logging_mixin.py:188} INFO - [2024-06-14T08:20:28.347+0000] {dag.py:3096} INFO - Sync 10 DAGs
[2024-06-14T08:20:28.367+0000] {logging_mixin.py:188} INFO - [2024-06-14T08:20:28.367+0000] {dag.py:3954} INFO - Setting next_dagrun for conditional_dataset_and_time_based_timetable to 2024-06-12 01:00:00+00:00, run_after=2024-06-12 01:00:00+00:00
[2024-06-14T08:20:28.370+0000] {logging_mixin.py:188} INFO - [2024-06-14T08:20:28.370+0000] {dag.py:3954} INFO - Setting next_dagrun for consume_1_and_2_with_dataset_expressions to None, run_after=None
[2024-06-14T08:20:28.371+0000] {logging_mixin.py:188} INFO - [2024-06-14T08:20:28.371+0000] {dag.py:3954} INFO - Setting next_dagrun for consume_1_or_2_with_dataset_expressions to None, run_after=None
[2024-06-14T08:20:28.373+0000] {logging_mixin.py:188} INFO - [2024-06-14T08:20:28.373+0000] {dag.py:3954} INFO - Setting next_dagrun for consume_1_or_both_2_and_3_with_dataset_expressions to None, run_after=None
[2024-06-14T08:20:28.374+0000] {logging_mixin.py:188} INFO - [2024-06-14T08:20:28.374+0000] {dag.py:3954} INFO - Setting next_dagrun for dataset_consumes_1 to None, run_after=None
[2024-06-14T08:20:28.375+0000] {logging_mixin.py:188} INFO - [2024-06-14T08:20:28.375+0000] {dag.py:3954} INFO - Setting next_dagrun for dataset_consumes_1_and_2 to None, run_after=None
[2024-06-14T08:20:28.376+0000] {logging_mixin.py:188} INFO - [2024-06-14T08:20:28.376+0000] {dag.py:3954} INFO - Setting next_dagrun for dataset_consumes_1_never_scheduled to None, run_after=None
[2024-06-14T08:20:28.377+0000] {logging_mixin.py:188} INFO - [2024-06-14T08:20:28.377+0000] {dag.py:3954} INFO - Setting next_dagrun for dataset_consumes_unknown_never_scheduled to None, run_after=None
[2024-06-14T08:20:28.379+0000] {logging_mixin.py:188} INFO - [2024-06-14T08:20:28.378+0000] {dag.py:3954} INFO - Setting next_dagrun for dataset_produces_1 to 2024-06-13 00:00:00+00:00, run_after=2024-06-14 00:00:00+00:00
[2024-06-14T08:20:28.380+0000] {logging_mixin.py:188} INFO - [2024-06-14T08:20:28.379+0000] {dag.py:3954} INFO - Setting next_dagrun for dataset_produces_2 to None, run_after=None
[2024-06-14T08:20:28.407+0000] {processor.py:183} INFO - Processing /home/airflow/.local/lib/python3.12/site-packages/airflow/example_dags/example_datasets.py took 0.117 seconds
[2024-06-14T08:20:58.442+0000] {processor.py:161} INFO - Started process (PID=344) to work on /home/airflow/.local/lib/python3.12/site-packages/airflow/example_dags/example_datasets.py
[2024-06-14T08:20:58.444+0000] {processor.py:830} INFO - Processing file /home/airflow/.local/lib/python3.12/site-packages/airflow/example_dags/example_datasets.py for tasks to queue
[2024-06-14T08:20:58.445+0000] {logging_mixin.py:188} INFO - [2024-06-14T08:20:58.444+0000] {dagbag.py:545} INFO - Filling up the DagBag from /home/airflow/.local/lib/python3.12/site-packages/airflow/example_dags/example_datasets.py
[2024-06-14T08:20:58.453+0000] {processor.py:840} INFO - DAG(s) 'conditional_dataset_and_time_based_timetable', 'consume_1_or_2_with_dataset_expressions', 'consume_1_or_both_2_and_3_with_dataset_expressions', 'consume_1_and_2_with_dataset_expressions', 'dataset_consumes_1', 'dataset_consumes_unknown_never_scheduled', 'dataset_produces_2', 'dataset_produces_1', 'dataset_consumes_1_and_2', 'dataset_consumes_1_never_scheduled' retrieved from /home/airflow/.local/lib/python3.12/site-packages/airflow/example_dags/example_datasets.py
[2024-06-14T08:20:58.487+0000] {logging_mixin.py:188} INFO - [2024-06-14T08:20:58.486+0000] {dag.py:3096} INFO - Sync 10 DAGs
[2024-06-14T08:20:58.503+0000] {logging_mixin.py:188} INFO - [2024-06-14T08:20:58.503+0000] {dag.py:3954} INFO - Setting next_dagrun for conditional_dataset_and_time_based_timetable to 2024-06-12 01:00:00+00:00, run_after=2024-06-12 01:00:00+00:00
[2024-06-14T08:20:58.505+0000] {logging_mixin.py:188} INFO - [2024-06-14T08:20:58.505+0000] {dag.py:3954} INFO - Setting next_dagrun for consume_1_and_2_with_dataset_expressions to None, run_after=None
[2024-06-14T08:20:58.506+0000] {logging_mixin.py:188} INFO - [2024-06-14T08:20:58.506+0000] {dag.py:3954} INFO - Setting next_dagrun for consume_1_or_2_with_dataset_expressions to None, run_after=None
[2024-06-14T08:20:58.507+0000] {logging_mixin.py:188} INFO - [2024-06-14T08:20:58.507+0000] {dag.py:3954} INFO - Setting next_dagrun for consume_1_or_both_2_and_3_with_dataset_expressions to None, run_after=None
[2024-06-14T08:20:58.508+0000] {logging_mixin.py:188} INFO - [2024-06-14T08:20:58.508+0000] {dag.py:3954} INFO - Setting next_dagrun for dataset_consumes_1 to None, run_after=None
[2024-06-14T08:20:58.509+0000] {logging_mixin.py:188} INFO - [2024-06-14T08:20:58.509+0000] {dag.py:3954} INFO - Setting next_dagrun for dataset_consumes_1_and_2 to None, run_after=None
[2024-06-14T08:20:58.510+0000] {logging_mixin.py:188} INFO - [2024-06-14T08:20:58.510+0000] {dag.py:3954} INFO - Setting next_dagrun for dataset_consumes_1_never_scheduled to None, run_after=None
[2024-06-14T08:20:58.511+0000] {logging_mixin.py:188} INFO - [2024-06-14T08:20:58.511+0000] {dag.py:3954} INFO - Setting next_dagrun for dataset_consumes_unknown_never_scheduled to None, run_after=None
[2024-06-14T08:20:58.512+0000] {logging_mixin.py:188} INFO - [2024-06-14T08:20:58.512+0000] {dag.py:3954} INFO - Setting next_dagrun for dataset_produces_1 to 2024-06-13 00:00:00+00:00, run_after=2024-06-14 00:00:00+00:00
[2024-06-14T08:20:58.513+0000] {logging_mixin.py:188} INFO - [2024-06-14T08:20:58.513+0000] {dag.py:3954} INFO - Setting next_dagrun for dataset_produces_2 to None, run_after=None
[2024-06-14T08:20:58.540+0000] {processor.py:183} INFO - Processing /home/airflow/.local/lib/python3.12/site-packages/airflow/example_dags/example_datasets.py took 0.101 seconds
[2024-06-14T08:21:28.891+0000] {processor.py:161} INFO - Started process (PID=402) to work on /home/airflow/.local/lib/python3.12/site-packages/airflow/example_dags/example_datasets.py
[2024-06-14T08:21:28.892+0000] {processor.py:830} INFO - Processing file /home/airflow/.local/lib/python3.12/site-packages/airflow/example_dags/example_datasets.py for tasks to queue
[2024-06-14T08:21:28.893+0000] {logging_mixin.py:188} INFO - [2024-06-14T08:21:28.893+0000] {dagbag.py:545} INFO - Filling up the DagBag from /home/airflow/.local/lib/python3.12/site-packages/airflow/example_dags/example_datasets.py
[2024-06-14T08:21:28.905+0000] {processor.py:840} INFO - DAG(s) 'dataset_consumes_1_and_2', 'dataset_consumes_unknown_never_scheduled', 'dataset_consumes_1_never_scheduled', 'consume_1_or_both_2_and_3_with_dataset_expressions', 'consume_1_and_2_with_dataset_expressions', 'dataset_produces_2', 'consume_1_or_2_with_dataset_expressions', 'conditional_dataset_and_time_based_timetable', 'dataset_consumes_1', 'dataset_produces_1' retrieved from /home/airflow/.local/lib/python3.12/site-packages/airflow/example_dags/example_datasets.py
[2024-06-14T08:21:28.945+0000] {logging_mixin.py:188} INFO - [2024-06-14T08:21:28.945+0000] {dag.py:3096} INFO - Sync 10 DAGs
[2024-06-14T08:21:28.963+0000] {logging_mixin.py:188} INFO - [2024-06-14T08:21:28.963+0000] {dag.py:3954} INFO - Setting next_dagrun for conditional_dataset_and_time_based_timetable to 2024-06-12 01:00:00+00:00, run_after=2024-06-12 01:00:00+00:00
[2024-06-14T08:21:28.966+0000] {logging_mixin.py:188} INFO - [2024-06-14T08:21:28.966+0000] {dag.py:3954} INFO - Setting next_dagrun for consume_1_and_2_with_dataset_expressions to None, run_after=None
[2024-06-14T08:21:28.967+0000] {logging_mixin.py:188} INFO - [2024-06-14T08:21:28.967+0000] {dag.py:3954} INFO - Setting next_dagrun for consume_1_or_2_with_dataset_expressions to None, run_after=None
[2024-06-14T08:21:28.968+0000] {logging_mixin.py:188} INFO - [2024-06-14T08:21:28.968+0000] {dag.py:3954} INFO - Setting next_dagrun for consume_1_or_both_2_and_3_with_dataset_expressions to None, run_after=None
[2024-06-14T08:21:28.969+0000] {logging_mixin.py:188} INFO - [2024-06-14T08:21:28.969+0000] {dag.py:3954} INFO - Setting next_dagrun for dataset_consumes_1 to None, run_after=None
[2024-06-14T08:21:28.970+0000] {logging_mixin.py:188} INFO - [2024-06-14T08:21:28.970+0000] {dag.py:3954} INFO - Setting next_dagrun for dataset_consumes_1_and_2 to None, run_after=None
[2024-06-14T08:21:28.971+0000] {logging_mixin.py:188} INFO - [2024-06-14T08:21:28.971+0000] {dag.py:3954} INFO - Setting next_dagrun for dataset_consumes_1_never_scheduled to None, run_after=None
[2024-06-14T08:21:28.972+0000] {logging_mixin.py:188} INFO - [2024-06-14T08:21:28.972+0000] {dag.py:3954} INFO - Setting next_dagrun for dataset_consumes_unknown_never_scheduled to None, run_after=None
[2024-06-14T08:21:28.973+0000] {logging_mixin.py:188} INFO - [2024-06-14T08:21:28.973+0000] {dag.py:3954} INFO - Setting next_dagrun for dataset_produces_1 to 2024-06-13 00:00:00+00:00, run_after=2024-06-14 00:00:00+00:00
[2024-06-14T08:21:28.974+0000] {logging_mixin.py:188} INFO - [2024-06-14T08:21:28.974+0000] {dag.py:3954} INFO - Setting next_dagrun for dataset_produces_2 to None, run_after=None
[2024-06-14T08:21:29.009+0000] {processor.py:183} INFO - Processing /home/airflow/.local/lib/python3.12/site-packages/airflow/example_dags/example_datasets.py took 0.123 seconds
[2024-06-14T08:21:59.115+0000] {processor.py:161} INFO - Started process (PID=460) to work on /home/airflow/.local/lib/python3.12/site-packages/airflow/example_dags/example_datasets.py
[2024-06-14T08:21:59.116+0000] {processor.py:830} INFO - Processing file /home/airflow/.local/lib/python3.12/site-packages/airflow/example_dags/example_datasets.py for tasks to queue
[2024-06-14T08:21:59.117+0000] {logging_mixin.py:188} INFO - [2024-06-14T08:21:59.117+0000] {dagbag.py:545} INFO - Filling up the DagBag from /home/airflow/.local/lib/python3.12/site-packages/airflow/example_dags/example_datasets.py
[2024-06-14T08:21:59.126+0000] {processor.py:840} INFO - DAG(s) 'dataset_consumes_1_never_scheduled', 'dataset_consumes_unknown_never_scheduled', 'dataset_consumes_1_and_2', 'consume_1_or_both_2_and_3_with_dataset_expressions', 'consume_1_and_2_with_dataset_expressions', 'dataset_produces_1', 'consume_1_or_2_with_dataset_expressions', 'conditional_dataset_and_time_based_timetable', 'dataset_produces_2', 'dataset_consumes_1' retrieved from /home/airflow/.local/lib/python3.12/site-packages/airflow/example_dags/example_datasets.py
[2024-06-14T08:21:59.173+0000] {logging_mixin.py:188} INFO - [2024-06-14T08:21:59.173+0000] {dag.py:3096} INFO - Sync 10 DAGs
[2024-06-14T08:21:59.195+0000] {logging_mixin.py:188} INFO - [2024-06-14T08:21:59.195+0000] {dag.py:3954} INFO - Setting next_dagrun for conditional_dataset_and_time_based_timetable to 2024-06-12 01:00:00+00:00, run_after=2024-06-12 01:00:00+00:00
[2024-06-14T08:21:59.198+0000] {logging_mixin.py:188} INFO - [2024-06-14T08:21:59.198+0000] {dag.py:3954} INFO - Setting next_dagrun for consume_1_and_2_with_dataset_expressions to None, run_after=None
[2024-06-14T08:21:59.199+0000] {logging_mixin.py:188} INFO - [2024-06-14T08:21:59.199+0000] {dag.py:3954} INFO - Setting next_dagrun for consume_1_or_2_with_dataset_expressions to None, run_after=None
[2024-06-14T08:21:59.200+0000] {logging_mixin.py:188} INFO - [2024-06-14T08:21:59.200+0000] {dag.py:3954} INFO - Setting next_dagrun for consume_1_or_both_2_and_3_with_dataset_expressions to None, run_after=None
[2024-06-14T08:21:59.201+0000] {logging_mixin.py:188} INFO - [2024-06-14T08:21:59.201+0000] {dag.py:3954} INFO - Setting next_dagrun for dataset_consumes_1 to None, run_after=None
[2024-06-14T08:21:59.202+0000] {logging_mixin.py:188} INFO - [2024-06-14T08:21:59.202+0000] {dag.py:3954} INFO - Setting next_dagrun for dataset_consumes_1_and_2 to None, run_after=None
[2024-06-14T08:21:59.203+0000] {logging_mixin.py:188} INFO - [2024-06-14T08:21:59.203+0000] {dag.py:3954} INFO - Setting next_dagrun for dataset_consumes_1_never_scheduled to None, run_after=None
[2024-06-14T08:21:59.204+0000] {logging_mixin.py:188} INFO - [2024-06-14T08:21:59.204+0000] {dag.py:3954} INFO - Setting next_dagrun for dataset_consumes_unknown_never_scheduled to None, run_after=None
[2024-06-14T08:21:59.206+0000] {logging_mixin.py:188} INFO - [2024-06-14T08:21:59.206+0000] {dag.py:3954} INFO - Setting next_dagrun for dataset_produces_1 to 2024-06-13 00:00:00+00:00, run_after=2024-06-14 00:00:00+00:00
[2024-06-14T08:21:59.207+0000] {logging_mixin.py:188} INFO - [2024-06-14T08:21:59.207+0000] {dag.py:3954} INFO - Setting next_dagrun for dataset_produces_2 to None, run_after=None
[2024-06-14T08:21:59.234+0000] {processor.py:183} INFO - Processing /home/airflow/.local/lib/python3.12/site-packages/airflow/example_dags/example_datasets.py took 0.124 seconds
[2024-06-14T08:22:29.260+0000] {processor.py:161} INFO - Started process (PID=518) to work on /home/airflow/.local/lib/python3.12/site-packages/airflow/example_dags/example_datasets.py
[2024-06-14T08:22:29.261+0000] {processor.py:830} INFO - Processing file /home/airflow/.local/lib/python3.12/site-packages/airflow/example_dags/example_datasets.py for tasks to queue
[2024-06-14T08:22:29.262+0000] {logging_mixin.py:188} INFO - [2024-06-14T08:22:29.262+0000] {dagbag.py:545} INFO - Filling up the DagBag from /home/airflow/.local/lib/python3.12/site-packages/airflow/example_dags/example_datasets.py
[2024-06-14T08:22:29.275+0000] {processor.py:840} INFO - DAG(s) 'dataset_consumes_unknown_never_scheduled', 'dataset_consumes_1', 'conditional_dataset_and_time_based_timetable', 'dataset_consumes_1_and_2', 'dataset_produces_2', 'consume_1_and_2_with_dataset_expressions', 'dataset_produces_1', 'consume_1_or_2_with_dataset_expressions', 'consume_1_or_both_2_and_3_with_dataset_expressions', 'dataset_consumes_1_never_scheduled' retrieved from /home/airflow/.local/lib/python3.12/site-packages/airflow/example_dags/example_datasets.py
[2024-06-14T08:22:29.314+0000] {logging_mixin.py:188} INFO - [2024-06-14T08:22:29.314+0000] {dag.py:3096} INFO - Sync 10 DAGs
[2024-06-14T08:22:29.333+0000] {logging_mixin.py:188} INFO - [2024-06-14T08:22:29.333+0000] {dag.py:3954} INFO - Setting next_dagrun for conditional_dataset_and_time_based_timetable to 2024-06-12 01:00:00+00:00, run_after=2024-06-12 01:00:00+00:00
[2024-06-14T08:22:29.337+0000] {logging_mixin.py:188} INFO - [2024-06-14T08:22:29.337+0000] {dag.py:3954} INFO - Setting next_dagrun for consume_1_and_2_with_dataset_expressions to None, run_after=None
[2024-06-14T08:22:29.338+0000] {logging_mixin.py:188} INFO - [2024-06-14T08:22:29.338+0000] {dag.py:3954} INFO - Setting next_dagrun for consume_1_or_2_with_dataset_expressions to None, run_after=None
[2024-06-14T08:22:29.339+0000] {logging_mixin.py:188} INFO - [2024-06-14T08:22:29.339+0000] {dag.py:3954} INFO - Setting next_dagrun for consume_1_or_both_2_and_3_with_dataset_expressions to None, run_after=None
[2024-06-14T08:22:29.340+0000] {logging_mixin.py:188} INFO - [2024-06-14T08:22:29.340+0000] {dag.py:3954} INFO - Setting next_dagrun for dataset_consumes_1 to None, run_after=None
[2024-06-14T08:22:29.342+0000] {logging_mixin.py:188} INFO - [2024-06-14T08:22:29.341+0000] {dag.py:3954} INFO - Setting next_dagrun for dataset_consumes_1_and_2 to None, run_after=None
[2024-06-14T08:22:29.343+0000] {logging_mixin.py:188} INFO - [2024-06-14T08:22:29.342+0000] {dag.py:3954} INFO - Setting next_dagrun for dataset_consumes_1_never_scheduled to None, run_after=None
[2024-06-14T08:22:29.343+0000] {logging_mixin.py:188} INFO - [2024-06-14T08:22:29.343+0000] {dag.py:3954} INFO - Setting next_dagrun for dataset_consumes_unknown_never_scheduled to None, run_after=None
[2024-06-14T08:22:29.345+0000] {logging_mixin.py:188} INFO - [2024-06-14T08:22:29.345+0000] {dag.py:3954} INFO - Setting next_dagrun for dataset_produces_1 to 2024-06-13 00:00:00+00:00, run_after=2024-06-14 00:00:00+00:00
[2024-06-14T08:22:29.346+0000] {logging_mixin.py:188} INFO - [2024-06-14T08:22:29.346+0000] {dag.py:3954} INFO - Setting next_dagrun for dataset_produces_2 to None, run_after=None
[2024-06-14T08:22:29.378+0000] {processor.py:183} INFO - Processing /home/airflow/.local/lib/python3.12/site-packages/airflow/example_dags/example_datasets.py took 0.123 seconds
[2024-06-14T08:22:59.574+0000] {processor.py:161} INFO - Started process (PID=576) to work on /home/airflow/.local/lib/python3.12/site-packages/airflow/example_dags/example_datasets.py
[2024-06-14T08:22:59.575+0000] {processor.py:830} INFO - Processing file /home/airflow/.local/lib/python3.12/site-packages/airflow/example_dags/example_datasets.py for tasks to queue
[2024-06-14T08:22:59.577+0000] {logging_mixin.py:188} INFO - [2024-06-14T08:22:59.576+0000] {dagbag.py:545} INFO - Filling up the DagBag from /home/airflow/.local/lib/python3.12/site-packages/airflow/example_dags/example_datasets.py
[2024-06-14T08:22:59.589+0000] {processor.py:840} INFO - DAG(s) 'consume_1_and_2_with_dataset_expressions', 'dataset_consumes_1_and_2', 'conditional_dataset_and_time_based_timetable', 'dataset_consumes_1', 'consume_1_or_both_2_and_3_with_dataset_expressions', 'dataset_consumes_unknown_never_scheduled', 'dataset_produces_2', 'consume_1_or_2_with_dataset_expressions', 'dataset_consumes_1_never_scheduled', 'dataset_produces_1' retrieved from /home/airflow/.local/lib/python3.12/site-packages/airflow/example_dags/example_datasets.py
[2024-06-14T08:22:59.630+0000] {logging_mixin.py:188} INFO - [2024-06-14T08:22:59.630+0000] {dag.py:3096} INFO - Sync 10 DAGs
[2024-06-14T08:22:59.651+0000] {logging_mixin.py:188} INFO - [2024-06-14T08:22:59.651+0000] {dag.py:3954} INFO - Setting next_dagrun for conditional_dataset_and_time_based_timetable to 2024-06-12 01:00:00+00:00, run_after=2024-06-12 01:00:00+00:00
[2024-06-14T08:22:59.655+0000] {logging_mixin.py:188} INFO - [2024-06-14T08:22:59.655+0000] {dag.py:3954} INFO - Setting next_dagrun for consume_1_and_2_with_dataset_expressions to None, run_after=None
[2024-06-14T08:22:59.656+0000] {logging_mixin.py:188} INFO - [2024-06-14T08:22:59.656+0000] {dag.py:3954} INFO - Setting next_dagrun for consume_1_or_2_with_dataset_expressions to None, run_after=None
[2024-06-14T08:22:59.658+0000] {logging_mixin.py:188} INFO - [2024-06-14T08:22:59.657+0000] {dag.py:3954} INFO - Setting next_dagrun for consume_1_or_both_2_and_3_with_dataset_expressions to None, run_after=None
[2024-06-14T08:22:59.658+0000] {logging_mixin.py:188} INFO - [2024-06-14T08:22:59.658+0000] {dag.py:3954} INFO - Setting next_dagrun for dataset_consumes_1 to None, run_after=None
[2024-06-14T08:22:59.659+0000] {logging_mixin.py:188} INFO - [2024-06-14T08:22:59.659+0000] {dag.py:3954} INFO - Setting next_dagrun for dataset_consumes_1_and_2 to None, run_after=None
[2024-06-14T08:22:59.660+0000] {logging_mixin.py:188} INFO - [2024-06-14T08:22:59.660+0000] {dag.py:3954} INFO - Setting next_dagrun for dataset_consumes_1_never_scheduled to None, run_after=None
[2024-06-14T08:22:59.661+0000] {logging_mixin.py:188} INFO - [2024-06-14T08:22:59.661+0000] {dag.py:3954} INFO - Setting next_dagrun for dataset_consumes_unknown_never_scheduled to None, run_after=None
[2024-06-14T08:22:59.663+0000] {logging_mixin.py:188} INFO - [2024-06-14T08:22:59.663+0000] {dag.py:3954} INFO - Setting next_dagrun for dataset_produces_1 to 2024-06-13 00:00:00+00:00, run_after=2024-06-14 00:00:00+00:00
[2024-06-14T08:22:59.664+0000] {logging_mixin.py:188} INFO - [2024-06-14T08:22:59.664+0000] {dag.py:3954} INFO - Setting next_dagrun for dataset_produces_2 to None, run_after=None
[2024-06-14T08:22:59.697+0000] {processor.py:183} INFO - Processing /home/airflow/.local/lib/python3.12/site-packages/airflow/example_dags/example_datasets.py took 0.128 seconds
[2024-06-14T08:23:30.227+0000] {processor.py:161} INFO - Started process (PID=635) to work on /home/airflow/.local/lib/python3.12/site-packages/airflow/example_dags/example_datasets.py
[2024-06-14T08:23:30.228+0000] {processor.py:830} INFO - Processing file /home/airflow/.local/lib/python3.12/site-packages/airflow/example_dags/example_datasets.py for tasks to queue
[2024-06-14T08:23:30.229+0000] {logging_mixin.py:188} INFO - [2024-06-14T08:23:30.229+0000] {dagbag.py:545} INFO - Filling up the DagBag from /home/airflow/.local/lib/python3.12/site-packages/airflow/example_dags/example_datasets.py
[2024-06-14T08:23:30.241+0000] {processor.py:840} INFO - DAG(s) 'dataset_consumes_1', 'conditional_dataset_and_time_based_timetable', 'dataset_consumes_1_and_2', 'consume_1_or_2_with_dataset_expressions', 'dataset_consumes_unknown_never_scheduled', 'consume_1_and_2_with_dataset_expressions', 'consume_1_or_both_2_and_3_with_dataset_expressions', 'dataset_consumes_1_never_scheduled', 'dataset_produces_1', 'dataset_produces_2' retrieved from /home/airflow/.local/lib/python3.12/site-packages/airflow/example_dags/example_datasets.py
[2024-06-14T08:23:30.282+0000] {logging_mixin.py:188} INFO - [2024-06-14T08:23:30.282+0000] {dag.py:3096} INFO - Sync 10 DAGs
[2024-06-14T08:23:30.300+0000] {logging_mixin.py:188} INFO - [2024-06-14T08:23:30.300+0000] {dag.py:3954} INFO - Setting next_dagrun for conditional_dataset_and_time_based_timetable to 2024-06-12 01:00:00+00:00, run_after=2024-06-12 01:00:00+00:00
[2024-06-14T08:23:30.303+0000] {logging_mixin.py:188} INFO - [2024-06-14T08:23:30.303+0000] {dag.py:3954} INFO - Setting next_dagrun for consume_1_and_2_with_dataset_expressions to None, run_after=None
[2024-06-14T08:23:30.304+0000] {logging_mixin.py:188} INFO - [2024-06-14T08:23:30.304+0000] {dag.py:3954} INFO - Setting next_dagrun for consume_1_or_2_with_dataset_expressions to None, run_after=None
[2024-06-14T08:23:30.305+0000] {logging_mixin.py:188} INFO - [2024-06-14T08:23:30.305+0000] {dag.py:3954} INFO - Setting next_dagrun for consume_1_or_both_2_and_3_with_dataset_expressions to None, run_after=None
[2024-06-14T08:23:30.306+0000] {logging_mixin.py:188} INFO - [2024-06-14T08:23:30.305+0000] {dag.py:3954} INFO - Setting next_dagrun for dataset_consumes_1 to None, run_after=None
[2024-06-14T08:23:30.306+0000] {logging_mixin.py:188} INFO - [2024-06-14T08:23:30.306+0000] {dag.py:3954} INFO - Setting next_dagrun for dataset_consumes_1_and_2 to None, run_after=None
[2024-06-14T08:23:30.308+0000] {logging_mixin.py:188} INFO - [2024-06-14T08:23:30.308+0000] {dag.py:3954} INFO - Setting next_dagrun for dataset_consumes_1_never_scheduled to None, run_after=None
[2024-06-14T08:23:30.309+0000] {logging_mixin.py:188} INFO - [2024-06-14T08:23:30.309+0000] {dag.py:3954} INFO - Setting next_dagrun for dataset_consumes_unknown_never_scheduled to None, run_after=None
[2024-06-14T08:23:30.311+0000] {logging_mixin.py:188} INFO - [2024-06-14T08:23:30.311+0000] {dag.py:3954} INFO - Setting next_dagrun for dataset_produces_1 to 2024-06-13 00:00:00+00:00, run_after=2024-06-14 00:00:00+00:00
[2024-06-14T08:23:30.312+0000] {logging_mixin.py:188} INFO - [2024-06-14T08:23:30.312+0000] {dag.py:3954} INFO - Setting next_dagrun for dataset_produces_2 to None, run_after=None
[2024-06-14T08:23:30.340+0000] {processor.py:183} INFO - Processing /home/airflow/.local/lib/python3.12/site-packages/airflow/example_dags/example_datasets.py took 0.117 seconds
[2024-06-14T08:24:00.665+0000] {processor.py:161} INFO - Started process (PID=694) to work on /home/airflow/.local/lib/python3.12/site-packages/airflow/example_dags/example_datasets.py
[2024-06-14T08:24:00.667+0000] {processor.py:830} INFO - Processing file /home/airflow/.local/lib/python3.12/site-packages/airflow/example_dags/example_datasets.py for tasks to queue
[2024-06-14T08:24:00.668+0000] {logging_mixin.py:188} INFO - [2024-06-14T08:24:00.668+0000] {dagbag.py:545} INFO - Filling up the DagBag from /home/airflow/.local/lib/python3.12/site-packages/airflow/example_dags/example_datasets.py
[2024-06-14T08:24:00.679+0000] {processor.py:840} INFO - DAG(s) 'dataset_consumes_unknown_never_scheduled', 'dataset_consumes_1', 'dataset_produces_2', 'dataset_consumes_1_never_scheduled', 'conditional_dataset_and_time_based_timetable', 'consume_1_and_2_with_dataset_expressions', 'consume_1_or_both_2_and_3_with_dataset_expressions', 'dataset_consumes_1_and_2', 'dataset_produces_1', 'consume_1_or_2_with_dataset_expressions' retrieved from /home/airflow/.local/lib/python3.12/site-packages/airflow/example_dags/example_datasets.py
[2024-06-14T08:24:00.727+0000] {logging_mixin.py:188} INFO - [2024-06-14T08:24:00.727+0000] {dag.py:3096} INFO - Sync 10 DAGs
[2024-06-14T08:24:00.752+0000] {logging_mixin.py:188} INFO - [2024-06-14T08:24:00.751+0000] {dag.py:3954} INFO - Setting next_dagrun for conditional_dataset_and_time_based_timetable to 2024-06-12 01:00:00+00:00, run_after=2024-06-12 01:00:00+00:00
[2024-06-14T08:24:00.756+0000] {logging_mixin.py:188} INFO - [2024-06-14T08:24:00.755+0000] {dag.py:3954} INFO - Setting next_dagrun for consume_1_and_2_with_dataset_expressions to None, run_after=None
[2024-06-14T08:24:00.757+0000] {logging_mixin.py:188} INFO - [2024-06-14T08:24:00.757+0000] {dag.py:3954} INFO - Setting next_dagrun for consume_1_or_2_with_dataset_expressions to None, run_after=None
[2024-06-14T08:24:00.758+0000] {logging_mixin.py:188} INFO - [2024-06-14T08:24:00.758+0000] {dag.py:3954} INFO - Setting next_dagrun for consume_1_or_both_2_and_3_with_dataset_expressions to None, run_after=None
[2024-06-14T08:24:00.759+0000] {logging_mixin.py:188} INFO - [2024-06-14T08:24:00.759+0000] {dag.py:3954} INFO - Setting next_dagrun for dataset_consumes_1 to None, run_after=None
[2024-06-14T08:24:00.760+0000] {logging_mixin.py:188} INFO - [2024-06-14T08:24:00.759+0000] {dag.py:3954} INFO - Setting next_dagrun for dataset_consumes_1_and_2 to None, run_after=None
[2024-06-14T08:24:00.761+0000] {logging_mixin.py:188} INFO - [2024-06-14T08:24:00.761+0000] {dag.py:3954} INFO - Setting next_dagrun for dataset_consumes_1_never_scheduled to None, run_after=None
[2024-06-14T08:24:00.762+0000] {logging_mixin.py:188} INFO - [2024-06-14T08:24:00.762+0000] {dag.py:3954} INFO - Setting next_dagrun for dataset_consumes_unknown_never_scheduled to None, run_after=None
[2024-06-14T08:24:00.763+0000] {logging_mixin.py:188} INFO - [2024-06-14T08:24:00.763+0000] {dag.py:3954} INFO - Setting next_dagrun for dataset_produces_1 to 2024-06-13 00:00:00+00:00, run_after=2024-06-14 00:00:00+00:00
[2024-06-14T08:24:00.765+0000] {logging_mixin.py:188} INFO - [2024-06-14T08:24:00.764+0000] {dag.py:3954} INFO - Setting next_dagrun for dataset_produces_2 to None, run_after=None
[2024-06-14T08:24:00.799+0000] {processor.py:183} INFO - Processing /home/airflow/.local/lib/python3.12/site-packages/airflow/example_dags/example_datasets.py took 0.138 seconds
[2024-06-14T08:24:31.159+0000] {processor.py:161} INFO - Started process (PID=753) to work on /home/airflow/.local/lib/python3.12/site-packages/airflow/example_dags/example_datasets.py
[2024-06-14T08:24:31.160+0000] {processor.py:830} INFO - Processing file /home/airflow/.local/lib/python3.12/site-packages/airflow/example_dags/example_datasets.py for tasks to queue
[2024-06-14T08:24:31.161+0000] {logging_mixin.py:188} INFO - [2024-06-14T08:24:31.161+0000] {dagbag.py:545} INFO - Filling up the DagBag from /home/airflow/.local/lib/python3.12/site-packages/airflow/example_dags/example_datasets.py
[2024-06-14T08:24:31.173+0000] {processor.py:840} INFO - DAG(s) 'dataset_produces_2', 'dataset_consumes_1', 'dataset_produces_1', 'conditional_dataset_and_time_based_timetable', 'dataset_consumes_1_and_2', 'consume_1_and_2_with_dataset_expressions', 'dataset_consumes_1_never_scheduled', 'consume_1_or_2_with_dataset_expressions', 'consume_1_or_both_2_and_3_with_dataset_expressions', 'dataset_consumes_unknown_never_scheduled' retrieved from /home/airflow/.local/lib/python3.12/site-packages/airflow/example_dags/example_datasets.py
[2024-06-14T08:24:31.213+0000] {logging_mixin.py:188} INFO - [2024-06-14T08:24:31.213+0000] {dag.py:3096} INFO - Sync 10 DAGs
[2024-06-14T08:24:31.232+0000] {logging_mixin.py:188} INFO - [2024-06-14T08:24:31.232+0000] {dag.py:3954} INFO - Setting next_dagrun for conditional_dataset_and_time_based_timetable to 2024-06-12 01:00:00+00:00, run_after=2024-06-12 01:00:00+00:00
[2024-06-14T08:24:31.235+0000] {logging_mixin.py:188} INFO - [2024-06-14T08:24:31.235+0000] {dag.py:3954} INFO - Setting next_dagrun for consume_1_and_2_with_dataset_expressions to None, run_after=None
[2024-06-14T08:24:31.237+0000] {logging_mixin.py:188} INFO - [2024-06-14T08:24:31.236+0000] {dag.py:3954} INFO - Setting next_dagrun for consume_1_or_2_with_dataset_expressions to None, run_after=None
[2024-06-14T08:24:31.237+0000] {logging_mixin.py:188} INFO - [2024-06-14T08:24:31.237+0000] {dag.py:3954} INFO - Setting next_dagrun for consume_1_or_both_2_and_3_with_dataset_expressions to None, run_after=None
[2024-06-14T08:24:31.238+0000] {logging_mixin.py:188} INFO - [2024-06-14T08:24:31.238+0000] {dag.py:3954} INFO - Setting next_dagrun for dataset_consumes_1 to None, run_after=None
[2024-06-14T08:24:31.239+0000] {logging_mixin.py:188} INFO - [2024-06-14T08:24:31.239+0000] {dag.py:3954} INFO - Setting next_dagrun for dataset_consumes_1_and_2 to None, run_after=None
[2024-06-14T08:24:31.240+0000] {logging_mixin.py:188} INFO - [2024-06-14T08:24:31.240+0000] {dag.py:3954} INFO - Setting next_dagrun for dataset_consumes_1_never_scheduled to None, run_after=None
[2024-06-14T08:24:31.241+0000] {logging_mixin.py:188} INFO - [2024-06-14T08:24:31.241+0000] {dag.py:3954} INFO - Setting next_dagrun for dataset_consumes_unknown_never_scheduled to None, run_after=None
[2024-06-14T08:24:31.244+0000] {logging_mixin.py:188} INFO - [2024-06-14T08:24:31.243+0000] {dag.py:3954} INFO - Setting next_dagrun for dataset_produces_1 to 2024-06-13 00:00:00+00:00, run_after=2024-06-14 00:00:00+00:00
[2024-06-14T08:24:31.245+0000] {logging_mixin.py:188} INFO - [2024-06-14T08:24:31.245+0000] {dag.py:3954} INFO - Setting next_dagrun for dataset_produces_2 to None, run_after=None
[2024-06-14T08:24:31.274+0000] {processor.py:183} INFO - Processing /home/airflow/.local/lib/python3.12/site-packages/airflow/example_dags/example_datasets.py took 0.121 seconds
