[2024-06-14T08:18:26.326+0000] {processor.py:161} INFO - Started process (PID=57) to work on /home/airflow/.local/lib/python3.12/site-packages/airflow/example_dags/example_display_name.py
[2024-06-14T08:18:26.329+0000] {processor.py:830} INFO - Processing file /home/airflow/.local/lib/python3.12/site-packages/airflow/example_dags/example_display_name.py for tasks to queue
[2024-06-14T08:18:26.335+0000] {logging_mixin.py:188} INFO - [2024-06-14T08:18:26.334+0000] {dagbag.py:545} INFO - Filling up the DagBag from /home/airflow/.local/lib/python3.12/site-packages/airflow/example_dags/example_display_name.py
[2024-06-14T08:18:26.355+0000] {processor.py:840} INFO - DAG(s) 'example_display_name' retrieved from /home/airflow/.local/lib/python3.12/site-packages/airflow/example_dags/example_display_name.py
[2024-06-14T08:18:26.384+0000] {logging_mixin.py:188} INFO - [2024-06-14T08:18:26.384+0000] {dag.py:3096} INFO - Sync 1 DAGs
[2024-06-14T08:18:26.409+0000] {logging_mixin.py:188} INFO - [2024-06-14T08:18:26.409+0000] {dag.py:3954} INFO - Setting next_dagrun for example_display_name to None, run_after=None
[2024-06-14T08:18:26.440+0000] {processor.py:183} INFO - Processing /home/airflow/.local/lib/python3.12/site-packages/airflow/example_dags/example_display_name.py took 0.127 seconds
[2024-06-14T08:18:57.290+0000] {processor.py:161} INFO - Started process (PID=115) to work on /home/airflow/.local/lib/python3.12/site-packages/airflow/example_dags/example_display_name.py
[2024-06-14T08:18:57.291+0000] {processor.py:830} INFO - Processing file /home/airflow/.local/lib/python3.12/site-packages/airflow/example_dags/example_display_name.py for tasks to queue
[2024-06-14T08:18:57.292+0000] {logging_mixin.py:188} INFO - [2024-06-14T08:18:57.292+0000] {dagbag.py:545} INFO - Filling up the DagBag from /home/airflow/.local/lib/python3.12/site-packages/airflow/example_dags/example_display_name.py
[2024-06-14T08:18:57.297+0000] {processor.py:840} INFO - DAG(s) 'example_display_name' retrieved from /home/airflow/.local/lib/python3.12/site-packages/airflow/example_dags/example_display_name.py
[2024-06-14T08:18:57.373+0000] {logging_mixin.py:188} INFO - [2024-06-14T08:18:57.373+0000] {dag.py:3096} INFO - Sync 1 DAGs
[2024-06-14T08:18:57.383+0000] {logging_mixin.py:188} INFO - [2024-06-14T08:18:57.382+0000] {dag.py:3954} INFO - Setting next_dagrun for example_display_name to None, run_after=None
[2024-06-14T08:18:57.402+0000] {processor.py:183} INFO - Processing /home/airflow/.local/lib/python3.12/site-packages/airflow/example_dags/example_display_name.py took 0.117 seconds
[2024-06-14T08:19:27.713+0000] {processor.py:161} INFO - Started process (PID=173) to work on /home/airflow/.local/lib/python3.12/site-packages/airflow/example_dags/example_display_name.py
[2024-06-14T08:19:27.714+0000] {processor.py:830} INFO - Processing file /home/airflow/.local/lib/python3.12/site-packages/airflow/example_dags/example_display_name.py for tasks to queue
[2024-06-14T08:19:27.715+0000] {logging_mixin.py:188} INFO - [2024-06-14T08:19:27.715+0000] {dagbag.py:545} INFO - Filling up the DagBag from /home/airflow/.local/lib/python3.12/site-packages/airflow/example_dags/example_display_name.py
[2024-06-14T08:19:27.720+0000] {processor.py:840} INFO - DAG(s) 'example_display_name' retrieved from /home/airflow/.local/lib/python3.12/site-packages/airflow/example_dags/example_display_name.py
[2024-06-14T08:19:27.735+0000] {logging_mixin.py:188} INFO - [2024-06-14T08:19:27.735+0000] {dag.py:3096} INFO - Sync 1 DAGs
[2024-06-14T08:19:27.744+0000] {logging_mixin.py:188} INFO - [2024-06-14T08:19:27.744+0000] {dag.py:3954} INFO - Setting next_dagrun for example_display_name to None, run_after=None
[2024-06-14T08:19:27.761+0000] {processor.py:183} INFO - Processing /home/airflow/.local/lib/python3.12/site-packages/airflow/example_dags/example_display_name.py took 0.052 seconds
[2024-06-14T08:19:58.193+0000] {processor.py:161} INFO - Started process (PID=231) to work on /home/airflow/.local/lib/python3.12/site-packages/airflow/example_dags/example_display_name.py
[2024-06-14T08:19:58.194+0000] {processor.py:830} INFO - Processing file /home/airflow/.local/lib/python3.12/site-packages/airflow/example_dags/example_display_name.py for tasks to queue
[2024-06-14T08:19:58.195+0000] {logging_mixin.py:188} INFO - [2024-06-14T08:19:58.195+0000] {dagbag.py:545} INFO - Filling up the DagBag from /home/airflow/.local/lib/python3.12/site-packages/airflow/example_dags/example_display_name.py
[2024-06-14T08:19:58.199+0000] {processor.py:840} INFO - DAG(s) 'example_display_name' retrieved from /home/airflow/.local/lib/python3.12/site-packages/airflow/example_dags/example_display_name.py
[2024-06-14T08:19:58.215+0000] {logging_mixin.py:188} INFO - [2024-06-14T08:19:58.215+0000] {dag.py:3096} INFO - Sync 1 DAGs
[2024-06-14T08:19:58.224+0000] {logging_mixin.py:188} INFO - [2024-06-14T08:19:58.224+0000] {dag.py:3954} INFO - Setting next_dagrun for example_display_name to None, run_after=None
[2024-06-14T08:19:58.238+0000] {processor.py:183} INFO - Processing /home/airflow/.local/lib/python3.12/site-packages/airflow/example_dags/example_display_name.py took 0.049 seconds
[2024-06-14T08:20:28.423+0000] {processor.py:161} INFO - Started process (PID=289) to work on /home/airflow/.local/lib/python3.12/site-packages/airflow/example_dags/example_display_name.py
[2024-06-14T08:20:28.424+0000] {processor.py:830} INFO - Processing file /home/airflow/.local/lib/python3.12/site-packages/airflow/example_dags/example_display_name.py for tasks to queue
[2024-06-14T08:20:28.425+0000] {logging_mixin.py:188} INFO - [2024-06-14T08:20:28.425+0000] {dagbag.py:545} INFO - Filling up the DagBag from /home/airflow/.local/lib/python3.12/site-packages/airflow/example_dags/example_display_name.py
[2024-06-14T08:20:28.429+0000] {processor.py:840} INFO - DAG(s) 'example_display_name' retrieved from /home/airflow/.local/lib/python3.12/site-packages/airflow/example_dags/example_display_name.py
[2024-06-14T08:20:28.444+0000] {logging_mixin.py:188} INFO - [2024-06-14T08:20:28.444+0000] {dag.py:3096} INFO - Sync 1 DAGs
[2024-06-14T08:20:28.453+0000] {logging_mixin.py:188} INFO - [2024-06-14T08:20:28.453+0000] {dag.py:3954} INFO - Setting next_dagrun for example_display_name to None, run_after=None
[2024-06-14T08:20:28.470+0000] {processor.py:183} INFO - Processing /home/airflow/.local/lib/python3.12/site-packages/airflow/example_dags/example_display_name.py took 0.051 seconds
[2024-06-14T08:20:58.631+0000] {processor.py:161} INFO - Started process (PID=347) to work on /home/airflow/.local/lib/python3.12/site-packages/airflow/example_dags/example_display_name.py
[2024-06-14T08:20:58.632+0000] {processor.py:830} INFO - Processing file /home/airflow/.local/lib/python3.12/site-packages/airflow/example_dags/example_display_name.py for tasks to queue
[2024-06-14T08:20:58.633+0000] {logging_mixin.py:188} INFO - [2024-06-14T08:20:58.633+0000] {dagbag.py:545} INFO - Filling up the DagBag from /home/airflow/.local/lib/python3.12/site-packages/airflow/example_dags/example_display_name.py
[2024-06-14T08:20:58.637+0000] {processor.py:840} INFO - DAG(s) 'example_display_name' retrieved from /home/airflow/.local/lib/python3.12/site-packages/airflow/example_dags/example_display_name.py
[2024-06-14T08:20:58.654+0000] {logging_mixin.py:188} INFO - [2024-06-14T08:20:58.653+0000] {dag.py:3096} INFO - Sync 1 DAGs
[2024-06-14T08:20:58.662+0000] {logging_mixin.py:188} INFO - [2024-06-14T08:20:58.662+0000] {dag.py:3954} INFO - Setting next_dagrun for example_display_name to None, run_after=None
[2024-06-14T08:20:58.678+0000] {processor.py:183} INFO - Processing /home/airflow/.local/lib/python3.12/site-packages/airflow/example_dags/example_display_name.py took 0.051 seconds
[2024-06-14T08:21:29.028+0000] {processor.py:161} INFO - Started process (PID=405) to work on /home/airflow/.local/lib/python3.12/site-packages/airflow/example_dags/example_display_name.py
[2024-06-14T08:21:29.029+0000] {processor.py:830} INFO - Processing file /home/airflow/.local/lib/python3.12/site-packages/airflow/example_dags/example_display_name.py for tasks to queue
[2024-06-14T08:21:29.031+0000] {logging_mixin.py:188} INFO - [2024-06-14T08:21:29.031+0000] {dagbag.py:545} INFO - Filling up the DagBag from /home/airflow/.local/lib/python3.12/site-packages/airflow/example_dags/example_display_name.py
[2024-06-14T08:21:29.035+0000] {processor.py:840} INFO - DAG(s) 'example_display_name' retrieved from /home/airflow/.local/lib/python3.12/site-packages/airflow/example_dags/example_display_name.py
[2024-06-14T08:21:29.053+0000] {logging_mixin.py:188} INFO - [2024-06-14T08:21:29.052+0000] {dag.py:3096} INFO - Sync 1 DAGs
[2024-06-14T08:21:29.063+0000] {logging_mixin.py:188} INFO - [2024-06-14T08:21:29.062+0000] {dag.py:3954} INFO - Setting next_dagrun for example_display_name to None, run_after=None
[2024-06-14T08:21:29.079+0000] {processor.py:183} INFO - Processing /home/airflow/.local/lib/python3.12/site-packages/airflow/example_dags/example_display_name.py took 0.055 seconds
[2024-06-14T08:21:59.251+0000] {processor.py:161} INFO - Started process (PID=463) to work on /home/airflow/.local/lib/python3.12/site-packages/airflow/example_dags/example_display_name.py
[2024-06-14T08:21:59.252+0000] {processor.py:830} INFO - Processing file /home/airflow/.local/lib/python3.12/site-packages/airflow/example_dags/example_display_name.py for tasks to queue
[2024-06-14T08:21:59.253+0000] {logging_mixin.py:188} INFO - [2024-06-14T08:21:59.253+0000] {dagbag.py:545} INFO - Filling up the DagBag from /home/airflow/.local/lib/python3.12/site-packages/airflow/example_dags/example_display_name.py
[2024-06-14T08:21:59.258+0000] {processor.py:840} INFO - DAG(s) 'example_display_name' retrieved from /home/airflow/.local/lib/python3.12/site-packages/airflow/example_dags/example_display_name.py
[2024-06-14T08:21:59.272+0000] {logging_mixin.py:188} INFO - [2024-06-14T08:21:59.272+0000] {dag.py:3096} INFO - Sync 1 DAGs
[2024-06-14T08:21:59.281+0000] {logging_mixin.py:188} INFO - [2024-06-14T08:21:59.281+0000] {dag.py:3954} INFO - Setting next_dagrun for example_display_name to None, run_after=None
[2024-06-14T08:21:59.298+0000] {processor.py:183} INFO - Processing /home/airflow/.local/lib/python3.12/site-packages/airflow/example_dags/example_display_name.py took 0.051 seconds
[2024-06-14T08:22:29.396+0000] {processor.py:161} INFO - Started process (PID=521) to work on /home/airflow/.local/lib/python3.12/site-packages/airflow/example_dags/example_display_name.py
[2024-06-14T08:22:29.397+0000] {processor.py:830} INFO - Processing file /home/airflow/.local/lib/python3.12/site-packages/airflow/example_dags/example_display_name.py for tasks to queue
[2024-06-14T08:22:29.399+0000] {logging_mixin.py:188} INFO - [2024-06-14T08:22:29.398+0000] {dagbag.py:545} INFO - Filling up the DagBag from /home/airflow/.local/lib/python3.12/site-packages/airflow/example_dags/example_display_name.py
[2024-06-14T08:22:29.403+0000] {processor.py:840} INFO - DAG(s) 'example_display_name' retrieved from /home/airflow/.local/lib/python3.12/site-packages/airflow/example_dags/example_display_name.py
[2024-06-14T08:22:29.420+0000] {logging_mixin.py:188} INFO - [2024-06-14T08:22:29.419+0000] {dag.py:3096} INFO - Sync 1 DAGs
[2024-06-14T08:22:29.429+0000] {logging_mixin.py:188} INFO - [2024-06-14T08:22:29.429+0000] {dag.py:3954} INFO - Setting next_dagrun for example_display_name to None, run_after=None
[2024-06-14T08:22:29.447+0000] {processor.py:183} INFO - Processing /home/airflow/.local/lib/python3.12/site-packages/airflow/example_dags/example_display_name.py took 0.055 seconds
[2024-06-14T08:22:59.714+0000] {processor.py:161} INFO - Started process (PID=579) to work on /home/airflow/.local/lib/python3.12/site-packages/airflow/example_dags/example_display_name.py
[2024-06-14T08:22:59.715+0000] {processor.py:830} INFO - Processing file /home/airflow/.local/lib/python3.12/site-packages/airflow/example_dags/example_display_name.py for tasks to queue
[2024-06-14T08:22:59.717+0000] {logging_mixin.py:188} INFO - [2024-06-14T08:22:59.716+0000] {dagbag.py:545} INFO - Filling up the DagBag from /home/airflow/.local/lib/python3.12/site-packages/airflow/example_dags/example_display_name.py
[2024-06-14T08:22:59.721+0000] {processor.py:840} INFO - DAG(s) 'example_display_name' retrieved from /home/airflow/.local/lib/python3.12/site-packages/airflow/example_dags/example_display_name.py
[2024-06-14T08:22:59.736+0000] {logging_mixin.py:188} INFO - [2024-06-14T08:22:59.736+0000] {dag.py:3096} INFO - Sync 1 DAGs
[2024-06-14T08:22:59.746+0000] {logging_mixin.py:188} INFO - [2024-06-14T08:22:59.746+0000] {dag.py:3954} INFO - Setting next_dagrun for example_display_name to None, run_after=None
[2024-06-14T08:22:59.763+0000] {processor.py:183} INFO - Processing /home/airflow/.local/lib/python3.12/site-packages/airflow/example_dags/example_display_name.py took 0.053 seconds
[2024-06-14T08:23:30.357+0000] {processor.py:161} INFO - Started process (PID=638) to work on /home/airflow/.local/lib/python3.12/site-packages/airflow/example_dags/example_display_name.py
[2024-06-14T08:23:30.358+0000] {processor.py:830} INFO - Processing file /home/airflow/.local/lib/python3.12/site-packages/airflow/example_dags/example_display_name.py for tasks to queue
[2024-06-14T08:23:30.360+0000] {logging_mixin.py:188} INFO - [2024-06-14T08:23:30.360+0000] {dagbag.py:545} INFO - Filling up the DagBag from /home/airflow/.local/lib/python3.12/site-packages/airflow/example_dags/example_display_name.py
[2024-06-14T08:23:30.364+0000] {processor.py:840} INFO - DAG(s) 'example_display_name' retrieved from /home/airflow/.local/lib/python3.12/site-packages/airflow/example_dags/example_display_name.py
[2024-06-14T08:23:30.387+0000] {logging_mixin.py:188} INFO - [2024-06-14T08:23:30.387+0000] {dag.py:3096} INFO - Sync 1 DAGs
[2024-06-14T08:23:30.398+0000] {logging_mixin.py:188} INFO - [2024-06-14T08:23:30.397+0000] {dag.py:3954} INFO - Setting next_dagrun for example_display_name to None, run_after=None
[2024-06-14T08:23:30.424+0000] {processor.py:183} INFO - Processing /home/airflow/.local/lib/python3.12/site-packages/airflow/example_dags/example_display_name.py took 0.072 seconds
[2024-06-14T08:24:00.823+0000] {processor.py:161} INFO - Started process (PID=697) to work on /home/airflow/.local/lib/python3.12/site-packages/airflow/example_dags/example_display_name.py
[2024-06-14T08:24:00.824+0000] {processor.py:830} INFO - Processing file /home/airflow/.local/lib/python3.12/site-packages/airflow/example_dags/example_display_name.py for tasks to queue
[2024-06-14T08:24:00.826+0000] {logging_mixin.py:188} INFO - [2024-06-14T08:24:00.826+0000] {dagbag.py:545} INFO - Filling up the DagBag from /home/airflow/.local/lib/python3.12/site-packages/airflow/example_dags/example_display_name.py
[2024-06-14T08:24:00.831+0000] {processor.py:840} INFO - DAG(s) 'example_display_name' retrieved from /home/airflow/.local/lib/python3.12/site-packages/airflow/example_dags/example_display_name.py
[2024-06-14T08:24:00.849+0000] {logging_mixin.py:188} INFO - [2024-06-14T08:24:00.849+0000] {dag.py:3096} INFO - Sync 1 DAGs
[2024-06-14T08:24:00.860+0000] {logging_mixin.py:188} INFO - [2024-06-14T08:24:00.860+0000] {dag.py:3954} INFO - Setting next_dagrun for example_display_name to None, run_after=None
[2024-06-14T08:24:00.880+0000] {processor.py:183} INFO - Processing /home/airflow/.local/lib/python3.12/site-packages/airflow/example_dags/example_display_name.py took 0.064 seconds
[2024-06-14T08:24:31.294+0000] {processor.py:161} INFO - Started process (PID=756) to work on /home/airflow/.local/lib/python3.12/site-packages/airflow/example_dags/example_display_name.py
[2024-06-14T08:24:31.295+0000] {processor.py:830} INFO - Processing file /home/airflow/.local/lib/python3.12/site-packages/airflow/example_dags/example_display_name.py for tasks to queue
[2024-06-14T08:24:31.296+0000] {logging_mixin.py:188} INFO - [2024-06-14T08:24:31.296+0000] {dagbag.py:545} INFO - Filling up the DagBag from /home/airflow/.local/lib/python3.12/site-packages/airflow/example_dags/example_display_name.py
[2024-06-14T08:24:31.301+0000] {processor.py:840} INFO - DAG(s) 'example_display_name' retrieved from /home/airflow/.local/lib/python3.12/site-packages/airflow/example_dags/example_display_name.py
[2024-06-14T08:24:31.319+0000] {logging_mixin.py:188} INFO - [2024-06-14T08:24:31.319+0000] {dag.py:3096} INFO - Sync 1 DAGs
[2024-06-14T08:24:31.328+0000] {logging_mixin.py:188} INFO - [2024-06-14T08:24:31.328+0000] {dag.py:3954} INFO - Setting next_dagrun for example_display_name to None, run_after=None
[2024-06-14T08:24:31.345+0000] {processor.py:183} INFO - Processing /home/airflow/.local/lib/python3.12/site-packages/airflow/example_dags/example_display_name.py took 0.057 seconds
