[2024-06-14T08:18:26.776+0000] {processor.py:161} INFO - Started process (PID=62) to work on /home/airflow/.local/lib/python3.12/site-packages/airflow/example_dags/example_latest_only.py
[2024-06-14T08:18:26.780+0000] {processor.py:830} INFO - Processing file /home/airflow/.local/lib/python3.12/site-packages/airflow/example_dags/example_latest_only.py for tasks to queue
[2024-06-14T08:18:26.787+0000] {logging_mixin.py:188} INFO - [2024-06-14T08:18:26.786+0000] {dagbag.py:545} INFO - Filling up the DagBag from /home/airflow/.local/lib/python3.12/site-packages/airflow/example_dags/example_latest_only.py
[2024-06-14T08:18:26.797+0000] {processor.py:840} INFO - DAG(s) 'latest_only' retrieved from /home/airflow/.local/lib/python3.12/site-packages/airflow/example_dags/example_latest_only.py
[2024-06-14T08:18:26.824+0000] {logging_mixin.py:188} INFO - [2024-06-14T08:18:26.823+0000] {dag.py:3096} INFO - Sync 1 DAGs
[2024-06-14T08:18:26.869+0000] {logging_mixin.py:188} INFO - [2024-06-14T08:18:26.869+0000] {dag.py:3954} INFO - Setting next_dagrun for latest_only to 2024-06-14 04:00:00+00:00, run_after=2024-06-14 08:00:00+00:00
[2024-06-14T08:18:26.899+0000] {processor.py:183} INFO - Processing /home/airflow/.local/lib/python3.12/site-packages/airflow/example_dags/example_latest_only.py took 0.140 seconds
[2024-06-14T08:18:57.693+0000] {processor.py:161} INFO - Started process (PID=120) to work on /home/airflow/.local/lib/python3.12/site-packages/airflow/example_dags/example_latest_only.py
[2024-06-14T08:18:57.694+0000] {processor.py:830} INFO - Processing file /home/airflow/.local/lib/python3.12/site-packages/airflow/example_dags/example_latest_only.py for tasks to queue
[2024-06-14T08:18:57.695+0000] {logging_mixin.py:188} INFO - [2024-06-14T08:18:57.695+0000] {dagbag.py:545} INFO - Filling up the DagBag from /home/airflow/.local/lib/python3.12/site-packages/airflow/example_dags/example_latest_only.py
[2024-06-14T08:18:57.699+0000] {processor.py:840} INFO - DAG(s) 'latest_only' retrieved from /home/airflow/.local/lib/python3.12/site-packages/airflow/example_dags/example_latest_only.py
[2024-06-14T08:18:57.778+0000] {logging_mixin.py:188} INFO - [2024-06-14T08:18:57.778+0000] {dag.py:3096} INFO - Sync 1 DAGs
[2024-06-14T08:18:57.793+0000] {logging_mixin.py:188} INFO - [2024-06-14T08:18:57.793+0000] {dag.py:3954} INFO - Setting next_dagrun for latest_only to 2024-06-14 04:00:00+00:00, run_after=2024-06-14 08:00:00+00:00
[2024-06-14T08:18:57.810+0000] {processor.py:183} INFO - Processing /home/airflow/.local/lib/python3.12/site-packages/airflow/example_dags/example_latest_only.py took 0.121 seconds
[2024-06-14T08:19:28.045+0000] {processor.py:161} INFO - Started process (PID=178) to work on /home/airflow/.local/lib/python3.12/site-packages/airflow/example_dags/example_latest_only.py
[2024-06-14T08:19:28.046+0000] {processor.py:830} INFO - Processing file /home/airflow/.local/lib/python3.12/site-packages/airflow/example_dags/example_latest_only.py for tasks to queue
[2024-06-14T08:19:28.047+0000] {logging_mixin.py:188} INFO - [2024-06-14T08:19:28.047+0000] {dagbag.py:545} INFO - Filling up the DagBag from /home/airflow/.local/lib/python3.12/site-packages/airflow/example_dags/example_latest_only.py
[2024-06-14T08:19:28.051+0000] {processor.py:840} INFO - DAG(s) 'latest_only' retrieved from /home/airflow/.local/lib/python3.12/site-packages/airflow/example_dags/example_latest_only.py
[2024-06-14T08:19:28.067+0000] {logging_mixin.py:188} INFO - [2024-06-14T08:19:28.067+0000] {dag.py:3096} INFO - Sync 1 DAGs
[2024-06-14T08:19:28.081+0000] {logging_mixin.py:188} INFO - [2024-06-14T08:19:28.081+0000] {dag.py:3954} INFO - Setting next_dagrun for latest_only to 2024-06-14 04:00:00+00:00, run_after=2024-06-14 08:00:00+00:00
[2024-06-14T08:19:28.096+0000] {processor.py:183} INFO - Processing /home/airflow/.local/lib/python3.12/site-packages/airflow/example_dags/example_latest_only.py took 0.054 seconds
[2024-06-14T08:19:58.395+0000] {processor.py:161} INFO - Started process (PID=236) to work on /home/airflow/.local/lib/python3.12/site-packages/airflow/example_dags/example_latest_only.py
[2024-06-14T08:19:58.396+0000] {processor.py:830} INFO - Processing file /home/airflow/.local/lib/python3.12/site-packages/airflow/example_dags/example_latest_only.py for tasks to queue
[2024-06-14T08:19:58.397+0000] {logging_mixin.py:188} INFO - [2024-06-14T08:19:58.397+0000] {dagbag.py:545} INFO - Filling up the DagBag from /home/airflow/.local/lib/python3.12/site-packages/airflow/example_dags/example_latest_only.py
[2024-06-14T08:19:58.400+0000] {processor.py:840} INFO - DAG(s) 'latest_only' retrieved from /home/airflow/.local/lib/python3.12/site-packages/airflow/example_dags/example_latest_only.py
[2024-06-14T08:19:58.418+0000] {logging_mixin.py:188} INFO - [2024-06-14T08:19:58.417+0000] {dag.py:3096} INFO - Sync 1 DAGs
[2024-06-14T08:19:58.433+0000] {logging_mixin.py:188} INFO - [2024-06-14T08:19:58.433+0000] {dag.py:3954} INFO - Setting next_dagrun for latest_only to 2024-06-14 04:00:00+00:00, run_after=2024-06-14 08:00:00+00:00
[2024-06-14T08:19:58.452+0000] {processor.py:183} INFO - Processing /home/airflow/.local/lib/python3.12/site-packages/airflow/example_dags/example_latest_only.py took 0.062 seconds
[2024-06-14T08:20:28.625+0000] {processor.py:161} INFO - Started process (PID=294) to work on /home/airflow/.local/lib/python3.12/site-packages/airflow/example_dags/example_latest_only.py
[2024-06-14T08:20:28.626+0000] {processor.py:830} INFO - Processing file /home/airflow/.local/lib/python3.12/site-packages/airflow/example_dags/example_latest_only.py for tasks to queue
[2024-06-14T08:20:28.627+0000] {logging_mixin.py:188} INFO - [2024-06-14T08:20:28.627+0000] {dagbag.py:545} INFO - Filling up the DagBag from /home/airflow/.local/lib/python3.12/site-packages/airflow/example_dags/example_latest_only.py
[2024-06-14T08:20:28.630+0000] {processor.py:840} INFO - DAG(s) 'latest_only' retrieved from /home/airflow/.local/lib/python3.12/site-packages/airflow/example_dags/example_latest_only.py
[2024-06-14T08:20:28.647+0000] {logging_mixin.py:188} INFO - [2024-06-14T08:20:28.646+0000] {dag.py:3096} INFO - Sync 1 DAGs
[2024-06-14T08:20:28.661+0000] {logging_mixin.py:188} INFO - [2024-06-14T08:20:28.660+0000] {dag.py:3954} INFO - Setting next_dagrun for latest_only to 2024-06-14 04:00:00+00:00, run_after=2024-06-14 08:00:00+00:00
[2024-06-14T08:20:28.675+0000] {processor.py:183} INFO - Processing /home/airflow/.local/lib/python3.12/site-packages/airflow/example_dags/example_latest_only.py took 0.055 seconds
[2024-06-14T08:20:58.859+0000] {processor.py:161} INFO - Started process (PID=352) to work on /home/airflow/.local/lib/python3.12/site-packages/airflow/example_dags/example_latest_only.py
[2024-06-14T08:20:58.860+0000] {processor.py:830} INFO - Processing file /home/airflow/.local/lib/python3.12/site-packages/airflow/example_dags/example_latest_only.py for tasks to queue
[2024-06-14T08:20:58.861+0000] {logging_mixin.py:188} INFO - [2024-06-14T08:20:58.861+0000] {dagbag.py:545} INFO - Filling up the DagBag from /home/airflow/.local/lib/python3.12/site-packages/airflow/example_dags/example_latest_only.py
[2024-06-14T08:20:58.864+0000] {processor.py:840} INFO - DAG(s) 'latest_only' retrieved from /home/airflow/.local/lib/python3.12/site-packages/airflow/example_dags/example_latest_only.py
[2024-06-14T08:20:58.881+0000] {logging_mixin.py:188} INFO - [2024-06-14T08:20:58.881+0000] {dag.py:3096} INFO - Sync 1 DAGs
[2024-06-14T08:20:58.897+0000] {logging_mixin.py:188} INFO - [2024-06-14T08:20:58.897+0000] {dag.py:3954} INFO - Setting next_dagrun for latest_only to 2024-06-14 04:00:00+00:00, run_after=2024-06-14 08:00:00+00:00
[2024-06-14T08:20:58.913+0000] {processor.py:183} INFO - Processing /home/airflow/.local/lib/python3.12/site-packages/airflow/example_dags/example_latest_only.py took 0.059 seconds
[2024-06-14T08:21:29.259+0000] {processor.py:161} INFO - Started process (PID=410) to work on /home/airflow/.local/lib/python3.12/site-packages/airflow/example_dags/example_latest_only.py
[2024-06-14T08:21:29.261+0000] {processor.py:830} INFO - Processing file /home/airflow/.local/lib/python3.12/site-packages/airflow/example_dags/example_latest_only.py for tasks to queue
[2024-06-14T08:21:29.262+0000] {logging_mixin.py:188} INFO - [2024-06-14T08:21:29.262+0000] {dagbag.py:545} INFO - Filling up the DagBag from /home/airflow/.local/lib/python3.12/site-packages/airflow/example_dags/example_latest_only.py
[2024-06-14T08:21:29.265+0000] {processor.py:840} INFO - DAG(s) 'latest_only' retrieved from /home/airflow/.local/lib/python3.12/site-packages/airflow/example_dags/example_latest_only.py
[2024-06-14T08:21:29.286+0000] {logging_mixin.py:188} INFO - [2024-06-14T08:21:29.285+0000] {dag.py:3096} INFO - Sync 1 DAGs
[2024-06-14T08:21:29.307+0000] {logging_mixin.py:188} INFO - [2024-06-14T08:21:29.306+0000] {dag.py:3954} INFO - Setting next_dagrun for latest_only to 2024-06-14 04:00:00+00:00, run_after=2024-06-14 08:00:00+00:00
[2024-06-14T08:21:29.326+0000] {processor.py:183} INFO - Processing /home/airflow/.local/lib/python3.12/site-packages/airflow/example_dags/example_latest_only.py took 0.071 seconds
[2024-06-14T08:21:59.445+0000] {processor.py:161} INFO - Started process (PID=468) to work on /home/airflow/.local/lib/python3.12/site-packages/airflow/example_dags/example_latest_only.py
[2024-06-14T08:21:59.446+0000] {processor.py:830} INFO - Processing file /home/airflow/.local/lib/python3.12/site-packages/airflow/example_dags/example_latest_only.py for tasks to queue
[2024-06-14T08:21:59.447+0000] {logging_mixin.py:188} INFO - [2024-06-14T08:21:59.447+0000] {dagbag.py:545} INFO - Filling up the DagBag from /home/airflow/.local/lib/python3.12/site-packages/airflow/example_dags/example_latest_only.py
[2024-06-14T08:21:59.451+0000] {processor.py:840} INFO - DAG(s) 'latest_only' retrieved from /home/airflow/.local/lib/python3.12/site-packages/airflow/example_dags/example_latest_only.py
[2024-06-14T08:21:59.468+0000] {logging_mixin.py:188} INFO - [2024-06-14T08:21:59.468+0000] {dag.py:3096} INFO - Sync 1 DAGs
[2024-06-14T08:21:59.485+0000] {logging_mixin.py:188} INFO - [2024-06-14T08:21:59.485+0000] {dag.py:3954} INFO - Setting next_dagrun for latest_only to 2024-06-14 04:00:00+00:00, run_after=2024-06-14 08:00:00+00:00
[2024-06-14T08:21:59.501+0000] {processor.py:183} INFO - Processing /home/airflow/.local/lib/python3.12/site-packages/airflow/example_dags/example_latest_only.py took 0.060 seconds
[2024-06-14T08:22:29.549+0000] {processor.py:161} INFO - Started process (PID=525) to work on /home/airflow/.local/lib/python3.12/site-packages/airflow/example_dags/example_latest_only.py
[2024-06-14T08:22:29.550+0000] {processor.py:830} INFO - Processing file /home/airflow/.local/lib/python3.12/site-packages/airflow/example_dags/example_latest_only.py for tasks to queue
[2024-06-14T08:22:29.552+0000] {logging_mixin.py:188} INFO - [2024-06-14T08:22:29.551+0000] {dagbag.py:545} INFO - Filling up the DagBag from /home/airflow/.local/lib/python3.12/site-packages/airflow/example_dags/example_latest_only.py
[2024-06-14T08:22:29.555+0000] {processor.py:840} INFO - DAG(s) 'latest_only' retrieved from /home/airflow/.local/lib/python3.12/site-packages/airflow/example_dags/example_latest_only.py
[2024-06-14T08:22:29.572+0000] {logging_mixin.py:188} INFO - [2024-06-14T08:22:29.571+0000] {dag.py:3096} INFO - Sync 1 DAGs
[2024-06-14T08:22:29.588+0000] {logging_mixin.py:188} INFO - [2024-06-14T08:22:29.588+0000] {dag.py:3954} INFO - Setting next_dagrun for latest_only to 2024-06-14 04:00:00+00:00, run_after=2024-06-14 08:00:00+00:00
[2024-06-14T08:22:29.607+0000] {processor.py:183} INFO - Processing /home/airflow/.local/lib/python3.12/site-packages/airflow/example_dags/example_latest_only.py took 0.062 seconds
[2024-06-14T08:22:59.873+0000] {processor.py:161} INFO - Started process (PID=583) to work on /home/airflow/.local/lib/python3.12/site-packages/airflow/example_dags/example_latest_only.py
[2024-06-14T08:22:59.874+0000] {processor.py:830} INFO - Processing file /home/airflow/.local/lib/python3.12/site-packages/airflow/example_dags/example_latest_only.py for tasks to queue
[2024-06-14T08:22:59.876+0000] {logging_mixin.py:188} INFO - [2024-06-14T08:22:59.875+0000] {dagbag.py:545} INFO - Filling up the DagBag from /home/airflow/.local/lib/python3.12/site-packages/airflow/example_dags/example_latest_only.py
[2024-06-14T08:22:59.880+0000] {processor.py:840} INFO - DAG(s) 'latest_only' retrieved from /home/airflow/.local/lib/python3.12/site-packages/airflow/example_dags/example_latest_only.py
[2024-06-14T08:22:59.899+0000] {logging_mixin.py:188} INFO - [2024-06-14T08:22:59.898+0000] {dag.py:3096} INFO - Sync 1 DAGs
[2024-06-14T08:22:59.918+0000] {logging_mixin.py:188} INFO - [2024-06-14T08:22:59.917+0000] {dag.py:3954} INFO - Setting next_dagrun for latest_only to 2024-06-14 04:00:00+00:00, run_after=2024-06-14 08:00:00+00:00
[2024-06-14T08:22:59.946+0000] {processor.py:183} INFO - Processing /home/airflow/.local/lib/python3.12/site-packages/airflow/example_dags/example_latest_only.py took 0.077 seconds
[2024-06-14T08:23:30.616+0000] {processor.py:161} INFO - Started process (PID=642) to work on /home/airflow/.local/lib/python3.12/site-packages/airflow/example_dags/example_latest_only.py
[2024-06-14T08:23:30.617+0000] {processor.py:830} INFO - Processing file /home/airflow/.local/lib/python3.12/site-packages/airflow/example_dags/example_latest_only.py for tasks to queue
[2024-06-14T08:23:30.619+0000] {logging_mixin.py:188} INFO - [2024-06-14T08:23:30.619+0000] {dagbag.py:545} INFO - Filling up the DagBag from /home/airflow/.local/lib/python3.12/site-packages/airflow/example_dags/example_latest_only.py
[2024-06-14T08:23:30.623+0000] {processor.py:840} INFO - DAG(s) 'latest_only' retrieved from /home/airflow/.local/lib/python3.12/site-packages/airflow/example_dags/example_latest_only.py
[2024-06-14T08:23:30.643+0000] {logging_mixin.py:188} INFO - [2024-06-14T08:23:30.642+0000] {dag.py:3096} INFO - Sync 1 DAGs
[2024-06-14T08:23:30.662+0000] {logging_mixin.py:188} INFO - [2024-06-14T08:23:30.661+0000] {dag.py:3954} INFO - Setting next_dagrun for latest_only to 2024-06-14 04:00:00+00:00, run_after=2024-06-14 08:00:00+00:00
[2024-06-14T08:23:30.683+0000] {processor.py:183} INFO - Processing /home/airflow/.local/lib/python3.12/site-packages/airflow/example_dags/example_latest_only.py took 0.072 seconds
[2024-06-14T08:24:00.992+0000] {processor.py:161} INFO - Started process (PID=701) to work on /home/airflow/.local/lib/python3.12/site-packages/airflow/example_dags/example_latest_only.py
[2024-06-14T08:24:00.993+0000] {processor.py:830} INFO - Processing file /home/airflow/.local/lib/python3.12/site-packages/airflow/example_dags/example_latest_only.py for tasks to queue
[2024-06-14T08:24:00.995+0000] {logging_mixin.py:188} INFO - [2024-06-14T08:24:00.994+0000] {dagbag.py:545} INFO - Filling up the DagBag from /home/airflow/.local/lib/python3.12/site-packages/airflow/example_dags/example_latest_only.py
[2024-06-14T08:24:00.999+0000] {processor.py:840} INFO - DAG(s) 'latest_only' retrieved from /home/airflow/.local/lib/python3.12/site-packages/airflow/example_dags/example_latest_only.py
[2024-06-14T08:24:01.020+0000] {logging_mixin.py:188} INFO - [2024-06-14T08:24:01.020+0000] {dag.py:3096} INFO - Sync 1 DAGs
[2024-06-14T08:24:01.039+0000] {logging_mixin.py:188} INFO - [2024-06-14T08:24:01.039+0000] {dag.py:3954} INFO - Setting next_dagrun for latest_only to 2024-06-14 04:00:00+00:00, run_after=2024-06-14 08:00:00+00:00
[2024-06-14T08:24:01.060+0000] {processor.py:183} INFO - Processing /home/airflow/.local/lib/python3.12/site-packages/airflow/example_dags/example_latest_only.py took 0.073 seconds
[2024-06-14T08:24:31.505+0000] {processor.py:161} INFO - Started process (PID=760) to work on /home/airflow/.local/lib/python3.12/site-packages/airflow/example_dags/example_latest_only.py
[2024-06-14T08:24:31.507+0000] {processor.py:830} INFO - Processing file /home/airflow/.local/lib/python3.12/site-packages/airflow/example_dags/example_latest_only.py for tasks to queue
[2024-06-14T08:24:31.508+0000] {logging_mixin.py:188} INFO - [2024-06-14T08:24:31.508+0000] {dagbag.py:545} INFO - Filling up the DagBag from /home/airflow/.local/lib/python3.12/site-packages/airflow/example_dags/example_latest_only.py
[2024-06-14T08:24:31.512+0000] {processor.py:840} INFO - DAG(s) 'latest_only' retrieved from /home/airflow/.local/lib/python3.12/site-packages/airflow/example_dags/example_latest_only.py
[2024-06-14T08:24:31.533+0000] {logging_mixin.py:188} INFO - [2024-06-14T08:24:31.533+0000] {dag.py:3096} INFO - Sync 1 DAGs
[2024-06-14T08:24:31.550+0000] {logging_mixin.py:188} INFO - [2024-06-14T08:24:31.550+0000] {dag.py:3954} INFO - Setting next_dagrun for latest_only to 2024-06-14 04:00:00+00:00, run_after=2024-06-14 08:00:00+00:00
[2024-06-14T08:24:31.569+0000] {processor.py:183} INFO - Processing /home/airflow/.local/lib/python3.12/site-packages/airflow/example_dags/example_latest_only.py took 0.068 seconds
