[2024-06-14T08:18:26.171+0000] {processor.py:161} INFO - Started process (PID=56) to work on /home/airflow/.local/lib/python3.12/site-packages/airflow/example_dags/example_subdag_operator.py
[2024-06-14T08:18:26.172+0000] {processor.py:830} INFO - Processing file /home/airflow/.local/lib/python3.12/site-packages/airflow/example_dags/example_subdag_operator.py for tasks to queue
[2024-06-14T08:18:26.173+0000] {logging_mixin.py:188} INFO - [2024-06-14T08:18:26.173+0000] {dagbag.py:545} INFO - Filling up the DagBag from /home/airflow/.local/lib/python3.12/site-packages/airflow/example_dags/example_subdag_operator.py
[2024-06-14T08:18:26.208+0000] {processor.py:840} INFO - DAG(s) 'example_subdag_operator.section-1', 'example_subdag_operator.section-2', 'example_subdag_operator' retrieved from /home/airflow/.local/lib/python3.12/site-packages/airflow/example_dags/example_subdag_operator.py
[2024-06-14T08:18:26.213+0000] {logging_mixin.py:188} INFO - [2024-06-14T08:18:26.212+0000] {dag.py:3096} INFO - Sync 3 DAGs
[2024-06-14T08:18:26.246+0000] {logging_mixin.py:188} INFO - [2024-06-14T08:18:26.245+0000] {dag.py:3954} INFO - Setting next_dagrun for example_subdag_operator to 2022-01-01 00:00:00+00:00, run_after=2022-01-01 00:00:00+00:00
[2024-06-14T08:18:26.252+0000] {logging_mixin.py:188} INFO - [2024-06-14T08:18:26.252+0000] {dag.py:3954} INFO - Setting next_dagrun for example_subdag_operator.section-1 to None, run_after=None
[2024-06-14T08:18:26.254+0000] {logging_mixin.py:188} INFO - [2024-06-14T08:18:26.254+0000] {dag.py:3954} INFO - Setting next_dagrun for example_subdag_operator.section-2 to None, run_after=None
[2024-06-14T08:18:26.268+0000] {logging_mixin.py:188} INFO - [2024-06-14T08:18:26.267+0000] {dag.py:3096} INFO - Sync 2 DAGs
[2024-06-14T08:18:26.275+0000] {logging_mixin.py:188} INFO - [2024-06-14T08:18:26.275+0000] {dag.py:3954} INFO - Setting next_dagrun for example_subdag_operator.section-1 to None, run_after=None
[2024-06-14T08:18:26.276+0000] {logging_mixin.py:188} INFO - [2024-06-14T08:18:26.276+0000] {dag.py:3954} INFO - Setting next_dagrun for example_subdag_operator.section-2 to None, run_after=None
[2024-06-14T08:18:26.295+0000] {processor.py:183} INFO - Processing /home/airflow/.local/lib/python3.12/site-packages/airflow/example_dags/example_subdag_operator.py took 0.129 seconds
[2024-06-14T08:18:57.172+0000] {processor.py:161} INFO - Started process (PID=114) to work on /home/airflow/.local/lib/python3.12/site-packages/airflow/example_dags/example_subdag_operator.py
[2024-06-14T08:18:57.173+0000] {processor.py:830} INFO - Processing file /home/airflow/.local/lib/python3.12/site-packages/airflow/example_dags/example_subdag_operator.py for tasks to queue
[2024-06-14T08:18:57.175+0000] {logging_mixin.py:188} INFO - [2024-06-14T08:18:57.174+0000] {dagbag.py:545} INFO - Filling up the DagBag from /home/airflow/.local/lib/python3.12/site-packages/airflow/example_dags/example_subdag_operator.py
[2024-06-14T08:18:57.194+0000] {processor.py:840} INFO - DAG(s) 'example_subdag_operator.section-1', 'example_subdag_operator.section-2', 'example_subdag_operator' retrieved from /home/airflow/.local/lib/python3.12/site-packages/airflow/example_dags/example_subdag_operator.py
[2024-06-14T08:18:57.265+0000] {logging_mixin.py:188} INFO - [2024-06-14T08:18:57.265+0000] {dag.py:3096} INFO - Sync 3 DAGs
[2024-06-14T08:18:57.280+0000] {logging_mixin.py:188} INFO - [2024-06-14T08:18:57.280+0000] {dag.py:3954} INFO - Setting next_dagrun for example_subdag_operator to 2022-01-01 00:00:00+00:00, run_after=2022-01-01 00:00:00+00:00
[2024-06-14T08:18:57.282+0000] {logging_mixin.py:188} INFO - [2024-06-14T08:18:57.282+0000] {dag.py:3954} INFO - Setting next_dagrun for example_subdag_operator.section-1 to None, run_after=None
[2024-06-14T08:18:57.284+0000] {logging_mixin.py:188} INFO - [2024-06-14T08:18:57.284+0000] {dag.py:3954} INFO - Setting next_dagrun for example_subdag_operator.section-2 to None, run_after=None
[2024-06-14T08:18:57.292+0000] {logging_mixin.py:188} INFO - [2024-06-14T08:18:57.292+0000] {dag.py:3096} INFO - Sync 2 DAGs
[2024-06-14T08:18:57.296+0000] {logging_mixin.py:188} INFO - [2024-06-14T08:18:57.296+0000] {dag.py:3954} INFO - Setting next_dagrun for example_subdag_operator.section-1 to None, run_after=None
[2024-06-14T08:18:57.296+0000] {logging_mixin.py:188} INFO - [2024-06-14T08:18:57.296+0000] {dag.py:3954} INFO - Setting next_dagrun for example_subdag_operator.section-2 to None, run_after=None
[2024-06-14T08:18:57.305+0000] {processor.py:183} INFO - Processing /home/airflow/.local/lib/python3.12/site-packages/airflow/example_dags/example_subdag_operator.py took 0.138 seconds
[2024-06-14T08:19:27.686+0000] {processor.py:161} INFO - Started process (PID=172) to work on /home/airflow/.local/lib/python3.12/site-packages/airflow/example_dags/example_subdag_operator.py
[2024-06-14T08:19:27.687+0000] {processor.py:830} INFO - Processing file /home/airflow/.local/lib/python3.12/site-packages/airflow/example_dags/example_subdag_operator.py for tasks to queue
[2024-06-14T08:19:27.688+0000] {logging_mixin.py:188} INFO - [2024-06-14T08:19:27.688+0000] {dagbag.py:545} INFO - Filling up the DagBag from /home/airflow/.local/lib/python3.12/site-packages/airflow/example_dags/example_subdag_operator.py
[2024-06-14T08:19:27.707+0000] {processor.py:840} INFO - DAG(s) 'example_subdag_operator.section-1', 'example_subdag_operator.section-2', 'example_subdag_operator' retrieved from /home/airflow/.local/lib/python3.12/site-packages/airflow/example_dags/example_subdag_operator.py
[2024-06-14T08:19:27.719+0000] {logging_mixin.py:188} INFO - [2024-06-14T08:19:27.718+0000] {dag.py:3096} INFO - Sync 3 DAGs
[2024-06-14T08:19:27.735+0000] {logging_mixin.py:188} INFO - [2024-06-14T08:19:27.734+0000] {dag.py:3954} INFO - Setting next_dagrun for example_subdag_operator to 2022-01-01 00:00:00+00:00, run_after=2022-01-01 00:00:00+00:00
[2024-06-14T08:19:27.737+0000] {logging_mixin.py:188} INFO - [2024-06-14T08:19:27.737+0000] {dag.py:3954} INFO - Setting next_dagrun for example_subdag_operator.section-1 to None, run_after=None
[2024-06-14T08:19:27.738+0000] {logging_mixin.py:188} INFO - [2024-06-14T08:19:27.738+0000] {dag.py:3954} INFO - Setting next_dagrun for example_subdag_operator.section-2 to None, run_after=None
[2024-06-14T08:19:27.744+0000] {logging_mixin.py:188} INFO - [2024-06-14T08:19:27.743+0000] {dag.py:3096} INFO - Sync 2 DAGs
[2024-06-14T08:19:27.747+0000] {logging_mixin.py:188} INFO - [2024-06-14T08:19:27.747+0000] {dag.py:3954} INFO - Setting next_dagrun for example_subdag_operator.section-1 to None, run_after=None
[2024-06-14T08:19:27.748+0000] {logging_mixin.py:188} INFO - [2024-06-14T08:19:27.747+0000] {dag.py:3954} INFO - Setting next_dagrun for example_subdag_operator.section-2 to None, run_after=None
[2024-06-14T08:19:27.759+0000] {processor.py:183} INFO - Processing /home/airflow/.local/lib/python3.12/site-packages/airflow/example_dags/example_subdag_operator.py took 0.078 seconds
[2024-06-14T08:19:58.121+0000] {processor.py:161} INFO - Started process (PID=230) to work on /home/airflow/.local/lib/python3.12/site-packages/airflow/example_dags/example_subdag_operator.py
[2024-06-14T08:19:58.122+0000] {processor.py:830} INFO - Processing file /home/airflow/.local/lib/python3.12/site-packages/airflow/example_dags/example_subdag_operator.py for tasks to queue
[2024-06-14T08:19:58.123+0000] {logging_mixin.py:188} INFO - [2024-06-14T08:19:58.123+0000] {dagbag.py:545} INFO - Filling up the DagBag from /home/airflow/.local/lib/python3.12/site-packages/airflow/example_dags/example_subdag_operator.py
[2024-06-14T08:19:58.140+0000] {processor.py:840} INFO - DAG(s) 'example_subdag_operator.section-1', 'example_subdag_operator.section-2', 'example_subdag_operator' retrieved from /home/airflow/.local/lib/python3.12/site-packages/airflow/example_dags/example_subdag_operator.py
[2024-06-14T08:19:58.151+0000] {logging_mixin.py:188} INFO - [2024-06-14T08:19:58.151+0000] {dag.py:3096} INFO - Sync 3 DAGs
[2024-06-14T08:19:58.167+0000] {logging_mixin.py:188} INFO - [2024-06-14T08:19:58.167+0000] {dag.py:3954} INFO - Setting next_dagrun for example_subdag_operator to 2022-01-01 00:00:00+00:00, run_after=2022-01-01 00:00:00+00:00
[2024-06-14T08:19:58.170+0000] {logging_mixin.py:188} INFO - [2024-06-14T08:19:58.170+0000] {dag.py:3954} INFO - Setting next_dagrun for example_subdag_operator.section-1 to None, run_after=None
[2024-06-14T08:19:58.171+0000] {logging_mixin.py:188} INFO - [2024-06-14T08:19:58.171+0000] {dag.py:3954} INFO - Setting next_dagrun for example_subdag_operator.section-2 to None, run_after=None
[2024-06-14T08:19:58.176+0000] {logging_mixin.py:188} INFO - [2024-06-14T08:19:58.176+0000] {dag.py:3096} INFO - Sync 2 DAGs
[2024-06-14T08:19:58.180+0000] {logging_mixin.py:188} INFO - [2024-06-14T08:19:58.180+0000] {dag.py:3954} INFO - Setting next_dagrun for example_subdag_operator.section-1 to None, run_after=None
[2024-06-14T08:19:58.181+0000] {logging_mixin.py:188} INFO - [2024-06-14T08:19:58.180+0000] {dag.py:3954} INFO - Setting next_dagrun for example_subdag_operator.section-2 to None, run_after=None
[2024-06-14T08:19:58.190+0000] {processor.py:183} INFO - Processing /home/airflow/.local/lib/python3.12/site-packages/airflow/example_dags/example_subdag_operator.py took 0.074 seconds
[2024-06-14T08:20:28.385+0000] {processor.py:161} INFO - Started process (PID=288) to work on /home/airflow/.local/lib/python3.12/site-packages/airflow/example_dags/example_subdag_operator.py
[2024-06-14T08:20:28.386+0000] {processor.py:830} INFO - Processing file /home/airflow/.local/lib/python3.12/site-packages/airflow/example_dags/example_subdag_operator.py for tasks to queue
[2024-06-14T08:20:28.388+0000] {logging_mixin.py:188} INFO - [2024-06-14T08:20:28.388+0000] {dagbag.py:545} INFO - Filling up the DagBag from /home/airflow/.local/lib/python3.12/site-packages/airflow/example_dags/example_subdag_operator.py
[2024-06-14T08:20:28.408+0000] {processor.py:840} INFO - DAG(s) 'example_subdag_operator.section-1', 'example_subdag_operator.section-2', 'example_subdag_operator' retrieved from /home/airflow/.local/lib/python3.12/site-packages/airflow/example_dags/example_subdag_operator.py
[2024-06-14T08:20:28.420+0000] {logging_mixin.py:188} INFO - [2024-06-14T08:20:28.420+0000] {dag.py:3096} INFO - Sync 3 DAGs
[2024-06-14T08:20:28.436+0000] {logging_mixin.py:188} INFO - [2024-06-14T08:20:28.435+0000] {dag.py:3954} INFO - Setting next_dagrun for example_subdag_operator to 2022-01-01 00:00:00+00:00, run_after=2022-01-01 00:00:00+00:00
[2024-06-14T08:20:28.439+0000] {logging_mixin.py:188} INFO - [2024-06-14T08:20:28.438+0000] {dag.py:3954} INFO - Setting next_dagrun for example_subdag_operator.section-1 to None, run_after=None
[2024-06-14T08:20:28.440+0000] {logging_mixin.py:188} INFO - [2024-06-14T08:20:28.440+0000] {dag.py:3954} INFO - Setting next_dagrun for example_subdag_operator.section-2 to None, run_after=None
[2024-06-14T08:20:28.445+0000] {logging_mixin.py:188} INFO - [2024-06-14T08:20:28.445+0000] {dag.py:3096} INFO - Sync 2 DAGs
[2024-06-14T08:20:28.449+0000] {logging_mixin.py:188} INFO - [2024-06-14T08:20:28.449+0000] {dag.py:3954} INFO - Setting next_dagrun for example_subdag_operator.section-1 to None, run_after=None
[2024-06-14T08:20:28.449+0000] {logging_mixin.py:188} INFO - [2024-06-14T08:20:28.449+0000] {dag.py:3954} INFO - Setting next_dagrun for example_subdag_operator.section-2 to None, run_after=None
[2024-06-14T08:20:28.459+0000] {processor.py:183} INFO - Processing /home/airflow/.local/lib/python3.12/site-packages/airflow/example_dags/example_subdag_operator.py took 0.078 seconds
[2024-06-14T08:20:58.628+0000] {processor.py:161} INFO - Started process (PID=346) to work on /home/airflow/.local/lib/python3.12/site-packages/airflow/example_dags/example_subdag_operator.py
[2024-06-14T08:20:58.629+0000] {processor.py:830} INFO - Processing file /home/airflow/.local/lib/python3.12/site-packages/airflow/example_dags/example_subdag_operator.py for tasks to queue
[2024-06-14T08:20:58.630+0000] {logging_mixin.py:188} INFO - [2024-06-14T08:20:58.630+0000] {dagbag.py:545} INFO - Filling up the DagBag from /home/airflow/.local/lib/python3.12/site-packages/airflow/example_dags/example_subdag_operator.py
[2024-06-14T08:20:58.649+0000] {processor.py:840} INFO - DAG(s) 'example_subdag_operator.section-1', 'example_subdag_operator.section-2', 'example_subdag_operator' retrieved from /home/airflow/.local/lib/python3.12/site-packages/airflow/example_dags/example_subdag_operator.py
[2024-06-14T08:20:58.661+0000] {logging_mixin.py:188} INFO - [2024-06-14T08:20:58.660+0000] {dag.py:3096} INFO - Sync 3 DAGs
[2024-06-14T08:20:58.676+0000] {logging_mixin.py:188} INFO - [2024-06-14T08:20:58.676+0000] {dag.py:3954} INFO - Setting next_dagrun for example_subdag_operator to 2022-01-01 00:00:00+00:00, run_after=2022-01-01 00:00:00+00:00
[2024-06-14T08:20:58.679+0000] {logging_mixin.py:188} INFO - [2024-06-14T08:20:58.679+0000] {dag.py:3954} INFO - Setting next_dagrun for example_subdag_operator.section-1 to None, run_after=None
[2024-06-14T08:20:58.681+0000] {logging_mixin.py:188} INFO - [2024-06-14T08:20:58.680+0000] {dag.py:3954} INFO - Setting next_dagrun for example_subdag_operator.section-2 to None, run_after=None
[2024-06-14T08:20:58.686+0000] {logging_mixin.py:188} INFO - [2024-06-14T08:20:58.686+0000] {dag.py:3096} INFO - Sync 2 DAGs
[2024-06-14T08:20:58.691+0000] {logging_mixin.py:188} INFO - [2024-06-14T08:20:58.690+0000] {dag.py:3954} INFO - Setting next_dagrun for example_subdag_operator.section-1 to None, run_after=None
[2024-06-14T08:20:58.691+0000] {logging_mixin.py:188} INFO - [2024-06-14T08:20:58.691+0000] {dag.py:3954} INFO - Setting next_dagrun for example_subdag_operator.section-2 to None, run_after=None
[2024-06-14T08:20:58.701+0000] {processor.py:183} INFO - Processing /home/airflow/.local/lib/python3.12/site-packages/airflow/example_dags/example_subdag_operator.py took 0.078 seconds
[2024-06-14T08:21:28.980+0000] {processor.py:161} INFO - Started process (PID=404) to work on /home/airflow/.local/lib/python3.12/site-packages/airflow/example_dags/example_subdag_operator.py
[2024-06-14T08:21:28.981+0000] {processor.py:830} INFO - Processing file /home/airflow/.local/lib/python3.12/site-packages/airflow/example_dags/example_subdag_operator.py for tasks to queue
[2024-06-14T08:21:28.983+0000] {logging_mixin.py:188} INFO - [2024-06-14T08:21:28.982+0000] {dagbag.py:545} INFO - Filling up the DagBag from /home/airflow/.local/lib/python3.12/site-packages/airflow/example_dags/example_subdag_operator.py
[2024-06-14T08:21:29.004+0000] {processor.py:840} INFO - DAG(s) 'example_subdag_operator.section-1', 'example_subdag_operator.section-2', 'example_subdag_operator' retrieved from /home/airflow/.local/lib/python3.12/site-packages/airflow/example_dags/example_subdag_operator.py
[2024-06-14T08:21:29.018+0000] {logging_mixin.py:188} INFO - [2024-06-14T08:21:29.017+0000] {dag.py:3096} INFO - Sync 3 DAGs
[2024-06-14T08:21:29.034+0000] {logging_mixin.py:188} INFO - [2024-06-14T08:21:29.034+0000] {dag.py:3954} INFO - Setting next_dagrun for example_subdag_operator to 2022-01-01 00:00:00+00:00, run_after=2022-01-01 00:00:00+00:00
[2024-06-14T08:21:29.038+0000] {logging_mixin.py:188} INFO - [2024-06-14T08:21:29.038+0000] {dag.py:3954} INFO - Setting next_dagrun for example_subdag_operator.section-1 to None, run_after=None
[2024-06-14T08:21:29.039+0000] {logging_mixin.py:188} INFO - [2024-06-14T08:21:29.039+0000] {dag.py:3954} INFO - Setting next_dagrun for example_subdag_operator.section-2 to None, run_after=None
[2024-06-14T08:21:29.045+0000] {logging_mixin.py:188} INFO - [2024-06-14T08:21:29.044+0000] {dag.py:3096} INFO - Sync 2 DAGs
[2024-06-14T08:21:29.049+0000] {logging_mixin.py:188} INFO - [2024-06-14T08:21:29.048+0000] {dag.py:3954} INFO - Setting next_dagrun for example_subdag_operator.section-1 to None, run_after=None
[2024-06-14T08:21:29.049+0000] {logging_mixin.py:188} INFO - [2024-06-14T08:21:29.049+0000] {dag.py:3954} INFO - Setting next_dagrun for example_subdag_operator.section-2 to None, run_after=None
[2024-06-14T08:21:29.059+0000] {processor.py:183} INFO - Processing /home/airflow/.local/lib/python3.12/site-packages/airflow/example_dags/example_subdag_operator.py took 0.084 seconds
[2024-06-14T08:21:59.208+0000] {processor.py:161} INFO - Started process (PID=462) to work on /home/airflow/.local/lib/python3.12/site-packages/airflow/example_dags/example_subdag_operator.py
[2024-06-14T08:21:59.210+0000] {processor.py:830} INFO - Processing file /home/airflow/.local/lib/python3.12/site-packages/airflow/example_dags/example_subdag_operator.py for tasks to queue
[2024-06-14T08:21:59.211+0000] {logging_mixin.py:188} INFO - [2024-06-14T08:21:59.211+0000] {dagbag.py:545} INFO - Filling up the DagBag from /home/airflow/.local/lib/python3.12/site-packages/airflow/example_dags/example_subdag_operator.py
[2024-06-14T08:21:59.229+0000] {processor.py:840} INFO - DAG(s) 'example_subdag_operator.section-1', 'example_subdag_operator.section-2', 'example_subdag_operator' retrieved from /home/airflow/.local/lib/python3.12/site-packages/airflow/example_dags/example_subdag_operator.py
[2024-06-14T08:21:59.241+0000] {logging_mixin.py:188} INFO - [2024-06-14T08:21:59.241+0000] {dag.py:3096} INFO - Sync 3 DAGs
[2024-06-14T08:21:59.258+0000] {logging_mixin.py:188} INFO - [2024-06-14T08:21:59.258+0000] {dag.py:3954} INFO - Setting next_dagrun for example_subdag_operator to 2022-01-01 00:00:00+00:00, run_after=2022-01-01 00:00:00+00:00
[2024-06-14T08:21:59.261+0000] {logging_mixin.py:188} INFO - [2024-06-14T08:21:59.261+0000] {dag.py:3954} INFO - Setting next_dagrun for example_subdag_operator.section-1 to None, run_after=None
[2024-06-14T08:21:59.262+0000] {logging_mixin.py:188} INFO - [2024-06-14T08:21:59.262+0000] {dag.py:3954} INFO - Setting next_dagrun for example_subdag_operator.section-2 to None, run_after=None
[2024-06-14T08:21:59.267+0000] {logging_mixin.py:188} INFO - [2024-06-14T08:21:59.267+0000] {dag.py:3096} INFO - Sync 2 DAGs
[2024-06-14T08:21:59.272+0000] {logging_mixin.py:188} INFO - [2024-06-14T08:21:59.272+0000] {dag.py:3954} INFO - Setting next_dagrun for example_subdag_operator.section-1 to None, run_after=None
[2024-06-14T08:21:59.272+0000] {logging_mixin.py:188} INFO - [2024-06-14T08:21:59.272+0000] {dag.py:3954} INFO - Setting next_dagrun for example_subdag_operator.section-2 to None, run_after=None
[2024-06-14T08:21:59.281+0000] {processor.py:183} INFO - Processing /home/airflow/.local/lib/python3.12/site-packages/airflow/example_dags/example_subdag_operator.py took 0.077 seconds
[2024-06-14T08:22:29.352+0000] {processor.py:161} INFO - Started process (PID=520) to work on /home/airflow/.local/lib/python3.12/site-packages/airflow/example_dags/example_subdag_operator.py
[2024-06-14T08:22:29.353+0000] {processor.py:830} INFO - Processing file /home/airflow/.local/lib/python3.12/site-packages/airflow/example_dags/example_subdag_operator.py for tasks to queue
[2024-06-14T08:22:29.354+0000] {logging_mixin.py:188} INFO - [2024-06-14T08:22:29.354+0000] {dagbag.py:545} INFO - Filling up the DagBag from /home/airflow/.local/lib/python3.12/site-packages/airflow/example_dags/example_subdag_operator.py
[2024-06-14T08:22:29.375+0000] {processor.py:840} INFO - DAG(s) 'example_subdag_operator.section-1', 'example_subdag_operator.section-2', 'example_subdag_operator' retrieved from /home/airflow/.local/lib/python3.12/site-packages/airflow/example_dags/example_subdag_operator.py
[2024-06-14T08:22:29.388+0000] {logging_mixin.py:188} INFO - [2024-06-14T08:22:29.388+0000] {dag.py:3096} INFO - Sync 3 DAGs
[2024-06-14T08:22:29.405+0000] {logging_mixin.py:188} INFO - [2024-06-14T08:22:29.405+0000] {dag.py:3954} INFO - Setting next_dagrun for example_subdag_operator to 2022-01-01 00:00:00+00:00, run_after=2022-01-01 00:00:00+00:00
[2024-06-14T08:22:29.408+0000] {logging_mixin.py:188} INFO - [2024-06-14T08:22:29.408+0000] {dag.py:3954} INFO - Setting next_dagrun for example_subdag_operator.section-1 to None, run_after=None
[2024-06-14T08:22:29.410+0000] {logging_mixin.py:188} INFO - [2024-06-14T08:22:29.409+0000] {dag.py:3954} INFO - Setting next_dagrun for example_subdag_operator.section-2 to None, run_after=None
[2024-06-14T08:22:29.415+0000] {logging_mixin.py:188} INFO - [2024-06-14T08:22:29.415+0000] {dag.py:3096} INFO - Sync 2 DAGs
[2024-06-14T08:22:29.419+0000] {logging_mixin.py:188} INFO - [2024-06-14T08:22:29.419+0000] {dag.py:3954} INFO - Setting next_dagrun for example_subdag_operator.section-1 to None, run_after=None
[2024-06-14T08:22:29.419+0000] {logging_mixin.py:188} INFO - [2024-06-14T08:22:29.419+0000] {dag.py:3954} INFO - Setting next_dagrun for example_subdag_operator.section-2 to None, run_after=None
[2024-06-14T08:22:29.428+0000] {processor.py:183} INFO - Processing /home/airflow/.local/lib/python3.12/site-packages/airflow/example_dags/example_subdag_operator.py took 0.081 seconds
[2024-06-14T08:22:59.667+0000] {processor.py:161} INFO - Started process (PID=578) to work on /home/airflow/.local/lib/python3.12/site-packages/airflow/example_dags/example_subdag_operator.py
[2024-06-14T08:22:59.669+0000] {processor.py:830} INFO - Processing file /home/airflow/.local/lib/python3.12/site-packages/airflow/example_dags/example_subdag_operator.py for tasks to queue
[2024-06-14T08:22:59.670+0000] {logging_mixin.py:188} INFO - [2024-06-14T08:22:59.670+0000] {dagbag.py:545} INFO - Filling up the DagBag from /home/airflow/.local/lib/python3.12/site-packages/airflow/example_dags/example_subdag_operator.py
[2024-06-14T08:22:59.690+0000] {processor.py:840} INFO - DAG(s) 'example_subdag_operator.section-1', 'example_subdag_operator.section-2', 'example_subdag_operator' retrieved from /home/airflow/.local/lib/python3.12/site-packages/airflow/example_dags/example_subdag_operator.py
[2024-06-14T08:22:59.703+0000] {logging_mixin.py:188} INFO - [2024-06-14T08:22:59.703+0000] {dag.py:3096} INFO - Sync 3 DAGs
[2024-06-14T08:22:59.721+0000] {logging_mixin.py:188} INFO - [2024-06-14T08:22:59.720+0000] {dag.py:3954} INFO - Setting next_dagrun for example_subdag_operator to 2022-01-01 00:00:00+00:00, run_after=2022-01-01 00:00:00+00:00
[2024-06-14T08:22:59.724+0000] {logging_mixin.py:188} INFO - [2024-06-14T08:22:59.724+0000] {dag.py:3954} INFO - Setting next_dagrun for example_subdag_operator.section-1 to None, run_after=None
[2024-06-14T08:22:59.725+0000] {logging_mixin.py:188} INFO - [2024-06-14T08:22:59.725+0000] {dag.py:3954} INFO - Setting next_dagrun for example_subdag_operator.section-2 to None, run_after=None
[2024-06-14T08:22:59.731+0000] {logging_mixin.py:188} INFO - [2024-06-14T08:22:59.731+0000] {dag.py:3096} INFO - Sync 2 DAGs
[2024-06-14T08:22:59.735+0000] {logging_mixin.py:188} INFO - [2024-06-14T08:22:59.735+0000] {dag.py:3954} INFO - Setting next_dagrun for example_subdag_operator.section-1 to None, run_after=None
[2024-06-14T08:22:59.735+0000] {logging_mixin.py:188} INFO - [2024-06-14T08:22:59.735+0000] {dag.py:3954} INFO - Setting next_dagrun for example_subdag_operator.section-2 to None, run_after=None
[2024-06-14T08:22:59.744+0000] {processor.py:183} INFO - Processing /home/airflow/.local/lib/python3.12/site-packages/airflow/example_dags/example_subdag_operator.py took 0.082 seconds
[2024-06-14T08:23:30.323+0000] {processor.py:161} INFO - Started process (PID=637) to work on /home/airflow/.local/lib/python3.12/site-packages/airflow/example_dags/example_subdag_operator.py
[2024-06-14T08:23:30.324+0000] {processor.py:830} INFO - Processing file /home/airflow/.local/lib/python3.12/site-packages/airflow/example_dags/example_subdag_operator.py for tasks to queue
[2024-06-14T08:23:30.325+0000] {logging_mixin.py:188} INFO - [2024-06-14T08:23:30.325+0000] {dagbag.py:545} INFO - Filling up the DagBag from /home/airflow/.local/lib/python3.12/site-packages/airflow/example_dags/example_subdag_operator.py
[2024-06-14T08:23:30.343+0000] {processor.py:840} INFO - DAG(s) 'example_subdag_operator.section-1', 'example_subdag_operator.section-2', 'example_subdag_operator' retrieved from /home/airflow/.local/lib/python3.12/site-packages/airflow/example_dags/example_subdag_operator.py
[2024-06-14T08:23:30.357+0000] {logging_mixin.py:188} INFO - [2024-06-14T08:23:30.357+0000] {dag.py:3096} INFO - Sync 3 DAGs
[2024-06-14T08:23:30.376+0000] {logging_mixin.py:188} INFO - [2024-06-14T08:23:30.376+0000] {dag.py:3954} INFO - Setting next_dagrun for example_subdag_operator to 2022-01-01 00:00:00+00:00, run_after=2022-01-01 00:00:00+00:00
[2024-06-14T08:23:30.381+0000] {logging_mixin.py:188} INFO - [2024-06-14T08:23:30.381+0000] {dag.py:3954} INFO - Setting next_dagrun for example_subdag_operator.section-1 to None, run_after=None
[2024-06-14T08:23:30.383+0000] {logging_mixin.py:188} INFO - [2024-06-14T08:23:30.382+0000] {dag.py:3954} INFO - Setting next_dagrun for example_subdag_operator.section-2 to None, run_after=None
[2024-06-14T08:23:30.390+0000] {logging_mixin.py:188} INFO - [2024-06-14T08:23:30.390+0000] {dag.py:3096} INFO - Sync 2 DAGs
[2024-06-14T08:23:30.396+0000] {logging_mixin.py:188} INFO - [2024-06-14T08:23:30.396+0000] {dag.py:3954} INFO - Setting next_dagrun for example_subdag_operator.section-1 to None, run_after=None
[2024-06-14T08:23:30.396+0000] {logging_mixin.py:188} INFO - [2024-06-14T08:23:30.396+0000] {dag.py:3954} INFO - Setting next_dagrun for example_subdag_operator.section-2 to None, run_after=None
[2024-06-14T08:23:30.412+0000] {processor.py:183} INFO - Processing /home/airflow/.local/lib/python3.12/site-packages/airflow/example_dags/example_subdag_operator.py took 0.094 seconds
[2024-06-14T08:24:00.766+0000] {processor.py:161} INFO - Started process (PID=696) to work on /home/airflow/.local/lib/python3.12/site-packages/airflow/example_dags/example_subdag_operator.py
[2024-06-14T08:24:00.767+0000] {processor.py:830} INFO - Processing file /home/airflow/.local/lib/python3.12/site-packages/airflow/example_dags/example_subdag_operator.py for tasks to queue
[2024-06-14T08:24:00.769+0000] {logging_mixin.py:188} INFO - [2024-06-14T08:24:00.769+0000] {dagbag.py:545} INFO - Filling up the DagBag from /home/airflow/.local/lib/python3.12/site-packages/airflow/example_dags/example_subdag_operator.py
[2024-06-14T08:24:00.790+0000] {processor.py:840} INFO - DAG(s) 'example_subdag_operator.section-1', 'example_subdag_operator.section-2', 'example_subdag_operator' retrieved from /home/airflow/.local/lib/python3.12/site-packages/airflow/example_dags/example_subdag_operator.py
[2024-06-14T08:24:00.806+0000] {logging_mixin.py:188} INFO - [2024-06-14T08:24:00.805+0000] {dag.py:3096} INFO - Sync 3 DAGs
[2024-06-14T08:24:00.826+0000] {logging_mixin.py:188} INFO - [2024-06-14T08:24:00.826+0000] {dag.py:3954} INFO - Setting next_dagrun for example_subdag_operator to 2022-01-01 00:00:00+00:00, run_after=2022-01-01 00:00:00+00:00
[2024-06-14T08:24:00.830+0000] {logging_mixin.py:188} INFO - [2024-06-14T08:24:00.829+0000] {dag.py:3954} INFO - Setting next_dagrun for example_subdag_operator.section-1 to None, run_after=None
[2024-06-14T08:24:00.831+0000] {logging_mixin.py:188} INFO - [2024-06-14T08:24:00.831+0000] {dag.py:3954} INFO - Setting next_dagrun for example_subdag_operator.section-2 to None, run_after=None
[2024-06-14T08:24:00.838+0000] {logging_mixin.py:188} INFO - [2024-06-14T08:24:00.838+0000] {dag.py:3096} INFO - Sync 2 DAGs
[2024-06-14T08:24:00.843+0000] {logging_mixin.py:188} INFO - [2024-06-14T08:24:00.843+0000] {dag.py:3954} INFO - Setting next_dagrun for example_subdag_operator.section-1 to None, run_after=None
[2024-06-14T08:24:00.844+0000] {logging_mixin.py:188} INFO - [2024-06-14T08:24:00.844+0000] {dag.py:3954} INFO - Setting next_dagrun for example_subdag_operator.section-2 to None, run_after=None
[2024-06-14T08:24:00.855+0000] {processor.py:183} INFO - Processing /home/airflow/.local/lib/python3.12/site-packages/airflow/example_dags/example_subdag_operator.py took 0.093 seconds
[2024-06-14T08:24:31.256+0000] {processor.py:161} INFO - Started process (PID=755) to work on /home/airflow/.local/lib/python3.12/site-packages/airflow/example_dags/example_subdag_operator.py
[2024-06-14T08:24:31.257+0000] {processor.py:830} INFO - Processing file /home/airflow/.local/lib/python3.12/site-packages/airflow/example_dags/example_subdag_operator.py for tasks to queue
[2024-06-14T08:24:31.258+0000] {logging_mixin.py:188} INFO - [2024-06-14T08:24:31.258+0000] {dagbag.py:545} INFO - Filling up the DagBag from /home/airflow/.local/lib/python3.12/site-packages/airflow/example_dags/example_subdag_operator.py
[2024-06-14T08:24:31.277+0000] {processor.py:840} INFO - DAG(s) 'example_subdag_operator.section-1', 'example_subdag_operator.section-2', 'example_subdag_operator' retrieved from /home/airflow/.local/lib/python3.12/site-packages/airflow/example_dags/example_subdag_operator.py
[2024-06-14T08:24:31.293+0000] {logging_mixin.py:188} INFO - [2024-06-14T08:24:31.292+0000] {dag.py:3096} INFO - Sync 3 DAGs
[2024-06-14T08:24:31.311+0000] {logging_mixin.py:188} INFO - [2024-06-14T08:24:31.311+0000] {dag.py:3954} INFO - Setting next_dagrun for example_subdag_operator to 2022-01-01 00:00:00+00:00, run_after=2022-01-01 00:00:00+00:00
[2024-06-14T08:24:31.314+0000] {logging_mixin.py:188} INFO - [2024-06-14T08:24:31.314+0000] {dag.py:3954} INFO - Setting next_dagrun for example_subdag_operator.section-1 to None, run_after=None
[2024-06-14T08:24:31.315+0000] {logging_mixin.py:188} INFO - [2024-06-14T08:24:31.315+0000] {dag.py:3954} INFO - Setting next_dagrun for example_subdag_operator.section-2 to None, run_after=None
[2024-06-14T08:24:31.321+0000] {logging_mixin.py:188} INFO - [2024-06-14T08:24:31.321+0000] {dag.py:3096} INFO - Sync 2 DAGs
[2024-06-14T08:24:31.325+0000] {logging_mixin.py:188} INFO - [2024-06-14T08:24:31.325+0000] {dag.py:3954} INFO - Setting next_dagrun for example_subdag_operator.section-1 to None, run_after=None
[2024-06-14T08:24:31.325+0000] {logging_mixin.py:188} INFO - [2024-06-14T08:24:31.325+0000] {dag.py:3954} INFO - Setting next_dagrun for example_subdag_operator.section-2 to None, run_after=None
[2024-06-14T08:24:31.338+0000] {processor.py:183} INFO - Processing /home/airflow/.local/lib/python3.12/site-packages/airflow/example_dags/example_subdag_operator.py took 0.086 seconds
