[2024-06-14T08:18:25.721+0000] {processor.py:161} INFO - Started process (PID=51) to work on /home/airflow/.local/lib/python3.12/site-packages/airflow/example_dags/example_task_group_decorator.py
[2024-06-14T08:18:25.726+0000] {processor.py:830} INFO - Processing file /home/airflow/.local/lib/python3.12/site-packages/airflow/example_dags/example_task_group_decorator.py for tasks to queue
[2024-06-14T08:18:25.734+0000] {logging_mixin.py:188} INFO - [2024-06-14T08:18:25.733+0000] {dagbag.py:545} INFO - Filling up the DagBag from /home/airflow/.local/lib/python3.12/site-packages/airflow/example_dags/example_task_group_decorator.py
[2024-06-14T08:18:25.778+0000] {processor.py:840} INFO - DAG(s) 'example_task_group_decorator' retrieved from /home/airflow/.local/lib/python3.12/site-packages/airflow/example_dags/example_task_group_decorator.py
[2024-06-14T08:18:25.805+0000] {logging_mixin.py:188} INFO - [2024-06-14T08:18:25.805+0000] {dag.py:3096} INFO - Sync 1 DAGs
[2024-06-14T08:18:25.842+0000] {logging_mixin.py:188} INFO - [2024-06-14T08:18:25.842+0000] {dag.py:3954} INFO - Setting next_dagrun for example_task_group_decorator to 2024-06-13 00:00:00+00:00, run_after=2024-06-14 00:00:00+00:00
[2024-06-14T08:18:25.867+0000] {processor.py:183} INFO - Processing /home/airflow/.local/lib/python3.12/site-packages/airflow/example_dags/example_task_group_decorator.py took 0.157 seconds
[2024-06-14T08:18:56.748+0000] {processor.py:161} INFO - Started process (PID=109) to work on /home/airflow/.local/lib/python3.12/site-packages/airflow/example_dags/example_task_group_decorator.py
[2024-06-14T08:18:56.749+0000] {processor.py:830} INFO - Processing file /home/airflow/.local/lib/python3.12/site-packages/airflow/example_dags/example_task_group_decorator.py for tasks to queue
[2024-06-14T08:18:56.750+0000] {logging_mixin.py:188} INFO - [2024-06-14T08:18:56.750+0000] {dagbag.py:545} INFO - Filling up the DagBag from /home/airflow/.local/lib/python3.12/site-packages/airflow/example_dags/example_task_group_decorator.py
[2024-06-14T08:18:56.761+0000] {processor.py:840} INFO - DAG(s) 'example_task_group_decorator' retrieved from /home/airflow/.local/lib/python3.12/site-packages/airflow/example_dags/example_task_group_decorator.py
[2024-06-14T08:18:56.848+0000] {logging_mixin.py:188} INFO - [2024-06-14T08:18:56.847+0000] {dag.py:3096} INFO - Sync 1 DAGs
[2024-06-14T08:18:56.864+0000] {logging_mixin.py:188} INFO - [2024-06-14T08:18:56.863+0000] {dag.py:3954} INFO - Setting next_dagrun for example_task_group_decorator to 2024-06-13 00:00:00+00:00, run_after=2024-06-14 00:00:00+00:00
[2024-06-14T08:18:56.884+0000] {processor.py:183} INFO - Processing /home/airflow/.local/lib/python3.12/site-packages/airflow/example_dags/example_task_group_decorator.py took 0.141 seconds
[2024-06-14T08:19:27.448+0000] {processor.py:161} INFO - Started process (PID=167) to work on /home/airflow/.local/lib/python3.12/site-packages/airflow/example_dags/example_task_group_decorator.py
[2024-06-14T08:19:27.449+0000] {processor.py:830} INFO - Processing file /home/airflow/.local/lib/python3.12/site-packages/airflow/example_dags/example_task_group_decorator.py for tasks to queue
[2024-06-14T08:19:27.451+0000] {logging_mixin.py:188} INFO - [2024-06-14T08:19:27.450+0000] {dagbag.py:545} INFO - Filling up the DagBag from /home/airflow/.local/lib/python3.12/site-packages/airflow/example_dags/example_task_group_decorator.py
[2024-06-14T08:19:27.461+0000] {processor.py:840} INFO - DAG(s) 'example_task_group_decorator' retrieved from /home/airflow/.local/lib/python3.12/site-packages/airflow/example_dags/example_task_group_decorator.py
[2024-06-14T08:19:27.482+0000] {logging_mixin.py:188} INFO - [2024-06-14T08:19:27.482+0000] {dag.py:3096} INFO - Sync 1 DAGs
[2024-06-14T08:19:27.498+0000] {logging_mixin.py:188} INFO - [2024-06-14T08:19:27.498+0000] {dag.py:3954} INFO - Setting next_dagrun for example_task_group_decorator to 2024-06-13 00:00:00+00:00, run_after=2024-06-14 00:00:00+00:00
[2024-06-14T08:19:27.515+0000] {processor.py:183} INFO - Processing /home/airflow/.local/lib/python3.12/site-packages/airflow/example_dags/example_task_group_decorator.py took 0.071 seconds
[2024-06-14T08:19:57.841+0000] {processor.py:161} INFO - Started process (PID=225) to work on /home/airflow/.local/lib/python3.12/site-packages/airflow/example_dags/example_task_group_decorator.py
[2024-06-14T08:19:57.842+0000] {processor.py:830} INFO - Processing file /home/airflow/.local/lib/python3.12/site-packages/airflow/example_dags/example_task_group_decorator.py for tasks to queue
[2024-06-14T08:19:57.843+0000] {logging_mixin.py:188} INFO - [2024-06-14T08:19:57.843+0000] {dagbag.py:545} INFO - Filling up the DagBag from /home/airflow/.local/lib/python3.12/site-packages/airflow/example_dags/example_task_group_decorator.py
[2024-06-14T08:19:57.853+0000] {processor.py:840} INFO - DAG(s) 'example_task_group_decorator' retrieved from /home/airflow/.local/lib/python3.12/site-packages/airflow/example_dags/example_task_group_decorator.py
[2024-06-14T08:19:57.874+0000] {logging_mixin.py:188} INFO - [2024-06-14T08:19:57.874+0000] {dag.py:3096} INFO - Sync 1 DAGs
[2024-06-14T08:19:57.890+0000] {logging_mixin.py:188} INFO - [2024-06-14T08:19:57.890+0000] {dag.py:3954} INFO - Setting next_dagrun for example_task_group_decorator to 2024-06-13 00:00:00+00:00, run_after=2024-06-14 00:00:00+00:00
[2024-06-14T08:19:57.905+0000] {processor.py:183} INFO - Processing /home/airflow/.local/lib/python3.12/site-packages/airflow/example_dags/example_task_group_decorator.py took 0.069 seconds
[2024-06-14T08:20:28.155+0000] {processor.py:161} INFO - Started process (PID=283) to work on /home/airflow/.local/lib/python3.12/site-packages/airflow/example_dags/example_task_group_decorator.py
[2024-06-14T08:20:28.156+0000] {processor.py:830} INFO - Processing file /home/airflow/.local/lib/python3.12/site-packages/airflow/example_dags/example_task_group_decorator.py for tasks to queue
[2024-06-14T08:20:28.157+0000] {logging_mixin.py:188} INFO - [2024-06-14T08:20:28.157+0000] {dagbag.py:545} INFO - Filling up the DagBag from /home/airflow/.local/lib/python3.12/site-packages/airflow/example_dags/example_task_group_decorator.py
[2024-06-14T08:20:28.166+0000] {processor.py:840} INFO - DAG(s) 'example_task_group_decorator' retrieved from /home/airflow/.local/lib/python3.12/site-packages/airflow/example_dags/example_task_group_decorator.py
[2024-06-14T08:20:28.187+0000] {logging_mixin.py:188} INFO - [2024-06-14T08:20:28.187+0000] {dag.py:3096} INFO - Sync 1 DAGs
[2024-06-14T08:20:28.204+0000] {logging_mixin.py:188} INFO - [2024-06-14T08:20:28.204+0000] {dag.py:3954} INFO - Setting next_dagrun for example_task_group_decorator to 2024-06-13 00:00:00+00:00, run_after=2024-06-14 00:00:00+00:00
[2024-06-14T08:20:28.220+0000] {processor.py:183} INFO - Processing /home/airflow/.local/lib/python3.12/site-packages/airflow/example_dags/example_task_group_decorator.py took 0.069 seconds
[2024-06-14T08:20:58.277+0000] {processor.py:161} INFO - Started process (PID=341) to work on /home/airflow/.local/lib/python3.12/site-packages/airflow/example_dags/example_task_group_decorator.py
[2024-06-14T08:20:58.302+0000] {processor.py:830} INFO - Processing file /home/airflow/.local/lib/python3.12/site-packages/airflow/example_dags/example_task_group_decorator.py for tasks to queue
[2024-06-14T08:20:58.304+0000] {logging_mixin.py:188} INFO - [2024-06-14T08:20:58.304+0000] {dagbag.py:545} INFO - Filling up the DagBag from /home/airflow/.local/lib/python3.12/site-packages/airflow/example_dags/example_task_group_decorator.py
[2024-06-14T08:20:58.314+0000] {processor.py:840} INFO - DAG(s) 'example_task_group_decorator' retrieved from /home/airflow/.local/lib/python3.12/site-packages/airflow/example_dags/example_task_group_decorator.py
[2024-06-14T08:20:58.332+0000] {logging_mixin.py:188} INFO - [2024-06-14T08:20:58.332+0000] {dag.py:3096} INFO - Sync 1 DAGs
[2024-06-14T08:20:58.347+0000] {logging_mixin.py:188} INFO - [2024-06-14T08:20:58.347+0000] {dag.py:3954} INFO - Setting next_dagrun for example_task_group_decorator to 2024-06-13 00:00:00+00:00, run_after=2024-06-14 00:00:00+00:00
[2024-06-14T08:20:58.364+0000] {processor.py:183} INFO - Processing /home/airflow/.local/lib/python3.12/site-packages/airflow/example_dags/example_task_group_decorator.py took 0.091 seconds
[2024-06-14T08:21:28.740+0000] {processor.py:161} INFO - Started process (PID=399) to work on /home/airflow/.local/lib/python3.12/site-packages/airflow/example_dags/example_task_group_decorator.py
[2024-06-14T08:21:28.741+0000] {processor.py:830} INFO - Processing file /home/airflow/.local/lib/python3.12/site-packages/airflow/example_dags/example_task_group_decorator.py for tasks to queue
[2024-06-14T08:21:28.742+0000] {logging_mixin.py:188} INFO - [2024-06-14T08:21:28.742+0000] {dagbag.py:545} INFO - Filling up the DagBag from /home/airflow/.local/lib/python3.12/site-packages/airflow/example_dags/example_task_group_decorator.py
[2024-06-14T08:21:28.754+0000] {processor.py:840} INFO - DAG(s) 'example_task_group_decorator' retrieved from /home/airflow/.local/lib/python3.12/site-packages/airflow/example_dags/example_task_group_decorator.py
[2024-06-14T08:21:28.775+0000] {logging_mixin.py:188} INFO - [2024-06-14T08:21:28.775+0000] {dag.py:3096} INFO - Sync 1 DAGs
[2024-06-14T08:21:28.791+0000] {logging_mixin.py:188} INFO - [2024-06-14T08:21:28.791+0000] {dag.py:3954} INFO - Setting next_dagrun for example_task_group_decorator to 2024-06-13 00:00:00+00:00, run_after=2024-06-14 00:00:00+00:00
[2024-06-14T08:21:28.810+0000] {processor.py:183} INFO - Processing /home/airflow/.local/lib/python3.12/site-packages/airflow/example_dags/example_task_group_decorator.py took 0.075 seconds
[2024-06-14T08:21:58.977+0000] {processor.py:161} INFO - Started process (PID=457) to work on /home/airflow/.local/lib/python3.12/site-packages/airflow/example_dags/example_task_group_decorator.py
[2024-06-14T08:21:58.978+0000] {processor.py:830} INFO - Processing file /home/airflow/.local/lib/python3.12/site-packages/airflow/example_dags/example_task_group_decorator.py for tasks to queue
[2024-06-14T08:21:58.979+0000] {logging_mixin.py:188} INFO - [2024-06-14T08:21:58.979+0000] {dagbag.py:545} INFO - Filling up the DagBag from /home/airflow/.local/lib/python3.12/site-packages/airflow/example_dags/example_task_group_decorator.py
[2024-06-14T08:21:58.988+0000] {processor.py:840} INFO - DAG(s) 'example_task_group_decorator' retrieved from /home/airflow/.local/lib/python3.12/site-packages/airflow/example_dags/example_task_group_decorator.py
[2024-06-14T08:21:59.008+0000] {logging_mixin.py:188} INFO - [2024-06-14T08:21:59.008+0000] {dag.py:3096} INFO - Sync 1 DAGs
[2024-06-14T08:21:59.024+0000] {logging_mixin.py:188} INFO - [2024-06-14T08:21:59.024+0000] {dag.py:3954} INFO - Setting next_dagrun for example_task_group_decorator to 2024-06-13 00:00:00+00:00, run_after=2024-06-14 00:00:00+00:00
[2024-06-14T08:21:59.042+0000] {processor.py:183} INFO - Processing /home/airflow/.local/lib/python3.12/site-packages/airflow/example_dags/example_task_group_decorator.py took 0.068 seconds
[2024-06-14T08:22:29.109+0000] {processor.py:161} INFO - Started process (PID=515) to work on /home/airflow/.local/lib/python3.12/site-packages/airflow/example_dags/example_task_group_decorator.py
[2024-06-14T08:22:29.110+0000] {processor.py:830} INFO - Processing file /home/airflow/.local/lib/python3.12/site-packages/airflow/example_dags/example_task_group_decorator.py for tasks to queue
[2024-06-14T08:22:29.111+0000] {logging_mixin.py:188} INFO - [2024-06-14T08:22:29.111+0000] {dagbag.py:545} INFO - Filling up the DagBag from /home/airflow/.local/lib/python3.12/site-packages/airflow/example_dags/example_task_group_decorator.py
[2024-06-14T08:22:29.122+0000] {processor.py:840} INFO - DAG(s) 'example_task_group_decorator' retrieved from /home/airflow/.local/lib/python3.12/site-packages/airflow/example_dags/example_task_group_decorator.py
[2024-06-14T08:22:29.142+0000] {logging_mixin.py:188} INFO - [2024-06-14T08:22:29.141+0000] {dag.py:3096} INFO - Sync 1 DAGs
[2024-06-14T08:22:29.159+0000] {logging_mixin.py:188} INFO - [2024-06-14T08:22:29.159+0000] {dag.py:3954} INFO - Setting next_dagrun for example_task_group_decorator to 2024-06-13 00:00:00+00:00, run_after=2024-06-14 00:00:00+00:00
[2024-06-14T08:22:29.176+0000] {processor.py:183} INFO - Processing /home/airflow/.local/lib/python3.12/site-packages/airflow/example_dags/example_task_group_decorator.py took 0.071 seconds
[2024-06-14T08:22:59.414+0000] {processor.py:161} INFO - Started process (PID=573) to work on /home/airflow/.local/lib/python3.12/site-packages/airflow/example_dags/example_task_group_decorator.py
[2024-06-14T08:22:59.415+0000] {processor.py:830} INFO - Processing file /home/airflow/.local/lib/python3.12/site-packages/airflow/example_dags/example_task_group_decorator.py for tasks to queue
[2024-06-14T08:22:59.416+0000] {logging_mixin.py:188} INFO - [2024-06-14T08:22:59.416+0000] {dagbag.py:545} INFO - Filling up the DagBag from /home/airflow/.local/lib/python3.12/site-packages/airflow/example_dags/example_task_group_decorator.py
[2024-06-14T08:22:59.426+0000] {processor.py:840} INFO - DAG(s) 'example_task_group_decorator' retrieved from /home/airflow/.local/lib/python3.12/site-packages/airflow/example_dags/example_task_group_decorator.py
[2024-06-14T08:22:59.445+0000] {logging_mixin.py:188} INFO - [2024-06-14T08:22:59.445+0000] {dag.py:3096} INFO - Sync 1 DAGs
[2024-06-14T08:22:59.462+0000] {logging_mixin.py:188} INFO - [2024-06-14T08:22:59.462+0000] {dag.py:3954} INFO - Setting next_dagrun for example_task_group_decorator to 2024-06-13 00:00:00+00:00, run_after=2024-06-14 00:00:00+00:00
[2024-06-14T08:22:59.479+0000] {processor.py:183} INFO - Processing /home/airflow/.local/lib/python3.12/site-packages/airflow/example_dags/example_task_group_decorator.py took 0.069 seconds
[2024-06-14T08:23:30.073+0000] {processor.py:161} INFO - Started process (PID=632) to work on /home/airflow/.local/lib/python3.12/site-packages/airflow/example_dags/example_task_group_decorator.py
[2024-06-14T08:23:30.074+0000] {processor.py:830} INFO - Processing file /home/airflow/.local/lib/python3.12/site-packages/airflow/example_dags/example_task_group_decorator.py for tasks to queue
[2024-06-14T08:23:30.075+0000] {logging_mixin.py:188} INFO - [2024-06-14T08:23:30.075+0000] {dagbag.py:545} INFO - Filling up the DagBag from /home/airflow/.local/lib/python3.12/site-packages/airflow/example_dags/example_task_group_decorator.py
[2024-06-14T08:23:30.087+0000] {processor.py:840} INFO - DAG(s) 'example_task_group_decorator' retrieved from /home/airflow/.local/lib/python3.12/site-packages/airflow/example_dags/example_task_group_decorator.py
[2024-06-14T08:23:30.109+0000] {logging_mixin.py:188} INFO - [2024-06-14T08:23:30.109+0000] {dag.py:3096} INFO - Sync 1 DAGs
[2024-06-14T08:23:30.127+0000] {logging_mixin.py:188} INFO - [2024-06-14T08:23:30.126+0000] {dag.py:3954} INFO - Setting next_dagrun for example_task_group_decorator to 2024-06-13 00:00:00+00:00, run_after=2024-06-14 00:00:00+00:00
[2024-06-14T08:23:30.145+0000] {processor.py:183} INFO - Processing /home/airflow/.local/lib/python3.12/site-packages/airflow/example_dags/example_task_group_decorator.py took 0.077 seconds
[2024-06-14T08:24:00.504+0000] {processor.py:161} INFO - Started process (PID=691) to work on /home/airflow/.local/lib/python3.12/site-packages/airflow/example_dags/example_task_group_decorator.py
[2024-06-14T08:24:00.506+0000] {processor.py:830} INFO - Processing file /home/airflow/.local/lib/python3.12/site-packages/airflow/example_dags/example_task_group_decorator.py for tasks to queue
[2024-06-14T08:24:00.507+0000] {logging_mixin.py:188} INFO - [2024-06-14T08:24:00.507+0000] {dagbag.py:545} INFO - Filling up the DagBag from /home/airflow/.local/lib/python3.12/site-packages/airflow/example_dags/example_task_group_decorator.py
[2024-06-14T08:24:00.517+0000] {processor.py:840} INFO - DAG(s) 'example_task_group_decorator' retrieved from /home/airflow/.local/lib/python3.12/site-packages/airflow/example_dags/example_task_group_decorator.py
[2024-06-14T08:24:00.540+0000] {logging_mixin.py:188} INFO - [2024-06-14T08:24:00.539+0000] {dag.py:3096} INFO - Sync 1 DAGs
[2024-06-14T08:24:00.557+0000] {logging_mixin.py:188} INFO - [2024-06-14T08:24:00.557+0000] {dag.py:3954} INFO - Setting next_dagrun for example_task_group_decorator to 2024-06-13 00:00:00+00:00, run_after=2024-06-14 00:00:00+00:00
[2024-06-14T08:24:00.576+0000] {processor.py:183} INFO - Processing /home/airflow/.local/lib/python3.12/site-packages/airflow/example_dags/example_task_group_decorator.py took 0.077 seconds
[2024-06-14T08:24:31.004+0000] {processor.py:161} INFO - Started process (PID=750) to work on /home/airflow/.local/lib/python3.12/site-packages/airflow/example_dags/example_task_group_decorator.py
[2024-06-14T08:24:31.005+0000] {processor.py:830} INFO - Processing file /home/airflow/.local/lib/python3.12/site-packages/airflow/example_dags/example_task_group_decorator.py for tasks to queue
[2024-06-14T08:24:31.006+0000] {logging_mixin.py:188} INFO - [2024-06-14T08:24:31.006+0000] {dagbag.py:545} INFO - Filling up the DagBag from /home/airflow/.local/lib/python3.12/site-packages/airflow/example_dags/example_task_group_decorator.py
[2024-06-14T08:24:31.018+0000] {processor.py:840} INFO - DAG(s) 'example_task_group_decorator' retrieved from /home/airflow/.local/lib/python3.12/site-packages/airflow/example_dags/example_task_group_decorator.py
[2024-06-14T08:24:31.041+0000] {logging_mixin.py:188} INFO - [2024-06-14T08:24:31.041+0000] {dag.py:3096} INFO - Sync 1 DAGs
[2024-06-14T08:24:31.060+0000] {logging_mixin.py:188} INFO - [2024-06-14T08:24:31.060+0000] {dag.py:3954} INFO - Setting next_dagrun for example_task_group_decorator to 2024-06-13 00:00:00+00:00, run_after=2024-06-14 00:00:00+00:00
[2024-06-14T08:24:31.081+0000] {processor.py:183} INFO - Processing /home/airflow/.local/lib/python3.12/site-packages/airflow/example_dags/example_task_group_decorator.py took 0.082 seconds
