[2024-06-14T08:18:28.083+0000] {processor.py:161} INFO - Started process (PID=81) to work on /home/airflow/.local/lib/python3.12/site-packages/airflow/example_dags/example_xcom.py
[2024-06-14T08:18:28.083+0000] {processor.py:830} INFO - Processing file /home/airflow/.local/lib/python3.12/site-packages/airflow/example_dags/example_xcom.py for tasks to queue
[2024-06-14T08:18:28.085+0000] {logging_mixin.py:188} INFO - [2024-06-14T08:18:28.084+0000] {dagbag.py:545} INFO - Filling up the DagBag from /home/airflow/.local/lib/python3.12/site-packages/airflow/example_dags/example_xcom.py
[2024-06-14T08:18:28.091+0000] {processor.py:840} INFO - DAG(s) 'example_xcom' retrieved from /home/airflow/.local/lib/python3.12/site-packages/airflow/example_dags/example_xcom.py
[2024-06-14T08:18:28.101+0000] {logging_mixin.py:188} INFO - [2024-06-14T08:18:28.101+0000] {dag.py:3096} INFO - Sync 1 DAGs
[2024-06-14T08:18:28.120+0000] {logging_mixin.py:188} INFO - [2024-06-14T08:18:28.120+0000] {dag.py:3954} INFO - Setting next_dagrun for example_xcom to 2021-01-01 00:00:00+00:00, run_after=2021-01-01 00:00:00+00:00
[2024-06-14T08:18:28.139+0000] {processor.py:183} INFO - Processing /home/airflow/.local/lib/python3.12/site-packages/airflow/example_dags/example_xcom.py took 0.061 seconds
[2024-06-14T08:18:59.043+0000] {processor.py:161} INFO - Started process (PID=139) to work on /home/airflow/.local/lib/python3.12/site-packages/airflow/example_dags/example_xcom.py
[2024-06-14T08:18:59.045+0000] {processor.py:830} INFO - Processing file /home/airflow/.local/lib/python3.12/site-packages/airflow/example_dags/example_xcom.py for tasks to queue
[2024-06-14T08:18:59.046+0000] {logging_mixin.py:188} INFO - [2024-06-14T08:18:59.046+0000] {dagbag.py:545} INFO - Filling up the DagBag from /home/airflow/.local/lib/python3.12/site-packages/airflow/example_dags/example_xcom.py
[2024-06-14T08:18:59.052+0000] {processor.py:840} INFO - DAG(s) 'example_xcom' retrieved from /home/airflow/.local/lib/python3.12/site-packages/airflow/example_dags/example_xcom.py
[2024-06-14T08:18:59.132+0000] {logging_mixin.py:188} INFO - [2024-06-14T08:18:59.132+0000] {dag.py:3096} INFO - Sync 1 DAGs
[2024-06-14T08:18:59.150+0000] {logging_mixin.py:188} INFO - [2024-06-14T08:18:59.150+0000] {dag.py:3954} INFO - Setting next_dagrun for example_xcom to 2021-01-01 00:00:00+00:00, run_after=2021-01-01 00:00:00+00:00
[2024-06-14T08:18:59.166+0000] {processor.py:183} INFO - Processing /home/airflow/.local/lib/python3.12/site-packages/airflow/example_dags/example_xcom.py took 0.127 seconds
[2024-06-14T08:19:30.012+0000] {processor.py:161} INFO - Started process (PID=197) to work on /home/airflow/.local/lib/python3.12/site-packages/airflow/example_dags/example_xcom.py
[2024-06-14T08:19:30.013+0000] {processor.py:830} INFO - Processing file /home/airflow/.local/lib/python3.12/site-packages/airflow/example_dags/example_xcom.py for tasks to queue
[2024-06-14T08:19:30.015+0000] {logging_mixin.py:188} INFO - [2024-06-14T08:19:30.014+0000] {dagbag.py:545} INFO - Filling up the DagBag from /home/airflow/.local/lib/python3.12/site-packages/airflow/example_dags/example_xcom.py
[2024-06-14T08:19:30.020+0000] {processor.py:840} INFO - DAG(s) 'example_xcom' retrieved from /home/airflow/.local/lib/python3.12/site-packages/airflow/example_dags/example_xcom.py
[2024-06-14T08:19:30.037+0000] {logging_mixin.py:188} INFO - [2024-06-14T08:19:30.037+0000] {dag.py:3096} INFO - Sync 1 DAGs
[2024-06-14T08:19:30.052+0000] {logging_mixin.py:188} INFO - [2024-06-14T08:19:30.052+0000] {dag.py:3954} INFO - Setting next_dagrun for example_xcom to 2021-01-01 00:00:00+00:00, run_after=2021-01-01 00:00:00+00:00
[2024-06-14T08:19:30.068+0000] {processor.py:183} INFO - Processing /home/airflow/.local/lib/python3.12/site-packages/airflow/example_dags/example_xcom.py took 0.060 seconds
[2024-06-14T08:20:00.218+0000] {processor.py:161} INFO - Started process (PID=255) to work on /home/airflow/.local/lib/python3.12/site-packages/airflow/example_dags/example_xcom.py
[2024-06-14T08:20:00.219+0000] {processor.py:830} INFO - Processing file /home/airflow/.local/lib/python3.12/site-packages/airflow/example_dags/example_xcom.py for tasks to queue
[2024-06-14T08:20:00.221+0000] {logging_mixin.py:188} INFO - [2024-06-14T08:20:00.220+0000] {dagbag.py:545} INFO - Filling up the DagBag from /home/airflow/.local/lib/python3.12/site-packages/airflow/example_dags/example_xcom.py
[2024-06-14T08:20:00.226+0000] {processor.py:840} INFO - DAG(s) 'example_xcom' retrieved from /home/airflow/.local/lib/python3.12/site-packages/airflow/example_dags/example_xcom.py
[2024-06-14T08:20:00.244+0000] {logging_mixin.py:188} INFO - [2024-06-14T08:20:00.244+0000] {dag.py:3096} INFO - Sync 1 DAGs
[2024-06-14T08:20:00.262+0000] {logging_mixin.py:188} INFO - [2024-06-14T08:20:00.262+0000] {dag.py:3954} INFO - Setting next_dagrun for example_xcom to 2021-01-01 00:00:00+00:00, run_after=2021-01-01 00:00:00+00:00
[2024-06-14T08:20:00.279+0000] {processor.py:183} INFO - Processing /home/airflow/.local/lib/python3.12/site-packages/airflow/example_dags/example_xcom.py took 0.066 seconds
[2024-06-14T08:20:30.381+0000] {processor.py:161} INFO - Started process (PID=313) to work on /home/airflow/.local/lib/python3.12/site-packages/airflow/example_dags/example_xcom.py
[2024-06-14T08:20:30.382+0000] {processor.py:830} INFO - Processing file /home/airflow/.local/lib/python3.12/site-packages/airflow/example_dags/example_xcom.py for tasks to queue
[2024-06-14T08:20:30.383+0000] {logging_mixin.py:188} INFO - [2024-06-14T08:20:30.383+0000] {dagbag.py:545} INFO - Filling up the DagBag from /home/airflow/.local/lib/python3.12/site-packages/airflow/example_dags/example_xcom.py
[2024-06-14T08:20:30.389+0000] {processor.py:840} INFO - DAG(s) 'example_xcom' retrieved from /home/airflow/.local/lib/python3.12/site-packages/airflow/example_dags/example_xcom.py
[2024-06-14T08:20:30.404+0000] {logging_mixin.py:188} INFO - [2024-06-14T08:20:30.404+0000] {dag.py:3096} INFO - Sync 1 DAGs
[2024-06-14T08:20:30.420+0000] {logging_mixin.py:188} INFO - [2024-06-14T08:20:30.420+0000] {dag.py:3954} INFO - Setting next_dagrun for example_xcom to 2021-01-01 00:00:00+00:00, run_after=2021-01-01 00:00:00+00:00
[2024-06-14T08:20:30.437+0000] {processor.py:183} INFO - Processing /home/airflow/.local/lib/python3.12/site-packages/airflow/example_dags/example_xcom.py took 0.061 seconds
[2024-06-14T08:21:00.719+0000] {processor.py:161} INFO - Started process (PID=371) to work on /home/airflow/.local/lib/python3.12/site-packages/airflow/example_dags/example_xcom.py
[2024-06-14T08:21:00.720+0000] {processor.py:830} INFO - Processing file /home/airflow/.local/lib/python3.12/site-packages/airflow/example_dags/example_xcom.py for tasks to queue
[2024-06-14T08:21:00.721+0000] {logging_mixin.py:188} INFO - [2024-06-14T08:21:00.721+0000] {dagbag.py:545} INFO - Filling up the DagBag from /home/airflow/.local/lib/python3.12/site-packages/airflow/example_dags/example_xcom.py
[2024-06-14T08:21:00.727+0000] {processor.py:840} INFO - DAG(s) 'example_xcom' retrieved from /home/airflow/.local/lib/python3.12/site-packages/airflow/example_dags/example_xcom.py
[2024-06-14T08:21:00.745+0000] {logging_mixin.py:188} INFO - [2024-06-14T08:21:00.745+0000] {dag.py:3096} INFO - Sync 1 DAGs
[2024-06-14T08:21:00.761+0000] {logging_mixin.py:188} INFO - [2024-06-14T08:21:00.761+0000] {dag.py:3954} INFO - Setting next_dagrun for example_xcom to 2021-01-01 00:00:00+00:00, run_after=2021-01-01 00:00:00+00:00
[2024-06-14T08:21:00.779+0000] {processor.py:183} INFO - Processing /home/airflow/.local/lib/python3.12/site-packages/airflow/example_dags/example_xcom.py took 0.065 seconds
[2024-06-14T08:21:31.105+0000] {processor.py:161} INFO - Started process (PID=429) to work on /home/airflow/.local/lib/python3.12/site-packages/airflow/example_dags/example_xcom.py
[2024-06-14T08:21:31.106+0000] {processor.py:830} INFO - Processing file /home/airflow/.local/lib/python3.12/site-packages/airflow/example_dags/example_xcom.py for tasks to queue
[2024-06-14T08:21:31.107+0000] {logging_mixin.py:188} INFO - [2024-06-14T08:21:31.107+0000] {dagbag.py:545} INFO - Filling up the DagBag from /home/airflow/.local/lib/python3.12/site-packages/airflow/example_dags/example_xcom.py
[2024-06-14T08:21:31.113+0000] {processor.py:840} INFO - DAG(s) 'example_xcom' retrieved from /home/airflow/.local/lib/python3.12/site-packages/airflow/example_dags/example_xcom.py
[2024-06-14T08:21:31.131+0000] {logging_mixin.py:188} INFO - [2024-06-14T08:21:31.130+0000] {dag.py:3096} INFO - Sync 1 DAGs
[2024-06-14T08:21:31.147+0000] {logging_mixin.py:188} INFO - [2024-06-14T08:21:31.147+0000] {dag.py:3954} INFO - Setting next_dagrun for example_xcom to 2021-01-01 00:00:00+00:00, run_after=2021-01-01 00:00:00+00:00
[2024-06-14T08:21:31.166+0000] {processor.py:183} INFO - Processing /home/airflow/.local/lib/python3.12/site-packages/airflow/example_dags/example_xcom.py took 0.065 seconds
[2024-06-14T08:22:01.336+0000] {processor.py:161} INFO - Started process (PID=487) to work on /home/airflow/.local/lib/python3.12/site-packages/airflow/example_dags/example_xcom.py
[2024-06-14T08:22:01.337+0000] {processor.py:830} INFO - Processing file /home/airflow/.local/lib/python3.12/site-packages/airflow/example_dags/example_xcom.py for tasks to queue
[2024-06-14T08:22:01.339+0000] {logging_mixin.py:188} INFO - [2024-06-14T08:22:01.338+0000] {dagbag.py:545} INFO - Filling up the DagBag from /home/airflow/.local/lib/python3.12/site-packages/airflow/example_dags/example_xcom.py
[2024-06-14T08:22:01.344+0000] {processor.py:840} INFO - DAG(s) 'example_xcom' retrieved from /home/airflow/.local/lib/python3.12/site-packages/airflow/example_dags/example_xcom.py
[2024-06-14T08:22:01.361+0000] {logging_mixin.py:188} INFO - [2024-06-14T08:22:01.361+0000] {dag.py:3096} INFO - Sync 1 DAGs
[2024-06-14T08:22:01.377+0000] {logging_mixin.py:188} INFO - [2024-06-14T08:22:01.377+0000] {dag.py:3954} INFO - Setting next_dagrun for example_xcom to 2021-01-01 00:00:00+00:00, run_after=2021-01-01 00:00:00+00:00
[2024-06-14T08:22:01.393+0000] {processor.py:183} INFO - Processing /home/airflow/.local/lib/python3.12/site-packages/airflow/example_dags/example_xcom.py took 0.061 seconds
[2024-06-14T08:22:31.482+0000] {processor.py:161} INFO - Started process (PID=545) to work on /home/airflow/.local/lib/python3.12/site-packages/airflow/example_dags/example_xcom.py
[2024-06-14T08:22:31.483+0000] {processor.py:830} INFO - Processing file /home/airflow/.local/lib/python3.12/site-packages/airflow/example_dags/example_xcom.py for tasks to queue
[2024-06-14T08:22:31.484+0000] {logging_mixin.py:188} INFO - [2024-06-14T08:22:31.484+0000] {dagbag.py:545} INFO - Filling up the DagBag from /home/airflow/.local/lib/python3.12/site-packages/airflow/example_dags/example_xcom.py
[2024-06-14T08:22:31.490+0000] {processor.py:840} INFO - DAG(s) 'example_xcom' retrieved from /home/airflow/.local/lib/python3.12/site-packages/airflow/example_dags/example_xcom.py
[2024-06-14T08:22:31.507+0000] {logging_mixin.py:188} INFO - [2024-06-14T08:22:31.507+0000] {dag.py:3096} INFO - Sync 1 DAGs
[2024-06-14T08:22:31.525+0000] {logging_mixin.py:188} INFO - [2024-06-14T08:22:31.524+0000] {dag.py:3954} INFO - Setting next_dagrun for example_xcom to 2021-01-01 00:00:00+00:00, run_after=2021-01-01 00:00:00+00:00
[2024-06-14T08:22:31.541+0000] {processor.py:183} INFO - Processing /home/airflow/.local/lib/python3.12/site-packages/airflow/example_dags/example_xcom.py took 0.063 seconds
[2024-06-14T08:23:01.840+0000] {processor.py:161} INFO - Started process (PID=603) to work on /home/airflow/.local/lib/python3.12/site-packages/airflow/example_dags/example_xcom.py
[2024-06-14T08:23:01.841+0000] {processor.py:830} INFO - Processing file /home/airflow/.local/lib/python3.12/site-packages/airflow/example_dags/example_xcom.py for tasks to queue
[2024-06-14T08:23:01.843+0000] {logging_mixin.py:188} INFO - [2024-06-14T08:23:01.842+0000] {dagbag.py:545} INFO - Filling up the DagBag from /home/airflow/.local/lib/python3.12/site-packages/airflow/example_dags/example_xcom.py
[2024-06-14T08:23:01.848+0000] {processor.py:840} INFO - DAG(s) 'example_xcom' retrieved from /home/airflow/.local/lib/python3.12/site-packages/airflow/example_dags/example_xcom.py
[2024-06-14T08:23:01.864+0000] {logging_mixin.py:188} INFO - [2024-06-14T08:23:01.864+0000] {dag.py:3096} INFO - Sync 1 DAGs
[2024-06-14T08:23:01.880+0000] {logging_mixin.py:188} INFO - [2024-06-14T08:23:01.880+0000] {dag.py:3954} INFO - Setting next_dagrun for example_xcom to 2021-01-01 00:00:00+00:00, run_after=2021-01-01 00:00:00+00:00
[2024-06-14T08:23:01.896+0000] {processor.py:183} INFO - Processing /home/airflow/.local/lib/python3.12/site-packages/airflow/example_dags/example_xcom.py took 0.060 seconds
[2024-06-14T08:23:32.562+0000] {processor.py:161} INFO - Started process (PID=662) to work on /home/airflow/.local/lib/python3.12/site-packages/airflow/example_dags/example_xcom.py
[2024-06-14T08:23:32.562+0000] {processor.py:830} INFO - Processing file /home/airflow/.local/lib/python3.12/site-packages/airflow/example_dags/example_xcom.py for tasks to queue
[2024-06-14T08:23:32.564+0000] {logging_mixin.py:188} INFO - [2024-06-14T08:23:32.564+0000] {dagbag.py:545} INFO - Filling up the DagBag from /home/airflow/.local/lib/python3.12/site-packages/airflow/example_dags/example_xcom.py
[2024-06-14T08:23:32.569+0000] {processor.py:840} INFO - DAG(s) 'example_xcom' retrieved from /home/airflow/.local/lib/python3.12/site-packages/airflow/example_dags/example_xcom.py
[2024-06-14T08:23:32.587+0000] {logging_mixin.py:188} INFO - [2024-06-14T08:23:32.587+0000] {dag.py:3096} INFO - Sync 1 DAGs
[2024-06-14T08:23:32.604+0000] {logging_mixin.py:188} INFO - [2024-06-14T08:23:32.603+0000] {dag.py:3954} INFO - Setting next_dagrun for example_xcom to 2021-01-01 00:00:00+00:00, run_after=2021-01-01 00:00:00+00:00
[2024-06-14T08:23:32.620+0000] {processor.py:183} INFO - Processing /home/airflow/.local/lib/python3.12/site-packages/airflow/example_dags/example_xcom.py took 0.063 seconds
[2024-06-14T08:24:03.102+0000] {processor.py:161} INFO - Started process (PID=721) to work on /home/airflow/.local/lib/python3.12/site-packages/airflow/example_dags/example_xcom.py
[2024-06-14T08:24:03.103+0000] {processor.py:830} INFO - Processing file /home/airflow/.local/lib/python3.12/site-packages/airflow/example_dags/example_xcom.py for tasks to queue
[2024-06-14T08:24:03.104+0000] {logging_mixin.py:188} INFO - [2024-06-14T08:24:03.104+0000] {dagbag.py:545} INFO - Filling up the DagBag from /home/airflow/.local/lib/python3.12/site-packages/airflow/example_dags/example_xcom.py
[2024-06-14T08:24:03.111+0000] {processor.py:840} INFO - DAG(s) 'example_xcom' retrieved from /home/airflow/.local/lib/python3.12/site-packages/airflow/example_dags/example_xcom.py
[2024-06-14T08:24:03.128+0000] {logging_mixin.py:188} INFO - [2024-06-14T08:24:03.128+0000] {dag.py:3096} INFO - Sync 1 DAGs
[2024-06-14T08:24:03.144+0000] {logging_mixin.py:188} INFO - [2024-06-14T08:24:03.144+0000] {dag.py:3954} INFO - Setting next_dagrun for example_xcom to 2021-01-01 00:00:00+00:00, run_after=2021-01-01 00:00:00+00:00
[2024-06-14T08:24:03.165+0000] {processor.py:183} INFO - Processing /home/airflow/.local/lib/python3.12/site-packages/airflow/example_dags/example_xcom.py took 0.069 seconds
[2024-06-14T08:24:33.477+0000] {processor.py:161} INFO - Started process (PID=780) to work on /home/airflow/.local/lib/python3.12/site-packages/airflow/example_dags/example_xcom.py
[2024-06-14T08:24:33.478+0000] {processor.py:830} INFO - Processing file /home/airflow/.local/lib/python3.12/site-packages/airflow/example_dags/example_xcom.py for tasks to queue
[2024-06-14T08:24:33.479+0000] {logging_mixin.py:188} INFO - [2024-06-14T08:24:33.479+0000] {dagbag.py:545} INFO - Filling up the DagBag from /home/airflow/.local/lib/python3.12/site-packages/airflow/example_dags/example_xcom.py
[2024-06-14T08:24:33.486+0000] {processor.py:840} INFO - DAG(s) 'example_xcom' retrieved from /home/airflow/.local/lib/python3.12/site-packages/airflow/example_dags/example_xcom.py
[2024-06-14T08:24:33.503+0000] {logging_mixin.py:188} INFO - [2024-06-14T08:24:33.503+0000] {dag.py:3096} INFO - Sync 1 DAGs
[2024-06-14T08:24:33.521+0000] {logging_mixin.py:188} INFO - [2024-06-14T08:24:33.521+0000] {dag.py:3954} INFO - Setting next_dagrun for example_xcom to 2021-01-01 00:00:00+00:00, run_after=2021-01-01 00:00:00+00:00
[2024-06-14T08:24:33.539+0000] {processor.py:183} INFO - Processing /home/airflow/.local/lib/python3.12/site-packages/airflow/example_dags/example_xcom.py took 0.067 seconds
