[2024-06-14T08:18:25.280+0000] {processor.py:161} INFO - Started process (PID=47) to work on /home/airflow/.local/lib/python3.12/site-packages/airflow/example_dags/example_branch_operator.py
[2024-06-14T08:18:25.281+0000] {processor.py:830} INFO - Processing file /home/airflow/.local/lib/python3.12/site-packages/airflow/example_dags/example_branch_operator.py for tasks to queue
[2024-06-14T08:18:25.283+0000] {logging_mixin.py:188} INFO - [2024-06-14T08:18:25.283+0000] {dagbag.py:545} INFO - Filling up the DagBag from /home/airflow/.local/lib/python3.12/site-packages/airflow/example_dags/example_branch_operator.py
[2024-06-14T08:18:25.317+0000] {processor.py:840} INFO - DAG(s) 'example_branch_operator' retrieved from /home/airflow/.local/lib/python3.12/site-packages/airflow/example_dags/example_branch_operator.py
[2024-06-14T08:18:25.341+0000] {logging_mixin.py:188} INFO - [2024-06-14T08:18:25.341+0000] {dag.py:3096} INFO - Sync 1 DAGs
[2024-06-14T08:18:25.383+0000] {logging_mixin.py:188} INFO - [2024-06-14T08:18:25.383+0000] {dag.py:3954} INFO - Setting next_dagrun for example_branch_operator to 2024-06-13 00:00:00+00:00, run_after=2024-06-14 00:00:00+00:00
[2024-06-14T08:18:25.408+0000] {processor.py:183} INFO - Processing /home/airflow/.local/lib/python3.12/site-packages/airflow/example_dags/example_branch_operator.py took 0.132 seconds
[2024-06-14T08:18:55.452+0000] {processor.py:161} INFO - Started process (PID=105) to work on /home/airflow/.local/lib/python3.12/site-packages/airflow/example_dags/example_branch_operator.py
[2024-06-14T08:18:55.453+0000] {processor.py:830} INFO - Processing file /home/airflow/.local/lib/python3.12/site-packages/airflow/example_dags/example_branch_operator.py for tasks to queue
[2024-06-14T08:18:55.455+0000] {logging_mixin.py:188} INFO - [2024-06-14T08:18:55.454+0000] {dagbag.py:545} INFO - Filling up the DagBag from /home/airflow/.local/lib/python3.12/site-packages/airflow/example_dags/example_branch_operator.py
[2024-06-14T08:18:55.468+0000] {processor.py:840} INFO - DAG(s) 'example_branch_operator' retrieved from /home/airflow/.local/lib/python3.12/site-packages/airflow/example_dags/example_branch_operator.py
[2024-06-14T08:18:55.545+0000] {logging_mixin.py:188} INFO - [2024-06-14T08:18:55.545+0000] {dag.py:3096} INFO - Sync 1 DAGs
[2024-06-14T08:18:55.562+0000] {logging_mixin.py:188} INFO - [2024-06-14T08:18:55.562+0000] {dag.py:3954} INFO - Setting next_dagrun for example_branch_operator to 2024-06-13 00:00:00+00:00, run_after=2024-06-14 00:00:00+00:00
[2024-06-14T08:18:55.580+0000] {processor.py:183} INFO - Processing /home/airflow/.local/lib/python3.12/site-packages/airflow/example_dags/example_branch_operator.py took 0.132 seconds
[2024-06-14T08:19:26.339+0000] {processor.py:161} INFO - Started process (PID=163) to work on /home/airflow/.local/lib/python3.12/site-packages/airflow/example_dags/example_branch_operator.py
[2024-06-14T08:19:26.340+0000] {processor.py:830} INFO - Processing file /home/airflow/.local/lib/python3.12/site-packages/airflow/example_dags/example_branch_operator.py for tasks to queue
[2024-06-14T08:19:26.342+0000] {logging_mixin.py:188} INFO - [2024-06-14T08:19:26.342+0000] {dagbag.py:545} INFO - Filling up the DagBag from /home/airflow/.local/lib/python3.12/site-packages/airflow/example_dags/example_branch_operator.py
[2024-06-14T08:19:26.355+0000] {processor.py:840} INFO - DAG(s) 'example_branch_operator' retrieved from /home/airflow/.local/lib/python3.12/site-packages/airflow/example_dags/example_branch_operator.py
[2024-06-14T08:19:26.377+0000] {logging_mixin.py:188} INFO - [2024-06-14T08:19:26.377+0000] {dag.py:3096} INFO - Sync 1 DAGs
[2024-06-14T08:19:26.395+0000] {logging_mixin.py:188} INFO - [2024-06-14T08:19:26.395+0000] {dag.py:3954} INFO - Setting next_dagrun for example_branch_operator to 2024-06-13 00:00:00+00:00, run_after=2024-06-14 00:00:00+00:00
[2024-06-14T08:19:26.412+0000] {processor.py:183} INFO - Processing /home/airflow/.local/lib/python3.12/site-packages/airflow/example_dags/example_branch_operator.py took 0.078 seconds
[2024-06-14T08:19:56.737+0000] {processor.py:161} INFO - Started process (PID=221) to work on /home/airflow/.local/lib/python3.12/site-packages/airflow/example_dags/example_branch_operator.py
[2024-06-14T08:19:56.738+0000] {processor.py:830} INFO - Processing file /home/airflow/.local/lib/python3.12/site-packages/airflow/example_dags/example_branch_operator.py for tasks to queue
[2024-06-14T08:19:56.740+0000] {logging_mixin.py:188} INFO - [2024-06-14T08:19:56.739+0000] {dagbag.py:545} INFO - Filling up the DagBag from /home/airflow/.local/lib/python3.12/site-packages/airflow/example_dags/example_branch_operator.py
[2024-06-14T08:19:56.751+0000] {processor.py:840} INFO - DAG(s) 'example_branch_operator' retrieved from /home/airflow/.local/lib/python3.12/site-packages/airflow/example_dags/example_branch_operator.py
[2024-06-14T08:19:56.774+0000] {logging_mixin.py:188} INFO - [2024-06-14T08:19:56.773+0000] {dag.py:3096} INFO - Sync 1 DAGs
[2024-06-14T08:19:56.790+0000] {logging_mixin.py:188} INFO - [2024-06-14T08:19:56.790+0000] {dag.py:3954} INFO - Setting next_dagrun for example_branch_operator to 2024-06-13 00:00:00+00:00, run_after=2024-06-14 00:00:00+00:00
[2024-06-14T08:19:56.807+0000] {processor.py:183} INFO - Processing /home/airflow/.local/lib/python3.12/site-packages/airflow/example_dags/example_branch_operator.py took 0.073 seconds
[2024-06-14T08:20:27.055+0000] {processor.py:161} INFO - Started process (PID=279) to work on /home/airflow/.local/lib/python3.12/site-packages/airflow/example_dags/example_branch_operator.py
[2024-06-14T08:20:27.056+0000] {processor.py:830} INFO - Processing file /home/airflow/.local/lib/python3.12/site-packages/airflow/example_dags/example_branch_operator.py for tasks to queue
[2024-06-14T08:20:27.058+0000] {logging_mixin.py:188} INFO - [2024-06-14T08:20:27.057+0000] {dagbag.py:545} INFO - Filling up the DagBag from /home/airflow/.local/lib/python3.12/site-packages/airflow/example_dags/example_branch_operator.py
[2024-06-14T08:20:27.070+0000] {processor.py:840} INFO - DAG(s) 'example_branch_operator' retrieved from /home/airflow/.local/lib/python3.12/site-packages/airflow/example_dags/example_branch_operator.py
[2024-06-14T08:20:27.093+0000] {logging_mixin.py:188} INFO - [2024-06-14T08:20:27.092+0000] {dag.py:3096} INFO - Sync 1 DAGs
[2024-06-14T08:20:27.110+0000] {logging_mixin.py:188} INFO - [2024-06-14T08:20:27.110+0000] {dag.py:3954} INFO - Setting next_dagrun for example_branch_operator to 2024-06-13 00:00:00+00:00, run_after=2024-06-14 00:00:00+00:00
[2024-06-14T08:20:27.125+0000] {processor.py:183} INFO - Processing /home/airflow/.local/lib/python3.12/site-packages/airflow/example_dags/example_branch_operator.py took 0.074 seconds
[2024-06-14T08:20:57.179+0000] {processor.py:161} INFO - Started process (PID=337) to work on /home/airflow/.local/lib/python3.12/site-packages/airflow/example_dags/example_branch_operator.py
[2024-06-14T08:20:57.181+0000] {processor.py:830} INFO - Processing file /home/airflow/.local/lib/python3.12/site-packages/airflow/example_dags/example_branch_operator.py for tasks to queue
[2024-06-14T08:20:57.182+0000] {logging_mixin.py:188} INFO - [2024-06-14T08:20:57.182+0000] {dagbag.py:545} INFO - Filling up the DagBag from /home/airflow/.local/lib/python3.12/site-packages/airflow/example_dags/example_branch_operator.py
[2024-06-14T08:20:57.193+0000] {processor.py:840} INFO - DAG(s) 'example_branch_operator' retrieved from /home/airflow/.local/lib/python3.12/site-packages/airflow/example_dags/example_branch_operator.py
[2024-06-14T08:20:57.214+0000] {logging_mixin.py:188} INFO - [2024-06-14T08:20:57.214+0000] {dag.py:3096} INFO - Sync 1 DAGs
[2024-06-14T08:20:57.230+0000] {logging_mixin.py:188} INFO - [2024-06-14T08:20:57.230+0000] {dag.py:3954} INFO - Setting next_dagrun for example_branch_operator to 2024-06-13 00:00:00+00:00, run_after=2024-06-14 00:00:00+00:00
[2024-06-14T08:20:57.246+0000] {processor.py:183} INFO - Processing /home/airflow/.local/lib/python3.12/site-packages/airflow/example_dags/example_branch_operator.py took 0.070 seconds
[2024-06-14T08:21:27.560+0000] {processor.py:161} INFO - Started process (PID=395) to work on /home/airflow/.local/lib/python3.12/site-packages/airflow/example_dags/example_branch_operator.py
[2024-06-14T08:21:27.561+0000] {processor.py:830} INFO - Processing file /home/airflow/.local/lib/python3.12/site-packages/airflow/example_dags/example_branch_operator.py for tasks to queue
[2024-06-14T08:21:27.563+0000] {logging_mixin.py:188} INFO - [2024-06-14T08:21:27.563+0000] {dagbag.py:545} INFO - Filling up the DagBag from /home/airflow/.local/lib/python3.12/site-packages/airflow/example_dags/example_branch_operator.py
[2024-06-14T08:21:27.579+0000] {processor.py:840} INFO - DAG(s) 'example_branch_operator' retrieved from /home/airflow/.local/lib/python3.12/site-packages/airflow/example_dags/example_branch_operator.py
[2024-06-14T08:21:27.610+0000] {logging_mixin.py:188} INFO - [2024-06-14T08:21:27.609+0000] {dag.py:3096} INFO - Sync 1 DAGs
[2024-06-14T08:21:27.633+0000] {logging_mixin.py:188} INFO - [2024-06-14T08:21:27.633+0000] {dag.py:3954} INFO - Setting next_dagrun for example_branch_operator to 2024-06-13 00:00:00+00:00, run_after=2024-06-14 00:00:00+00:00
[2024-06-14T08:21:27.658+0000] {processor.py:183} INFO - Processing /home/airflow/.local/lib/python3.12/site-packages/airflow/example_dags/example_branch_operator.py took 0.103 seconds
[2024-06-14T08:21:57.870+0000] {processor.py:161} INFO - Started process (PID=453) to work on /home/airflow/.local/lib/python3.12/site-packages/airflow/example_dags/example_branch_operator.py
[2024-06-14T08:21:57.872+0000] {processor.py:830} INFO - Processing file /home/airflow/.local/lib/python3.12/site-packages/airflow/example_dags/example_branch_operator.py for tasks to queue
[2024-06-14T08:21:57.873+0000] {logging_mixin.py:188} INFO - [2024-06-14T08:21:57.873+0000] {dagbag.py:545} INFO - Filling up the DagBag from /home/airflow/.local/lib/python3.12/site-packages/airflow/example_dags/example_branch_operator.py
[2024-06-14T08:21:57.884+0000] {processor.py:840} INFO - DAG(s) 'example_branch_operator' retrieved from /home/airflow/.local/lib/python3.12/site-packages/airflow/example_dags/example_branch_operator.py
[2024-06-14T08:21:57.907+0000] {logging_mixin.py:188} INFO - [2024-06-14T08:21:57.907+0000] {dag.py:3096} INFO - Sync 1 DAGs
[2024-06-14T08:21:57.925+0000] {logging_mixin.py:188} INFO - [2024-06-14T08:21:57.925+0000] {dag.py:3954} INFO - Setting next_dagrun for example_branch_operator to 2024-06-13 00:00:00+00:00, run_after=2024-06-14 00:00:00+00:00
[2024-06-14T08:21:57.943+0000] {processor.py:183} INFO - Processing /home/airflow/.local/lib/python3.12/site-packages/airflow/example_dags/example_branch_operator.py took 0.077 seconds
[2024-06-14T08:22:28.007+0000] {processor.py:161} INFO - Started process (PID=511) to work on /home/airflow/.local/lib/python3.12/site-packages/airflow/example_dags/example_branch_operator.py
[2024-06-14T08:22:28.009+0000] {processor.py:830} INFO - Processing file /home/airflow/.local/lib/python3.12/site-packages/airflow/example_dags/example_branch_operator.py for tasks to queue
[2024-06-14T08:22:28.010+0000] {logging_mixin.py:188} INFO - [2024-06-14T08:22:28.010+0000] {dagbag.py:545} INFO - Filling up the DagBag from /home/airflow/.local/lib/python3.12/site-packages/airflow/example_dags/example_branch_operator.py
[2024-06-14T08:22:28.023+0000] {processor.py:840} INFO - DAG(s) 'example_branch_operator' retrieved from /home/airflow/.local/lib/python3.12/site-packages/airflow/example_dags/example_branch_operator.py
[2024-06-14T08:22:28.045+0000] {logging_mixin.py:188} INFO - [2024-06-14T08:22:28.044+0000] {dag.py:3096} INFO - Sync 1 DAGs
[2024-06-14T08:22:28.061+0000] {logging_mixin.py:188} INFO - [2024-06-14T08:22:28.061+0000] {dag.py:3954} INFO - Setting next_dagrun for example_branch_operator to 2024-06-13 00:00:00+00:00, run_after=2024-06-14 00:00:00+00:00
[2024-06-14T08:22:28.078+0000] {processor.py:183} INFO - Processing /home/airflow/.local/lib/python3.12/site-packages/airflow/example_dags/example_branch_operator.py took 0.075 seconds
[2024-06-14T08:22:58.307+0000] {processor.py:161} INFO - Started process (PID=569) to work on /home/airflow/.local/lib/python3.12/site-packages/airflow/example_dags/example_branch_operator.py
[2024-06-14T08:22:58.308+0000] {processor.py:830} INFO - Processing file /home/airflow/.local/lib/python3.12/site-packages/airflow/example_dags/example_branch_operator.py for tasks to queue
[2024-06-14T08:22:58.309+0000] {logging_mixin.py:188} INFO - [2024-06-14T08:22:58.309+0000] {dagbag.py:545} INFO - Filling up the DagBag from /home/airflow/.local/lib/python3.12/site-packages/airflow/example_dags/example_branch_operator.py
[2024-06-14T08:22:58.322+0000] {processor.py:840} INFO - DAG(s) 'example_branch_operator' retrieved from /home/airflow/.local/lib/python3.12/site-packages/airflow/example_dags/example_branch_operator.py
[2024-06-14T08:22:58.344+0000] {logging_mixin.py:188} INFO - [2024-06-14T08:22:58.343+0000] {dag.py:3096} INFO - Sync 1 DAGs
[2024-06-14T08:22:58.362+0000] {logging_mixin.py:188} INFO - [2024-06-14T08:22:58.362+0000] {dag.py:3954} INFO - Setting next_dagrun for example_branch_operator to 2024-06-13 00:00:00+00:00, run_after=2024-06-14 00:00:00+00:00
[2024-06-14T08:22:58.381+0000] {processor.py:183} INFO - Processing /home/airflow/.local/lib/python3.12/site-packages/airflow/example_dags/example_branch_operator.py took 0.078 seconds
[2024-06-14T08:23:28.967+0000] {processor.py:161} INFO - Started process (PID=628) to work on /home/airflow/.local/lib/python3.12/site-packages/airflow/example_dags/example_branch_operator.py
[2024-06-14T08:23:28.968+0000] {processor.py:830} INFO - Processing file /home/airflow/.local/lib/python3.12/site-packages/airflow/example_dags/example_branch_operator.py for tasks to queue
[2024-06-14T08:23:28.970+0000] {logging_mixin.py:188} INFO - [2024-06-14T08:23:28.969+0000] {dagbag.py:545} INFO - Filling up the DagBag from /home/airflow/.local/lib/python3.12/site-packages/airflow/example_dags/example_branch_operator.py
[2024-06-14T08:23:28.986+0000] {processor.py:840} INFO - DAG(s) 'example_branch_operator' retrieved from /home/airflow/.local/lib/python3.12/site-packages/airflow/example_dags/example_branch_operator.py
[2024-06-14T08:23:29.010+0000] {logging_mixin.py:188} INFO - [2024-06-14T08:23:29.009+0000] {dag.py:3096} INFO - Sync 1 DAGs
[2024-06-14T08:23:29.029+0000] {logging_mixin.py:188} INFO - [2024-06-14T08:23:29.029+0000] {dag.py:3954} INFO - Setting next_dagrun for example_branch_operator to 2024-06-13 00:00:00+00:00, run_after=2024-06-14 00:00:00+00:00
[2024-06-14T08:23:29.047+0000] {processor.py:183} INFO - Processing /home/airflow/.local/lib/python3.12/site-packages/airflow/example_dags/example_branch_operator.py took 0.084 seconds
[2024-06-14T08:23:59.380+0000] {processor.py:161} INFO - Started process (PID=687) to work on /home/airflow/.local/lib/python3.12/site-packages/airflow/example_dags/example_branch_operator.py
[2024-06-14T08:23:59.381+0000] {processor.py:830} INFO - Processing file /home/airflow/.local/lib/python3.12/site-packages/airflow/example_dags/example_branch_operator.py for tasks to queue
[2024-06-14T08:23:59.383+0000] {logging_mixin.py:188} INFO - [2024-06-14T08:23:59.382+0000] {dagbag.py:545} INFO - Filling up the DagBag from /home/airflow/.local/lib/python3.12/site-packages/airflow/example_dags/example_branch_operator.py
[2024-06-14T08:23:59.397+0000] {processor.py:840} INFO - DAG(s) 'example_branch_operator' retrieved from /home/airflow/.local/lib/python3.12/site-packages/airflow/example_dags/example_branch_operator.py
[2024-06-14T08:23:59.423+0000] {logging_mixin.py:188} INFO - [2024-06-14T08:23:59.423+0000] {dag.py:3096} INFO - Sync 1 DAGs
[2024-06-14T08:23:59.446+0000] {logging_mixin.py:188} INFO - [2024-06-14T08:23:59.446+0000] {dag.py:3954} INFO - Setting next_dagrun for example_branch_operator to 2024-06-13 00:00:00+00:00, run_after=2024-06-14 00:00:00+00:00
[2024-06-14T08:23:59.469+0000] {processor.py:183} INFO - Processing /home/airflow/.local/lib/python3.12/site-packages/airflow/example_dags/example_branch_operator.py took 0.093 seconds
[2024-06-14T08:24:29.867+0000] {processor.py:161} INFO - Started process (PID=746) to work on /home/airflow/.local/lib/python3.12/site-packages/airflow/example_dags/example_branch_operator.py
[2024-06-14T08:24:29.869+0000] {processor.py:830} INFO - Processing file /home/airflow/.local/lib/python3.12/site-packages/airflow/example_dags/example_branch_operator.py for tasks to queue
[2024-06-14T08:24:29.870+0000] {logging_mixin.py:188} INFO - [2024-06-14T08:24:29.870+0000] {dagbag.py:545} INFO - Filling up the DagBag from /home/airflow/.local/lib/python3.12/site-packages/airflow/example_dags/example_branch_operator.py
[2024-06-14T08:24:29.884+0000] {processor.py:840} INFO - DAG(s) 'example_branch_operator' retrieved from /home/airflow/.local/lib/python3.12/site-packages/airflow/example_dags/example_branch_operator.py
[2024-06-14T08:24:29.908+0000] {logging_mixin.py:188} INFO - [2024-06-14T08:24:29.908+0000] {dag.py:3096} INFO - Sync 1 DAGs
[2024-06-14T08:24:29.926+0000] {logging_mixin.py:188} INFO - [2024-06-14T08:24:29.926+0000] {dag.py:3954} INFO - Setting next_dagrun for example_branch_operator to 2024-06-13 00:00:00+00:00, run_after=2024-06-14 00:00:00+00:00
[2024-06-14T08:24:29.941+0000] {processor.py:183} INFO - Processing /home/airflow/.local/lib/python3.12/site-packages/airflow/example_dags/example_branch_operator.py took 0.079 seconds
