[2024-06-14T08:18:26.964+0000] {processor.py:161} INFO - Started process (PID=64) to work on /home/airflow/.local/lib/python3.12/site-packages/airflow/example_dags/example_kubernetes_executor.py
[2024-06-14T08:18:26.964+0000] {processor.py:830} INFO - Processing file /home/airflow/.local/lib/python3.12/site-packages/airflow/example_dags/example_kubernetes_executor.py for tasks to queue
[2024-06-14T08:18:26.967+0000] {logging_mixin.py:188} INFO - [2024-06-14T08:18:26.966+0000] {dagbag.py:545} INFO - Filling up the DagBag from /home/airflow/.local/lib/python3.12/site-packages/airflow/example_dags/example_kubernetes_executor.py
[2024-06-14T08:18:26.983+0000] {processor.py:840} INFO - DAG(s) 'example_kubernetes_executor' retrieved from /home/airflow/.local/lib/python3.12/site-packages/airflow/example_dags/example_kubernetes_executor.py
[2024-06-14T08:18:27.008+0000] {logging_mixin.py:188} INFO - [2024-06-14T08:18:27.007+0000] {dag.py:3096} INFO - Sync 1 DAGs
[2024-06-14T08:18:27.035+0000] {logging_mixin.py:188} INFO - [2024-06-14T08:18:27.035+0000] {dag.py:3954} INFO - Setting next_dagrun for example_kubernetes_executor to None, run_after=None
[2024-06-14T08:18:27.064+0000] {processor.py:183} INFO - Processing /home/airflow/.local/lib/python3.12/site-packages/airflow/example_dags/example_kubernetes_executor.py took 0.107 seconds
[2024-06-14T08:18:57.829+0000] {processor.py:161} INFO - Started process (PID=122) to work on /home/airflow/.local/lib/python3.12/site-packages/airflow/example_dags/example_kubernetes_executor.py
[2024-06-14T08:18:57.830+0000] {processor.py:830} INFO - Processing file /home/airflow/.local/lib/python3.12/site-packages/airflow/example_dags/example_kubernetes_executor.py for tasks to queue
[2024-06-14T08:18:57.832+0000] {logging_mixin.py:188} INFO - [2024-06-14T08:18:57.831+0000] {dagbag.py:545} INFO - Filling up the DagBag from /home/airflow/.local/lib/python3.12/site-packages/airflow/example_dags/example_kubernetes_executor.py
[2024-06-14T08:18:57.841+0000] {processor.py:840} INFO - DAG(s) 'example_kubernetes_executor' retrieved from /home/airflow/.local/lib/python3.12/site-packages/airflow/example_dags/example_kubernetes_executor.py
[2024-06-14T08:18:57.938+0000] {logging_mixin.py:188} INFO - [2024-06-14T08:18:57.938+0000] {dag.py:3096} INFO - Sync 1 DAGs
[2024-06-14T08:18:57.946+0000] {logging_mixin.py:188} INFO - [2024-06-14T08:18:57.946+0000] {dag.py:3954} INFO - Setting next_dagrun for example_kubernetes_executor to None, run_after=None
[2024-06-14T08:18:57.968+0000] {processor.py:183} INFO - Processing /home/airflow/.local/lib/python3.12/site-packages/airflow/example_dags/example_kubernetes_executor.py took 0.144 seconds
[2024-06-14T08:19:28.115+0000] {processor.py:161} INFO - Started process (PID=180) to work on /home/airflow/.local/lib/python3.12/site-packages/airflow/example_dags/example_kubernetes_executor.py
[2024-06-14T08:19:28.116+0000] {processor.py:830} INFO - Processing file /home/airflow/.local/lib/python3.12/site-packages/airflow/example_dags/example_kubernetes_executor.py for tasks to queue
[2024-06-14T08:19:28.117+0000] {logging_mixin.py:188} INFO - [2024-06-14T08:19:28.117+0000] {dagbag.py:545} INFO - Filling up the DagBag from /home/airflow/.local/lib/python3.12/site-packages/airflow/example_dags/example_kubernetes_executor.py
[2024-06-14T08:19:28.125+0000] {processor.py:840} INFO - DAG(s) 'example_kubernetes_executor' retrieved from /home/airflow/.local/lib/python3.12/site-packages/airflow/example_dags/example_kubernetes_executor.py
[2024-06-14T08:19:28.152+0000] {logging_mixin.py:188} INFO - [2024-06-14T08:19:28.152+0000] {dag.py:3096} INFO - Sync 1 DAGs
[2024-06-14T08:19:28.161+0000] {logging_mixin.py:188} INFO - [2024-06-14T08:19:28.161+0000] {dag.py:3954} INFO - Setting next_dagrun for example_kubernetes_executor to None, run_after=None
[2024-06-14T08:19:28.180+0000] {processor.py:183} INFO - Processing /home/airflow/.local/lib/python3.12/site-packages/airflow/example_dags/example_kubernetes_executor.py took 0.069 seconds
[2024-06-14T08:19:58.488+0000] {processor.py:161} INFO - Started process (PID=238) to work on /home/airflow/.local/lib/python3.12/site-packages/airflow/example_dags/example_kubernetes_executor.py
[2024-06-14T08:19:58.489+0000] {processor.py:830} INFO - Processing file /home/airflow/.local/lib/python3.12/site-packages/airflow/example_dags/example_kubernetes_executor.py for tasks to queue
[2024-06-14T08:19:58.491+0000] {logging_mixin.py:188} INFO - [2024-06-14T08:19:58.490+0000] {dagbag.py:545} INFO - Filling up the DagBag from /home/airflow/.local/lib/python3.12/site-packages/airflow/example_dags/example_kubernetes_executor.py
[2024-06-14T08:19:58.500+0000] {processor.py:840} INFO - DAG(s) 'example_kubernetes_executor' retrieved from /home/airflow/.local/lib/python3.12/site-packages/airflow/example_dags/example_kubernetes_executor.py
[2024-06-14T08:19:58.529+0000] {logging_mixin.py:188} INFO - [2024-06-14T08:19:58.529+0000] {dag.py:3096} INFO - Sync 1 DAGs
[2024-06-14T08:19:58.539+0000] {logging_mixin.py:188} INFO - [2024-06-14T08:19:58.538+0000] {dag.py:3954} INFO - Setting next_dagrun for example_kubernetes_executor to None, run_after=None
[2024-06-14T08:19:58.555+0000] {processor.py:183} INFO - Processing /home/airflow/.local/lib/python3.12/site-packages/airflow/example_dags/example_kubernetes_executor.py took 0.072 seconds
[2024-06-14T08:20:28.729+0000] {processor.py:161} INFO - Started process (PID=296) to work on /home/airflow/.local/lib/python3.12/site-packages/airflow/example_dags/example_kubernetes_executor.py
[2024-06-14T08:20:28.730+0000] {processor.py:830} INFO - Processing file /home/airflow/.local/lib/python3.12/site-packages/airflow/example_dags/example_kubernetes_executor.py for tasks to queue
[2024-06-14T08:20:28.732+0000] {logging_mixin.py:188} INFO - [2024-06-14T08:20:28.731+0000] {dagbag.py:545} INFO - Filling up the DagBag from /home/airflow/.local/lib/python3.12/site-packages/airflow/example_dags/example_kubernetes_executor.py
[2024-06-14T08:20:28.740+0000] {processor.py:840} INFO - DAG(s) 'example_kubernetes_executor' retrieved from /home/airflow/.local/lib/python3.12/site-packages/airflow/example_dags/example_kubernetes_executor.py
[2024-06-14T08:20:28.768+0000] {logging_mixin.py:188} INFO - [2024-06-14T08:20:28.768+0000] {dag.py:3096} INFO - Sync 1 DAGs
[2024-06-14T08:20:28.777+0000] {logging_mixin.py:188} INFO - [2024-06-14T08:20:28.777+0000] {dag.py:3954} INFO - Setting next_dagrun for example_kubernetes_executor to None, run_after=None
[2024-06-14T08:20:28.792+0000] {processor.py:183} INFO - Processing /home/airflow/.local/lib/python3.12/site-packages/airflow/example_dags/example_kubernetes_executor.py took 0.067 seconds
[2024-06-14T08:20:59.005+0000] {processor.py:161} INFO - Started process (PID=354) to work on /home/airflow/.local/lib/python3.12/site-packages/airflow/example_dags/example_kubernetes_executor.py
[2024-06-14T08:20:59.006+0000] {processor.py:830} INFO - Processing file /home/airflow/.local/lib/python3.12/site-packages/airflow/example_dags/example_kubernetes_executor.py for tasks to queue
[2024-06-14T08:20:59.007+0000] {logging_mixin.py:188} INFO - [2024-06-14T08:20:59.007+0000] {dagbag.py:545} INFO - Filling up the DagBag from /home/airflow/.local/lib/python3.12/site-packages/airflow/example_dags/example_kubernetes_executor.py
[2024-06-14T08:20:59.015+0000] {processor.py:840} INFO - DAG(s) 'example_kubernetes_executor' retrieved from /home/airflow/.local/lib/python3.12/site-packages/airflow/example_dags/example_kubernetes_executor.py
[2024-06-14T08:20:59.042+0000] {logging_mixin.py:188} INFO - [2024-06-14T08:20:59.041+0000] {dag.py:3096} INFO - Sync 1 DAGs
[2024-06-14T08:20:59.050+0000] {logging_mixin.py:188} INFO - [2024-06-14T08:20:59.050+0000] {dag.py:3954} INFO - Setting next_dagrun for example_kubernetes_executor to None, run_after=None
[2024-06-14T08:20:59.064+0000] {processor.py:183} INFO - Processing /home/airflow/.local/lib/python3.12/site-packages/airflow/example_dags/example_kubernetes_executor.py took 0.063 seconds
[2024-06-14T08:21:29.385+0000] {processor.py:161} INFO - Started process (PID=412) to work on /home/airflow/.local/lib/python3.12/site-packages/airflow/example_dags/example_kubernetes_executor.py
[2024-06-14T08:21:29.386+0000] {processor.py:830} INFO - Processing file /home/airflow/.local/lib/python3.12/site-packages/airflow/example_dags/example_kubernetes_executor.py for tasks to queue
[2024-06-14T08:21:29.388+0000] {logging_mixin.py:188} INFO - [2024-06-14T08:21:29.387+0000] {dagbag.py:545} INFO - Filling up the DagBag from /home/airflow/.local/lib/python3.12/site-packages/airflow/example_dags/example_kubernetes_executor.py
[2024-06-14T08:21:29.397+0000] {processor.py:840} INFO - DAG(s) 'example_kubernetes_executor' retrieved from /home/airflow/.local/lib/python3.12/site-packages/airflow/example_dags/example_kubernetes_executor.py
[2024-06-14T08:21:29.430+0000] {logging_mixin.py:188} INFO - [2024-06-14T08:21:29.430+0000] {dag.py:3096} INFO - Sync 1 DAGs
[2024-06-14T08:21:29.440+0000] {logging_mixin.py:188} INFO - [2024-06-14T08:21:29.439+0000] {dag.py:3954} INFO - Setting next_dagrun for example_kubernetes_executor to None, run_after=None
[2024-06-14T08:21:29.457+0000] {processor.py:183} INFO - Processing /home/airflow/.local/lib/python3.12/site-packages/airflow/example_dags/example_kubernetes_executor.py took 0.077 seconds
[2024-06-14T08:21:59.584+0000] {processor.py:161} INFO - Started process (PID=470) to work on /home/airflow/.local/lib/python3.12/site-packages/airflow/example_dags/example_kubernetes_executor.py
[2024-06-14T08:21:59.585+0000] {processor.py:830} INFO - Processing file /home/airflow/.local/lib/python3.12/site-packages/airflow/example_dags/example_kubernetes_executor.py for tasks to queue
[2024-06-14T08:21:59.586+0000] {logging_mixin.py:188} INFO - [2024-06-14T08:21:59.586+0000] {dagbag.py:545} INFO - Filling up the DagBag from /home/airflow/.local/lib/python3.12/site-packages/airflow/example_dags/example_kubernetes_executor.py
[2024-06-14T08:21:59.594+0000] {processor.py:840} INFO - DAG(s) 'example_kubernetes_executor' retrieved from /home/airflow/.local/lib/python3.12/site-packages/airflow/example_dags/example_kubernetes_executor.py
[2024-06-14T08:21:59.623+0000] {logging_mixin.py:188} INFO - [2024-06-14T08:21:59.623+0000] {dag.py:3096} INFO - Sync 1 DAGs
[2024-06-14T08:21:59.633+0000] {logging_mixin.py:188} INFO - [2024-06-14T08:21:59.632+0000] {dag.py:3954} INFO - Setting next_dagrun for example_kubernetes_executor to None, run_after=None
[2024-06-14T08:21:59.648+0000] {processor.py:183} INFO - Processing /home/airflow/.local/lib/python3.12/site-packages/airflow/example_dags/example_kubernetes_executor.py took 0.068 seconds
[2024-06-14T08:22:29.701+0000] {processor.py:161} INFO - Started process (PID=528) to work on /home/airflow/.local/lib/python3.12/site-packages/airflow/example_dags/example_kubernetes_executor.py
[2024-06-14T08:22:29.702+0000] {processor.py:830} INFO - Processing file /home/airflow/.local/lib/python3.12/site-packages/airflow/example_dags/example_kubernetes_executor.py for tasks to queue
[2024-06-14T08:22:29.703+0000] {logging_mixin.py:188} INFO - [2024-06-14T08:22:29.703+0000] {dagbag.py:545} INFO - Filling up the DagBag from /home/airflow/.local/lib/python3.12/site-packages/airflow/example_dags/example_kubernetes_executor.py
[2024-06-14T08:22:29.713+0000] {processor.py:840} INFO - DAG(s) 'example_kubernetes_executor' retrieved from /home/airflow/.local/lib/python3.12/site-packages/airflow/example_dags/example_kubernetes_executor.py
[2024-06-14T08:22:29.743+0000] {logging_mixin.py:188} INFO - [2024-06-14T08:22:29.742+0000] {dag.py:3096} INFO - Sync 1 DAGs
[2024-06-14T08:22:29.753+0000] {logging_mixin.py:188} INFO - [2024-06-14T08:22:29.753+0000] {dag.py:3954} INFO - Setting next_dagrun for example_kubernetes_executor to None, run_after=None
[2024-06-14T08:22:29.771+0000] {processor.py:183} INFO - Processing /home/airflow/.local/lib/python3.12/site-packages/airflow/example_dags/example_kubernetes_executor.py took 0.074 seconds
[2024-06-14T08:23:00.063+0000] {processor.py:161} INFO - Started process (PID=586) to work on /home/airflow/.local/lib/python3.12/site-packages/airflow/example_dags/example_kubernetes_executor.py
[2024-06-14T08:23:00.064+0000] {processor.py:830} INFO - Processing file /home/airflow/.local/lib/python3.12/site-packages/airflow/example_dags/example_kubernetes_executor.py for tasks to queue
[2024-06-14T08:23:00.065+0000] {logging_mixin.py:188} INFO - [2024-06-14T08:23:00.065+0000] {dagbag.py:545} INFO - Filling up the DagBag from /home/airflow/.local/lib/python3.12/site-packages/airflow/example_dags/example_kubernetes_executor.py
[2024-06-14T08:23:00.076+0000] {processor.py:840} INFO - DAG(s) 'example_kubernetes_executor' retrieved from /home/airflow/.local/lib/python3.12/site-packages/airflow/example_dags/example_kubernetes_executor.py
[2024-06-14T08:23:00.105+0000] {logging_mixin.py:188} INFO - [2024-06-14T08:23:00.105+0000] {dag.py:3096} INFO - Sync 1 DAGs
[2024-06-14T08:23:00.115+0000] {logging_mixin.py:188} INFO - [2024-06-14T08:23:00.115+0000] {dag.py:3954} INFO - Setting next_dagrun for example_kubernetes_executor to None, run_after=None
[2024-06-14T08:23:00.134+0000] {processor.py:183} INFO - Processing /home/airflow/.local/lib/python3.12/site-packages/airflow/example_dags/example_kubernetes_executor.py took 0.076 seconds
[2024-06-14T08:23:30.719+0000] {processor.py:161} INFO - Started process (PID=645) to work on /home/airflow/.local/lib/python3.12/site-packages/airflow/example_dags/example_kubernetes_executor.py
[2024-06-14T08:23:30.721+0000] {processor.py:830} INFO - Processing file /home/airflow/.local/lib/python3.12/site-packages/airflow/example_dags/example_kubernetes_executor.py for tasks to queue
[2024-06-14T08:23:30.722+0000] {logging_mixin.py:188} INFO - [2024-06-14T08:23:30.722+0000] {dagbag.py:545} INFO - Filling up the DagBag from /home/airflow/.local/lib/python3.12/site-packages/airflow/example_dags/example_kubernetes_executor.py
[2024-06-14T08:23:30.732+0000] {processor.py:840} INFO - DAG(s) 'example_kubernetes_executor' retrieved from /home/airflow/.local/lib/python3.12/site-packages/airflow/example_dags/example_kubernetes_executor.py
[2024-06-14T08:23:30.761+0000] {logging_mixin.py:188} INFO - [2024-06-14T08:23:30.761+0000] {dag.py:3096} INFO - Sync 1 DAGs
[2024-06-14T08:23:30.776+0000] {logging_mixin.py:188} INFO - [2024-06-14T08:23:30.776+0000] {dag.py:3954} INFO - Setting next_dagrun for example_kubernetes_executor to None, run_after=None
[2024-06-14T08:23:30.794+0000] {processor.py:183} INFO - Processing /home/airflow/.local/lib/python3.12/site-packages/airflow/example_dags/example_kubernetes_executor.py took 0.080 seconds
[2024-06-14T08:24:01.085+0000] {processor.py:161} INFO - Started process (PID=703) to work on /home/airflow/.local/lib/python3.12/site-packages/airflow/example_dags/example_kubernetes_executor.py
[2024-06-14T08:24:01.086+0000] {processor.py:830} INFO - Processing file /home/airflow/.local/lib/python3.12/site-packages/airflow/example_dags/example_kubernetes_executor.py for tasks to queue
[2024-06-14T08:24:01.087+0000] {logging_mixin.py:188} INFO - [2024-06-14T08:24:01.087+0000] {dagbag.py:545} INFO - Filling up the DagBag from /home/airflow/.local/lib/python3.12/site-packages/airflow/example_dags/example_kubernetes_executor.py
[2024-06-14T08:24:01.097+0000] {processor.py:840} INFO - DAG(s) 'example_kubernetes_executor' retrieved from /home/airflow/.local/lib/python3.12/site-packages/airflow/example_dags/example_kubernetes_executor.py
[2024-06-14T08:24:01.132+0000] {logging_mixin.py:188} INFO - [2024-06-14T08:24:01.132+0000] {dag.py:3096} INFO - Sync 1 DAGs
[2024-06-14T08:24:01.144+0000] {logging_mixin.py:188} INFO - [2024-06-14T08:24:01.144+0000] {dag.py:3954} INFO - Setting next_dagrun for example_kubernetes_executor to None, run_after=None
[2024-06-14T08:24:01.166+0000] {processor.py:183} INFO - Processing /home/airflow/.local/lib/python3.12/site-packages/airflow/example_dags/example_kubernetes_executor.py took 0.087 seconds
[2024-06-14T08:24:31.588+0000] {processor.py:161} INFO - Started process (PID=762) to work on /home/airflow/.local/lib/python3.12/site-packages/airflow/example_dags/example_kubernetes_executor.py
[2024-06-14T08:24:31.589+0000] {processor.py:830} INFO - Processing file /home/airflow/.local/lib/python3.12/site-packages/airflow/example_dags/example_kubernetes_executor.py for tasks to queue
[2024-06-14T08:24:31.591+0000] {logging_mixin.py:188} INFO - [2024-06-14T08:24:31.590+0000] {dagbag.py:545} INFO - Filling up the DagBag from /home/airflow/.local/lib/python3.12/site-packages/airflow/example_dags/example_kubernetes_executor.py
[2024-06-14T08:24:31.600+0000] {processor.py:840} INFO - DAG(s) 'example_kubernetes_executor' retrieved from /home/airflow/.local/lib/python3.12/site-packages/airflow/example_dags/example_kubernetes_executor.py
[2024-06-14T08:24:31.629+0000] {logging_mixin.py:188} INFO - [2024-06-14T08:24:31.628+0000] {dag.py:3096} INFO - Sync 1 DAGs
[2024-06-14T08:24:31.638+0000] {logging_mixin.py:188} INFO - [2024-06-14T08:24:31.638+0000] {dag.py:3954} INFO - Setting next_dagrun for example_kubernetes_executor to None, run_after=None
[2024-06-14T08:24:31.656+0000] {processor.py:183} INFO - Processing /home/airflow/.local/lib/python3.12/site-packages/airflow/example_dags/example_kubernetes_executor.py took 0.072 seconds
