[2024-06-14T08:18:28.013+0000] {processor.py:161} INFO - Started process (PID=79) to work on /home/airflow/.local/lib/python3.12/site-packages/airflow/example_dags/example_bash_decorator.py
[2024-06-14T08:18:28.014+0000] {processor.py:830} INFO - Processing file /home/airflow/.local/lib/python3.12/site-packages/airflow/example_dags/example_bash_decorator.py for tasks to queue
[2024-06-14T08:18:28.015+0000] {logging_mixin.py:188} INFO - [2024-06-14T08:18:28.015+0000] {dagbag.py:545} INFO - Filling up the DagBag from /home/airflow/.local/lib/python3.12/site-packages/airflow/example_dags/example_bash_decorator.py
[2024-06-14T08:18:28.025+0000] {processor.py:840} INFO - DAG(s) 'example_bash_decorator' retrieved from /home/airflow/.local/lib/python3.12/site-packages/airflow/example_dags/example_bash_decorator.py
[2024-06-14T08:18:28.035+0000] {logging_mixin.py:188} INFO - [2024-06-14T08:18:28.035+0000] {dag.py:3096} INFO - Sync 1 DAGs
[2024-06-14T08:18:28.045+0000] {logging_mixin.py:188} INFO - [2024-06-14T08:18:28.045+0000] {dag.py:3954} INFO - Setting next_dagrun for example_bash_decorator to None, run_after=None
[2024-06-14T08:18:28.064+0000] {processor.py:183} INFO - Processing /home/airflow/.local/lib/python3.12/site-packages/airflow/example_dags/example_bash_decorator.py took 0.056 seconds
[2024-06-14T08:18:58.906+0000] {processor.py:161} INFO - Started process (PID=137) to work on /home/airflow/.local/lib/python3.12/site-packages/airflow/example_dags/example_bash_decorator.py
[2024-06-14T08:18:58.908+0000] {processor.py:830} INFO - Processing file /home/airflow/.local/lib/python3.12/site-packages/airflow/example_dags/example_bash_decorator.py for tasks to queue
[2024-06-14T08:18:58.909+0000] {logging_mixin.py:188} INFO - [2024-06-14T08:18:58.909+0000] {dagbag.py:545} INFO - Filling up the DagBag from /home/airflow/.local/lib/python3.12/site-packages/airflow/example_dags/example_bash_decorator.py
[2024-06-14T08:18:58.919+0000] {processor.py:840} INFO - DAG(s) 'example_bash_decorator' retrieved from /home/airflow/.local/lib/python3.12/site-packages/airflow/example_dags/example_bash_decorator.py
[2024-06-14T08:18:58.998+0000] {logging_mixin.py:188} INFO - [2024-06-14T08:18:58.998+0000] {dag.py:3096} INFO - Sync 1 DAGs
[2024-06-14T08:18:59.007+0000] {logging_mixin.py:188} INFO - [2024-06-14T08:18:59.006+0000] {dag.py:3954} INFO - Setting next_dagrun for example_bash_decorator to None, run_after=None
[2024-06-14T08:18:59.025+0000] {processor.py:183} INFO - Processing /home/airflow/.local/lib/python3.12/site-packages/airflow/example_dags/example_bash_decorator.py took 0.124 seconds
[2024-06-14T08:19:29.938+0000] {processor.py:161} INFO - Started process (PID=195) to work on /home/airflow/.local/lib/python3.12/site-packages/airflow/example_dags/example_bash_decorator.py
[2024-06-14T08:19:29.939+0000] {processor.py:830} INFO - Processing file /home/airflow/.local/lib/python3.12/site-packages/airflow/example_dags/example_bash_decorator.py for tasks to queue
[2024-06-14T08:19:29.941+0000] {logging_mixin.py:188} INFO - [2024-06-14T08:19:29.941+0000] {dagbag.py:545} INFO - Filling up the DagBag from /home/airflow/.local/lib/python3.12/site-packages/airflow/example_dags/example_bash_decorator.py
[2024-06-14T08:19:29.950+0000] {processor.py:840} INFO - DAG(s) 'example_bash_decorator' retrieved from /home/airflow/.local/lib/python3.12/site-packages/airflow/example_dags/example_bash_decorator.py
[2024-06-14T08:19:29.968+0000] {logging_mixin.py:188} INFO - [2024-06-14T08:19:29.968+0000] {dag.py:3096} INFO - Sync 1 DAGs
[2024-06-14T08:19:29.978+0000] {logging_mixin.py:188} INFO - [2024-06-14T08:19:29.977+0000] {dag.py:3954} INFO - Setting next_dagrun for example_bash_decorator to None, run_after=None
[2024-06-14T08:19:29.996+0000] {processor.py:183} INFO - Processing /home/airflow/.local/lib/python3.12/site-packages/airflow/example_dags/example_bash_decorator.py took 0.061 seconds
[2024-06-14T08:20:00.143+0000] {processor.py:161} INFO - Started process (PID=253) to work on /home/airflow/.local/lib/python3.12/site-packages/airflow/example_dags/example_bash_decorator.py
[2024-06-14T08:20:00.144+0000] {processor.py:830} INFO - Processing file /home/airflow/.local/lib/python3.12/site-packages/airflow/example_dags/example_bash_decorator.py for tasks to queue
[2024-06-14T08:20:00.145+0000] {logging_mixin.py:188} INFO - [2024-06-14T08:20:00.145+0000] {dagbag.py:545} INFO - Filling up the DagBag from /home/airflow/.local/lib/python3.12/site-packages/airflow/example_dags/example_bash_decorator.py
[2024-06-14T08:20:00.155+0000] {processor.py:840} INFO - DAG(s) 'example_bash_decorator' retrieved from /home/airflow/.local/lib/python3.12/site-packages/airflow/example_dags/example_bash_decorator.py
[2024-06-14T08:20:00.176+0000] {logging_mixin.py:188} INFO - [2024-06-14T08:20:00.175+0000] {dag.py:3096} INFO - Sync 1 DAGs
[2024-06-14T08:20:00.185+0000] {logging_mixin.py:188} INFO - [2024-06-14T08:20:00.185+0000] {dag.py:3954} INFO - Setting next_dagrun for example_bash_decorator to None, run_after=None
[2024-06-14T08:20:00.200+0000] {processor.py:183} INFO - Processing /home/airflow/.local/lib/python3.12/site-packages/airflow/example_dags/example_bash_decorator.py took 0.062 seconds
[2024-06-14T08:20:30.309+0000] {processor.py:161} INFO - Started process (PID=311) to work on /home/airflow/.local/lib/python3.12/site-packages/airflow/example_dags/example_bash_decorator.py
[2024-06-14T08:20:30.310+0000] {processor.py:830} INFO - Processing file /home/airflow/.local/lib/python3.12/site-packages/airflow/example_dags/example_bash_decorator.py for tasks to queue
[2024-06-14T08:20:30.311+0000] {logging_mixin.py:188} INFO - [2024-06-14T08:20:30.311+0000] {dagbag.py:545} INFO - Filling up the DagBag from /home/airflow/.local/lib/python3.12/site-packages/airflow/example_dags/example_bash_decorator.py
[2024-06-14T08:20:30.322+0000] {processor.py:840} INFO - DAG(s) 'example_bash_decorator' retrieved from /home/airflow/.local/lib/python3.12/site-packages/airflow/example_dags/example_bash_decorator.py
[2024-06-14T08:20:30.339+0000] {logging_mixin.py:188} INFO - [2024-06-14T08:20:30.339+0000] {dag.py:3096} INFO - Sync 1 DAGs
[2024-06-14T08:20:30.349+0000] {logging_mixin.py:188} INFO - [2024-06-14T08:20:30.349+0000] {dag.py:3954} INFO - Setting next_dagrun for example_bash_decorator to None, run_after=None
[2024-06-14T08:20:30.363+0000] {processor.py:183} INFO - Processing /home/airflow/.local/lib/python3.12/site-packages/airflow/example_dags/example_bash_decorator.py took 0.059 seconds
[2024-06-14T08:21:00.640+0000] {processor.py:161} INFO - Started process (PID=369) to work on /home/airflow/.local/lib/python3.12/site-packages/airflow/example_dags/example_bash_decorator.py
[2024-06-14T08:21:00.642+0000] {processor.py:830} INFO - Processing file /home/airflow/.local/lib/python3.12/site-packages/airflow/example_dags/example_bash_decorator.py for tasks to queue
[2024-06-14T08:21:00.643+0000] {logging_mixin.py:188} INFO - [2024-06-14T08:21:00.643+0000] {dagbag.py:545} INFO - Filling up the DagBag from /home/airflow/.local/lib/python3.12/site-packages/airflow/example_dags/example_bash_decorator.py
[2024-06-14T08:21:00.652+0000] {processor.py:840} INFO - DAG(s) 'example_bash_decorator' retrieved from /home/airflow/.local/lib/python3.12/site-packages/airflow/example_dags/example_bash_decorator.py
[2024-06-14T08:21:00.673+0000] {logging_mixin.py:188} INFO - [2024-06-14T08:21:00.673+0000] {dag.py:3096} INFO - Sync 1 DAGs
[2024-06-14T08:21:00.682+0000] {logging_mixin.py:188} INFO - [2024-06-14T08:21:00.682+0000] {dag.py:3954} INFO - Setting next_dagrun for example_bash_decorator to None, run_after=None
[2024-06-14T08:21:00.699+0000] {processor.py:183} INFO - Processing /home/airflow/.local/lib/python3.12/site-packages/airflow/example_dags/example_bash_decorator.py took 0.063 seconds
[2024-06-14T08:21:31.027+0000] {processor.py:161} INFO - Started process (PID=427) to work on /home/airflow/.local/lib/python3.12/site-packages/airflow/example_dags/example_bash_decorator.py
[2024-06-14T08:21:31.028+0000] {processor.py:830} INFO - Processing file /home/airflow/.local/lib/python3.12/site-packages/airflow/example_dags/example_bash_decorator.py for tasks to queue
[2024-06-14T08:21:31.030+0000] {logging_mixin.py:188} INFO - [2024-06-14T08:21:31.029+0000] {dagbag.py:545} INFO - Filling up the DagBag from /home/airflow/.local/lib/python3.12/site-packages/airflow/example_dags/example_bash_decorator.py
[2024-06-14T08:21:31.040+0000] {processor.py:840} INFO - DAG(s) 'example_bash_decorator' retrieved from /home/airflow/.local/lib/python3.12/site-packages/airflow/example_dags/example_bash_decorator.py
[2024-06-14T08:21:31.061+0000] {logging_mixin.py:188} INFO - [2024-06-14T08:21:31.060+0000] {dag.py:3096} INFO - Sync 1 DAGs
[2024-06-14T08:21:31.071+0000] {logging_mixin.py:188} INFO - [2024-06-14T08:21:31.070+0000] {dag.py:3954} INFO - Setting next_dagrun for example_bash_decorator to None, run_after=None
[2024-06-14T08:21:31.087+0000] {processor.py:183} INFO - Processing /home/airflow/.local/lib/python3.12/site-packages/airflow/example_dags/example_bash_decorator.py took 0.064 seconds
[2024-06-14T08:22:01.212+0000] {processor.py:161} INFO - Started process (PID=485) to work on /home/airflow/.local/lib/python3.12/site-packages/airflow/example_dags/example_bash_decorator.py
[2024-06-14T08:22:01.265+0000] {processor.py:830} INFO - Processing file /home/airflow/.local/lib/python3.12/site-packages/airflow/example_dags/example_bash_decorator.py for tasks to queue
[2024-06-14T08:22:01.267+0000] {logging_mixin.py:188} INFO - [2024-06-14T08:22:01.267+0000] {dagbag.py:545} INFO - Filling up the DagBag from /home/airflow/.local/lib/python3.12/site-packages/airflow/example_dags/example_bash_decorator.py
[2024-06-14T08:22:01.277+0000] {processor.py:840} INFO - DAG(s) 'example_bash_decorator' retrieved from /home/airflow/.local/lib/python3.12/site-packages/airflow/example_dags/example_bash_decorator.py
[2024-06-14T08:22:01.294+0000] {logging_mixin.py:188} INFO - [2024-06-14T08:22:01.294+0000] {dag.py:3096} INFO - Sync 1 DAGs
[2024-06-14T08:22:01.303+0000] {logging_mixin.py:188} INFO - [2024-06-14T08:22:01.303+0000] {dag.py:3954} INFO - Setting next_dagrun for example_bash_decorator to None, run_after=None
[2024-06-14T08:22:01.319+0000] {processor.py:183} INFO - Processing /home/airflow/.local/lib/python3.12/site-packages/airflow/example_dags/example_bash_decorator.py took 0.110 seconds
[2024-06-14T08:22:31.408+0000] {processor.py:161} INFO - Started process (PID=543) to work on /home/airflow/.local/lib/python3.12/site-packages/airflow/example_dags/example_bash_decorator.py
[2024-06-14T08:22:31.410+0000] {processor.py:830} INFO - Processing file /home/airflow/.local/lib/python3.12/site-packages/airflow/example_dags/example_bash_decorator.py for tasks to queue
[2024-06-14T08:22:31.411+0000] {logging_mixin.py:188} INFO - [2024-06-14T08:22:31.411+0000] {dagbag.py:545} INFO - Filling up the DagBag from /home/airflow/.local/lib/python3.12/site-packages/airflow/example_dags/example_bash_decorator.py
[2024-06-14T08:22:31.420+0000] {processor.py:840} INFO - DAG(s) 'example_bash_decorator' retrieved from /home/airflow/.local/lib/python3.12/site-packages/airflow/example_dags/example_bash_decorator.py
[2024-06-14T08:22:31.439+0000] {logging_mixin.py:188} INFO - [2024-06-14T08:22:31.439+0000] {dag.py:3096} INFO - Sync 1 DAGs
[2024-06-14T08:22:31.447+0000] {logging_mixin.py:188} INFO - [2024-06-14T08:22:31.447+0000] {dag.py:3954} INFO - Setting next_dagrun for example_bash_decorator to None, run_after=None
[2024-06-14T08:22:31.465+0000] {processor.py:183} INFO - Processing /home/airflow/.local/lib/python3.12/site-packages/airflow/example_dags/example_bash_decorator.py took 0.061 seconds
[2024-06-14T08:23:01.765+0000] {processor.py:161} INFO - Started process (PID=601) to work on /home/airflow/.local/lib/python3.12/site-packages/airflow/example_dags/example_bash_decorator.py
[2024-06-14T08:23:01.766+0000] {processor.py:830} INFO - Processing file /home/airflow/.local/lib/python3.12/site-packages/airflow/example_dags/example_bash_decorator.py for tasks to queue
[2024-06-14T08:23:01.767+0000] {logging_mixin.py:188} INFO - [2024-06-14T08:23:01.767+0000] {dagbag.py:545} INFO - Filling up the DagBag from /home/airflow/.local/lib/python3.12/site-packages/airflow/example_dags/example_bash_decorator.py
[2024-06-14T08:23:01.777+0000] {processor.py:840} INFO - DAG(s) 'example_bash_decorator' retrieved from /home/airflow/.local/lib/python3.12/site-packages/airflow/example_dags/example_bash_decorator.py
[2024-06-14T08:23:01.797+0000] {logging_mixin.py:188} INFO - [2024-06-14T08:23:01.796+0000] {dag.py:3096} INFO - Sync 1 DAGs
[2024-06-14T08:23:01.807+0000] {logging_mixin.py:188} INFO - [2024-06-14T08:23:01.806+0000] {dag.py:3954} INFO - Setting next_dagrun for example_bash_decorator to None, run_after=None
[2024-06-14T08:23:01.823+0000] {processor.py:183} INFO - Processing /home/airflow/.local/lib/python3.12/site-packages/airflow/example_dags/example_bash_decorator.py took 0.063 seconds
[2024-06-14T08:23:32.485+0000] {processor.py:161} INFO - Started process (PID=660) to work on /home/airflow/.local/lib/python3.12/site-packages/airflow/example_dags/example_bash_decorator.py
[2024-06-14T08:23:32.487+0000] {processor.py:830} INFO - Processing file /home/airflow/.local/lib/python3.12/site-packages/airflow/example_dags/example_bash_decorator.py for tasks to queue
[2024-06-14T08:23:32.488+0000] {logging_mixin.py:188} INFO - [2024-06-14T08:23:32.488+0000] {dagbag.py:545} INFO - Filling up the DagBag from /home/airflow/.local/lib/python3.12/site-packages/airflow/example_dags/example_bash_decorator.py
[2024-06-14T08:23:32.497+0000] {processor.py:840} INFO - DAG(s) 'example_bash_decorator' retrieved from /home/airflow/.local/lib/python3.12/site-packages/airflow/example_dags/example_bash_decorator.py
[2024-06-14T08:23:32.517+0000] {logging_mixin.py:188} INFO - [2024-06-14T08:23:32.516+0000] {dag.py:3096} INFO - Sync 1 DAGs
[2024-06-14T08:23:32.527+0000] {logging_mixin.py:188} INFO - [2024-06-14T08:23:32.527+0000] {dag.py:3954} INFO - Setting next_dagrun for example_bash_decorator to None, run_after=None
[2024-06-14T08:23:32.544+0000] {processor.py:183} INFO - Processing /home/airflow/.local/lib/python3.12/site-packages/airflow/example_dags/example_bash_decorator.py took 0.063 seconds
[2024-06-14T08:24:03.019+0000] {processor.py:161} INFO - Started process (PID=719) to work on /home/airflow/.local/lib/python3.12/site-packages/airflow/example_dags/example_bash_decorator.py
[2024-06-14T08:24:03.021+0000] {processor.py:830} INFO - Processing file /home/airflow/.local/lib/python3.12/site-packages/airflow/example_dags/example_bash_decorator.py for tasks to queue
[2024-06-14T08:24:03.022+0000] {logging_mixin.py:188} INFO - [2024-06-14T08:24:03.022+0000] {dagbag.py:545} INFO - Filling up the DagBag from /home/airflow/.local/lib/python3.12/site-packages/airflow/example_dags/example_bash_decorator.py
[2024-06-14T08:24:03.031+0000] {processor.py:840} INFO - DAG(s) 'example_bash_decorator' retrieved from /home/airflow/.local/lib/python3.12/site-packages/airflow/example_dags/example_bash_decorator.py
[2024-06-14T08:24:03.050+0000] {logging_mixin.py:188} INFO - [2024-06-14T08:24:03.050+0000] {dag.py:3096} INFO - Sync 1 DAGs
[2024-06-14T08:24:03.059+0000] {logging_mixin.py:188} INFO - [2024-06-14T08:24:03.059+0000] {dag.py:3954} INFO - Setting next_dagrun for example_bash_decorator to None, run_after=None
[2024-06-14T08:24:03.078+0000] {processor.py:183} INFO - Processing /home/airflow/.local/lib/python3.12/site-packages/airflow/example_dags/example_bash_decorator.py took 0.063 seconds
[2024-06-14T08:24:33.394+0000] {processor.py:161} INFO - Started process (PID=778) to work on /home/airflow/.local/lib/python3.12/site-packages/airflow/example_dags/example_bash_decorator.py
[2024-06-14T08:24:33.395+0000] {processor.py:830} INFO - Processing file /home/airflow/.local/lib/python3.12/site-packages/airflow/example_dags/example_bash_decorator.py for tasks to queue
[2024-06-14T08:24:33.396+0000] {logging_mixin.py:188} INFO - [2024-06-14T08:24:33.396+0000] {dagbag.py:545} INFO - Filling up the DagBag from /home/airflow/.local/lib/python3.12/site-packages/airflow/example_dags/example_bash_decorator.py
[2024-06-14T08:24:33.407+0000] {processor.py:840} INFO - DAG(s) 'example_bash_decorator' retrieved from /home/airflow/.local/lib/python3.12/site-packages/airflow/example_dags/example_bash_decorator.py
[2024-06-14T08:24:33.428+0000] {logging_mixin.py:188} INFO - [2024-06-14T08:24:33.428+0000] {dag.py:3096} INFO - Sync 1 DAGs
[2024-06-14T08:24:33.440+0000] {logging_mixin.py:188} INFO - [2024-06-14T08:24:33.440+0000] {dag.py:3954} INFO - Setting next_dagrun for example_bash_decorator to None, run_after=None
[2024-06-14T08:24:33.459+0000] {processor.py:183} INFO - Processing /home/airflow/.local/lib/python3.12/site-packages/airflow/example_dags/example_bash_decorator.py took 0.069 seconds
