[2024-06-14T08:18:26.467+0000] {processor.py:161} INFO - Started process (PID=59) to work on /home/airflow/.local/lib/python3.12/site-packages/airflow/example_dags/example_branch_labels.py
[2024-06-14T08:18:26.468+0000] {processor.py:830} INFO - Processing file /home/airflow/.local/lib/python3.12/site-packages/airflow/example_dags/example_branch_labels.py for tasks to queue
[2024-06-14T08:18:26.470+0000] {logging_mixin.py:188} INFO - [2024-06-14T08:18:26.469+0000] {dagbag.py:545} INFO - Filling up the DagBag from /home/airflow/.local/lib/python3.12/site-packages/airflow/example_dags/example_branch_labels.py
[2024-06-14T08:18:26.488+0000] {processor.py:840} INFO - DAG(s) 'example_branch_labels' retrieved from /home/airflow/.local/lib/python3.12/site-packages/airflow/example_dags/example_branch_labels.py
[2024-06-14T08:18:26.514+0000] {logging_mixin.py:188} INFO - [2024-06-14T08:18:26.513+0000] {dag.py:3096} INFO - Sync 1 DAGs
[2024-06-14T08:18:26.556+0000] {logging_mixin.py:188} INFO - [2024-06-14T08:18:26.556+0000] {dag.py:3954} INFO - Setting next_dagrun for example_branch_labels to 2024-06-13 00:00:00+00:00, run_after=2024-06-14 00:00:00+00:00
[2024-06-14T08:18:26.586+0000] {processor.py:183} INFO - Processing /home/airflow/.local/lib/python3.12/site-packages/airflow/example_dags/example_branch_labels.py took 0.130 seconds
[2024-06-14T08:18:57.421+0000] {processor.py:161} INFO - Started process (PID=117) to work on /home/airflow/.local/lib/python3.12/site-packages/airflow/example_dags/example_branch_labels.py
[2024-06-14T08:18:57.422+0000] {processor.py:830} INFO - Processing file /home/airflow/.local/lib/python3.12/site-packages/airflow/example_dags/example_branch_labels.py for tasks to queue
[2024-06-14T08:18:57.424+0000] {logging_mixin.py:188} INFO - [2024-06-14T08:18:57.424+0000] {dagbag.py:545} INFO - Filling up the DagBag from /home/airflow/.local/lib/python3.12/site-packages/airflow/example_dags/example_branch_labels.py
[2024-06-14T08:18:57.430+0000] {processor.py:840} INFO - DAG(s) 'example_branch_labels' retrieved from /home/airflow/.local/lib/python3.12/site-packages/airflow/example_dags/example_branch_labels.py
[2024-06-14T08:18:57.513+0000] {logging_mixin.py:188} INFO - [2024-06-14T08:18:57.512+0000] {dag.py:3096} INFO - Sync 1 DAGs
[2024-06-14T08:18:57.532+0000] {logging_mixin.py:188} INFO - [2024-06-14T08:18:57.532+0000] {dag.py:3954} INFO - Setting next_dagrun for example_branch_labels to 2024-06-13 00:00:00+00:00, run_after=2024-06-14 00:00:00+00:00
[2024-06-14T08:18:57.553+0000] {processor.py:183} INFO - Processing /home/airflow/.local/lib/python3.12/site-packages/airflow/example_dags/example_branch_labels.py took 0.136 seconds
[2024-06-14T08:19:27.852+0000] {processor.py:161} INFO - Started process (PID=175) to work on /home/airflow/.local/lib/python3.12/site-packages/airflow/example_dags/example_branch_labels.py
[2024-06-14T08:19:27.853+0000] {processor.py:830} INFO - Processing file /home/airflow/.local/lib/python3.12/site-packages/airflow/example_dags/example_branch_labels.py for tasks to queue
[2024-06-14T08:19:27.854+0000] {logging_mixin.py:188} INFO - [2024-06-14T08:19:27.854+0000] {dagbag.py:545} INFO - Filling up the DagBag from /home/airflow/.local/lib/python3.12/site-packages/airflow/example_dags/example_branch_labels.py
[2024-06-14T08:19:27.859+0000] {processor.py:840} INFO - DAG(s) 'example_branch_labels' retrieved from /home/airflow/.local/lib/python3.12/site-packages/airflow/example_dags/example_branch_labels.py
[2024-06-14T08:19:27.875+0000] {logging_mixin.py:188} INFO - [2024-06-14T08:19:27.875+0000] {dag.py:3096} INFO - Sync 1 DAGs
[2024-06-14T08:19:27.890+0000] {logging_mixin.py:188} INFO - [2024-06-14T08:19:27.890+0000] {dag.py:3954} INFO - Setting next_dagrun for example_branch_labels to 2024-06-13 00:00:00+00:00, run_after=2024-06-14 00:00:00+00:00
[2024-06-14T08:19:27.907+0000] {processor.py:183} INFO - Processing /home/airflow/.local/lib/python3.12/site-packages/airflow/example_dags/example_branch_labels.py took 0.060 seconds
[2024-06-14T08:19:58.255+0000] {processor.py:161} INFO - Started process (PID=233) to work on /home/airflow/.local/lib/python3.12/site-packages/airflow/example_dags/example_branch_labels.py
[2024-06-14T08:19:58.256+0000] {processor.py:830} INFO - Processing file /home/airflow/.local/lib/python3.12/site-packages/airflow/example_dags/example_branch_labels.py for tasks to queue
[2024-06-14T08:19:58.257+0000] {logging_mixin.py:188} INFO - [2024-06-14T08:19:58.257+0000] {dagbag.py:545} INFO - Filling up the DagBag from /home/airflow/.local/lib/python3.12/site-packages/airflow/example_dags/example_branch_labels.py
[2024-06-14T08:19:58.263+0000] {processor.py:840} INFO - DAG(s) 'example_branch_labels' retrieved from /home/airflow/.local/lib/python3.12/site-packages/airflow/example_dags/example_branch_labels.py
[2024-06-14T08:19:58.279+0000] {logging_mixin.py:188} INFO - [2024-06-14T08:19:58.279+0000] {dag.py:3096} INFO - Sync 1 DAGs
[2024-06-14T08:19:58.297+0000] {logging_mixin.py:188} INFO - [2024-06-14T08:19:58.296+0000] {dag.py:3954} INFO - Setting next_dagrun for example_branch_labels to 2024-06-13 00:00:00+00:00, run_after=2024-06-14 00:00:00+00:00
[2024-06-14T08:19:58.311+0000] {processor.py:183} INFO - Processing /home/airflow/.local/lib/python3.12/site-packages/airflow/example_dags/example_branch_labels.py took 0.061 seconds
[2024-06-14T08:20:28.487+0000] {processor.py:161} INFO - Started process (PID=291) to work on /home/airflow/.local/lib/python3.12/site-packages/airflow/example_dags/example_branch_labels.py
[2024-06-14T08:20:28.488+0000] {processor.py:830} INFO - Processing file /home/airflow/.local/lib/python3.12/site-packages/airflow/example_dags/example_branch_labels.py for tasks to queue
[2024-06-14T08:20:28.489+0000] {logging_mixin.py:188} INFO - [2024-06-14T08:20:28.489+0000] {dagbag.py:545} INFO - Filling up the DagBag from /home/airflow/.local/lib/python3.12/site-packages/airflow/example_dags/example_branch_labels.py
[2024-06-14T08:20:28.494+0000] {processor.py:840} INFO - DAG(s) 'example_branch_labels' retrieved from /home/airflow/.local/lib/python3.12/site-packages/airflow/example_dags/example_branch_labels.py
[2024-06-14T08:20:28.511+0000] {logging_mixin.py:188} INFO - [2024-06-14T08:20:28.511+0000] {dag.py:3096} INFO - Sync 1 DAGs
[2024-06-14T08:20:28.526+0000] {logging_mixin.py:188} INFO - [2024-06-14T08:20:28.526+0000] {dag.py:3954} INFO - Setting next_dagrun for example_branch_labels to 2024-06-13 00:00:00+00:00, run_after=2024-06-14 00:00:00+00:00
[2024-06-14T08:20:28.542+0000] {processor.py:183} INFO - Processing /home/airflow/.local/lib/python3.12/site-packages/airflow/example_dags/example_branch_labels.py took 0.060 seconds
[2024-06-14T08:20:58.719+0000] {processor.py:161} INFO - Started process (PID=349) to work on /home/airflow/.local/lib/python3.12/site-packages/airflow/example_dags/example_branch_labels.py
[2024-06-14T08:20:58.720+0000] {processor.py:830} INFO - Processing file /home/airflow/.local/lib/python3.12/site-packages/airflow/example_dags/example_branch_labels.py for tasks to queue
[2024-06-14T08:20:58.721+0000] {logging_mixin.py:188} INFO - [2024-06-14T08:20:58.721+0000] {dagbag.py:545} INFO - Filling up the DagBag from /home/airflow/.local/lib/python3.12/site-packages/airflow/example_dags/example_branch_labels.py
[2024-06-14T08:20:58.726+0000] {processor.py:840} INFO - DAG(s) 'example_branch_labels' retrieved from /home/airflow/.local/lib/python3.12/site-packages/airflow/example_dags/example_branch_labels.py
[2024-06-14T08:20:58.742+0000] {logging_mixin.py:188} INFO - [2024-06-14T08:20:58.742+0000] {dag.py:3096} INFO - Sync 1 DAGs
[2024-06-14T08:20:58.759+0000] {logging_mixin.py:188} INFO - [2024-06-14T08:20:58.759+0000] {dag.py:3954} INFO - Setting next_dagrun for example_branch_labels to 2024-06-13 00:00:00+00:00, run_after=2024-06-14 00:00:00+00:00
[2024-06-14T08:20:58.778+0000] {processor.py:183} INFO - Processing /home/airflow/.local/lib/python3.12/site-packages/airflow/example_dags/example_branch_labels.py took 0.063 seconds
[2024-06-14T08:21:29.099+0000] {processor.py:161} INFO - Started process (PID=407) to work on /home/airflow/.local/lib/python3.12/site-packages/airflow/example_dags/example_branch_labels.py
[2024-06-14T08:21:29.100+0000] {processor.py:830} INFO - Processing file /home/airflow/.local/lib/python3.12/site-packages/airflow/example_dags/example_branch_labels.py for tasks to queue
[2024-06-14T08:21:29.101+0000] {logging_mixin.py:188} INFO - [2024-06-14T08:21:29.101+0000] {dagbag.py:545} INFO - Filling up the DagBag from /home/airflow/.local/lib/python3.12/site-packages/airflow/example_dags/example_branch_labels.py
[2024-06-14T08:21:29.107+0000] {processor.py:840} INFO - DAG(s) 'example_branch_labels' retrieved from /home/airflow/.local/lib/python3.12/site-packages/airflow/example_dags/example_branch_labels.py
[2024-06-14T08:21:29.125+0000] {logging_mixin.py:188} INFO - [2024-06-14T08:21:29.125+0000] {dag.py:3096} INFO - Sync 1 DAGs
[2024-06-14T08:21:29.145+0000] {logging_mixin.py:188} INFO - [2024-06-14T08:21:29.145+0000] {dag.py:3954} INFO - Setting next_dagrun for example_branch_labels to 2024-06-13 00:00:00+00:00, run_after=2024-06-14 00:00:00+00:00
[2024-06-14T08:21:29.162+0000] {processor.py:183} INFO - Processing /home/airflow/.local/lib/python3.12/site-packages/airflow/example_dags/example_branch_labels.py took 0.068 seconds
[2024-06-14T08:21:59.315+0000] {processor.py:161} INFO - Started process (PID=465) to work on /home/airflow/.local/lib/python3.12/site-packages/airflow/example_dags/example_branch_labels.py
[2024-06-14T08:21:59.316+0000] {processor.py:830} INFO - Processing file /home/airflow/.local/lib/python3.12/site-packages/airflow/example_dags/example_branch_labels.py for tasks to queue
[2024-06-14T08:21:59.318+0000] {logging_mixin.py:188} INFO - [2024-06-14T08:21:59.317+0000] {dagbag.py:545} INFO - Filling up the DagBag from /home/airflow/.local/lib/python3.12/site-packages/airflow/example_dags/example_branch_labels.py
[2024-06-14T08:21:59.323+0000] {processor.py:840} INFO - DAG(s) 'example_branch_labels' retrieved from /home/airflow/.local/lib/python3.12/site-packages/airflow/example_dags/example_branch_labels.py
[2024-06-14T08:21:59.339+0000] {logging_mixin.py:188} INFO - [2024-06-14T08:21:59.339+0000] {dag.py:3096} INFO - Sync 1 DAGs
[2024-06-14T08:21:59.356+0000] {logging_mixin.py:188} INFO - [2024-06-14T08:21:59.356+0000] {dag.py:3954} INFO - Setting next_dagrun for example_branch_labels to 2024-06-13 00:00:00+00:00, run_after=2024-06-14 00:00:00+00:00
[2024-06-14T08:21:59.371+0000] {processor.py:183} INFO - Processing /home/airflow/.local/lib/python3.12/site-packages/airflow/example_dags/example_branch_labels.py took 0.061 seconds
[2024-06-14T08:22:29.466+0000] {processor.py:161} INFO - Started process (PID=523) to work on /home/airflow/.local/lib/python3.12/site-packages/airflow/example_dags/example_branch_labels.py
[2024-06-14T08:22:29.467+0000] {processor.py:830} INFO - Processing file /home/airflow/.local/lib/python3.12/site-packages/airflow/example_dags/example_branch_labels.py for tasks to queue
[2024-06-14T08:22:29.468+0000] {logging_mixin.py:188} INFO - [2024-06-14T08:22:29.468+0000] {dagbag.py:545} INFO - Filling up the DagBag from /home/airflow/.local/lib/python3.12/site-packages/airflow/example_dags/example_branch_labels.py
[2024-06-14T08:22:29.474+0000] {processor.py:840} INFO - DAG(s) 'example_branch_labels' retrieved from /home/airflow/.local/lib/python3.12/site-packages/airflow/example_dags/example_branch_labels.py
[2024-06-14T08:22:29.491+0000] {logging_mixin.py:188} INFO - [2024-06-14T08:22:29.490+0000] {dag.py:3096} INFO - Sync 1 DAGs
[2024-06-14T08:22:29.509+0000] {logging_mixin.py:188} INFO - [2024-06-14T08:22:29.509+0000] {dag.py:3954} INFO - Setting next_dagrun for example_branch_labels to 2024-06-13 00:00:00+00:00, run_after=2024-06-14 00:00:00+00:00
[2024-06-14T08:22:29.530+0000] {processor.py:183} INFO - Processing /home/airflow/.local/lib/python3.12/site-packages/airflow/example_dags/example_branch_labels.py took 0.068 seconds
[2024-06-14T08:22:59.782+0000] {processor.py:161} INFO - Started process (PID=581) to work on /home/airflow/.local/lib/python3.12/site-packages/airflow/example_dags/example_branch_labels.py
[2024-06-14T08:22:59.783+0000] {processor.py:830} INFO - Processing file /home/airflow/.local/lib/python3.12/site-packages/airflow/example_dags/example_branch_labels.py for tasks to queue
[2024-06-14T08:22:59.785+0000] {logging_mixin.py:188} INFO - [2024-06-14T08:22:59.785+0000] {dagbag.py:545} INFO - Filling up the DagBag from /home/airflow/.local/lib/python3.12/site-packages/airflow/example_dags/example_branch_labels.py
[2024-06-14T08:22:59.792+0000] {processor.py:840} INFO - DAG(s) 'example_branch_labels' retrieved from /home/airflow/.local/lib/python3.12/site-packages/airflow/example_dags/example_branch_labels.py
[2024-06-14T08:22:59.811+0000] {logging_mixin.py:188} INFO - [2024-06-14T08:22:59.811+0000] {dag.py:3096} INFO - Sync 1 DAGs
[2024-06-14T08:22:59.834+0000] {logging_mixin.py:188} INFO - [2024-06-14T08:22:59.833+0000] {dag.py:3954} INFO - Setting next_dagrun for example_branch_labels to 2024-06-13 00:00:00+00:00, run_after=2024-06-14 00:00:00+00:00
[2024-06-14T08:22:59.854+0000] {processor.py:183} INFO - Processing /home/airflow/.local/lib/python3.12/site-packages/airflow/example_dags/example_branch_labels.py took 0.077 seconds
[2024-06-14T08:23:30.445+0000] {processor.py:161} INFO - Started process (PID=640) to work on /home/airflow/.local/lib/python3.12/site-packages/airflow/example_dags/example_branch_labels.py
[2024-06-14T08:23:30.446+0000] {processor.py:830} INFO - Processing file /home/airflow/.local/lib/python3.12/site-packages/airflow/example_dags/example_branch_labels.py for tasks to queue
[2024-06-14T08:23:30.447+0000] {logging_mixin.py:188} INFO - [2024-06-14T08:23:30.447+0000] {dagbag.py:545} INFO - Filling up the DagBag from /home/airflow/.local/lib/python3.12/site-packages/airflow/example_dags/example_branch_labels.py
[2024-06-14T08:23:30.456+0000] {processor.py:840} INFO - DAG(s) 'example_branch_labels' retrieved from /home/airflow/.local/lib/python3.12/site-packages/airflow/example_dags/example_branch_labels.py
[2024-06-14T08:23:30.476+0000] {logging_mixin.py:188} INFO - [2024-06-14T08:23:30.476+0000] {dag.py:3096} INFO - Sync 1 DAGs
[2024-06-14T08:23:30.498+0000] {logging_mixin.py:188} INFO - [2024-06-14T08:23:30.498+0000] {dag.py:3954} INFO - Setting next_dagrun for example_branch_labels to 2024-06-13 00:00:00+00:00, run_after=2024-06-14 00:00:00+00:00
[2024-06-14T08:23:30.519+0000] {processor.py:183} INFO - Processing /home/airflow/.local/lib/python3.12/site-packages/airflow/example_dags/example_branch_labels.py took 0.079 seconds
[2024-06-14T08:24:00.903+0000] {processor.py:161} INFO - Started process (PID=699) to work on /home/airflow/.local/lib/python3.12/site-packages/airflow/example_dags/example_branch_labels.py
[2024-06-14T08:24:00.904+0000] {processor.py:830} INFO - Processing file /home/airflow/.local/lib/python3.12/site-packages/airflow/example_dags/example_branch_labels.py for tasks to queue
[2024-06-14T08:24:00.905+0000] {logging_mixin.py:188} INFO - [2024-06-14T08:24:00.905+0000] {dagbag.py:545} INFO - Filling up the DagBag from /home/airflow/.local/lib/python3.12/site-packages/airflow/example_dags/example_branch_labels.py
[2024-06-14T08:24:00.911+0000] {processor.py:840} INFO - DAG(s) 'example_branch_labels' retrieved from /home/airflow/.local/lib/python3.12/site-packages/airflow/example_dags/example_branch_labels.py
[2024-06-14T08:24:00.932+0000] {logging_mixin.py:188} INFO - [2024-06-14T08:24:00.932+0000] {dag.py:3096} INFO - Sync 1 DAGs
[2024-06-14T08:24:00.951+0000] {logging_mixin.py:188} INFO - [2024-06-14T08:24:00.951+0000] {dag.py:3954} INFO - Setting next_dagrun for example_branch_labels to 2024-06-13 00:00:00+00:00, run_after=2024-06-14 00:00:00+00:00
[2024-06-14T08:24:00.971+0000] {processor.py:183} INFO - Processing /home/airflow/.local/lib/python3.12/site-packages/airflow/example_dags/example_branch_labels.py took 0.074 seconds
[2024-06-14T08:24:31.364+0000] {processor.py:161} INFO - Started process (PID=758) to work on /home/airflow/.local/lib/python3.12/site-packages/airflow/example_dags/example_branch_labels.py
[2024-06-14T08:24:31.365+0000] {processor.py:830} INFO - Processing file /home/airflow/.local/lib/python3.12/site-packages/airflow/example_dags/example_branch_labels.py for tasks to queue
[2024-06-14T08:24:31.367+0000] {logging_mixin.py:188} INFO - [2024-06-14T08:24:31.366+0000] {dagbag.py:545} INFO - Filling up the DagBag from /home/airflow/.local/lib/python3.12/site-packages/airflow/example_dags/example_branch_labels.py
[2024-06-14T08:24:31.373+0000] {processor.py:840} INFO - DAG(s) 'example_branch_labels' retrieved from /home/airflow/.local/lib/python3.12/site-packages/airflow/example_dags/example_branch_labels.py
[2024-06-14T08:24:31.390+0000] {logging_mixin.py:188} INFO - [2024-06-14T08:24:31.390+0000] {dag.py:3096} INFO - Sync 1 DAGs
[2024-06-14T08:24:31.408+0000] {logging_mixin.py:188} INFO - [2024-06-14T08:24:31.407+0000] {dag.py:3954} INFO - Setting next_dagrun for example_branch_labels to 2024-06-13 00:00:00+00:00, run_after=2024-06-14 00:00:00+00:00
[2024-06-14T08:24:31.423+0000] {processor.py:183} INFO - Processing /home/airflow/.local/lib/python3.12/site-packages/airflow/example_dags/example_branch_labels.py took 0.063 seconds
