[2024-06-14T08:18:27.922+0000] {processor.py:161} INFO - Started process (PID=78) to work on /home/airflow/.local/lib/python3.12/site-packages/airflow/example_dags/example_params_ui_tutorial.py
[2024-06-14T08:18:27.923+0000] {processor.py:830} INFO - Processing file /home/airflow/.local/lib/python3.12/site-packages/airflow/example_dags/example_params_ui_tutorial.py for tasks to queue
[2024-06-14T08:18:27.924+0000] {logging_mixin.py:188} INFO - [2024-06-14T08:18:27.924+0000] {dagbag.py:545} INFO - Filling up the DagBag from /home/airflow/.local/lib/python3.12/site-packages/airflow/example_dags/example_params_ui_tutorial.py
[2024-06-14T08:18:27.941+0000] {processor.py:840} INFO - DAG(s) 'example_params_ui_tutorial' retrieved from /home/airflow/.local/lib/python3.12/site-packages/airflow/example_dags/example_params_ui_tutorial.py
[2024-06-14T08:18:27.964+0000] {logging_mixin.py:188} INFO - [2024-06-14T08:18:27.964+0000] {dag.py:3096} INFO - Sync 1 DAGs
[2024-06-14T08:18:27.994+0000] {logging_mixin.py:188} INFO - [2024-06-14T08:18:27.994+0000] {dag.py:3954} INFO - Setting next_dagrun for example_params_ui_tutorial to None, run_after=None
[2024-06-14T08:18:28.014+0000] {processor.py:183} INFO - Processing /home/airflow/.local/lib/python3.12/site-packages/airflow/example_dags/example_params_ui_tutorial.py took 0.096 seconds
[2024-06-14T08:18:58.818+0000] {processor.py:161} INFO - Started process (PID=136) to work on /home/airflow/.local/lib/python3.12/site-packages/airflow/example_dags/example_params_ui_tutorial.py
[2024-06-14T08:18:58.820+0000] {processor.py:830} INFO - Processing file /home/airflow/.local/lib/python3.12/site-packages/airflow/example_dags/example_params_ui_tutorial.py for tasks to queue
[2024-06-14T08:18:58.821+0000] {logging_mixin.py:188} INFO - [2024-06-14T08:18:58.821+0000] {dagbag.py:545} INFO - Filling up the DagBag from /home/airflow/.local/lib/python3.12/site-packages/airflow/example_dags/example_params_ui_tutorial.py
[2024-06-14T08:18:58.830+0000] {processor.py:840} INFO - DAG(s) 'example_params_ui_tutorial' retrieved from /home/airflow/.local/lib/python3.12/site-packages/airflow/example_dags/example_params_ui_tutorial.py
[2024-06-14T08:18:58.932+0000] {logging_mixin.py:188} INFO - [2024-06-14T08:18:58.932+0000] {dag.py:3096} INFO - Sync 1 DAGs
[2024-06-14T08:18:58.940+0000] {logging_mixin.py:188} INFO - [2024-06-14T08:18:58.939+0000] {dag.py:3954} INFO - Setting next_dagrun for example_params_ui_tutorial to None, run_after=None
[2024-06-14T08:18:58.958+0000] {processor.py:183} INFO - Processing /home/airflow/.local/lib/python3.12/site-packages/airflow/example_dags/example_params_ui_tutorial.py took 0.144 seconds
[2024-06-14T08:19:29.852+0000] {processor.py:161} INFO - Started process (PID=194) to work on /home/airflow/.local/lib/python3.12/site-packages/airflow/example_dags/example_params_ui_tutorial.py
[2024-06-14T08:19:29.853+0000] {processor.py:830} INFO - Processing file /home/airflow/.local/lib/python3.12/site-packages/airflow/example_dags/example_params_ui_tutorial.py for tasks to queue
[2024-06-14T08:19:29.854+0000] {logging_mixin.py:188} INFO - [2024-06-14T08:19:29.854+0000] {dagbag.py:545} INFO - Filling up the DagBag from /home/airflow/.local/lib/python3.12/site-packages/airflow/example_dags/example_params_ui_tutorial.py
[2024-06-14T08:19:29.862+0000] {processor.py:840} INFO - DAG(s) 'example_params_ui_tutorial' retrieved from /home/airflow/.local/lib/python3.12/site-packages/airflow/example_dags/example_params_ui_tutorial.py
[2024-06-14T08:19:29.902+0000] {logging_mixin.py:188} INFO - [2024-06-14T08:19:29.902+0000] {dag.py:3096} INFO - Sync 1 DAGs
[2024-06-14T08:19:29.913+0000] {logging_mixin.py:188} INFO - [2024-06-14T08:19:29.913+0000] {dag.py:3954} INFO - Setting next_dagrun for example_params_ui_tutorial to None, run_after=None
[2024-06-14T08:19:29.930+0000] {processor.py:183} INFO - Processing /home/airflow/.local/lib/python3.12/site-packages/airflow/example_dags/example_params_ui_tutorial.py took 0.082 seconds
[2024-06-14T08:20:00.044+0000] {processor.py:161} INFO - Started process (PID=252) to work on /home/airflow/.local/lib/python3.12/site-packages/airflow/example_dags/example_params_ui_tutorial.py
[2024-06-14T08:20:00.045+0000] {processor.py:830} INFO - Processing file /home/airflow/.local/lib/python3.12/site-packages/airflow/example_dags/example_params_ui_tutorial.py for tasks to queue
[2024-06-14T08:20:00.046+0000] {logging_mixin.py:188} INFO - [2024-06-14T08:20:00.046+0000] {dagbag.py:545} INFO - Filling up the DagBag from /home/airflow/.local/lib/python3.12/site-packages/airflow/example_dags/example_params_ui_tutorial.py
[2024-06-14T08:20:00.058+0000] {processor.py:840} INFO - DAG(s) 'example_params_ui_tutorial' retrieved from /home/airflow/.local/lib/python3.12/site-packages/airflow/example_dags/example_params_ui_tutorial.py
[2024-06-14T08:20:00.102+0000] {logging_mixin.py:188} INFO - [2024-06-14T08:20:00.101+0000] {dag.py:3096} INFO - Sync 1 DAGs
[2024-06-14T08:20:00.112+0000] {logging_mixin.py:188} INFO - [2024-06-14T08:20:00.111+0000] {dag.py:3954} INFO - Setting next_dagrun for example_params_ui_tutorial to None, run_after=None
[2024-06-14T08:20:00.132+0000] {processor.py:183} INFO - Processing /home/airflow/.local/lib/python3.12/site-packages/airflow/example_dags/example_params_ui_tutorial.py took 0.093 seconds
[2024-06-14T08:20:30.226+0000] {processor.py:161} INFO - Started process (PID=310) to work on /home/airflow/.local/lib/python3.12/site-packages/airflow/example_dags/example_params_ui_tutorial.py
[2024-06-14T08:20:30.228+0000] {processor.py:830} INFO - Processing file /home/airflow/.local/lib/python3.12/site-packages/airflow/example_dags/example_params_ui_tutorial.py for tasks to queue
[2024-06-14T08:20:30.229+0000] {logging_mixin.py:188} INFO - [2024-06-14T08:20:30.229+0000] {dagbag.py:545} INFO - Filling up the DagBag from /home/airflow/.local/lib/python3.12/site-packages/airflow/example_dags/example_params_ui_tutorial.py
[2024-06-14T08:20:30.238+0000] {processor.py:840} INFO - DAG(s) 'example_params_ui_tutorial' retrieved from /home/airflow/.local/lib/python3.12/site-packages/airflow/example_dags/example_params_ui_tutorial.py
[2024-06-14T08:20:30.278+0000] {logging_mixin.py:188} INFO - [2024-06-14T08:20:30.278+0000] {dag.py:3096} INFO - Sync 1 DAGs
[2024-06-14T08:20:30.289+0000] {logging_mixin.py:188} INFO - [2024-06-14T08:20:30.289+0000] {dag.py:3954} INFO - Setting next_dagrun for example_params_ui_tutorial to None, run_after=None
[2024-06-14T08:20:30.307+0000] {processor.py:183} INFO - Processing /home/airflow/.local/lib/python3.12/site-packages/airflow/example_dags/example_params_ui_tutorial.py took 0.091 seconds
[2024-06-14T08:21:00.552+0000] {processor.py:161} INFO - Started process (PID=368) to work on /home/airflow/.local/lib/python3.12/site-packages/airflow/example_dags/example_params_ui_tutorial.py
[2024-06-14T08:21:00.553+0000] {processor.py:830} INFO - Processing file /home/airflow/.local/lib/python3.12/site-packages/airflow/example_dags/example_params_ui_tutorial.py for tasks to queue
[2024-06-14T08:21:00.554+0000] {logging_mixin.py:188} INFO - [2024-06-14T08:21:00.554+0000] {dagbag.py:545} INFO - Filling up the DagBag from /home/airflow/.local/lib/python3.12/site-packages/airflow/example_dags/example_params_ui_tutorial.py
[2024-06-14T08:21:00.563+0000] {processor.py:840} INFO - DAG(s) 'example_params_ui_tutorial' retrieved from /home/airflow/.local/lib/python3.12/site-packages/airflow/example_dags/example_params_ui_tutorial.py
[2024-06-14T08:21:00.605+0000] {logging_mixin.py:188} INFO - [2024-06-14T08:21:00.604+0000] {dag.py:3096} INFO - Sync 1 DAGs
[2024-06-14T08:21:00.614+0000] {logging_mixin.py:188} INFO - [2024-06-14T08:21:00.614+0000] {dag.py:3954} INFO - Setting next_dagrun for example_params_ui_tutorial to None, run_after=None
[2024-06-14T08:21:00.631+0000] {processor.py:183} INFO - Processing /home/airflow/.local/lib/python3.12/site-packages/airflow/example_dags/example_params_ui_tutorial.py took 0.083 seconds
[2024-06-14T08:21:30.939+0000] {processor.py:161} INFO - Started process (PID=426) to work on /home/airflow/.local/lib/python3.12/site-packages/airflow/example_dags/example_params_ui_tutorial.py
[2024-06-14T08:21:30.940+0000] {processor.py:830} INFO - Processing file /home/airflow/.local/lib/python3.12/site-packages/airflow/example_dags/example_params_ui_tutorial.py for tasks to queue
[2024-06-14T08:21:30.942+0000] {logging_mixin.py:188} INFO - [2024-06-14T08:21:30.941+0000] {dagbag.py:545} INFO - Filling up the DagBag from /home/airflow/.local/lib/python3.12/site-packages/airflow/example_dags/example_params_ui_tutorial.py
[2024-06-14T08:21:30.951+0000] {processor.py:840} INFO - DAG(s) 'example_params_ui_tutorial' retrieved from /home/airflow/.local/lib/python3.12/site-packages/airflow/example_dags/example_params_ui_tutorial.py
[2024-06-14T08:21:30.991+0000] {logging_mixin.py:188} INFO - [2024-06-14T08:21:30.990+0000] {dag.py:3096} INFO - Sync 1 DAGs
[2024-06-14T08:21:31.000+0000] {logging_mixin.py:188} INFO - [2024-06-14T08:21:31.000+0000] {dag.py:3954} INFO - Setting next_dagrun for example_params_ui_tutorial to None, run_after=None
[2024-06-14T08:21:31.017+0000] {processor.py:183} INFO - Processing /home/airflow/.local/lib/python3.12/site-packages/airflow/example_dags/example_params_ui_tutorial.py took 0.083 seconds
[2024-06-14T08:22:01.121+0000] {processor.py:161} INFO - Started process (PID=484) to work on /home/airflow/.local/lib/python3.12/site-packages/airflow/example_dags/example_params_ui_tutorial.py
[2024-06-14T08:22:01.123+0000] {processor.py:830} INFO - Processing file /home/airflow/.local/lib/python3.12/site-packages/airflow/example_dags/example_params_ui_tutorial.py for tasks to queue
[2024-06-14T08:22:01.124+0000] {logging_mixin.py:188} INFO - [2024-06-14T08:22:01.124+0000] {dagbag.py:545} INFO - Filling up the DagBag from /home/airflow/.local/lib/python3.12/site-packages/airflow/example_dags/example_params_ui_tutorial.py
[2024-06-14T08:22:01.132+0000] {processor.py:840} INFO - DAG(s) 'example_params_ui_tutorial' retrieved from /home/airflow/.local/lib/python3.12/site-packages/airflow/example_dags/example_params_ui_tutorial.py
[2024-06-14T08:22:01.177+0000] {logging_mixin.py:188} INFO - [2024-06-14T08:22:01.176+0000] {dag.py:3096} INFO - Sync 1 DAGs
[2024-06-14T08:22:01.186+0000] {logging_mixin.py:188} INFO - [2024-06-14T08:22:01.186+0000] {dag.py:3954} INFO - Setting next_dagrun for example_params_ui_tutorial to None, run_after=None
[2024-06-14T08:22:01.274+0000] {processor.py:183} INFO - Processing /home/airflow/.local/lib/python3.12/site-packages/airflow/example_dags/example_params_ui_tutorial.py took 0.158 seconds
[2024-06-14T08:22:31.320+0000] {processor.py:161} INFO - Started process (PID=542) to work on /home/airflow/.local/lib/python3.12/site-packages/airflow/example_dags/example_params_ui_tutorial.py
[2024-06-14T08:22:31.321+0000] {processor.py:830} INFO - Processing file /home/airflow/.local/lib/python3.12/site-packages/airflow/example_dags/example_params_ui_tutorial.py for tasks to queue
[2024-06-14T08:22:31.322+0000] {logging_mixin.py:188} INFO - [2024-06-14T08:22:31.322+0000] {dagbag.py:545} INFO - Filling up the DagBag from /home/airflow/.local/lib/python3.12/site-packages/airflow/example_dags/example_params_ui_tutorial.py
[2024-06-14T08:22:31.331+0000] {processor.py:840} INFO - DAG(s) 'example_params_ui_tutorial' retrieved from /home/airflow/.local/lib/python3.12/site-packages/airflow/example_dags/example_params_ui_tutorial.py
[2024-06-14T08:22:31.374+0000] {logging_mixin.py:188} INFO - [2024-06-14T08:22:31.373+0000] {dag.py:3096} INFO - Sync 1 DAGs
[2024-06-14T08:22:31.381+0000] {logging_mixin.py:188} INFO - [2024-06-14T08:22:31.381+0000] {dag.py:3954} INFO - Setting next_dagrun for example_params_ui_tutorial to None, run_after=None
[2024-06-14T08:22:31.399+0000] {processor.py:183} INFO - Processing /home/airflow/.local/lib/python3.12/site-packages/airflow/example_dags/example_params_ui_tutorial.py took 0.083 seconds
[2024-06-14T08:23:01.675+0000] {processor.py:161} INFO - Started process (PID=600) to work on /home/airflow/.local/lib/python3.12/site-packages/airflow/example_dags/example_params_ui_tutorial.py
[2024-06-14T08:23:01.676+0000] {processor.py:830} INFO - Processing file /home/airflow/.local/lib/python3.12/site-packages/airflow/example_dags/example_params_ui_tutorial.py for tasks to queue
[2024-06-14T08:23:01.677+0000] {logging_mixin.py:188} INFO - [2024-06-14T08:23:01.677+0000] {dagbag.py:545} INFO - Filling up the DagBag from /home/airflow/.local/lib/python3.12/site-packages/airflow/example_dags/example_params_ui_tutorial.py
[2024-06-14T08:23:01.687+0000] {processor.py:840} INFO - DAG(s) 'example_params_ui_tutorial' retrieved from /home/airflow/.local/lib/python3.12/site-packages/airflow/example_dags/example_params_ui_tutorial.py
[2024-06-14T08:23:01.731+0000] {logging_mixin.py:188} INFO - [2024-06-14T08:23:01.731+0000] {dag.py:3096} INFO - Sync 1 DAGs
[2024-06-14T08:23:01.741+0000] {logging_mixin.py:188} INFO - [2024-06-14T08:23:01.741+0000] {dag.py:3954} INFO - Setting next_dagrun for example_params_ui_tutorial to None, run_after=None
[2024-06-14T08:23:01.759+0000] {processor.py:183} INFO - Processing /home/airflow/.local/lib/python3.12/site-packages/airflow/example_dags/example_params_ui_tutorial.py took 0.088 seconds
[2024-06-14T08:23:32.403+0000] {processor.py:161} INFO - Started process (PID=659) to work on /home/airflow/.local/lib/python3.12/site-packages/airflow/example_dags/example_params_ui_tutorial.py
[2024-06-14T08:23:32.404+0000] {processor.py:830} INFO - Processing file /home/airflow/.local/lib/python3.12/site-packages/airflow/example_dags/example_params_ui_tutorial.py for tasks to queue
[2024-06-14T08:23:32.405+0000] {logging_mixin.py:188} INFO - [2024-06-14T08:23:32.405+0000] {dagbag.py:545} INFO - Filling up the DagBag from /home/airflow/.local/lib/python3.12/site-packages/airflow/example_dags/example_params_ui_tutorial.py
[2024-06-14T08:23:32.413+0000] {processor.py:840} INFO - DAG(s) 'example_params_ui_tutorial' retrieved from /home/airflow/.local/lib/python3.12/site-packages/airflow/example_dags/example_params_ui_tutorial.py
[2024-06-14T08:23:32.450+0000] {logging_mixin.py:188} INFO - [2024-06-14T08:23:32.450+0000] {dag.py:3096} INFO - Sync 1 DAGs
[2024-06-14T08:23:32.459+0000] {logging_mixin.py:188} INFO - [2024-06-14T08:23:32.458+0000] {dag.py:3954} INFO - Setting next_dagrun for example_params_ui_tutorial to None, run_after=None
[2024-06-14T08:23:32.476+0000] {processor.py:183} INFO - Processing /home/airflow/.local/lib/python3.12/site-packages/airflow/example_dags/example_params_ui_tutorial.py took 0.077 seconds
[2024-06-14T08:24:02.901+0000] {processor.py:161} INFO - Started process (PID=718) to work on /home/airflow/.local/lib/python3.12/site-packages/airflow/example_dags/example_params_ui_tutorial.py
[2024-06-14T08:24:02.902+0000] {processor.py:830} INFO - Processing file /home/airflow/.local/lib/python3.12/site-packages/airflow/example_dags/example_params_ui_tutorial.py for tasks to queue
[2024-06-14T08:24:02.904+0000] {logging_mixin.py:188} INFO - [2024-06-14T08:24:02.904+0000] {dagbag.py:545} INFO - Filling up the DagBag from /home/airflow/.local/lib/python3.12/site-packages/airflow/example_dags/example_params_ui_tutorial.py
[2024-06-14T08:24:02.913+0000] {processor.py:840} INFO - DAG(s) 'example_params_ui_tutorial' retrieved from /home/airflow/.local/lib/python3.12/site-packages/airflow/example_dags/example_params_ui_tutorial.py
[2024-06-14T08:24:02.962+0000] {logging_mixin.py:188} INFO - [2024-06-14T08:24:02.961+0000] {dag.py:3096} INFO - Sync 1 DAGs
[2024-06-14T08:24:02.982+0000] {logging_mixin.py:188} INFO - [2024-06-14T08:24:02.982+0000] {dag.py:3954} INFO - Setting next_dagrun for example_params_ui_tutorial to None, run_after=None
[2024-06-14T08:24:03.004+0000] {processor.py:183} INFO - Processing /home/airflow/.local/lib/python3.12/site-packages/airflow/example_dags/example_params_ui_tutorial.py took 0.108 seconds
[2024-06-14T08:24:33.296+0000] {processor.py:161} INFO - Started process (PID=777) to work on /home/airflow/.local/lib/python3.12/site-packages/airflow/example_dags/example_params_ui_tutorial.py
[2024-06-14T08:24:33.297+0000] {processor.py:830} INFO - Processing file /home/airflow/.local/lib/python3.12/site-packages/airflow/example_dags/example_params_ui_tutorial.py for tasks to queue
[2024-06-14T08:24:33.298+0000] {logging_mixin.py:188} INFO - [2024-06-14T08:24:33.298+0000] {dagbag.py:545} INFO - Filling up the DagBag from /home/airflow/.local/lib/python3.12/site-packages/airflow/example_dags/example_params_ui_tutorial.py
[2024-06-14T08:24:33.307+0000] {processor.py:840} INFO - DAG(s) 'example_params_ui_tutorial' retrieved from /home/airflow/.local/lib/python3.12/site-packages/airflow/example_dags/example_params_ui_tutorial.py
[2024-06-14T08:24:33.354+0000] {logging_mixin.py:188} INFO - [2024-06-14T08:24:33.354+0000] {dag.py:3096} INFO - Sync 1 DAGs
[2024-06-14T08:24:33.364+0000] {logging_mixin.py:188} INFO - [2024-06-14T08:24:33.364+0000] {dag.py:3954} INFO - Setting next_dagrun for example_params_ui_tutorial to None, run_after=None
[2024-06-14T08:24:33.383+0000] {processor.py:183} INFO - Processing /home/airflow/.local/lib/python3.12/site-packages/airflow/example_dags/example_params_ui_tutorial.py took 0.092 seconds
