[2024-06-14T08:18:27.046+0000] {processor.py:161} INFO - Started process (PID=65) to work on /home/airflow/.local/lib/python3.12/site-packages/airflow/example_dags/example_xcomargs.py
[2024-06-14T08:18:27.049+0000] {processor.py:830} INFO - Processing file /home/airflow/.local/lib/python3.12/site-packages/airflow/example_dags/example_xcomargs.py for tasks to queue
[2024-06-14T08:18:27.053+0000] {logging_mixin.py:188} INFO - [2024-06-14T08:18:27.053+0000] {dagbag.py:545} INFO - Filling up the DagBag from /home/airflow/.local/lib/python3.12/site-packages/airflow/example_dags/example_xcomargs.py
[2024-06-14T08:18:27.072+0000] {processor.py:840} INFO - DAG(s) 'example_xcom_args_with_operators', 'example_xcom_args' retrieved from /home/airflow/.local/lib/python3.12/site-packages/airflow/example_dags/example_xcomargs.py
[2024-06-14T08:18:27.088+0000] {logging_mixin.py:188} INFO - [2024-06-14T08:18:27.088+0000] {dag.py:3096} INFO - Sync 2 DAGs
[2024-06-14T08:18:27.108+0000] {logging_mixin.py:188} INFO - [2024-06-14T08:18:27.108+0000] {dag.py:3954} INFO - Setting next_dagrun for example_xcom_args to None, run_after=None
[2024-06-14T08:18:27.112+0000] {logging_mixin.py:188} INFO - [2024-06-14T08:18:27.112+0000] {dag.py:3954} INFO - Setting next_dagrun for example_xcom_args_with_operators to None, run_after=None
[2024-06-14T08:18:27.138+0000] {processor.py:183} INFO - Processing /home/airflow/.local/lib/python3.12/site-packages/airflow/example_dags/example_xcomargs.py took 0.106 seconds
[2024-06-14T08:18:57.859+0000] {processor.py:161} INFO - Started process (PID=123) to work on /home/airflow/.local/lib/python3.12/site-packages/airflow/example_dags/example_xcomargs.py
[2024-06-14T08:18:57.860+0000] {processor.py:830} INFO - Processing file /home/airflow/.local/lib/python3.12/site-packages/airflow/example_dags/example_xcomargs.py for tasks to queue
[2024-06-14T08:18:57.861+0000] {logging_mixin.py:188} INFO - [2024-06-14T08:18:57.861+0000] {dagbag.py:545} INFO - Filling up the DagBag from /home/airflow/.local/lib/python3.12/site-packages/airflow/example_dags/example_xcomargs.py
[2024-06-14T08:18:57.867+0000] {processor.py:840} INFO - DAG(s) 'example_xcom_args', 'example_xcom_args_with_operators' retrieved from /home/airflow/.local/lib/python3.12/site-packages/airflow/example_dags/example_xcomargs.py
[2024-06-14T08:18:57.963+0000] {logging_mixin.py:188} INFO - [2024-06-14T08:18:57.963+0000] {dag.py:3096} INFO - Sync 2 DAGs
[2024-06-14T08:18:57.972+0000] {logging_mixin.py:188} INFO - [2024-06-14T08:18:57.972+0000] {dag.py:3954} INFO - Setting next_dagrun for example_xcom_args to None, run_after=None
[2024-06-14T08:18:57.975+0000] {logging_mixin.py:188} INFO - [2024-06-14T08:18:57.975+0000] {dag.py:3954} INFO - Setting next_dagrun for example_xcom_args_with_operators to None, run_after=None
[2024-06-14T08:18:57.996+0000] {processor.py:183} INFO - Processing /home/airflow/.local/lib/python3.12/site-packages/airflow/example_dags/example_xcomargs.py took 0.142 seconds
[2024-06-14T08:19:28.186+0000] {processor.py:161} INFO - Started process (PID=181) to work on /home/airflow/.local/lib/python3.12/site-packages/airflow/example_dags/example_xcomargs.py
[2024-06-14T08:19:28.187+0000] {processor.py:830} INFO - Processing file /home/airflow/.local/lib/python3.12/site-packages/airflow/example_dags/example_xcomargs.py for tasks to queue
[2024-06-14T08:19:28.188+0000] {logging_mixin.py:188} INFO - [2024-06-14T08:19:28.188+0000] {dagbag.py:545} INFO - Filling up the DagBag from /home/airflow/.local/lib/python3.12/site-packages/airflow/example_dags/example_xcomargs.py
[2024-06-14T08:19:28.194+0000] {processor.py:840} INFO - DAG(s) 'example_xcom_args_with_operators', 'example_xcom_args' retrieved from /home/airflow/.local/lib/python3.12/site-packages/airflow/example_dags/example_xcomargs.py
[2024-06-14T08:19:28.213+0000] {logging_mixin.py:188} INFO - [2024-06-14T08:19:28.213+0000] {dag.py:3096} INFO - Sync 2 DAGs
[2024-06-14T08:19:28.222+0000] {logging_mixin.py:188} INFO - [2024-06-14T08:19:28.222+0000] {dag.py:3954} INFO - Setting next_dagrun for example_xcom_args to None, run_after=None
[2024-06-14T08:19:28.225+0000] {logging_mixin.py:188} INFO - [2024-06-14T08:19:28.225+0000] {dag.py:3954} INFO - Setting next_dagrun for example_xcom_args_with_operators to None, run_after=None
[2024-06-14T08:19:28.239+0000] {processor.py:183} INFO - Processing /home/airflow/.local/lib/python3.12/site-packages/airflow/example_dags/example_xcomargs.py took 0.058 seconds
[2024-06-14T08:19:58.549+0000] {processor.py:161} INFO - Started process (PID=239) to work on /home/airflow/.local/lib/python3.12/site-packages/airflow/example_dags/example_xcomargs.py
[2024-06-14T08:19:58.550+0000] {processor.py:830} INFO - Processing file /home/airflow/.local/lib/python3.12/site-packages/airflow/example_dags/example_xcomargs.py for tasks to queue
[2024-06-14T08:19:58.551+0000] {logging_mixin.py:188} INFO - [2024-06-14T08:19:58.551+0000] {dagbag.py:545} INFO - Filling up the DagBag from /home/airflow/.local/lib/python3.12/site-packages/airflow/example_dags/example_xcomargs.py
[2024-06-14T08:19:58.558+0000] {processor.py:840} INFO - DAG(s) 'example_xcom_args', 'example_xcom_args_with_operators' retrieved from /home/airflow/.local/lib/python3.12/site-packages/airflow/example_dags/example_xcomargs.py
[2024-06-14T08:19:58.577+0000] {logging_mixin.py:188} INFO - [2024-06-14T08:19:58.576+0000] {dag.py:3096} INFO - Sync 2 DAGs
[2024-06-14T08:19:58.587+0000] {logging_mixin.py:188} INFO - [2024-06-14T08:19:58.587+0000] {dag.py:3954} INFO - Setting next_dagrun for example_xcom_args to None, run_after=None
[2024-06-14T08:19:58.590+0000] {logging_mixin.py:188} INFO - [2024-06-14T08:19:58.590+0000] {dag.py:3954} INFO - Setting next_dagrun for example_xcom_args_with_operators to None, run_after=None
[2024-06-14T08:19:58.603+0000] {processor.py:183} INFO - Processing /home/airflow/.local/lib/python3.12/site-packages/airflow/example_dags/example_xcomargs.py took 0.059 seconds
[2024-06-14T08:20:28.763+0000] {processor.py:161} INFO - Started process (PID=297) to work on /home/airflow/.local/lib/python3.12/site-packages/airflow/example_dags/example_xcomargs.py
[2024-06-14T08:20:28.765+0000] {processor.py:830} INFO - Processing file /home/airflow/.local/lib/python3.12/site-packages/airflow/example_dags/example_xcomargs.py for tasks to queue
[2024-06-14T08:20:28.766+0000] {logging_mixin.py:188} INFO - [2024-06-14T08:20:28.765+0000] {dagbag.py:545} INFO - Filling up the DagBag from /home/airflow/.local/lib/python3.12/site-packages/airflow/example_dags/example_xcomargs.py
[2024-06-14T08:20:28.771+0000] {processor.py:840} INFO - DAG(s) 'example_xcom_args_with_operators', 'example_xcom_args' retrieved from /home/airflow/.local/lib/python3.12/site-packages/airflow/example_dags/example_xcomargs.py
[2024-06-14T08:20:28.789+0000] {logging_mixin.py:188} INFO - [2024-06-14T08:20:28.789+0000] {dag.py:3096} INFO - Sync 2 DAGs
[2024-06-14T08:20:28.798+0000] {logging_mixin.py:188} INFO - [2024-06-14T08:20:28.798+0000] {dag.py:3954} INFO - Setting next_dagrun for example_xcom_args to None, run_after=None
[2024-06-14T08:20:28.801+0000] {logging_mixin.py:188} INFO - [2024-06-14T08:20:28.801+0000] {dag.py:3954} INFO - Setting next_dagrun for example_xcom_args_with_operators to None, run_after=None
[2024-06-14T08:20:28.817+0000] {processor.py:183} INFO - Processing /home/airflow/.local/lib/python3.12/site-packages/airflow/example_dags/example_xcomargs.py took 0.058 seconds
[2024-06-14T08:20:59.079+0000] {processor.py:161} INFO - Started process (PID=355) to work on /home/airflow/.local/lib/python3.12/site-packages/airflow/example_dags/example_xcomargs.py
[2024-06-14T08:20:59.081+0000] {processor.py:830} INFO - Processing file /home/airflow/.local/lib/python3.12/site-packages/airflow/example_dags/example_xcomargs.py for tasks to queue
[2024-06-14T08:20:59.082+0000] {logging_mixin.py:188} INFO - [2024-06-14T08:20:59.082+0000] {dagbag.py:545} INFO - Filling up the DagBag from /home/airflow/.local/lib/python3.12/site-packages/airflow/example_dags/example_xcomargs.py
[2024-06-14T08:20:59.087+0000] {processor.py:840} INFO - DAG(s) 'example_xcom_args', 'example_xcom_args_with_operators' retrieved from /home/airflow/.local/lib/python3.12/site-packages/airflow/example_dags/example_xcomargs.py
[2024-06-14T08:20:59.107+0000] {logging_mixin.py:188} INFO - [2024-06-14T08:20:59.106+0000] {dag.py:3096} INFO - Sync 2 DAGs
[2024-06-14T08:20:59.115+0000] {logging_mixin.py:188} INFO - [2024-06-14T08:20:59.115+0000] {dag.py:3954} INFO - Setting next_dagrun for example_xcom_args to None, run_after=None
[2024-06-14T08:20:59.118+0000] {logging_mixin.py:188} INFO - [2024-06-14T08:20:59.118+0000] {dag.py:3954} INFO - Setting next_dagrun for example_xcom_args_with_operators to None, run_after=None
[2024-06-14T08:20:59.133+0000] {processor.py:183} INFO - Processing /home/airflow/.local/lib/python3.12/site-packages/airflow/example_dags/example_xcomargs.py took 0.057 seconds
[2024-06-14T08:21:29.438+0000] {processor.py:161} INFO - Started process (PID=413) to work on /home/airflow/.local/lib/python3.12/site-packages/airflow/example_dags/example_xcomargs.py
[2024-06-14T08:21:29.442+0000] {processor.py:830} INFO - Processing file /home/airflow/.local/lib/python3.12/site-packages/airflow/example_dags/example_xcomargs.py for tasks to queue
[2024-06-14T08:21:29.443+0000] {logging_mixin.py:188} INFO - [2024-06-14T08:21:29.443+0000] {dagbag.py:545} INFO - Filling up the DagBag from /home/airflow/.local/lib/python3.12/site-packages/airflow/example_dags/example_xcomargs.py
[2024-06-14T08:21:29.449+0000] {processor.py:840} INFO - DAG(s) 'example_xcom_args', 'example_xcom_args_with_operators' retrieved from /home/airflow/.local/lib/python3.12/site-packages/airflow/example_dags/example_xcomargs.py
[2024-06-14T08:21:29.471+0000] {logging_mixin.py:188} INFO - [2024-06-14T08:21:29.471+0000] {dag.py:3096} INFO - Sync 2 DAGs
[2024-06-14T08:21:29.481+0000] {logging_mixin.py:188} INFO - [2024-06-14T08:21:29.481+0000] {dag.py:3954} INFO - Setting next_dagrun for example_xcom_args to None, run_after=None
[2024-06-14T08:21:29.484+0000] {logging_mixin.py:188} INFO - [2024-06-14T08:21:29.484+0000] {dag.py:3954} INFO - Setting next_dagrun for example_xcom_args_with_operators to None, run_after=None
[2024-06-14T08:21:29.499+0000] {processor.py:183} INFO - Processing /home/airflow/.local/lib/python3.12/site-packages/airflow/example_dags/example_xcomargs.py took 0.065 seconds
[2024-06-14T08:21:59.595+0000] {processor.py:161} INFO - Started process (PID=471) to work on /home/airflow/.local/lib/python3.12/site-packages/airflow/example_dags/example_xcomargs.py
[2024-06-14T08:21:59.596+0000] {processor.py:830} INFO - Processing file /home/airflow/.local/lib/python3.12/site-packages/airflow/example_dags/example_xcomargs.py for tasks to queue
[2024-06-14T08:21:59.597+0000] {logging_mixin.py:188} INFO - [2024-06-14T08:21:59.597+0000] {dagbag.py:545} INFO - Filling up the DagBag from /home/airflow/.local/lib/python3.12/site-packages/airflow/example_dags/example_xcomargs.py
[2024-06-14T08:21:59.603+0000] {processor.py:840} INFO - DAG(s) 'example_xcom_args', 'example_xcom_args_with_operators' retrieved from /home/airflow/.local/lib/python3.12/site-packages/airflow/example_dags/example_xcomargs.py
[2024-06-14T08:21:59.623+0000] {logging_mixin.py:188} INFO - [2024-06-14T08:21:59.623+0000] {dag.py:3096} INFO - Sync 2 DAGs
[2024-06-14T08:21:59.633+0000] {logging_mixin.py:188} INFO - [2024-06-14T08:21:59.633+0000] {dag.py:3954} INFO - Setting next_dagrun for example_xcom_args to None, run_after=None
[2024-06-14T08:21:59.635+0000] {logging_mixin.py:188} INFO - [2024-06-14T08:21:59.635+0000] {dag.py:3954} INFO - Setting next_dagrun for example_xcom_args_with_operators to None, run_after=None
[2024-06-14T08:21:59.649+0000] {processor.py:183} INFO - Processing /home/airflow/.local/lib/python3.12/site-packages/airflow/example_dags/example_xcomargs.py took 0.058 seconds
[2024-06-14T08:22:29.787+0000] {processor.py:161} INFO - Started process (PID=529) to work on /home/airflow/.local/lib/python3.12/site-packages/airflow/example_dags/example_xcomargs.py
[2024-06-14T08:22:29.788+0000] {processor.py:830} INFO - Processing file /home/airflow/.local/lib/python3.12/site-packages/airflow/example_dags/example_xcomargs.py for tasks to queue
[2024-06-14T08:22:29.789+0000] {logging_mixin.py:188} INFO - [2024-06-14T08:22:29.789+0000] {dagbag.py:545} INFO - Filling up the DagBag from /home/airflow/.local/lib/python3.12/site-packages/airflow/example_dags/example_xcomargs.py
[2024-06-14T08:22:29.795+0000] {processor.py:840} INFO - DAG(s) 'example_xcom_args', 'example_xcom_args_with_operators' retrieved from /home/airflow/.local/lib/python3.12/site-packages/airflow/example_dags/example_xcomargs.py
[2024-06-14T08:22:29.814+0000] {logging_mixin.py:188} INFO - [2024-06-14T08:22:29.814+0000] {dag.py:3096} INFO - Sync 2 DAGs
[2024-06-14T08:22:29.824+0000] {logging_mixin.py:188} INFO - [2024-06-14T08:22:29.823+0000] {dag.py:3954} INFO - Setting next_dagrun for example_xcom_args to None, run_after=None
[2024-06-14T08:22:29.827+0000] {logging_mixin.py:188} INFO - [2024-06-14T08:22:29.826+0000] {dag.py:3954} INFO - Setting next_dagrun for example_xcom_args_with_operators to None, run_after=None
[2024-06-14T08:22:29.841+0000] {processor.py:183} INFO - Processing /home/airflow/.local/lib/python3.12/site-packages/airflow/example_dags/example_xcomargs.py took 0.059 seconds
[2024-06-14T08:23:00.153+0000] {processor.py:161} INFO - Started process (PID=587) to work on /home/airflow/.local/lib/python3.12/site-packages/airflow/example_dags/example_xcomargs.py
[2024-06-14T08:23:00.154+0000] {processor.py:830} INFO - Processing file /home/airflow/.local/lib/python3.12/site-packages/airflow/example_dags/example_xcomargs.py for tasks to queue
[2024-06-14T08:23:00.156+0000] {logging_mixin.py:188} INFO - [2024-06-14T08:23:00.156+0000] {dagbag.py:545} INFO - Filling up the DagBag from /home/airflow/.local/lib/python3.12/site-packages/airflow/example_dags/example_xcomargs.py
[2024-06-14T08:23:00.162+0000] {processor.py:840} INFO - DAG(s) 'example_xcom_args_with_operators', 'example_xcom_args' retrieved from /home/airflow/.local/lib/python3.12/site-packages/airflow/example_dags/example_xcomargs.py
[2024-06-14T08:23:00.183+0000] {logging_mixin.py:188} INFO - [2024-06-14T08:23:00.183+0000] {dag.py:3096} INFO - Sync 2 DAGs
[2024-06-14T08:23:00.195+0000] {logging_mixin.py:188} INFO - [2024-06-14T08:23:00.195+0000] {dag.py:3954} INFO - Setting next_dagrun for example_xcom_args to None, run_after=None
[2024-06-14T08:23:00.198+0000] {logging_mixin.py:188} INFO - [2024-06-14T08:23:00.198+0000] {dag.py:3954} INFO - Setting next_dagrun for example_xcom_args_with_operators to None, run_after=None
[2024-06-14T08:23:00.215+0000] {processor.py:183} INFO - Processing /home/airflow/.local/lib/python3.12/site-packages/airflow/example_dags/example_xcomargs.py took 0.068 seconds
[2024-06-14T08:23:30.814+0000] {processor.py:161} INFO - Started process (PID=646) to work on /home/airflow/.local/lib/python3.12/site-packages/airflow/example_dags/example_xcomargs.py
[2024-06-14T08:23:30.816+0000] {processor.py:830} INFO - Processing file /home/airflow/.local/lib/python3.12/site-packages/airflow/example_dags/example_xcomargs.py for tasks to queue
[2024-06-14T08:23:30.817+0000] {logging_mixin.py:188} INFO - [2024-06-14T08:23:30.817+0000] {dagbag.py:545} INFO - Filling up the DagBag from /home/airflow/.local/lib/python3.12/site-packages/airflow/example_dags/example_xcomargs.py
[2024-06-14T08:23:30.823+0000] {processor.py:840} INFO - DAG(s) 'example_xcom_args', 'example_xcom_args_with_operators' retrieved from /home/airflow/.local/lib/python3.12/site-packages/airflow/example_dags/example_xcomargs.py
[2024-06-14T08:23:30.842+0000] {logging_mixin.py:188} INFO - [2024-06-14T08:23:30.842+0000] {dag.py:3096} INFO - Sync 2 DAGs
[2024-06-14T08:23:30.852+0000] {logging_mixin.py:188} INFO - [2024-06-14T08:23:30.852+0000] {dag.py:3954} INFO - Setting next_dagrun for example_xcom_args to None, run_after=None
[2024-06-14T08:23:30.856+0000] {logging_mixin.py:188} INFO - [2024-06-14T08:23:30.855+0000] {dag.py:3954} INFO - Setting next_dagrun for example_xcom_args_with_operators to None, run_after=None
[2024-06-14T08:23:30.871+0000] {processor.py:183} INFO - Processing /home/airflow/.local/lib/python3.12/site-packages/airflow/example_dags/example_xcomargs.py took 0.062 seconds
[2024-06-14T08:24:01.188+0000] {processor.py:161} INFO - Started process (PID=705) to work on /home/airflow/.local/lib/python3.12/site-packages/airflow/example_dags/example_xcomargs.py
[2024-06-14T08:24:01.189+0000] {processor.py:830} INFO - Processing file /home/airflow/.local/lib/python3.12/site-packages/airflow/example_dags/example_xcomargs.py for tasks to queue
[2024-06-14T08:24:01.191+0000] {logging_mixin.py:188} INFO - [2024-06-14T08:24:01.190+0000] {dagbag.py:545} INFO - Filling up the DagBag from /home/airflow/.local/lib/python3.12/site-packages/airflow/example_dags/example_xcomargs.py
[2024-06-14T08:24:01.197+0000] {processor.py:840} INFO - DAG(s) 'example_xcom_args', 'example_xcom_args_with_operators' retrieved from /home/airflow/.local/lib/python3.12/site-packages/airflow/example_dags/example_xcomargs.py
[2024-06-14T08:24:01.219+0000] {logging_mixin.py:188} INFO - [2024-06-14T08:24:01.219+0000] {dag.py:3096} INFO - Sync 2 DAGs
[2024-06-14T08:24:01.230+0000] {logging_mixin.py:188} INFO - [2024-06-14T08:24:01.230+0000] {dag.py:3954} INFO - Setting next_dagrun for example_xcom_args to None, run_after=None
[2024-06-14T08:24:01.233+0000] {logging_mixin.py:188} INFO - [2024-06-14T08:24:01.233+0000] {dag.py:3954} INFO - Setting next_dagrun for example_xcom_args_with_operators to None, run_after=None
[2024-06-14T08:24:01.251+0000] {processor.py:183} INFO - Processing /home/airflow/.local/lib/python3.12/site-packages/airflow/example_dags/example_xcomargs.py took 0.068 seconds
[2024-06-14T08:24:31.674+0000] {processor.py:161} INFO - Started process (PID=763) to work on /home/airflow/.local/lib/python3.12/site-packages/airflow/example_dags/example_xcomargs.py
[2024-06-14T08:24:31.675+0000] {processor.py:830} INFO - Processing file /home/airflow/.local/lib/python3.12/site-packages/airflow/example_dags/example_xcomargs.py for tasks to queue
[2024-06-14T08:24:31.676+0000] {logging_mixin.py:188} INFO - [2024-06-14T08:24:31.676+0000] {dagbag.py:545} INFO - Filling up the DagBag from /home/airflow/.local/lib/python3.12/site-packages/airflow/example_dags/example_xcomargs.py
[2024-06-14T08:24:31.682+0000] {processor.py:840} INFO - DAG(s) 'example_xcom_args', 'example_xcom_args_with_operators' retrieved from /home/airflow/.local/lib/python3.12/site-packages/airflow/example_dags/example_xcomargs.py
[2024-06-14T08:24:31.703+0000] {logging_mixin.py:188} INFO - [2024-06-14T08:24:31.703+0000] {dag.py:3096} INFO - Sync 2 DAGs
[2024-06-14T08:24:31.713+0000] {logging_mixin.py:188} INFO - [2024-06-14T08:24:31.713+0000] {dag.py:3954} INFO - Setting next_dagrun for example_xcom_args to None, run_after=None
[2024-06-14T08:24:31.716+0000] {logging_mixin.py:188} INFO - [2024-06-14T08:24:31.716+0000] {dag.py:3954} INFO - Setting next_dagrun for example_xcom_args_with_operators to None, run_after=None
[2024-06-14T08:24:31.732+0000] {processor.py:183} INFO - Processing /home/airflow/.local/lib/python3.12/site-packages/airflow/example_dags/example_xcomargs.py took 0.062 seconds
