[2024-06-14T08:18:27.463+0000] {processor.py:161} INFO - Started process (PID=71) to work on /home/airflow/.local/lib/python3.12/site-packages/airflow/example_dags/example_branch_datetime_operator.py
[2024-06-14T08:18:27.464+0000] {processor.py:830} INFO - Processing file /home/airflow/.local/lib/python3.12/site-packages/airflow/example_dags/example_branch_datetime_operator.py for tasks to queue
[2024-06-14T08:18:27.467+0000] {logging_mixin.py:188} INFO - [2024-06-14T08:18:27.467+0000] {dagbag.py:545} INFO - Filling up the DagBag from /home/airflow/.local/lib/python3.12/site-packages/airflow/example_dags/example_branch_datetime_operator.py
[2024-06-14T08:18:27.492+0000] {processor.py:840} INFO - DAG(s) 'example_branch_datetime_operator', 'example_branch_datetime_operator_3', 'example_branch_datetime_operator_2' retrieved from /home/airflow/.local/lib/python3.12/site-packages/airflow/example_dags/example_branch_datetime_operator.py
[2024-06-14T08:18:27.511+0000] {logging_mixin.py:188} INFO - [2024-06-14T08:18:27.510+0000] {dag.py:3096} INFO - Sync 3 DAGs
[2024-06-14T08:18:27.553+0000] {logging_mixin.py:188} INFO - [2024-06-14T08:18:27.553+0000] {dag.py:3954} INFO - Setting next_dagrun for example_branch_datetime_operator to 2024-06-13 00:00:00+00:00, run_after=2024-06-14 00:00:00+00:00
[2024-06-14T08:18:27.559+0000] {logging_mixin.py:188} INFO - [2024-06-14T08:18:27.558+0000] {dag.py:3954} INFO - Setting next_dagrun for example_branch_datetime_operator_2 to 2024-06-13 00:00:00+00:00, run_after=2024-06-14 00:00:00+00:00
[2024-06-14T08:18:27.561+0000] {logging_mixin.py:188} INFO - [2024-06-14T08:18:27.561+0000] {dag.py:3954} INFO - Setting next_dagrun for example_branch_datetime_operator_3 to 2024-06-13 00:00:00+00:00, run_after=2024-06-14 00:00:00+00:00
[2024-06-14T08:18:27.585+0000] {processor.py:183} INFO - Processing /home/airflow/.local/lib/python3.12/site-packages/airflow/example_dags/example_branch_datetime_operator.py took 0.126 seconds
[2024-06-14T08:18:58.308+0000] {processor.py:161} INFO - Started process (PID=129) to work on /home/airflow/.local/lib/python3.12/site-packages/airflow/example_dags/example_branch_datetime_operator.py
[2024-06-14T08:18:58.310+0000] {processor.py:830} INFO - Processing file /home/airflow/.local/lib/python3.12/site-packages/airflow/example_dags/example_branch_datetime_operator.py for tasks to queue
[2024-06-14T08:18:58.311+0000] {logging_mixin.py:188} INFO - [2024-06-14T08:18:58.311+0000] {dagbag.py:545} INFO - Filling up the DagBag from /home/airflow/.local/lib/python3.12/site-packages/airflow/example_dags/example_branch_datetime_operator.py
[2024-06-14T08:18:58.318+0000] {processor.py:840} INFO - DAG(s) 'example_branch_datetime_operator_2', 'example_branch_datetime_operator', 'example_branch_datetime_operator_3' retrieved from /home/airflow/.local/lib/python3.12/site-packages/airflow/example_dags/example_branch_datetime_operator.py
[2024-06-14T08:18:58.416+0000] {logging_mixin.py:188} INFO - [2024-06-14T08:18:58.416+0000] {dag.py:3096} INFO - Sync 3 DAGs
[2024-06-14T08:18:58.433+0000] {logging_mixin.py:188} INFO - [2024-06-14T08:18:58.433+0000] {dag.py:3954} INFO - Setting next_dagrun for example_branch_datetime_operator to 2024-06-13 00:00:00+00:00, run_after=2024-06-14 00:00:00+00:00
[2024-06-14T08:18:58.437+0000] {logging_mixin.py:188} INFO - [2024-06-14T08:18:58.437+0000] {dag.py:3954} INFO - Setting next_dagrun for example_branch_datetime_operator_2 to 2024-06-13 00:00:00+00:00, run_after=2024-06-14 00:00:00+00:00
[2024-06-14T08:18:58.439+0000] {logging_mixin.py:188} INFO - [2024-06-14T08:18:58.439+0000] {dag.py:3954} INFO - Setting next_dagrun for example_branch_datetime_operator_3 to 2024-06-13 00:00:00+00:00, run_after=2024-06-14 00:00:00+00:00
[2024-06-14T08:18:58.456+0000] {processor.py:183} INFO - Processing /home/airflow/.local/lib/python3.12/site-packages/airflow/example_dags/example_branch_datetime_operator.py took 0.152 seconds
[2024-06-14T08:19:28.483+0000] {processor.py:161} INFO - Started process (PID=187) to work on /home/airflow/.local/lib/python3.12/site-packages/airflow/example_dags/example_branch_datetime_operator.py
[2024-06-14T08:19:28.485+0000] {processor.py:830} INFO - Processing file /home/airflow/.local/lib/python3.12/site-packages/airflow/example_dags/example_branch_datetime_operator.py for tasks to queue
[2024-06-14T08:19:28.486+0000] {logging_mixin.py:188} INFO - [2024-06-14T08:19:28.486+0000] {dagbag.py:545} INFO - Filling up the DagBag from /home/airflow/.local/lib/python3.12/site-packages/airflow/example_dags/example_branch_datetime_operator.py
[2024-06-14T08:19:28.493+0000] {processor.py:840} INFO - DAG(s) 'example_branch_datetime_operator_3', 'example_branch_datetime_operator_2', 'example_branch_datetime_operator' retrieved from /home/airflow/.local/lib/python3.12/site-packages/airflow/example_dags/example_branch_datetime_operator.py
[2024-06-14T08:19:28.513+0000] {logging_mixin.py:188} INFO - [2024-06-14T08:19:28.512+0000] {dag.py:3096} INFO - Sync 3 DAGs
[2024-06-14T08:19:28.527+0000] {logging_mixin.py:188} INFO - [2024-06-14T08:19:28.527+0000] {dag.py:3954} INFO - Setting next_dagrun for example_branch_datetime_operator to 2024-06-13 00:00:00+00:00, run_after=2024-06-14 00:00:00+00:00
[2024-06-14T08:19:28.531+0000] {logging_mixin.py:188} INFO - [2024-06-14T08:19:28.530+0000] {dag.py:3954} INFO - Setting next_dagrun for example_branch_datetime_operator_2 to 2024-06-13 00:00:00+00:00, run_after=2024-06-14 00:00:00+00:00
[2024-06-14T08:19:28.532+0000] {logging_mixin.py:188} INFO - [2024-06-14T08:19:28.532+0000] {dag.py:3954} INFO - Setting next_dagrun for example_branch_datetime_operator_3 to 2024-06-13 00:00:00+00:00, run_after=2024-06-14 00:00:00+00:00
[2024-06-14T08:19:28.546+0000] {processor.py:183} INFO - Processing /home/airflow/.local/lib/python3.12/site-packages/airflow/example_dags/example_branch_datetime_operator.py took 0.067 seconds
[2024-06-14T08:19:58.777+0000] {processor.py:161} INFO - Started process (PID=245) to work on /home/airflow/.local/lib/python3.12/site-packages/airflow/example_dags/example_branch_datetime_operator.py
[2024-06-14T08:19:58.778+0000] {processor.py:830} INFO - Processing file /home/airflow/.local/lib/python3.12/site-packages/airflow/example_dags/example_branch_datetime_operator.py for tasks to queue
[2024-06-14T08:19:58.780+0000] {logging_mixin.py:188} INFO - [2024-06-14T08:19:58.780+0000] {dagbag.py:545} INFO - Filling up the DagBag from /home/airflow/.local/lib/python3.12/site-packages/airflow/example_dags/example_branch_datetime_operator.py
[2024-06-14T08:19:58.787+0000] {processor.py:840} INFO - DAG(s) 'example_branch_datetime_operator', 'example_branch_datetime_operator_3', 'example_branch_datetime_operator_2' retrieved from /home/airflow/.local/lib/python3.12/site-packages/airflow/example_dags/example_branch_datetime_operator.py
[2024-06-14T08:19:58.810+0000] {logging_mixin.py:188} INFO - [2024-06-14T08:19:58.810+0000] {dag.py:3096} INFO - Sync 3 DAGs
[2024-06-14T08:19:58.828+0000] {logging_mixin.py:188} INFO - [2024-06-14T08:19:58.828+0000] {dag.py:3954} INFO - Setting next_dagrun for example_branch_datetime_operator to 2024-06-13 00:00:00+00:00, run_after=2024-06-14 00:00:00+00:00
[2024-06-14T08:19:58.832+0000] {logging_mixin.py:188} INFO - [2024-06-14T08:19:58.831+0000] {dag.py:3954} INFO - Setting next_dagrun for example_branch_datetime_operator_2 to 2024-06-13 00:00:00+00:00, run_after=2024-06-14 00:00:00+00:00
[2024-06-14T08:19:58.833+0000] {logging_mixin.py:188} INFO - [2024-06-14T08:19:58.833+0000] {dag.py:3954} INFO - Setting next_dagrun for example_branch_datetime_operator_3 to 2024-06-13 00:00:00+00:00, run_after=2024-06-14 00:00:00+00:00
[2024-06-14T08:19:58.848+0000] {processor.py:183} INFO - Processing /home/airflow/.local/lib/python3.12/site-packages/airflow/example_dags/example_branch_datetime_operator.py took 0.075 seconds
[2024-06-14T08:20:28.982+0000] {processor.py:161} INFO - Started process (PID=303) to work on /home/airflow/.local/lib/python3.12/site-packages/airflow/example_dags/example_branch_datetime_operator.py
[2024-06-14T08:20:28.984+0000] {processor.py:830} INFO - Processing file /home/airflow/.local/lib/python3.12/site-packages/airflow/example_dags/example_branch_datetime_operator.py for tasks to queue
[2024-06-14T08:20:28.985+0000] {logging_mixin.py:188} INFO - [2024-06-14T08:20:28.985+0000] {dagbag.py:545} INFO - Filling up the DagBag from /home/airflow/.local/lib/python3.12/site-packages/airflow/example_dags/example_branch_datetime_operator.py
[2024-06-14T08:20:28.991+0000] {processor.py:840} INFO - DAG(s) 'example_branch_datetime_operator', 'example_branch_datetime_operator_2', 'example_branch_datetime_operator_3' retrieved from /home/airflow/.local/lib/python3.12/site-packages/airflow/example_dags/example_branch_datetime_operator.py
[2024-06-14T08:20:29.012+0000] {logging_mixin.py:188} INFO - [2024-06-14T08:20:29.011+0000] {dag.py:3096} INFO - Sync 3 DAGs
[2024-06-14T08:20:29.028+0000] {logging_mixin.py:188} INFO - [2024-06-14T08:20:29.028+0000] {dag.py:3954} INFO - Setting next_dagrun for example_branch_datetime_operator to 2024-06-13 00:00:00+00:00, run_after=2024-06-14 00:00:00+00:00
[2024-06-14T08:20:29.032+0000] {logging_mixin.py:188} INFO - [2024-06-14T08:20:29.032+0000] {dag.py:3954} INFO - Setting next_dagrun for example_branch_datetime_operator_2 to 2024-06-13 00:00:00+00:00, run_after=2024-06-14 00:00:00+00:00
[2024-06-14T08:20:29.034+0000] {logging_mixin.py:188} INFO - [2024-06-14T08:20:29.034+0000] {dag.py:3954} INFO - Setting next_dagrun for example_branch_datetime_operator_3 to 2024-06-13 00:00:00+00:00, run_after=2024-06-14 00:00:00+00:00
[2024-06-14T08:20:29.045+0000] {processor.py:183} INFO - Processing /home/airflow/.local/lib/python3.12/site-packages/airflow/example_dags/example_branch_datetime_operator.py took 0.067 seconds
[2024-06-14T08:20:59.298+0000] {processor.py:161} INFO - Started process (PID=361) to work on /home/airflow/.local/lib/python3.12/site-packages/airflow/example_dags/example_branch_datetime_operator.py
[2024-06-14T08:20:59.299+0000] {processor.py:830} INFO - Processing file /home/airflow/.local/lib/python3.12/site-packages/airflow/example_dags/example_branch_datetime_operator.py for tasks to queue
[2024-06-14T08:20:59.300+0000] {logging_mixin.py:188} INFO - [2024-06-14T08:20:59.300+0000] {dagbag.py:545} INFO - Filling up the DagBag from /home/airflow/.local/lib/python3.12/site-packages/airflow/example_dags/example_branch_datetime_operator.py
[2024-06-14T08:20:59.307+0000] {processor.py:840} INFO - DAG(s) 'example_branch_datetime_operator', 'example_branch_datetime_operator_2', 'example_branch_datetime_operator_3' retrieved from /home/airflow/.local/lib/python3.12/site-packages/airflow/example_dags/example_branch_datetime_operator.py
[2024-06-14T08:20:59.329+0000] {logging_mixin.py:188} INFO - [2024-06-14T08:20:59.329+0000] {dag.py:3096} INFO - Sync 3 DAGs
[2024-06-14T08:20:59.344+0000] {logging_mixin.py:188} INFO - [2024-06-14T08:20:59.344+0000] {dag.py:3954} INFO - Setting next_dagrun for example_branch_datetime_operator to 2024-06-13 00:00:00+00:00, run_after=2024-06-14 00:00:00+00:00
[2024-06-14T08:20:59.348+0000] {logging_mixin.py:188} INFO - [2024-06-14T08:20:59.348+0000] {dag.py:3954} INFO - Setting next_dagrun for example_branch_datetime_operator_2 to 2024-06-13 00:00:00+00:00, run_after=2024-06-14 00:00:00+00:00
[2024-06-14T08:20:59.350+0000] {logging_mixin.py:188} INFO - [2024-06-14T08:20:59.350+0000] {dag.py:3954} INFO - Setting next_dagrun for example_branch_datetime_operator_3 to 2024-06-13 00:00:00+00:00, run_after=2024-06-14 00:00:00+00:00
[2024-06-14T08:20:59.365+0000] {processor.py:183} INFO - Processing /home/airflow/.local/lib/python3.12/site-packages/airflow/example_dags/example_branch_datetime_operator.py took 0.071 seconds
[2024-06-14T08:21:29.679+0000] {processor.py:161} INFO - Started process (PID=419) to work on /home/airflow/.local/lib/python3.12/site-packages/airflow/example_dags/example_branch_datetime_operator.py
[2024-06-14T08:21:29.680+0000] {processor.py:830} INFO - Processing file /home/airflow/.local/lib/python3.12/site-packages/airflow/example_dags/example_branch_datetime_operator.py for tasks to queue
[2024-06-14T08:21:29.681+0000] {logging_mixin.py:188} INFO - [2024-06-14T08:21:29.681+0000] {dagbag.py:545} INFO - Filling up the DagBag from /home/airflow/.local/lib/python3.12/site-packages/airflow/example_dags/example_branch_datetime_operator.py
[2024-06-14T08:21:29.689+0000] {processor.py:840} INFO - DAG(s) 'example_branch_datetime_operator', 'example_branch_datetime_operator_2', 'example_branch_datetime_operator_3' retrieved from /home/airflow/.local/lib/python3.12/site-packages/airflow/example_dags/example_branch_datetime_operator.py
[2024-06-14T08:21:29.713+0000] {logging_mixin.py:188} INFO - [2024-06-14T08:21:29.713+0000] {dag.py:3096} INFO - Sync 3 DAGs
[2024-06-14T08:21:29.731+0000] {logging_mixin.py:188} INFO - [2024-06-14T08:21:29.731+0000] {dag.py:3954} INFO - Setting next_dagrun for example_branch_datetime_operator to 2024-06-13 00:00:00+00:00, run_after=2024-06-14 00:00:00+00:00
[2024-06-14T08:21:29.735+0000] {logging_mixin.py:188} INFO - [2024-06-14T08:21:29.735+0000] {dag.py:3954} INFO - Setting next_dagrun for example_branch_datetime_operator_2 to 2024-06-13 00:00:00+00:00, run_after=2024-06-14 00:00:00+00:00
[2024-06-14T08:21:29.737+0000] {logging_mixin.py:188} INFO - [2024-06-14T08:21:29.737+0000] {dag.py:3954} INFO - Setting next_dagrun for example_branch_datetime_operator_3 to 2024-06-13 00:00:00+00:00, run_after=2024-06-14 00:00:00+00:00
[2024-06-14T08:21:29.751+0000] {processor.py:183} INFO - Processing /home/airflow/.local/lib/python3.12/site-packages/airflow/example_dags/example_branch_datetime_operator.py took 0.077 seconds
[2024-06-14T08:21:59.873+0000] {processor.py:161} INFO - Started process (PID=477) to work on /home/airflow/.local/lib/python3.12/site-packages/airflow/example_dags/example_branch_datetime_operator.py
[2024-06-14T08:21:59.874+0000] {processor.py:830} INFO - Processing file /home/airflow/.local/lib/python3.12/site-packages/airflow/example_dags/example_branch_datetime_operator.py for tasks to queue
[2024-06-14T08:21:59.875+0000] {logging_mixin.py:188} INFO - [2024-06-14T08:21:59.875+0000] {dagbag.py:545} INFO - Filling up the DagBag from /home/airflow/.local/lib/python3.12/site-packages/airflow/example_dags/example_branch_datetime_operator.py
[2024-06-14T08:21:59.882+0000] {processor.py:840} INFO - DAG(s) 'example_branch_datetime_operator_2', 'example_branch_datetime_operator_3', 'example_branch_datetime_operator' retrieved from /home/airflow/.local/lib/python3.12/site-packages/airflow/example_dags/example_branch_datetime_operator.py
[2024-06-14T08:21:59.903+0000] {logging_mixin.py:188} INFO - [2024-06-14T08:21:59.903+0000] {dag.py:3096} INFO - Sync 3 DAGs
[2024-06-14T08:21:59.921+0000] {logging_mixin.py:188} INFO - [2024-06-14T08:21:59.920+0000] {dag.py:3954} INFO - Setting next_dagrun for example_branch_datetime_operator to 2024-06-13 00:00:00+00:00, run_after=2024-06-14 00:00:00+00:00
[2024-06-14T08:21:59.924+0000] {logging_mixin.py:188} INFO - [2024-06-14T08:21:59.924+0000] {dag.py:3954} INFO - Setting next_dagrun for example_branch_datetime_operator_2 to 2024-06-13 00:00:00+00:00, run_after=2024-06-14 00:00:00+00:00
[2024-06-14T08:21:59.926+0000] {logging_mixin.py:188} INFO - [2024-06-14T08:21:59.926+0000] {dag.py:3954} INFO - Setting next_dagrun for example_branch_datetime_operator_3 to 2024-06-13 00:00:00+00:00, run_after=2024-06-14 00:00:00+00:00
[2024-06-14T08:21:59.941+0000] {processor.py:183} INFO - Processing /home/airflow/.local/lib/python3.12/site-packages/airflow/example_dags/example_branch_datetime_operator.py took 0.072 seconds
[2024-06-14T08:22:30.018+0000] {processor.py:161} INFO - Started process (PID=535) to work on /home/airflow/.local/lib/python3.12/site-packages/airflow/example_dags/example_branch_datetime_operator.py
[2024-06-14T08:22:30.019+0000] {processor.py:830} INFO - Processing file /home/airflow/.local/lib/python3.12/site-packages/airflow/example_dags/example_branch_datetime_operator.py for tasks to queue
[2024-06-14T08:22:30.020+0000] {logging_mixin.py:188} INFO - [2024-06-14T08:22:30.020+0000] {dagbag.py:545} INFO - Filling up the DagBag from /home/airflow/.local/lib/python3.12/site-packages/airflow/example_dags/example_branch_datetime_operator.py
[2024-06-14T08:22:30.027+0000] {processor.py:840} INFO - DAG(s) 'example_branch_datetime_operator', 'example_branch_datetime_operator_2', 'example_branch_datetime_operator_3' retrieved from /home/airflow/.local/lib/python3.12/site-packages/airflow/example_dags/example_branch_datetime_operator.py
[2024-06-14T08:22:30.049+0000] {logging_mixin.py:188} INFO - [2024-06-14T08:22:30.049+0000] {dag.py:3096} INFO - Sync 3 DAGs
[2024-06-14T08:22:30.065+0000] {logging_mixin.py:188} INFO - [2024-06-14T08:22:30.065+0000] {dag.py:3954} INFO - Setting next_dagrun for example_branch_datetime_operator to 2024-06-13 00:00:00+00:00, run_after=2024-06-14 00:00:00+00:00
[2024-06-14T08:22:30.069+0000] {logging_mixin.py:188} INFO - [2024-06-14T08:22:30.069+0000] {dag.py:3954} INFO - Setting next_dagrun for example_branch_datetime_operator_2 to 2024-06-13 00:00:00+00:00, run_after=2024-06-14 00:00:00+00:00
[2024-06-14T08:22:30.071+0000] {logging_mixin.py:188} INFO - [2024-06-14T08:22:30.071+0000] {dag.py:3954} INFO - Setting next_dagrun for example_branch_datetime_operator_3 to 2024-06-13 00:00:00+00:00, run_after=2024-06-14 00:00:00+00:00
[2024-06-14T08:22:30.087+0000] {processor.py:183} INFO - Processing /home/airflow/.local/lib/python3.12/site-packages/airflow/example_dags/example_branch_datetime_operator.py took 0.074 seconds
[2024-06-14T08:23:00.402+0000] {processor.py:161} INFO - Started process (PID=593) to work on /home/airflow/.local/lib/python3.12/site-packages/airflow/example_dags/example_branch_datetime_operator.py
[2024-06-14T08:23:00.403+0000] {processor.py:830} INFO - Processing file /home/airflow/.local/lib/python3.12/site-packages/airflow/example_dags/example_branch_datetime_operator.py for tasks to queue
[2024-06-14T08:23:00.405+0000] {logging_mixin.py:188} INFO - [2024-06-14T08:23:00.404+0000] {dagbag.py:545} INFO - Filling up the DagBag from /home/airflow/.local/lib/python3.12/site-packages/airflow/example_dags/example_branch_datetime_operator.py
[2024-06-14T08:23:00.412+0000] {processor.py:840} INFO - DAG(s) 'example_branch_datetime_operator_3', 'example_branch_datetime_operator_2', 'example_branch_datetime_operator' retrieved from /home/airflow/.local/lib/python3.12/site-packages/airflow/example_dags/example_branch_datetime_operator.py
[2024-06-14T08:23:00.433+0000] {logging_mixin.py:188} INFO - [2024-06-14T08:23:00.433+0000] {dag.py:3096} INFO - Sync 3 DAGs
[2024-06-14T08:23:00.451+0000] {logging_mixin.py:188} INFO - [2024-06-14T08:23:00.451+0000] {dag.py:3954} INFO - Setting next_dagrun for example_branch_datetime_operator to 2024-06-13 00:00:00+00:00, run_after=2024-06-14 00:00:00+00:00
[2024-06-14T08:23:00.455+0000] {logging_mixin.py:188} INFO - [2024-06-14T08:23:00.455+0000] {dag.py:3954} INFO - Setting next_dagrun for example_branch_datetime_operator_2 to 2024-06-13 00:00:00+00:00, run_after=2024-06-14 00:00:00+00:00
[2024-06-14T08:23:00.457+0000] {logging_mixin.py:188} INFO - [2024-06-14T08:23:00.457+0000] {dag.py:3954} INFO - Setting next_dagrun for example_branch_datetime_operator_3 to 2024-06-13 00:00:00+00:00, run_after=2024-06-14 00:00:00+00:00
[2024-06-14T08:23:00.473+0000] {processor.py:183} INFO - Processing /home/airflow/.local/lib/python3.12/site-packages/airflow/example_dags/example_branch_datetime_operator.py took 0.076 seconds
[2024-06-14T08:23:31.143+0000] {processor.py:161} INFO - Started process (PID=652) to work on /home/airflow/.local/lib/python3.12/site-packages/airflow/example_dags/example_branch_datetime_operator.py
[2024-06-14T08:23:31.144+0000] {processor.py:830} INFO - Processing file /home/airflow/.local/lib/python3.12/site-packages/airflow/example_dags/example_branch_datetime_operator.py for tasks to queue
[2024-06-14T08:23:31.146+0000] {logging_mixin.py:188} INFO - [2024-06-14T08:23:31.145+0000] {dagbag.py:545} INFO - Filling up the DagBag from /home/airflow/.local/lib/python3.12/site-packages/airflow/example_dags/example_branch_datetime_operator.py
[2024-06-14T08:23:31.154+0000] {processor.py:840} INFO - DAG(s) 'example_branch_datetime_operator_2', 'example_branch_datetime_operator_3', 'example_branch_datetime_operator' retrieved from /home/airflow/.local/lib/python3.12/site-packages/airflow/example_dags/example_branch_datetime_operator.py
[2024-06-14T08:23:31.186+0000] {logging_mixin.py:188} INFO - [2024-06-14T08:23:31.186+0000] {dag.py:3096} INFO - Sync 3 DAGs
[2024-06-14T08:23:31.204+0000] {logging_mixin.py:188} INFO - [2024-06-14T08:23:31.204+0000] {dag.py:3954} INFO - Setting next_dagrun for example_branch_datetime_operator to 2024-06-13 00:00:00+00:00, run_after=2024-06-14 00:00:00+00:00
[2024-06-14T08:23:31.208+0000] {logging_mixin.py:188} INFO - [2024-06-14T08:23:31.208+0000] {dag.py:3954} INFO - Setting next_dagrun for example_branch_datetime_operator_2 to 2024-06-13 00:00:00+00:00, run_after=2024-06-14 00:00:00+00:00
[2024-06-14T08:23:31.210+0000] {logging_mixin.py:188} INFO - [2024-06-14T08:23:31.210+0000] {dag.py:3954} INFO - Setting next_dagrun for example_branch_datetime_operator_3 to 2024-06-13 00:00:00+00:00, run_after=2024-06-14 00:00:00+00:00
[2024-06-14T08:23:31.223+0000] {processor.py:183} INFO - Processing /home/airflow/.local/lib/python3.12/site-packages/airflow/example_dags/example_branch_datetime_operator.py took 0.085 seconds
[2024-06-14T08:24:01.616+0000] {processor.py:161} INFO - Started process (PID=711) to work on /home/airflow/.local/lib/python3.12/site-packages/airflow/example_dags/example_branch_datetime_operator.py
[2024-06-14T08:24:01.617+0000] {processor.py:830} INFO - Processing file /home/airflow/.local/lib/python3.12/site-packages/airflow/example_dags/example_branch_datetime_operator.py for tasks to queue
[2024-06-14T08:24:01.619+0000] {logging_mixin.py:188} INFO - [2024-06-14T08:24:01.619+0000] {dagbag.py:545} INFO - Filling up the DagBag from /home/airflow/.local/lib/python3.12/site-packages/airflow/example_dags/example_branch_datetime_operator.py
[2024-06-14T08:24:01.627+0000] {processor.py:840} INFO - DAG(s) 'example_branch_datetime_operator_3', 'example_branch_datetime_operator_2', 'example_branch_datetime_operator' retrieved from /home/airflow/.local/lib/python3.12/site-packages/airflow/example_dags/example_branch_datetime_operator.py
[2024-06-14T08:24:01.652+0000] {logging_mixin.py:188} INFO - [2024-06-14T08:24:01.652+0000] {dag.py:3096} INFO - Sync 3 DAGs
[2024-06-14T08:24:01.671+0000] {logging_mixin.py:188} INFO - [2024-06-14T08:24:01.671+0000] {dag.py:3954} INFO - Setting next_dagrun for example_branch_datetime_operator to 2024-06-13 00:00:00+00:00, run_after=2024-06-14 00:00:00+00:00
[2024-06-14T08:24:01.675+0000] {logging_mixin.py:188} INFO - [2024-06-14T08:24:01.675+0000] {dag.py:3954} INFO - Setting next_dagrun for example_branch_datetime_operator_2 to 2024-06-13 00:00:00+00:00, run_after=2024-06-14 00:00:00+00:00
[2024-06-14T08:24:01.677+0000] {logging_mixin.py:188} INFO - [2024-06-14T08:24:01.677+0000] {dag.py:3954} INFO - Setting next_dagrun for example_branch_datetime_operator_3 to 2024-06-13 00:00:00+00:00, run_after=2024-06-14 00:00:00+00:00
[2024-06-14T08:24:01.695+0000] {processor.py:183} INFO - Processing /home/airflow/.local/lib/python3.12/site-packages/airflow/example_dags/example_branch_datetime_operator.py took 0.083 seconds
[2024-06-14T08:24:32.007+0000] {processor.py:161} INFO - Started process (PID=770) to work on /home/airflow/.local/lib/python3.12/site-packages/airflow/example_dags/example_branch_datetime_operator.py
[2024-06-14T08:24:32.008+0000] {processor.py:830} INFO - Processing file /home/airflow/.local/lib/python3.12/site-packages/airflow/example_dags/example_branch_datetime_operator.py for tasks to queue
[2024-06-14T08:24:32.009+0000] {logging_mixin.py:188} INFO - [2024-06-14T08:24:32.009+0000] {dagbag.py:545} INFO - Filling up the DagBag from /home/airflow/.local/lib/python3.12/site-packages/airflow/example_dags/example_branch_datetime_operator.py
[2024-06-14T08:24:32.017+0000] {processor.py:840} INFO - DAG(s) 'example_branch_datetime_operator_3', 'example_branch_datetime_operator_2', 'example_branch_datetime_operator' retrieved from /home/airflow/.local/lib/python3.12/site-packages/airflow/example_dags/example_branch_datetime_operator.py
[2024-06-14T08:24:32.042+0000] {logging_mixin.py:188} INFO - [2024-06-14T08:24:32.042+0000] {dag.py:3096} INFO - Sync 3 DAGs
[2024-06-14T08:24:32.065+0000] {logging_mixin.py:188} INFO - [2024-06-14T08:24:32.064+0000] {dag.py:3954} INFO - Setting next_dagrun for example_branch_datetime_operator to 2024-06-13 00:00:00+00:00, run_after=2024-06-14 00:00:00+00:00
[2024-06-14T08:24:32.071+0000] {logging_mixin.py:188} INFO - [2024-06-14T08:24:32.071+0000] {dag.py:3954} INFO - Setting next_dagrun for example_branch_datetime_operator_2 to 2024-06-13 00:00:00+00:00, run_after=2024-06-14 00:00:00+00:00
[2024-06-14T08:24:32.073+0000] {logging_mixin.py:188} INFO - [2024-06-14T08:24:32.073+0000] {dag.py:3954} INFO - Setting next_dagrun for example_branch_datetime_operator_3 to 2024-06-13 00:00:00+00:00, run_after=2024-06-14 00:00:00+00:00
[2024-06-14T08:24:32.091+0000] {processor.py:183} INFO - Processing /home/airflow/.local/lib/python3.12/site-packages/airflow/example_dags/example_branch_datetime_operator.py took 0.088 seconds
