[2024-06-14T08:18:25.132+0000] {processor.py:161} INFO - Started process (PID=46) to work on /home/airflow/.local/lib/python3.12/site-packages/airflow/example_dags/tutorial.py
[2024-06-14T08:18:25.133+0000] {processor.py:830} INFO - Processing file /home/airflow/.local/lib/python3.12/site-packages/airflow/example_dags/tutorial.py for tasks to queue
[2024-06-14T08:18:25.134+0000] {logging_mixin.py:188} INFO - [2024-06-14T08:18:25.134+0000] {dagbag.py:545} INFO - Filling up the DagBag from /home/airflow/.local/lib/python3.12/site-packages/airflow/example_dags/tutorial.py
[2024-06-14T08:18:25.148+0000] {processor.py:840} INFO - DAG(s) 'tutorial' retrieved from /home/airflow/.local/lib/python3.12/site-packages/airflow/example_dags/tutorial.py
[2024-06-14T08:18:25.173+0000] {logging_mixin.py:188} INFO - [2024-06-14T08:18:25.173+0000] {dag.py:3096} INFO - Sync 1 DAGs
[2024-06-14T08:18:25.233+0000] {logging_mixin.py:188} INFO - [2024-06-14T08:18:25.233+0000] {dag.py:3954} INFO - Setting next_dagrun for tutorial to 2024-06-13 00:00:00+00:00, run_after=2024-06-14 00:00:00+00:00
[2024-06-14T08:18:25.267+0000] {processor.py:183} INFO - Processing /home/airflow/.local/lib/python3.12/site-packages/airflow/example_dags/tutorial.py took 0.139 seconds
[2024-06-14T08:18:55.323+0000] {processor.py:161} INFO - Started process (PID=104) to work on /home/airflow/.local/lib/python3.12/site-packages/airflow/example_dags/tutorial.py
[2024-06-14T08:18:55.324+0000] {processor.py:830} INFO - Processing file /home/airflow/.local/lib/python3.12/site-packages/airflow/example_dags/tutorial.py for tasks to queue
[2024-06-14T08:18:55.325+0000] {logging_mixin.py:188} INFO - [2024-06-14T08:18:55.325+0000] {dagbag.py:545} INFO - Filling up the DagBag from /home/airflow/.local/lib/python3.12/site-packages/airflow/example_dags/tutorial.py
[2024-06-14T08:18:55.329+0000] {processor.py:840} INFO - DAG(s) 'tutorial' retrieved from /home/airflow/.local/lib/python3.12/site-packages/airflow/example_dags/tutorial.py
[2024-06-14T08:18:55.404+0000] {logging_mixin.py:188} INFO - [2024-06-14T08:18:55.404+0000] {dag.py:3096} INFO - Sync 1 DAGs
[2024-06-14T08:18:55.417+0000] {logging_mixin.py:188} INFO - [2024-06-14T08:18:55.417+0000] {dag.py:3954} INFO - Setting next_dagrun for tutorial to 2024-06-13 00:00:00+00:00, run_after=2024-06-14 00:00:00+00:00
[2024-06-14T08:18:55.434+0000] {processor.py:183} INFO - Processing /home/airflow/.local/lib/python3.12/site-packages/airflow/example_dags/tutorial.py took 0.115 seconds
[2024-06-14T08:19:26.261+0000] {processor.py:161} INFO - Started process (PID=162) to work on /home/airflow/.local/lib/python3.12/site-packages/airflow/example_dags/tutorial.py
[2024-06-14T08:19:26.262+0000] {processor.py:830} INFO - Processing file /home/airflow/.local/lib/python3.12/site-packages/airflow/example_dags/tutorial.py for tasks to queue
[2024-06-14T08:19:26.263+0000] {logging_mixin.py:188} INFO - [2024-06-14T08:19:26.263+0000] {dagbag.py:545} INFO - Filling up the DagBag from /home/airflow/.local/lib/python3.12/site-packages/airflow/example_dags/tutorial.py
[2024-06-14T08:19:26.267+0000] {processor.py:840} INFO - DAG(s) 'tutorial' retrieved from /home/airflow/.local/lib/python3.12/site-packages/airflow/example_dags/tutorial.py
[2024-06-14T08:19:26.284+0000] {logging_mixin.py:188} INFO - [2024-06-14T08:19:26.284+0000] {dag.py:3096} INFO - Sync 1 DAGs
[2024-06-14T08:19:26.301+0000] {logging_mixin.py:188} INFO - [2024-06-14T08:19:26.301+0000] {dag.py:3954} INFO - Setting next_dagrun for tutorial to 2024-06-13 00:00:00+00:00, run_after=2024-06-14 00:00:00+00:00
[2024-06-14T08:19:26.319+0000] {processor.py:183} INFO - Processing /home/airflow/.local/lib/python3.12/site-packages/airflow/example_dags/tutorial.py took 0.063 seconds
[2024-06-14T08:19:56.667+0000] {processor.py:161} INFO - Started process (PID=220) to work on /home/airflow/.local/lib/python3.12/site-packages/airflow/example_dags/tutorial.py
[2024-06-14T08:19:56.668+0000] {processor.py:830} INFO - Processing file /home/airflow/.local/lib/python3.12/site-packages/airflow/example_dags/tutorial.py for tasks to queue
[2024-06-14T08:19:56.669+0000] {logging_mixin.py:188} INFO - [2024-06-14T08:19:56.669+0000] {dagbag.py:545} INFO - Filling up the DagBag from /home/airflow/.local/lib/python3.12/site-packages/airflow/example_dags/tutorial.py
[2024-06-14T08:19:56.673+0000] {processor.py:840} INFO - DAG(s) 'tutorial' retrieved from /home/airflow/.local/lib/python3.12/site-packages/airflow/example_dags/tutorial.py
[2024-06-14T08:19:56.690+0000] {logging_mixin.py:188} INFO - [2024-06-14T08:19:56.690+0000] {dag.py:3096} INFO - Sync 1 DAGs
[2024-06-14T08:19:56.704+0000] {logging_mixin.py:188} INFO - [2024-06-14T08:19:56.704+0000] {dag.py:3954} INFO - Setting next_dagrun for tutorial to 2024-06-13 00:00:00+00:00, run_after=2024-06-14 00:00:00+00:00
[2024-06-14T08:19:56.721+0000] {processor.py:183} INFO - Processing /home/airflow/.local/lib/python3.12/site-packages/airflow/example_dags/tutorial.py took 0.058 seconds
[2024-06-14T08:20:26.984+0000] {processor.py:161} INFO - Started process (PID=278) to work on /home/airflow/.local/lib/python3.12/site-packages/airflow/example_dags/tutorial.py
[2024-06-14T08:20:26.986+0000] {processor.py:830} INFO - Processing file /home/airflow/.local/lib/python3.12/site-packages/airflow/example_dags/tutorial.py for tasks to queue
[2024-06-14T08:20:26.987+0000] {logging_mixin.py:188} INFO - [2024-06-14T08:20:26.987+0000] {dagbag.py:545} INFO - Filling up the DagBag from /home/airflow/.local/lib/python3.12/site-packages/airflow/example_dags/tutorial.py
[2024-06-14T08:20:26.991+0000] {processor.py:840} INFO - DAG(s) 'tutorial' retrieved from /home/airflow/.local/lib/python3.12/site-packages/airflow/example_dags/tutorial.py
[2024-06-14T08:20:27.007+0000] {logging_mixin.py:188} INFO - [2024-06-14T08:20:27.007+0000] {dag.py:3096} INFO - Sync 1 DAGs
[2024-06-14T08:20:27.024+0000] {logging_mixin.py:188} INFO - [2024-06-14T08:20:27.023+0000] {dag.py:3954} INFO - Setting next_dagrun for tutorial to 2024-06-13 00:00:00+00:00, run_after=2024-06-14 00:00:00+00:00
[2024-06-14T08:20:27.038+0000] {processor.py:183} INFO - Processing /home/airflow/.local/lib/python3.12/site-packages/airflow/example_dags/tutorial.py took 0.058 seconds
[2024-06-14T08:20:57.105+0000] {processor.py:161} INFO - Started process (PID=336) to work on /home/airflow/.local/lib/python3.12/site-packages/airflow/example_dags/tutorial.py
[2024-06-14T08:20:57.106+0000] {processor.py:830} INFO - Processing file /home/airflow/.local/lib/python3.12/site-packages/airflow/example_dags/tutorial.py for tasks to queue
[2024-06-14T08:20:57.107+0000] {logging_mixin.py:188} INFO - [2024-06-14T08:20:57.107+0000] {dagbag.py:545} INFO - Filling up the DagBag from /home/airflow/.local/lib/python3.12/site-packages/airflow/example_dags/tutorial.py
[2024-06-14T08:20:57.111+0000] {processor.py:840} INFO - DAG(s) 'tutorial' retrieved from /home/airflow/.local/lib/python3.12/site-packages/airflow/example_dags/tutorial.py
[2024-06-14T08:20:57.128+0000] {logging_mixin.py:188} INFO - [2024-06-14T08:20:57.128+0000] {dag.py:3096} INFO - Sync 1 DAGs
[2024-06-14T08:20:57.144+0000] {logging_mixin.py:188} INFO - [2024-06-14T08:20:57.144+0000] {dag.py:3954} INFO - Setting next_dagrun for tutorial to 2024-06-13 00:00:00+00:00, run_after=2024-06-14 00:00:00+00:00
[2024-06-14T08:20:57.162+0000] {processor.py:183} INFO - Processing /home/airflow/.local/lib/python3.12/site-packages/airflow/example_dags/tutorial.py took 0.062 seconds
[2024-06-14T08:21:27.526+0000] {processor.py:161} INFO - Started process (PID=394) to work on /home/airflow/.local/lib/python3.12/site-packages/airflow/example_dags/tutorial.py
[2024-06-14T08:21:27.527+0000] {processor.py:830} INFO - Processing file /home/airflow/.local/lib/python3.12/site-packages/airflow/example_dags/tutorial.py for tasks to queue
[2024-06-14T08:21:27.529+0000] {logging_mixin.py:188} INFO - [2024-06-14T08:21:27.529+0000] {dagbag.py:545} INFO - Filling up the DagBag from /home/airflow/.local/lib/python3.12/site-packages/airflow/example_dags/tutorial.py
[2024-06-14T08:21:27.534+0000] {processor.py:840} INFO - DAG(s) 'tutorial' retrieved from /home/airflow/.local/lib/python3.12/site-packages/airflow/example_dags/tutorial.py
[2024-06-14T08:21:27.554+0000] {logging_mixin.py:188} INFO - [2024-06-14T08:21:27.554+0000] {dag.py:3096} INFO - Sync 1 DAGs
[2024-06-14T08:21:27.579+0000] {logging_mixin.py:188} INFO - [2024-06-14T08:21:27.579+0000] {dag.py:3954} INFO - Setting next_dagrun for tutorial to 2024-06-13 00:00:00+00:00, run_after=2024-06-14 00:00:00+00:00
[2024-06-14T08:21:27.602+0000] {processor.py:183} INFO - Processing /home/airflow/.local/lib/python3.12/site-packages/airflow/example_dags/tutorial.py took 0.081 seconds
[2024-06-14T08:21:57.797+0000] {processor.py:161} INFO - Started process (PID=452) to work on /home/airflow/.local/lib/python3.12/site-packages/airflow/example_dags/tutorial.py
[2024-06-14T08:21:57.798+0000] {processor.py:830} INFO - Processing file /home/airflow/.local/lib/python3.12/site-packages/airflow/example_dags/tutorial.py for tasks to queue
[2024-06-14T08:21:57.799+0000] {logging_mixin.py:188} INFO - [2024-06-14T08:21:57.799+0000] {dagbag.py:545} INFO - Filling up the DagBag from /home/airflow/.local/lib/python3.12/site-packages/airflow/example_dags/tutorial.py
[2024-06-14T08:21:57.803+0000] {processor.py:840} INFO - DAG(s) 'tutorial' retrieved from /home/airflow/.local/lib/python3.12/site-packages/airflow/example_dags/tutorial.py
[2024-06-14T08:21:57.820+0000] {logging_mixin.py:188} INFO - [2024-06-14T08:21:57.820+0000] {dag.py:3096} INFO - Sync 1 DAGs
[2024-06-14T08:21:57.836+0000] {logging_mixin.py:188} INFO - [2024-06-14T08:21:57.836+0000] {dag.py:3954} INFO - Setting next_dagrun for tutorial to 2024-06-13 00:00:00+00:00, run_after=2024-06-14 00:00:00+00:00
[2024-06-14T08:21:57.852+0000] {processor.py:183} INFO - Processing /home/airflow/.local/lib/python3.12/site-packages/airflow/example_dags/tutorial.py took 0.059 seconds
[2024-06-14T08:22:27.937+0000] {processor.py:161} INFO - Started process (PID=510) to work on /home/airflow/.local/lib/python3.12/site-packages/airflow/example_dags/tutorial.py
[2024-06-14T08:22:27.938+0000] {processor.py:830} INFO - Processing file /home/airflow/.local/lib/python3.12/site-packages/airflow/example_dags/tutorial.py for tasks to queue
[2024-06-14T08:22:27.940+0000] {logging_mixin.py:188} INFO - [2024-06-14T08:22:27.939+0000] {dagbag.py:545} INFO - Filling up the DagBag from /home/airflow/.local/lib/python3.12/site-packages/airflow/example_dags/tutorial.py
[2024-06-14T08:22:27.944+0000] {processor.py:840} INFO - DAG(s) 'tutorial' retrieved from /home/airflow/.local/lib/python3.12/site-packages/airflow/example_dags/tutorial.py
[2024-06-14T08:22:27.960+0000] {logging_mixin.py:188} INFO - [2024-06-14T08:22:27.959+0000] {dag.py:3096} INFO - Sync 1 DAGs
[2024-06-14T08:22:27.975+0000] {logging_mixin.py:188} INFO - [2024-06-14T08:22:27.975+0000] {dag.py:3954} INFO - Setting next_dagrun for tutorial to 2024-06-13 00:00:00+00:00, run_after=2024-06-14 00:00:00+00:00
[2024-06-14T08:22:27.990+0000] {processor.py:183} INFO - Processing /home/airflow/.local/lib/python3.12/site-packages/airflow/example_dags/tutorial.py took 0.058 seconds
[2024-06-14T08:22:58.207+0000] {processor.py:161} INFO - Started process (PID=568) to work on /home/airflow/.local/lib/python3.12/site-packages/airflow/example_dags/tutorial.py
[2024-06-14T08:22:58.208+0000] {processor.py:830} INFO - Processing file /home/airflow/.local/lib/python3.12/site-packages/airflow/example_dags/tutorial.py for tasks to queue
[2024-06-14T08:22:58.209+0000] {logging_mixin.py:188} INFO - [2024-06-14T08:22:58.209+0000] {dagbag.py:545} INFO - Filling up the DagBag from /home/airflow/.local/lib/python3.12/site-packages/airflow/example_dags/tutorial.py
[2024-06-14T08:22:58.213+0000] {processor.py:840} INFO - DAG(s) 'tutorial' retrieved from /home/airflow/.local/lib/python3.12/site-packages/airflow/example_dags/tutorial.py
[2024-06-14T08:22:58.234+0000] {logging_mixin.py:188} INFO - [2024-06-14T08:22:58.234+0000] {dag.py:3096} INFO - Sync 1 DAGs
[2024-06-14T08:22:58.269+0000] {logging_mixin.py:188} INFO - [2024-06-14T08:22:58.269+0000] {dag.py:3954} INFO - Setting next_dagrun for tutorial to 2024-06-13 00:00:00+00:00, run_after=2024-06-14 00:00:00+00:00
[2024-06-14T08:22:58.289+0000] {processor.py:183} INFO - Processing /home/airflow/.local/lib/python3.12/site-packages/airflow/example_dags/tutorial.py took 0.087 seconds
[2024-06-14T08:23:28.891+0000] {processor.py:161} INFO - Started process (PID=627) to work on /home/airflow/.local/lib/python3.12/site-packages/airflow/example_dags/tutorial.py
[2024-06-14T08:23:28.892+0000] {processor.py:830} INFO - Processing file /home/airflow/.local/lib/python3.12/site-packages/airflow/example_dags/tutorial.py for tasks to queue
[2024-06-14T08:23:28.894+0000] {logging_mixin.py:188} INFO - [2024-06-14T08:23:28.893+0000] {dagbag.py:545} INFO - Filling up the DagBag from /home/airflow/.local/lib/python3.12/site-packages/airflow/example_dags/tutorial.py
[2024-06-14T08:23:28.898+0000] {processor.py:840} INFO - DAG(s) 'tutorial' retrieved from /home/airflow/.local/lib/python3.12/site-packages/airflow/example_dags/tutorial.py
[2024-06-14T08:23:28.916+0000] {logging_mixin.py:188} INFO - [2024-06-14T08:23:28.915+0000] {dag.py:3096} INFO - Sync 1 DAGs
[2024-06-14T08:23:28.933+0000] {logging_mixin.py:188} INFO - [2024-06-14T08:23:28.933+0000] {dag.py:3954} INFO - Setting next_dagrun for tutorial to 2024-06-13 00:00:00+00:00, run_after=2024-06-14 00:00:00+00:00
[2024-06-14T08:23:28.949+0000] {processor.py:183} INFO - Processing /home/airflow/.local/lib/python3.12/site-packages/airflow/example_dags/tutorial.py took 0.063 seconds
[2024-06-14T08:23:59.285+0000] {processor.py:161} INFO - Started process (PID=686) to work on /home/airflow/.local/lib/python3.12/site-packages/airflow/example_dags/tutorial.py
[2024-06-14T08:23:59.286+0000] {processor.py:830} INFO - Processing file /home/airflow/.local/lib/python3.12/site-packages/airflow/example_dags/tutorial.py for tasks to queue
[2024-06-14T08:23:59.288+0000] {logging_mixin.py:188} INFO - [2024-06-14T08:23:59.288+0000] {dagbag.py:545} INFO - Filling up the DagBag from /home/airflow/.local/lib/python3.12/site-packages/airflow/example_dags/tutorial.py
[2024-06-14T08:23:59.293+0000] {processor.py:840} INFO - DAG(s) 'tutorial' retrieved from /home/airflow/.local/lib/python3.12/site-packages/airflow/example_dags/tutorial.py
[2024-06-14T08:23:59.315+0000] {logging_mixin.py:188} INFO - [2024-06-14T08:23:59.314+0000] {dag.py:3096} INFO - Sync 1 DAGs
[2024-06-14T08:23:59.335+0000] {logging_mixin.py:188} INFO - [2024-06-14T08:23:59.335+0000] {dag.py:3954} INFO - Setting next_dagrun for tutorial to 2024-06-13 00:00:00+00:00, run_after=2024-06-14 00:00:00+00:00
[2024-06-14T08:23:59.358+0000] {processor.py:183} INFO - Processing /home/airflow/.local/lib/python3.12/site-packages/airflow/example_dags/tutorial.py took 0.079 seconds
[2024-06-14T08:24:29.835+0000] {processor.py:161} INFO - Started process (PID=745) to work on /home/airflow/.local/lib/python3.12/site-packages/airflow/example_dags/tutorial.py
[2024-06-14T08:24:29.836+0000] {processor.py:830} INFO - Processing file /home/airflow/.local/lib/python3.12/site-packages/airflow/example_dags/tutorial.py for tasks to queue
[2024-06-14T08:24:29.838+0000] {logging_mixin.py:188} INFO - [2024-06-14T08:24:29.837+0000] {dagbag.py:545} INFO - Filling up the DagBag from /home/airflow/.local/lib/python3.12/site-packages/airflow/example_dags/tutorial.py
[2024-06-14T08:24:29.842+0000] {processor.py:840} INFO - DAG(s) 'tutorial' retrieved from /home/airflow/.local/lib/python3.12/site-packages/airflow/example_dags/tutorial.py
[2024-06-14T08:24:29.860+0000] {logging_mixin.py:188} INFO - [2024-06-14T08:24:29.859+0000] {dag.py:3096} INFO - Sync 1 DAGs
[2024-06-14T08:24:29.879+0000] {logging_mixin.py:188} INFO - [2024-06-14T08:24:29.879+0000] {dag.py:3954} INFO - Setting next_dagrun for tutorial to 2024-06-13 00:00:00+00:00, run_after=2024-06-14 00:00:00+00:00
[2024-06-14T08:24:29.898+0000] {processor.py:183} INFO - Processing /home/airflow/.local/lib/python3.12/site-packages/airflow/example_dags/tutorial.py took 0.067 seconds
