[2024-06-14T08:18:25.720+0000] {processor.py:161} INFO - Started process (PID=50) to work on /home/airflow/.local/lib/python3.12/site-packages/airflow/example_dags/tutorial_dag.py
[2024-06-14T08:18:25.722+0000] {processor.py:830} INFO - Processing file /home/airflow/.local/lib/python3.12/site-packages/airflow/example_dags/tutorial_dag.py for tasks to queue
[2024-06-14T08:18:25.732+0000] {logging_mixin.py:188} INFO - [2024-06-14T08:18:25.731+0000] {dagbag.py:545} INFO - Filling up the DagBag from /home/airflow/.local/lib/python3.12/site-packages/airflow/example_dags/tutorial_dag.py
[2024-06-14T08:18:25.754+0000] {processor.py:840} INFO - DAG(s) 'tutorial_dag' retrieved from /home/airflow/.local/lib/python3.12/site-packages/airflow/example_dags/tutorial_dag.py
[2024-06-14T08:18:25.787+0000] {logging_mixin.py:188} INFO - [2024-06-14T08:18:25.787+0000] {dag.py:3096} INFO - Sync 1 DAGs
[2024-06-14T08:18:25.816+0000] {logging_mixin.py:188} INFO - [2024-06-14T08:18:25.816+0000] {dag.py:3954} INFO - Setting next_dagrun for tutorial_dag to None, run_after=None
[2024-06-14T08:18:25.849+0000] {processor.py:183} INFO - Processing /home/airflow/.local/lib/python3.12/site-packages/airflow/example_dags/tutorial_dag.py took 0.144 seconds
[2024-06-14T08:18:56.742+0000] {processor.py:161} INFO - Started process (PID=108) to work on /home/airflow/.local/lib/python3.12/site-packages/airflow/example_dags/tutorial_dag.py
[2024-06-14T08:18:56.744+0000] {processor.py:830} INFO - Processing file /home/airflow/.local/lib/python3.12/site-packages/airflow/example_dags/tutorial_dag.py for tasks to queue
[2024-06-14T08:18:56.745+0000] {logging_mixin.py:188} INFO - [2024-06-14T08:18:56.745+0000] {dagbag.py:545} INFO - Filling up the DagBag from /home/airflow/.local/lib/python3.12/site-packages/airflow/example_dags/tutorial_dag.py
[2024-06-14T08:18:56.749+0000] {processor.py:840} INFO - DAG(s) 'tutorial_dag' retrieved from /home/airflow/.local/lib/python3.12/site-packages/airflow/example_dags/tutorial_dag.py
[2024-06-14T08:18:56.830+0000] {logging_mixin.py:188} INFO - [2024-06-14T08:18:56.830+0000] {dag.py:3096} INFO - Sync 1 DAGs
[2024-06-14T08:18:56.839+0000] {logging_mixin.py:188} INFO - [2024-06-14T08:18:56.839+0000] {dag.py:3954} INFO - Setting next_dagrun for tutorial_dag to None, run_after=None
[2024-06-14T08:18:56.860+0000] {processor.py:183} INFO - Processing /home/airflow/.local/lib/python3.12/site-packages/airflow/example_dags/tutorial_dag.py took 0.122 seconds
[2024-06-14T08:19:27.444+0000] {processor.py:161} INFO - Started process (PID=166) to work on /home/airflow/.local/lib/python3.12/site-packages/airflow/example_dags/tutorial_dag.py
[2024-06-14T08:19:27.446+0000] {processor.py:830} INFO - Processing file /home/airflow/.local/lib/python3.12/site-packages/airflow/example_dags/tutorial_dag.py for tasks to queue
[2024-06-14T08:19:27.447+0000] {logging_mixin.py:188} INFO - [2024-06-14T08:19:27.447+0000] {dagbag.py:545} INFO - Filling up the DagBag from /home/airflow/.local/lib/python3.12/site-packages/airflow/example_dags/tutorial_dag.py
[2024-06-14T08:19:27.451+0000] {processor.py:840} INFO - DAG(s) 'tutorial_dag' retrieved from /home/airflow/.local/lib/python3.12/site-packages/airflow/example_dags/tutorial_dag.py
[2024-06-14T08:19:27.467+0000] {logging_mixin.py:188} INFO - [2024-06-14T08:19:27.466+0000] {dag.py:3096} INFO - Sync 1 DAGs
[2024-06-14T08:19:27.476+0000] {logging_mixin.py:188} INFO - [2024-06-14T08:19:27.476+0000] {dag.py:3954} INFO - Setting next_dagrun for tutorial_dag to None, run_after=None
[2024-06-14T08:19:27.491+0000] {processor.py:183} INFO - Processing /home/airflow/.local/lib/python3.12/site-packages/airflow/example_dags/tutorial_dag.py took 0.052 seconds
[2024-06-14T08:19:57.836+0000] {processor.py:161} INFO - Started process (PID=224) to work on /home/airflow/.local/lib/python3.12/site-packages/airflow/example_dags/tutorial_dag.py
[2024-06-14T08:19:57.838+0000] {processor.py:830} INFO - Processing file /home/airflow/.local/lib/python3.12/site-packages/airflow/example_dags/tutorial_dag.py for tasks to queue
[2024-06-14T08:19:57.839+0000] {logging_mixin.py:188} INFO - [2024-06-14T08:19:57.839+0000] {dagbag.py:545} INFO - Filling up the DagBag from /home/airflow/.local/lib/python3.12/site-packages/airflow/example_dags/tutorial_dag.py
[2024-06-14T08:19:57.843+0000] {processor.py:840} INFO - DAG(s) 'tutorial_dag' retrieved from /home/airflow/.local/lib/python3.12/site-packages/airflow/example_dags/tutorial_dag.py
[2024-06-14T08:19:57.861+0000] {logging_mixin.py:188} INFO - [2024-06-14T08:19:57.860+0000] {dag.py:3096} INFO - Sync 1 DAGs
[2024-06-14T08:19:57.870+0000] {logging_mixin.py:188} INFO - [2024-06-14T08:19:57.870+0000] {dag.py:3954} INFO - Setting next_dagrun for tutorial_dag to None, run_after=None
[2024-06-14T08:19:57.886+0000] {processor.py:183} INFO - Processing /home/airflow/.local/lib/python3.12/site-packages/airflow/example_dags/tutorial_dag.py took 0.055 seconds
[2024-06-14T08:20:28.152+0000] {processor.py:161} INFO - Started process (PID=282) to work on /home/airflow/.local/lib/python3.12/site-packages/airflow/example_dags/tutorial_dag.py
[2024-06-14T08:20:28.154+0000] {processor.py:830} INFO - Processing file /home/airflow/.local/lib/python3.12/site-packages/airflow/example_dags/tutorial_dag.py for tasks to queue
[2024-06-14T08:20:28.155+0000] {logging_mixin.py:188} INFO - [2024-06-14T08:20:28.155+0000] {dagbag.py:545} INFO - Filling up the DagBag from /home/airflow/.local/lib/python3.12/site-packages/airflow/example_dags/tutorial_dag.py
[2024-06-14T08:20:28.159+0000] {processor.py:840} INFO - DAG(s) 'tutorial_dag' retrieved from /home/airflow/.local/lib/python3.12/site-packages/airflow/example_dags/tutorial_dag.py
[2024-06-14T08:20:28.176+0000] {logging_mixin.py:188} INFO - [2024-06-14T08:20:28.175+0000] {dag.py:3096} INFO - Sync 1 DAGs
[2024-06-14T08:20:28.186+0000] {logging_mixin.py:188} INFO - [2024-06-14T08:20:28.185+0000] {dag.py:3954} INFO - Setting next_dagrun for tutorial_dag to None, run_after=None
[2024-06-14T08:20:28.202+0000] {processor.py:183} INFO - Processing /home/airflow/.local/lib/python3.12/site-packages/airflow/example_dags/tutorial_dag.py took 0.053 seconds
[2024-06-14T08:20:58.274+0000] {processor.py:161} INFO - Started process (PID=340) to work on /home/airflow/.local/lib/python3.12/site-packages/airflow/example_dags/tutorial_dag.py
[2024-06-14T08:20:58.302+0000] {processor.py:830} INFO - Processing file /home/airflow/.local/lib/python3.12/site-packages/airflow/example_dags/tutorial_dag.py for tasks to queue
[2024-06-14T08:20:58.304+0000] {logging_mixin.py:188} INFO - [2024-06-14T08:20:58.304+0000] {dagbag.py:545} INFO - Filling up the DagBag from /home/airflow/.local/lib/python3.12/site-packages/airflow/example_dags/tutorial_dag.py
[2024-06-14T08:20:58.309+0000] {processor.py:840} INFO - DAG(s) 'tutorial_dag' retrieved from /home/airflow/.local/lib/python3.12/site-packages/airflow/example_dags/tutorial_dag.py
[2024-06-14T08:20:58.325+0000] {logging_mixin.py:188} INFO - [2024-06-14T08:20:58.325+0000] {dag.py:3096} INFO - Sync 1 DAGs
[2024-06-14T08:20:58.334+0000] {logging_mixin.py:188} INFO - [2024-06-14T08:20:58.334+0000] {dag.py:3954} INFO - Setting next_dagrun for tutorial_dag to None, run_after=None
[2024-06-14T08:20:58.349+0000] {processor.py:183} INFO - Processing /home/airflow/.local/lib/python3.12/site-packages/airflow/example_dags/tutorial_dag.py took 0.079 seconds
[2024-06-14T08:21:28.735+0000] {processor.py:161} INFO - Started process (PID=398) to work on /home/airflow/.local/lib/python3.12/site-packages/airflow/example_dags/tutorial_dag.py
[2024-06-14T08:21:28.737+0000] {processor.py:830} INFO - Processing file /home/airflow/.local/lib/python3.12/site-packages/airflow/example_dags/tutorial_dag.py for tasks to queue
[2024-06-14T08:21:28.738+0000] {logging_mixin.py:188} INFO - [2024-06-14T08:21:28.738+0000] {dagbag.py:545} INFO - Filling up the DagBag from /home/airflow/.local/lib/python3.12/site-packages/airflow/example_dags/tutorial_dag.py
[2024-06-14T08:21:28.742+0000] {processor.py:840} INFO - DAG(s) 'tutorial_dag' retrieved from /home/airflow/.local/lib/python3.12/site-packages/airflow/example_dags/tutorial_dag.py
[2024-06-14T08:21:28.760+0000] {logging_mixin.py:188} INFO - [2024-06-14T08:21:28.760+0000] {dag.py:3096} INFO - Sync 1 DAGs
[2024-06-14T08:21:28.770+0000] {logging_mixin.py:188} INFO - [2024-06-14T08:21:28.770+0000] {dag.py:3954} INFO - Setting next_dagrun for tutorial_dag to None, run_after=None
[2024-06-14T08:21:28.788+0000] {processor.py:183} INFO - Processing /home/airflow/.local/lib/python3.12/site-packages/airflow/example_dags/tutorial_dag.py took 0.057 seconds
[2024-06-14T08:21:58.973+0000] {processor.py:161} INFO - Started process (PID=456) to work on /home/airflow/.local/lib/python3.12/site-packages/airflow/example_dags/tutorial_dag.py
[2024-06-14T08:21:58.975+0000] {processor.py:830} INFO - Processing file /home/airflow/.local/lib/python3.12/site-packages/airflow/example_dags/tutorial_dag.py for tasks to queue
[2024-06-14T08:21:58.976+0000] {logging_mixin.py:188} INFO - [2024-06-14T08:21:58.976+0000] {dagbag.py:545} INFO - Filling up the DagBag from /home/airflow/.local/lib/python3.12/site-packages/airflow/example_dags/tutorial_dag.py
[2024-06-14T08:21:58.980+0000] {processor.py:840} INFO - DAG(s) 'tutorial_dag' retrieved from /home/airflow/.local/lib/python3.12/site-packages/airflow/example_dags/tutorial_dag.py
[2024-06-14T08:21:58.996+0000] {logging_mixin.py:188} INFO - [2024-06-14T08:21:58.996+0000] {dag.py:3096} INFO - Sync 1 DAGs
[2024-06-14T08:21:59.006+0000] {logging_mixin.py:188} INFO - [2024-06-14T08:21:59.006+0000] {dag.py:3954} INFO - Setting next_dagrun for tutorial_dag to None, run_after=None
[2024-06-14T08:21:59.023+0000] {processor.py:183} INFO - Processing /home/airflow/.local/lib/python3.12/site-packages/airflow/example_dags/tutorial_dag.py took 0.053 seconds
[2024-06-14T08:22:29.104+0000] {processor.py:161} INFO - Started process (PID=514) to work on /home/airflow/.local/lib/python3.12/site-packages/airflow/example_dags/tutorial_dag.py
[2024-06-14T08:22:29.107+0000] {processor.py:830} INFO - Processing file /home/airflow/.local/lib/python3.12/site-packages/airflow/example_dags/tutorial_dag.py for tasks to queue
[2024-06-14T08:22:29.108+0000] {logging_mixin.py:188} INFO - [2024-06-14T08:22:29.108+0000] {dagbag.py:545} INFO - Filling up the DagBag from /home/airflow/.local/lib/python3.12/site-packages/airflow/example_dags/tutorial_dag.py
[2024-06-14T08:22:29.112+0000] {processor.py:840} INFO - DAG(s) 'tutorial_dag' retrieved from /home/airflow/.local/lib/python3.12/site-packages/airflow/example_dags/tutorial_dag.py
[2024-06-14T08:22:29.129+0000] {logging_mixin.py:188} INFO - [2024-06-14T08:22:29.129+0000] {dag.py:3096} INFO - Sync 1 DAGs
[2024-06-14T08:22:29.139+0000] {logging_mixin.py:188} INFO - [2024-06-14T08:22:29.139+0000] {dag.py:3954} INFO - Setting next_dagrun for tutorial_dag to None, run_after=None
[2024-06-14T08:22:29.156+0000] {processor.py:183} INFO - Processing /home/airflow/.local/lib/python3.12/site-packages/airflow/example_dags/tutorial_dag.py took 0.056 seconds
[2024-06-14T08:22:59.410+0000] {processor.py:161} INFO - Started process (PID=572) to work on /home/airflow/.local/lib/python3.12/site-packages/airflow/example_dags/tutorial_dag.py
[2024-06-14T08:22:59.412+0000] {processor.py:830} INFO - Processing file /home/airflow/.local/lib/python3.12/site-packages/airflow/example_dags/tutorial_dag.py for tasks to queue
[2024-06-14T08:22:59.413+0000] {logging_mixin.py:188} INFO - [2024-06-14T08:22:59.413+0000] {dagbag.py:545} INFO - Filling up the DagBag from /home/airflow/.local/lib/python3.12/site-packages/airflow/example_dags/tutorial_dag.py
[2024-06-14T08:22:59.417+0000] {processor.py:840} INFO - DAG(s) 'tutorial_dag' retrieved from /home/airflow/.local/lib/python3.12/site-packages/airflow/example_dags/tutorial_dag.py
[2024-06-14T08:22:59.434+0000] {logging_mixin.py:188} INFO - [2024-06-14T08:22:59.434+0000] {dag.py:3096} INFO - Sync 1 DAGs
[2024-06-14T08:22:59.443+0000] {logging_mixin.py:188} INFO - [2024-06-14T08:22:59.442+0000] {dag.py:3954} INFO - Setting next_dagrun for tutorial_dag to None, run_after=None
[2024-06-14T08:22:59.459+0000] {processor.py:183} INFO - Processing /home/airflow/.local/lib/python3.12/site-packages/airflow/example_dags/tutorial_dag.py took 0.053 seconds
[2024-06-14T08:23:30.067+0000] {processor.py:161} INFO - Started process (PID=631) to work on /home/airflow/.local/lib/python3.12/site-packages/airflow/example_dags/tutorial_dag.py
[2024-06-14T08:23:30.069+0000] {processor.py:830} INFO - Processing file /home/airflow/.local/lib/python3.12/site-packages/airflow/example_dags/tutorial_dag.py for tasks to queue
[2024-06-14T08:23:30.071+0000] {logging_mixin.py:188} INFO - [2024-06-14T08:23:30.071+0000] {dagbag.py:545} INFO - Filling up the DagBag from /home/airflow/.local/lib/python3.12/site-packages/airflow/example_dags/tutorial_dag.py
[2024-06-14T08:23:30.075+0000] {processor.py:840} INFO - DAG(s) 'tutorial_dag' retrieved from /home/airflow/.local/lib/python3.12/site-packages/airflow/example_dags/tutorial_dag.py
[2024-06-14T08:23:30.096+0000] {logging_mixin.py:188} INFO - [2024-06-14T08:23:30.096+0000] {dag.py:3096} INFO - Sync 1 DAGs
[2024-06-14T08:23:30.106+0000] {logging_mixin.py:188} INFO - [2024-06-14T08:23:30.106+0000] {dag.py:3954} INFO - Setting next_dagrun for tutorial_dag to None, run_after=None
[2024-06-14T08:23:30.124+0000] {processor.py:183} INFO - Processing /home/airflow/.local/lib/python3.12/site-packages/airflow/example_dags/tutorial_dag.py took 0.061 seconds
[2024-06-14T08:24:00.499+0000] {processor.py:161} INFO - Started process (PID=690) to work on /home/airflow/.local/lib/python3.12/site-packages/airflow/example_dags/tutorial_dag.py
[2024-06-14T08:24:00.502+0000] {processor.py:830} INFO - Processing file /home/airflow/.local/lib/python3.12/site-packages/airflow/example_dags/tutorial_dag.py for tasks to queue
[2024-06-14T08:24:00.503+0000] {logging_mixin.py:188} INFO - [2024-06-14T08:24:00.503+0000] {dagbag.py:545} INFO - Filling up the DagBag from /home/airflow/.local/lib/python3.12/site-packages/airflow/example_dags/tutorial_dag.py
[2024-06-14T08:24:00.507+0000] {processor.py:840} INFO - DAG(s) 'tutorial_dag' retrieved from /home/airflow/.local/lib/python3.12/site-packages/airflow/example_dags/tutorial_dag.py
[2024-06-14T08:24:00.527+0000] {logging_mixin.py:188} INFO - [2024-06-14T08:24:00.527+0000] {dag.py:3096} INFO - Sync 1 DAGs
[2024-06-14T08:24:00.537+0000] {logging_mixin.py:188} INFO - [2024-06-14T08:24:00.537+0000] {dag.py:3954} INFO - Setting next_dagrun for tutorial_dag to None, run_after=None
[2024-06-14T08:24:00.556+0000] {processor.py:183} INFO - Processing /home/airflow/.local/lib/python3.12/site-packages/airflow/example_dags/tutorial_dag.py took 0.061 seconds
[2024-06-14T08:24:30.999+0000] {processor.py:161} INFO - Started process (PID=749) to work on /home/airflow/.local/lib/python3.12/site-packages/airflow/example_dags/tutorial_dag.py
[2024-06-14T08:24:31.001+0000] {processor.py:830} INFO - Processing file /home/airflow/.local/lib/python3.12/site-packages/airflow/example_dags/tutorial_dag.py for tasks to queue
[2024-06-14T08:24:31.003+0000] {logging_mixin.py:188} INFO - [2024-06-14T08:24:31.002+0000] {dagbag.py:545} INFO - Filling up the DagBag from /home/airflow/.local/lib/python3.12/site-packages/airflow/example_dags/tutorial_dag.py
[2024-06-14T08:24:31.007+0000] {processor.py:840} INFO - DAG(s) 'tutorial_dag' retrieved from /home/airflow/.local/lib/python3.12/site-packages/airflow/example_dags/tutorial_dag.py
[2024-06-14T08:24:31.026+0000] {logging_mixin.py:188} INFO - [2024-06-14T08:24:31.026+0000] {dag.py:3096} INFO - Sync 1 DAGs
[2024-06-14T08:24:31.037+0000] {logging_mixin.py:188} INFO - [2024-06-14T08:24:31.037+0000] {dag.py:3954} INFO - Setting next_dagrun for tutorial_dag to None, run_after=None
[2024-06-14T08:24:31.058+0000] {processor.py:183} INFO - Processing /home/airflow/.local/lib/python3.12/site-packages/airflow/example_dags/tutorial_dag.py took 0.063 seconds
