[2024-06-14T08:18:25.570+0000] {processor.py:161} INFO - Started process (PID=49) to work on /home/airflow/.local/lib/python3.12/site-packages/airflow/example_dags/tutorial_objectstorage.py
[2024-06-14T08:18:25.571+0000] {processor.py:830} INFO - Processing file /home/airflow/.local/lib/python3.12/site-packages/airflow/example_dags/tutorial_objectstorage.py for tasks to queue
[2024-06-14T08:18:25.577+0000] {logging_mixin.py:188} INFO - [2024-06-14T08:18:25.576+0000] {dagbag.py:545} INFO - Filling up the DagBag from /home/airflow/.local/lib/python3.12/site-packages/airflow/example_dags/tutorial_objectstorage.py
[2024-06-14T08:18:25.609+0000] {processor.py:840} INFO - DAG(s) 'tutorial_objectstorage' retrieved from /home/airflow/.local/lib/python3.12/site-packages/airflow/example_dags/tutorial_objectstorage.py
[2024-06-14T08:18:25.631+0000] {logging_mixin.py:188} INFO - [2024-06-14T08:18:25.631+0000] {dag.py:3096} INFO - Sync 1 DAGs
[2024-06-14T08:18:25.655+0000] {logging_mixin.py:188} INFO - [2024-06-14T08:18:25.655+0000] {dag.py:3954} INFO - Setting next_dagrun for tutorial_objectstorage to None, run_after=None
[2024-06-14T08:18:25.688+0000] {processor.py:183} INFO - Processing /home/airflow/.local/lib/python3.12/site-packages/airflow/example_dags/tutorial_objectstorage.py took 0.131 seconds
[2024-06-14T08:18:55.735+0000] {processor.py:161} INFO - Started process (PID=107) to work on /home/airflow/.local/lib/python3.12/site-packages/airflow/example_dags/tutorial_objectstorage.py
[2024-06-14T08:18:55.737+0000] {processor.py:830} INFO - Processing file /home/airflow/.local/lib/python3.12/site-packages/airflow/example_dags/tutorial_objectstorage.py for tasks to queue
[2024-06-14T08:18:55.738+0000] {logging_mixin.py:188} INFO - [2024-06-14T08:18:55.738+0000] {dagbag.py:545} INFO - Filling up the DagBag from /home/airflow/.local/lib/python3.12/site-packages/airflow/example_dags/tutorial_objectstorage.py
[2024-06-14T08:18:55.746+0000] {processor.py:840} INFO - DAG(s) 'tutorial_objectstorage' retrieved from /home/airflow/.local/lib/python3.12/site-packages/airflow/example_dags/tutorial_objectstorage.py
[2024-06-14T08:18:55.820+0000] {logging_mixin.py:188} INFO - [2024-06-14T08:18:55.820+0000] {dag.py:3096} INFO - Sync 1 DAGs
[2024-06-14T08:18:55.827+0000] {logging_mixin.py:188} INFO - [2024-06-14T08:18:55.827+0000] {dag.py:3954} INFO - Setting next_dagrun for tutorial_objectstorage to None, run_after=None
[2024-06-14T08:18:55.846+0000] {processor.py:183} INFO - Processing /home/airflow/.local/lib/python3.12/site-packages/airflow/example_dags/tutorial_objectstorage.py took 0.116 seconds
[2024-06-14T08:19:26.431+0000] {processor.py:161} INFO - Started process (PID=165) to work on /home/airflow/.local/lib/python3.12/site-packages/airflow/example_dags/tutorial_objectstorage.py
[2024-06-14T08:19:26.432+0000] {processor.py:830} INFO - Processing file /home/airflow/.local/lib/python3.12/site-packages/airflow/example_dags/tutorial_objectstorage.py for tasks to queue
[2024-06-14T08:19:26.433+0000] {logging_mixin.py:188} INFO - [2024-06-14T08:19:26.433+0000] {dagbag.py:545} INFO - Filling up the DagBag from /home/airflow/.local/lib/python3.12/site-packages/airflow/example_dags/tutorial_objectstorage.py
[2024-06-14T08:19:26.438+0000] {processor.py:840} INFO - DAG(s) 'tutorial_objectstorage' retrieved from /home/airflow/.local/lib/python3.12/site-packages/airflow/example_dags/tutorial_objectstorage.py
[2024-06-14T08:19:26.454+0000] {logging_mixin.py:188} INFO - [2024-06-14T08:19:26.453+0000] {dag.py:3096} INFO - Sync 1 DAGs
[2024-06-14T08:19:26.464+0000] {logging_mixin.py:188} INFO - [2024-06-14T08:19:26.463+0000] {dag.py:3954} INFO - Setting next_dagrun for tutorial_objectstorage to None, run_after=None
[2024-06-14T08:19:26.478+0000] {processor.py:183} INFO - Processing /home/airflow/.local/lib/python3.12/site-packages/airflow/example_dags/tutorial_objectstorage.py took 0.053 seconds
[2024-06-14T08:19:56.819+0000] {processor.py:161} INFO - Started process (PID=223) to work on /home/airflow/.local/lib/python3.12/site-packages/airflow/example_dags/tutorial_objectstorage.py
[2024-06-14T08:19:56.821+0000] {processor.py:830} INFO - Processing file /home/airflow/.local/lib/python3.12/site-packages/airflow/example_dags/tutorial_objectstorage.py for tasks to queue
[2024-06-14T08:19:56.822+0000] {logging_mixin.py:188} INFO - [2024-06-14T08:19:56.822+0000] {dagbag.py:545} INFO - Filling up the DagBag from /home/airflow/.local/lib/python3.12/site-packages/airflow/example_dags/tutorial_objectstorage.py
[2024-06-14T08:19:56.826+0000] {processor.py:840} INFO - DAG(s) 'tutorial_objectstorage' retrieved from /home/airflow/.local/lib/python3.12/site-packages/airflow/example_dags/tutorial_objectstorage.py
[2024-06-14T08:19:56.841+0000] {logging_mixin.py:188} INFO - [2024-06-14T08:19:56.841+0000] {dag.py:3096} INFO - Sync 1 DAGs
[2024-06-14T08:19:56.849+0000] {logging_mixin.py:188} INFO - [2024-06-14T08:19:56.849+0000] {dag.py:3954} INFO - Setting next_dagrun for tutorial_objectstorage to None, run_after=None
[2024-06-14T08:19:56.864+0000] {processor.py:183} INFO - Processing /home/airflow/.local/lib/python3.12/site-packages/airflow/example_dags/tutorial_objectstorage.py took 0.049 seconds
[2024-06-14T08:20:27.140+0000] {processor.py:161} INFO - Started process (PID=281) to work on /home/airflow/.local/lib/python3.12/site-packages/airflow/example_dags/tutorial_objectstorage.py
[2024-06-14T08:20:27.141+0000] {processor.py:830} INFO - Processing file /home/airflow/.local/lib/python3.12/site-packages/airflow/example_dags/tutorial_objectstorage.py for tasks to queue
[2024-06-14T08:20:27.142+0000] {logging_mixin.py:188} INFO - [2024-06-14T08:20:27.142+0000] {dagbag.py:545} INFO - Filling up the DagBag from /home/airflow/.local/lib/python3.12/site-packages/airflow/example_dags/tutorial_objectstorage.py
[2024-06-14T08:20:27.148+0000] {processor.py:840} INFO - DAG(s) 'tutorial_objectstorage' retrieved from /home/airflow/.local/lib/python3.12/site-packages/airflow/example_dags/tutorial_objectstorage.py
[2024-06-14T08:20:27.165+0000] {logging_mixin.py:188} INFO - [2024-06-14T08:20:27.164+0000] {dag.py:3096} INFO - Sync 1 DAGs
[2024-06-14T08:20:27.176+0000] {logging_mixin.py:188} INFO - [2024-06-14T08:20:27.176+0000] {dag.py:3954} INFO - Setting next_dagrun for tutorial_objectstorage to None, run_after=None
[2024-06-14T08:20:27.193+0000] {processor.py:183} INFO - Processing /home/airflow/.local/lib/python3.12/site-packages/airflow/example_dags/tutorial_objectstorage.py took 0.057 seconds
[2024-06-14T08:20:57.258+0000] {processor.py:161} INFO - Started process (PID=339) to work on /home/airflow/.local/lib/python3.12/site-packages/airflow/example_dags/tutorial_objectstorage.py
[2024-06-14T08:20:57.260+0000] {processor.py:830} INFO - Processing file /home/airflow/.local/lib/python3.12/site-packages/airflow/example_dags/tutorial_objectstorage.py for tasks to queue
[2024-06-14T08:20:57.261+0000] {logging_mixin.py:188} INFO - [2024-06-14T08:20:57.261+0000] {dagbag.py:545} INFO - Filling up the DagBag from /home/airflow/.local/lib/python3.12/site-packages/airflow/example_dags/tutorial_objectstorage.py
[2024-06-14T08:20:57.266+0000] {processor.py:840} INFO - DAG(s) 'tutorial_objectstorage' retrieved from /home/airflow/.local/lib/python3.12/site-packages/airflow/example_dags/tutorial_objectstorage.py
[2024-06-14T08:20:57.283+0000] {logging_mixin.py:188} INFO - [2024-06-14T08:20:57.282+0000] {dag.py:3096} INFO - Sync 1 DAGs
[2024-06-14T08:20:57.291+0000] {logging_mixin.py:188} INFO - [2024-06-14T08:20:57.290+0000] {dag.py:3954} INFO - Setting next_dagrun for tutorial_objectstorage to None, run_after=None
[2024-06-14T08:20:57.307+0000] {processor.py:183} INFO - Processing /home/airflow/.local/lib/python3.12/site-packages/airflow/example_dags/tutorial_objectstorage.py took 0.052 seconds
[2024-06-14T08:21:27.683+0000] {processor.py:161} INFO - Started process (PID=397) to work on /home/airflow/.local/lib/python3.12/site-packages/airflow/example_dags/tutorial_objectstorage.py
[2024-06-14T08:21:27.684+0000] {processor.py:830} INFO - Processing file /home/airflow/.local/lib/python3.12/site-packages/airflow/example_dags/tutorial_objectstorage.py for tasks to queue
[2024-06-14T08:21:27.686+0000] {logging_mixin.py:188} INFO - [2024-06-14T08:21:27.686+0000] {dagbag.py:545} INFO - Filling up the DagBag from /home/airflow/.local/lib/python3.12/site-packages/airflow/example_dags/tutorial_objectstorage.py
[2024-06-14T08:21:27.694+0000] {processor.py:840} INFO - DAG(s) 'tutorial_objectstorage' retrieved from /home/airflow/.local/lib/python3.12/site-packages/airflow/example_dags/tutorial_objectstorage.py
[2024-06-14T08:21:27.717+0000] {logging_mixin.py:188} INFO - [2024-06-14T08:21:27.717+0000] {dag.py:3096} INFO - Sync 1 DAGs
[2024-06-14T08:21:27.731+0000] {logging_mixin.py:188} INFO - [2024-06-14T08:21:27.731+0000] {dag.py:3954} INFO - Setting next_dagrun for tutorial_objectstorage to None, run_after=None
[2024-06-14T08:21:27.753+0000] {processor.py:183} INFO - Processing /home/airflow/.local/lib/python3.12/site-packages/airflow/example_dags/tutorial_objectstorage.py took 0.077 seconds
[2024-06-14T08:21:57.961+0000] {processor.py:161} INFO - Started process (PID=455) to work on /home/airflow/.local/lib/python3.12/site-packages/airflow/example_dags/tutorial_objectstorage.py
[2024-06-14T08:21:57.962+0000] {processor.py:830} INFO - Processing file /home/airflow/.local/lib/python3.12/site-packages/airflow/example_dags/tutorial_objectstorage.py for tasks to queue
[2024-06-14T08:21:57.964+0000] {logging_mixin.py:188} INFO - [2024-06-14T08:21:57.964+0000] {dagbag.py:545} INFO - Filling up the DagBag from /home/airflow/.local/lib/python3.12/site-packages/airflow/example_dags/tutorial_objectstorage.py
[2024-06-14T08:21:57.969+0000] {processor.py:840} INFO - DAG(s) 'tutorial_objectstorage' retrieved from /home/airflow/.local/lib/python3.12/site-packages/airflow/example_dags/tutorial_objectstorage.py
[2024-06-14T08:21:57.984+0000] {logging_mixin.py:188} INFO - [2024-06-14T08:21:57.983+0000] {dag.py:3096} INFO - Sync 1 DAGs
[2024-06-14T08:21:57.992+0000] {logging_mixin.py:188} INFO - [2024-06-14T08:21:57.992+0000] {dag.py:3954} INFO - Setting next_dagrun for tutorial_objectstorage to None, run_after=None
[2024-06-14T08:21:58.007+0000] {processor.py:183} INFO - Processing /home/airflow/.local/lib/python3.12/site-packages/airflow/example_dags/tutorial_objectstorage.py took 0.051 seconds
[2024-06-14T08:22:28.095+0000] {processor.py:161} INFO - Started process (PID=513) to work on /home/airflow/.local/lib/python3.12/site-packages/airflow/example_dags/tutorial_objectstorage.py
[2024-06-14T08:22:28.096+0000] {processor.py:830} INFO - Processing file /home/airflow/.local/lib/python3.12/site-packages/airflow/example_dags/tutorial_objectstorage.py for tasks to queue
[2024-06-14T08:22:28.098+0000] {logging_mixin.py:188} INFO - [2024-06-14T08:22:28.097+0000] {dagbag.py:545} INFO - Filling up the DagBag from /home/airflow/.local/lib/python3.12/site-packages/airflow/example_dags/tutorial_objectstorage.py
[2024-06-14T08:22:28.103+0000] {processor.py:840} INFO - DAG(s) 'tutorial_objectstorage' retrieved from /home/airflow/.local/lib/python3.12/site-packages/airflow/example_dags/tutorial_objectstorage.py
[2024-06-14T08:22:28.119+0000] {logging_mixin.py:188} INFO - [2024-06-14T08:22:28.119+0000] {dag.py:3096} INFO - Sync 1 DAGs
[2024-06-14T08:22:28.127+0000] {logging_mixin.py:188} INFO - [2024-06-14T08:22:28.127+0000] {dag.py:3954} INFO - Setting next_dagrun for tutorial_objectstorage to None, run_after=None
[2024-06-14T08:22:28.141+0000] {processor.py:183} INFO - Processing /home/airflow/.local/lib/python3.12/site-packages/airflow/example_dags/tutorial_objectstorage.py took 0.050 seconds
[2024-06-14T08:22:58.397+0000] {processor.py:161} INFO - Started process (PID=571) to work on /home/airflow/.local/lib/python3.12/site-packages/airflow/example_dags/tutorial_objectstorage.py
[2024-06-14T08:22:58.399+0000] {processor.py:830} INFO - Processing file /home/airflow/.local/lib/python3.12/site-packages/airflow/example_dags/tutorial_objectstorage.py for tasks to queue
[2024-06-14T08:22:58.400+0000] {logging_mixin.py:188} INFO - [2024-06-14T08:22:58.400+0000] {dagbag.py:545} INFO - Filling up the DagBag from /home/airflow/.local/lib/python3.12/site-packages/airflow/example_dags/tutorial_objectstorage.py
[2024-06-14T08:22:58.407+0000] {processor.py:840} INFO - DAG(s) 'tutorial_objectstorage' retrieved from /home/airflow/.local/lib/python3.12/site-packages/airflow/example_dags/tutorial_objectstorage.py
[2024-06-14T08:22:58.425+0000] {logging_mixin.py:188} INFO - [2024-06-14T08:22:58.425+0000] {dag.py:3096} INFO - Sync 1 DAGs
[2024-06-14T08:22:58.435+0000] {logging_mixin.py:188} INFO - [2024-06-14T08:22:58.435+0000] {dag.py:3954} INFO - Setting next_dagrun for tutorial_objectstorage to None, run_after=None
[2024-06-14T08:22:58.453+0000] {processor.py:183} INFO - Processing /home/airflow/.local/lib/python3.12/site-packages/airflow/example_dags/tutorial_objectstorage.py took 0.061 seconds
[2024-06-14T08:23:29.059+0000] {processor.py:161} INFO - Started process (PID=630) to work on /home/airflow/.local/lib/python3.12/site-packages/airflow/example_dags/tutorial_objectstorage.py
[2024-06-14T08:23:29.060+0000] {processor.py:830} INFO - Processing file /home/airflow/.local/lib/python3.12/site-packages/airflow/example_dags/tutorial_objectstorage.py for tasks to queue
[2024-06-14T08:23:29.061+0000] {logging_mixin.py:188} INFO - [2024-06-14T08:23:29.061+0000] {dagbag.py:545} INFO - Filling up the DagBag from /home/airflow/.local/lib/python3.12/site-packages/airflow/example_dags/tutorial_objectstorage.py
[2024-06-14T08:23:29.066+0000] {processor.py:840} INFO - DAG(s) 'tutorial_objectstorage' retrieved from /home/airflow/.local/lib/python3.12/site-packages/airflow/example_dags/tutorial_objectstorage.py
[2024-06-14T08:23:29.083+0000] {logging_mixin.py:188} INFO - [2024-06-14T08:23:29.083+0000] {dag.py:3096} INFO - Sync 1 DAGs
[2024-06-14T08:23:29.093+0000] {logging_mixin.py:188} INFO - [2024-06-14T08:23:29.093+0000] {dag.py:3954} INFO - Setting next_dagrun for tutorial_objectstorage to None, run_after=None
[2024-06-14T08:23:29.113+0000] {processor.py:183} INFO - Processing /home/airflow/.local/lib/python3.12/site-packages/airflow/example_dags/tutorial_objectstorage.py took 0.058 seconds
[2024-06-14T08:23:59.479+0000] {processor.py:161} INFO - Started process (PID=689) to work on /home/airflow/.local/lib/python3.12/site-packages/airflow/example_dags/tutorial_objectstorage.py
[2024-06-14T08:23:59.480+0000] {processor.py:830} INFO - Processing file /home/airflow/.local/lib/python3.12/site-packages/airflow/example_dags/tutorial_objectstorage.py for tasks to queue
[2024-06-14T08:23:59.482+0000] {logging_mixin.py:188} INFO - [2024-06-14T08:23:59.481+0000] {dagbag.py:545} INFO - Filling up the DagBag from /home/airflow/.local/lib/python3.12/site-packages/airflow/example_dags/tutorial_objectstorage.py
[2024-06-14T08:23:59.488+0000] {processor.py:840} INFO - DAG(s) 'tutorial_objectstorage' retrieved from /home/airflow/.local/lib/python3.12/site-packages/airflow/example_dags/tutorial_objectstorage.py
[2024-06-14T08:23:59.505+0000] {logging_mixin.py:188} INFO - [2024-06-14T08:23:59.505+0000] {dag.py:3096} INFO - Sync 1 DAGs
[2024-06-14T08:23:59.517+0000] {logging_mixin.py:188} INFO - [2024-06-14T08:23:59.517+0000] {dag.py:3954} INFO - Setting next_dagrun for tutorial_objectstorage to None, run_after=None
[2024-06-14T08:23:59.535+0000] {processor.py:183} INFO - Processing /home/airflow/.local/lib/python3.12/site-packages/airflow/example_dags/tutorial_objectstorage.py took 0.061 seconds
[2024-06-14T08:24:29.959+0000] {processor.py:161} INFO - Started process (PID=748) to work on /home/airflow/.local/lib/python3.12/site-packages/airflow/example_dags/tutorial_objectstorage.py
[2024-06-14T08:24:29.960+0000] {processor.py:830} INFO - Processing file /home/airflow/.local/lib/python3.12/site-packages/airflow/example_dags/tutorial_objectstorage.py for tasks to queue
[2024-06-14T08:24:29.961+0000] {logging_mixin.py:188} INFO - [2024-06-14T08:24:29.961+0000] {dagbag.py:545} INFO - Filling up the DagBag from /home/airflow/.local/lib/python3.12/site-packages/airflow/example_dags/tutorial_objectstorage.py
[2024-06-14T08:24:29.967+0000] {processor.py:840} INFO - DAG(s) 'tutorial_objectstorage' retrieved from /home/airflow/.local/lib/python3.12/site-packages/airflow/example_dags/tutorial_objectstorage.py
[2024-06-14T08:24:29.985+0000] {logging_mixin.py:188} INFO - [2024-06-14T08:24:29.985+0000] {dag.py:3096} INFO - Sync 1 DAGs
[2024-06-14T08:24:29.996+0000] {logging_mixin.py:188} INFO - [2024-06-14T08:24:29.995+0000] {dag.py:3954} INFO - Setting next_dagrun for tutorial_objectstorage to None, run_after=None
[2024-06-14T08:24:30.012+0000] {processor.py:183} INFO - Processing /home/airflow/.local/lib/python3.12/site-packages/airflow/example_dags/tutorial_objectstorage.py took 0.057 seconds
